turn = 1   myturn = 1
It is my turn and I am thinking
            2            
           2 2           
          2 2 2          
         2 2 2 2         
* * * * * * * * * * * * *
 * * * * * * * * * * * * 
  3 3 * * 3 3 * * * * *  
   3 3 * * 3 3 * * * *   
    * * * * * * * * *    
   * * * * 3 3 * * 3 3   
  * * * * 3 3 * * 3 3 3  
 * * * * * * * * * * * * 
* * * * 1 * * * * * * * *
         1 1 1 1         
          * 1 1          
           1 1           
            1            
600000 600000 2 2 2

turn = 2   myturn = 1
OK lemme think...
            2            
           2 2           
          2 2 2          
         * 2 2 2         
* * * * 3 2 * * * * * * *
 * * * * * * * * * * * * 
  3 3 * * 3 3 * * * * *  
   3 3 * * 3 3 * * * *   
    * * * * * * * * *    
   * * * * 3 3 * * 3 3   
  * * * * 3 3 * * 3 3 3  
 * * * * * * * * * * * * 
* * * * 1 * * * * * * * *
         1 1 1 1         
          * 1 1          
           1 1           
            1            
600000 600000 2 1 1

turn = 1   myturn = 1
It is my turn and I am thinking
            2            
           2 2           
          2 2 2          
         * 2 2 2         
* * * * 3 2 * * * * * * *
 * * * * * * * * * * * * 
  3 3 * * 3 3 * * * * *  
   3 3 * * 3 3 * * * *   
    * * * * * * * * *    
   * * * * 3 3 * * 3 3   
  * * * * 3 3 * * 3 3 3  
 * * * * * * * * * * * * 
* * * * 1 * 1 * * * * * *
         1 1 1 1         
          * 1 1          
           1 1           
            *            
600000 600000 2 1 2

turn = 2   myturn = 1
OK lemme think...
            2            
           2 2           
          2 2 2          
         2 2 * 2         
* * * * 3 2 * * * * * * *
 * * * * * * * * * * * * 
  3 3 * * 3 3 * * * * *  
   3 3 * * 3 3 * * * *   
    * * * * * * * * *    
   * * * * 3 3 * * 3 3   
  * * * * 3 3 * * 3 3 3  
 * * * * * * 3 * * * * * 
* * * * 1 * 1 * * * * * *
         1 1 1 1         
          * 1 1          
           1 1           
            *            
600000 600000 2 0 1

turn = 1   myturn = 1
It is my turn and I am thinking
            2            
           2 2           
          2 2 2          
         2 2 * 2         
* * * * 3 2 * * * * * * *
 * * * * * * * * * * * * 
  3 3 * * 3 3 1 * * * *  
   3 3 * * 3 3 * * * *   
    * * * * * * * * *    
   * * * * 3 3 * * 3 3   
  * * * * 3 3 * * 3 3 3  
 * * * * * * 3 * * * * * 
* * * * 1 * * * * * * * *
         1 1 1 1         
          * 1 1          
           1 1           
            *            
600000 600000 2 0 2

turn = 2   myturn = 1
OK lemme think...
            2            
           2 2           
          2 2 2          
         2 2 * 2         
* * * * 3 * * * * * * * *
 * * * * * 2 * * * * * * 
  3 3 * * 3 3 1 * * * *  
   3 3 * * 3 3 * * * *   
    * * * * * * * * *    
   * * * * 3 3 * * 3 3   
  * * * * 3 3 * * 3 3 3  
 * * * * * * 3 * * * * * 
* * * * 1 * * * * * * * *
         1 1 1 1         
          * 1 1          
           1 1           
            *            
600000 600000 2 0 1

turn = 1   myturn = 1
It is my turn and I am thinking
            2            
           2 2           
          2 2 2          
         2 2 * 2         
* * * * 3 * * * * * * * *
 * * * * * 2 * * * * * * 
  3 3 * * 3 3 1 * * * *  
   3 3 * * 3 3 * * * *   
    * * * * 1 * * * *    
   * * * * 3 3 * * 3 3   
  * * * * 3 3 * * 3 3 3  
 * * * * * * 3 * * * * * 
* * * * 1 * * * * * * * *
         1 1 1 1         
          * 1 *          
           1 1           
            *            
600000 600000 2 0 2

turn = 2   myturn = 1
OK lemme think...
            2            
           2 2           
          2 * 2          
         2 2 * 2         
* * * * 3 2 * * * * * * *
 * * * * * 2 * * * * * * 
  3 3 * * 3 3 1 * * * *  
   3 3 * * 3 3 * * * *   
    * * * * 1 * * * *    
   * * * * 3 3 * * 3 3   
  * * * * 3 3 * * 3 3 3  
 * * * * * * 3 * * * * * 
* * * * 1 * * * * * * * *
         1 1 1 1         
          * 1 *          
           1 1           
            *            
600000 600000 2 0 1

turn = 1   myturn = 1
It is my turn and I am thinking
            2            
           2 2           
          2 * 2          
         2 2 * 2         
* * * * 3 2 * * * * * * *
 * * * * * 2 * * * * * * 
  3 3 * * 3 3 1 * * * *  
   3 3 * * 3 3 * * * *   
    * * * * 1 * * * *    
   * * * * 3 3 * * 3 3   
  * * * * 3 3 * * 3 3 3  
 * * * * * * 3 * * * * * 
* * * 1 1 * * * * * * * *
         1 1 1 1         
          * * *          
           1 1           
            *            
600000 600000 2 0 2

turn = 2   myturn = 1
OK lemme think...
            2            
           2 *           
          2 2 2          
         2 2 * 2         
* * * * 3 2 * * * * * * *
 * * * * * 2 * * * * * * 
  3 3 * * 3 3 1 * * * *  
   3 3 * * 3 3 * * * *   
    * * * * 1 * * * *    
   * * * * 3 3 * * 3 3   
  * * * * 3 3 * * 3 3 3  
 * * * * * * 3 * * * * * 
* * * 1 1 * * * * * * * *
         1 1 1 1         
          * * *          
           1 1           
            *            
600000 600000 2 0 1

turn = 1   myturn = 1
It is my turn and I am thinking
            2            
           2 *           
          2 2 2          
         2 2 * 2         
* * * * 3 2 * * * * * * *
 * * * * * 2 * * * * * * 
  3 3 * * 3 3 1 * * * *  
   3 3 * * 3 3 * * * *   
    * * * * 1 * * * *    
   * * * * 3 3 * * 3 3   
  * * * * 3 3 * * 3 3 3  
 * * * 1 * * 3 3 * * * * 
* * * 1 1 * * * * * * * *
         * 1 1 1         
          * * *          
           1 1           
            *            
600000 600000 1 0 2

turn = 2   myturn = 1
OK lemme think...
            2            
           2 *           
          2 2 2          
         2 * 2 2         
* * * * 3 2 * * * * * * *
 * * * * * 2 * * * * * * 
  3 3 * * 3 3 1 * * * *  
   3 3 * * 3 3 * * * *   
    * * * * 1 * * * *    
   * * * * 3 3 * * 3 3   
  * * * * 3 3 * * 3 3 3  
 * * * 1 * * 3 3 * * * * 
* * * 1 1 * * * * * * * *
         * 1 1 1         
          * * *          
           1 1           
            *            
600000 600000 1 0 1

turn = 1   myturn = 1
It is my turn and I am thinking
            2            
           2 *           
          2 2 2          
         2 * 2 2         
* * * * 3 2 * * * * * * *
 * * * * * 2 * * * * * * 
  3 3 * * 3 3 1 * * * *  
   3 3 * * 3 3 * * * *   
    * * * * 1 * * * *    
   * * * * 3 3 * * 3 3   
  * * 1 * 3 3 * * 3 3 3  
 * * * 1 * * 3 3 * * * * 
* * * 1 * * * * * * * * *
         * 1 1 1         
          * * *          
           1 1           
            *            
600000 600000 1 0 2

turn = 2   myturn = 1
OK lemme think...
            *            
           2 2           
          2 2 2          
         2 * 2 2         
* * * * 3 2 * * * * * * *
 * * * * * 2 * * * * * * 
  3 3 * * 3 3 1 * * * *  
   3 3 * * 3 3 * * * *   
    * * * * 1 * * * *    
   * * * * 3 3 * * 3 3   
  * * 1 * 3 3 * * 3 3 3  
 * * * 1 * * 3 3 * * * * 
* * * 1 * * * * * * * * *
         * 1 1 1         
          * * *          
           1 1           
            *            
600000 600000 1 0 1

turn = 1   myturn = 1
It is my turn and I am thinking
            *            
           2 2           
          2 2 2          
         2 * 2 2         
* * * * 3 2 * * * * * * *
 * * * * 3 2 * * * * * * 
  3 3 * * 3 3 1 * * * *  
   3 3 * * 3 3 * * * *   
    * * * * 1 * * * *    
   * * * * 3 3 * * 3 3   
  * * 1 1 3 3 * * 3 3 3  
 * * * 1 * * 3 3 * * * * 
* * * * * * * * * * * * *
         * 1 1 1         
          * * *          
           1 1           
            *            
600000 600000 0 0 2

turn = 2   myturn = 1
OK lemme think...
            *            
           2 2           
          2 2 *          
         2 * 2 2         
* * * * 3 2 2 * * * * * *
 * * * * 3 2 * * * * * * 
  3 3 * * 3 3 1 * * * *  
   3 3 * * 3 3 * * * *   
    * * * * 1 * * * *    
   * * * * 3 3 * * 3 3   
  * * 1 1 3 3 * * 3 3 3  
 * * * 1 * * 3 3 * * * * 
* * * * * * * * * * * * *
         * 1 1 1         
          * * *          
           1 1           
            *            
600000 600000 0 0 1

turn = 1   myturn = 1
It is my turn and I am thinking
            *            
           2 2           
          2 2 *          
         2 * 2 2         
* * * * 3 2 2 * * * * * *
 * * * * 3 2 * * * * * * 
  3 3 * * 3 3 1 * * * *  
   3 3 * * 3 3 * * * *   
    * * * * 1 * * * *    
   * * * 1 3 3 * * 3 3   
  * * 1 1 3 3 * * 3 3 3  
 * * * * * * 3 3 * * * * 
* * * * * * * * * * * * *
         * 1 1 1         
          * * *          
           1 1           
            *            
600000 600000 0 0 2

turn = 2   myturn = 1
OK lemme think...
            *            
           2 *           
          2 2 *          
         2 * 2 2         
* * * * 3 2 2 * * * * * *
 * * * * 3 2 * * * * * * 
  3 3 * * 3 3 1 * * * *  
   3 3 * * 3 3 2 * * *   
    * * * * 1 * * * *    
   * * * 1 3 3 * * 3 3   
  * * 1 1 3 3 * * 3 3 3  
 * * * * * * 3 3 * * * * 
* * * * * * * * * * * * *
         * 1 1 1         
          * * *          
           1 1           
            *            
600000 600000 0 0 1

turn = 1   myturn = 1
It is my turn and I am thinking
            *            
           2 *           
          2 2 *          
         2 * 2 2         
* * * * 3 2 2 * * * * * *
 * * * * 3 2 * * * * * * 
  3 3 * * 3 3 1 1 * * *  
   3 3 * * 3 3 2 * * *   
    * * * * 1 * * * *    
   * * * 1 3 3 * * 3 3   
  * * 1 * 3 3 * * 3 3 3  
 * * * * * * 3 3 * * * * 
* * * * * * * * * * * * *
         * 1 1 1         
          * * *          
           1 1           
            *            
600000 600000 0 0 2

turn = 2   myturn = 1
OK lemme think...
            *            
           2 *           
          2 2 *          
         * * 2 2         
* * * * 3 2 2 * * * * * *
 * * * 2 3 2 * * * * * * 
  3 3 * * 3 3 1 1 * * *  
   3 3 * * 3 3 2 * * *   
    * * * * 1 * * * *    
   * * * 1 3 3 * * 3 3   
  * * 1 * 3 3 * * 3 3 3  
 * * * * * * 3 3 * * * * 
* * * * * * * * * * * * *
         * 1 1 1         
          * * *          
           1 1           
            *            
600000 600000 0 0 1

turn = 1   myturn = 1
It is my turn and I am thinking
            *            
           2 *           
          2 2 *          
         * * 2 2         
* * * * 3 2 2 * * * * * *
 * * * 2 3 2 * * * * * * 
  3 3 * * 3 3 1 1 * * *  
   3 3 * * 3 3 2 * * *   
    * * * * 1 * * * *    
   * * * 1 3 3 * * 3 3   
  * * 1 * 3 3 * * 3 3 3  
 * * * * * * 3 3 * * * * 
* * * * * * * * * * * * *
         * 1 1 1         
          * 1 *          
           1 *           
            *            
600000 600000 0 0 2

turn = 2   myturn = 1
OK lemme think...
            *            
           2 *           
          2 2 *          
         * * 2 2         
* * * * 3 2 * 2 * * * * *
 * * * 2 3 2 * * * * * * 
  3 3 * * 3 3 1 1 * * *  
   3 3 * * 3 3 2 * * *   
    * * * * 1 * * * *    
   * * * 1 3 3 * * 3 3   
  * * 1 * 3 3 * * 3 3 3  
 * * * * * * 3 3 * * * * 
* * * * * * * * * * * * *
         * 1 1 1         
          * 1 *          
           1 *           
            *            
600000 600000 0 0 1

turn = 1   myturn = 1
It is my turn and I am thinking
            *            
           2 *           
          2 2 *          
         * * 2 2         
* * * * 3 2 * 2 * * * * *
 * * * 2 3 2 * * * * * * 
  3 3 * * 3 3 1 1 * * *  
   3 3 * * 3 3 2 * * *   
    * * * * 1 * * * *    
   * * * 1 3 3 * * 3 3   
  * * 1 * 3 3 * 1 3 3 3  
 * * * * * * 3 3 * * * * 
* * * * * * * * * * * * *
         * 1 1 1         
          * * *          
           1 *           
            *            
600000 600000 0 0 2

turn = 2   myturn = 1
OK lemme think...
            *            
           2 *           
          2 2 *          
         * * 2 2         
* * * * 3 2 * * 2 * * * *
 * * * 2 3 2 * * * * * * 
  3 3 * * 3 3 1 1 * * *  
   3 3 * * 3 3 2 * * *   
    * * * * 1 * * * *    
   * * * 1 3 3 * * 3 3   
  * * 1 * 3 3 * 1 3 3 3  
 * * * * * * 3 3 * * * * 
* * * * * * * * * * * * *
         * 1 1 1         
          * * *          
           1 *           
            *            
600000 600000 0 0 1

turn = 1   myturn = 1
It is my turn and I am thinking
            *            
           2 *           
          2 2 *          
         * * 2 2         
* * * * 3 2 * * 2 * * * *
 * * * 2 3 2 * * * * * * 
  3 3 * * 3 3 1 1 * * *  
   3 3 * * 3 3 2 * * *   
    * * * * 1 * * * *    
   * * * 1 3 3 * * 3 3   
  * * 1 * 3 3 * 1 3 3 3  
 * * * * * * 3 3 * * * * 
* * * * * * * * * * * * *
         * 1 1 1         
          1 * *          
           * *           
            *            
600000 600000 0 0 2

turn = 2   myturn = 1
OK lemme think...
            *            
           2 *           
          2 2 *          
         * 2 2 *         
* * * * 3 2 * * 2 * * * *
 * * * 2 3 2 * * * * * * 
  3 3 * * 3 3 1 1 * * *  
   3 3 * * 3 3 2 * * *   
    * * * * 1 * * * *    
   * * * 1 3 3 * * 3 3   
  * * 1 * 3 3 * 1 3 3 3  
 * * * * * * 3 3 * * * * 
* * * * * * * * * * * * *
         * 1 1 1         
          1 * *          
           * *           
            *            
600000 600000 0 0 1

turn = 1   myturn = 1
It is my turn and I am thinking
            *            
           2 *           
          2 2 *          
         * 2 2 *         
* * * * 3 2 * * 2 * * * *
 * * * 2 3 2 * * * * * * 
  3 3 * * 3 3 1 1 * * *  
   3 3 * * 3 3 2 * * *   
    * * * * 1 * * * *    
   * * * 1 3 3 * * 3 3   
  * * 1 * 3 3 1 1 3 3 3  
 * * * * * * 3 3 * * * * 
* * * * * * * * * * * * *
         * 1 1 1         
          * * *          
           * *           
            *            
600000 600000 0 0 2

turn = 2   myturn = 1
OK lemme think...
            *            
           2 *           
          2 2 *          
         * 2 2 *         
* * * * 3 2 * * 2 * * * *
 * * * 2 3 * 2 * * * * * 
  3 3 * * 3 3 1 1 * * *  
   3 3 * * 3 3 2 * * *   
    * * * * 1 * * * *    
   * * * 1 3 3 * * 3 3   
  * * 1 * 3 3 1 1 3 3 3  
 * * * * * * 3 3 * * * * 
* * * * * * * * * * * * *
         * 1 1 1         
          * * *          
           * *           
            *            
600000 600000 0 0 1

turn = 1   myturn = 1
It is my turn and I am thinking
            *            
           2 *           
          2 2 1          
         * 2 2 *         
* * * * 3 2 * * 2 * * * *
 * * * 2 3 * 2 * * * * * 
  3 3 * * 3 3 * 1 * * *  
   3 3 * * 3 3 2 * * *   
    * * * * 1 * * * *    
   * * * 1 3 3 * * 3 3   
  * * 1 * 3 3 1 1 3 3 3  
 * * * * * * 3 3 * * * * 
* * * * * * * * * * * * *
         * 1 1 1         
          * * *          
           * *           
            *            
600000 600000 0 0 2

turn = 2   myturn = 1
OK lemme think...
            *            
           2 *           
          * 2 1          
         * 2 2 *         
* * * * 3 2 * * 2 * * * *
 * * * 2 3 * 2 * * * * * 
  3 3 * * 3 3 * 1 2 * *  
   3 3 * * 3 3 2 * * *   
    * * * * 1 * * * *    
   * * * 1 3 3 * * 3 3   
  * * 1 * 3 3 1 1 3 3 3  
 * * * * * * 3 3 * * * * 
* * * * * * * * * * * * *
         * 1 1 1         
          * * *          
           * *           
            *            
600000 600000 0 0 1

turn = 1   myturn = 1
It is my turn and I am thinking
            1            
           2 *           
          * 2 1          
         * 2 2 *         
* * * * 3 2 * * 2 * * * *
 * * * 2 3 * 2 * * * * * 
  3 3 * * 3 3 * 1 2 * *  
   3 3 * * 3 3 2 * * *   
    * * * * * * * * *    
   * * * 1 3 3 * * 3 3   
  * * 1 * 3 3 1 1 3 3 3  
 * * * * * * 3 3 * * * * 
* * * * * * * * * * * * *
         * 1 1 1         
          * * *          
           * *           
            *            
600000 600000 0 0 2

turn = 2   myturn = 1
OK lemme think...
            1            
           2 *           
          * 2 1          
         * 2 2 *         
* * * * 3 2 * * 2 * * * *
 * * 2 * 3 * 2 * * * * * 
  3 3 * * 3 3 * 1 2 * *  
   3 3 * * 3 3 2 * * *   
    * * * * * * * * *    
   * * * 1 3 3 * * 3 3   
  * * 1 * 3 3 1 1 3 3 3  
 * * * * * * 3 3 * * * * 
* * * * * * * * * * * * *
         * 1 1 1         
          * * *          
           * *           
            *            
600000 600000 0 0 1

turn = 1   myturn = 1
It is my turn and I am thinking
            1            
           2 *           
          1 2 1          
         * 2 2 *         
* * * * 3 2 * * 2 * * * *
 * * 2 * 3 * 2 * * * * * 
  3 3 * * 3 3 * 1 2 * *  
   3 3 * * 3 3 2 * * *   
    * * * * * * * * *    
   * * * 1 3 3 * * 3 3   
  * * 1 * 3 3 * 1 3 3 3  
 * * * * * * 3 3 * * * * 
* * * * * * * * * * * * *
         * 1 1 1         
          * * *          
           * *           
            *            
600000 600000 0 0 2

turn = 2   myturn = 1
OK lemme think...
            1            
           2 *           
          1 2 1          
         * 2 2 *         
* * * * 3 2 * * 2 * * * *
 * * 2 * 3 * 2 * * * * * 
  3 3 * * 3 3 * 1 2 * *  
   3 3 * * 3 3 * * * *   
    * * * * * 2 * * *    
   * * * 1 3 3 * * 3 3   
  * * 1 * 3 3 * 1 3 3 3  
 * * * * * * 3 3 * * * * 
* * * * * * * * * * * * *
         * 1 1 1         
          * * *          
           * *           
            *            
600000 600000 0 0 1

turn = 1   myturn = 1
It is my turn and I am thinking
            1            
           2 *           
          1 2 1          
         * 2 2 *         
* * * * 3 2 * * 2 * * * *
 * * 2 * 3 * 2 * * * * * 
  3 3 * * 3 3 * 1 2 * *  
   3 3 * * 3 3 * * * *   
    * * * * * 2 * * *    
   * * * 1 3 3 * * 3 3   
  * * 1 * 3 3 * 1 3 3 3  
 * * * * * * 3 3 * * * * 
* * * * * * 1 * * * * * *
         * * 1 1         
          * * *          
           * *           
            *            
600000 600000 0 0 2

turn = 2   myturn = 1
OK lemme think...
            1            
           2 *           
          1 2 1          
         * 2 * *         
* * * * 3 2 * * 2 * * * *
 * 2 2 * 3 * 2 * * * * * 
  3 3 * * 3 3 * 1 2 * *  
   3 3 * * 3 3 * * * *   
    * * * * * 2 * * *    
   * * * 1 3 3 * * 3 3   
  * * 1 * 3 3 * 1 3 3 3  
 * * * * * * 3 3 * * * * 
* * * * * * 1 * * * * * *
         * * 1 1         
          * * *          
           * *           
            *            
600000 600000 0 0 1

turn = 1   myturn = 1
It is my turn and I am thinking
            1            
           2 *           
          1 2 1          
         * 2 * *         
* * * * 3 2 1 * 2 * * * *
 * 2 2 * 3 * 2 * * * * * 
  3 3 * * 3 3 * 1 2 * *  
   3 3 * * 3 3 * * * *   
    * * * * * 2 * * *    
   * * * 1 3 3 * * 3 3   
  * * 1 * 3 3 * 1 3 3 3  
 * * * * * * 3 3 * * * * 
* * * * * * * * * * * * *
         * * 1 1         
          * * *          
           * *           
            *            
600000 600000 0 0 2

turn = 2   myturn = 1
OK lemme think...
            1            
           2 *           
          1 2 1          
         * 2 * *         
* * * * 3 2 1 * 2 * * * *
 * * 2 * 3 * 2 * * 2 * * 
  3 3 * * 3 3 * 1 2 * *  
   3 3 * * 3 3 * * * *   
    * * * * * 2 * * *    
   * * * 1 3 3 * * 3 3   
  * * 1 * 3 3 * 1 3 3 3  
 * * * * * * 3 3 * * * * 
* * * * * * * * * * * * *
         * * 1 1         
          * * *          
           * *           
            *            
600000 600000 0 0 1

turn = 1   myturn = 1
It is my turn and I am thinking
            1            
           2 *           
          1 2 1          
         * 2 * *         
* * * * 3 2 1 1 2 * * * *
 * * 2 * 3 * 2 * * 2 * * 
  3 3 * * 3 3 * * 2 * *  
   3 3 * * 3 3 * * * *   
    * * * * * 2 * * *    
   * * * 1 3 3 * * 3 3   
  * * 1 * 3 3 * 1 3 3 3  
 * * * * * * 3 3 * * * * 
* * * * * * * * * * * * *
         * * 1 1         
          * * *          
           * *           
            *            
600000 600000 0 0 2

turn = 2   myturn = 1
OK lemme think...
            1            
           2 *           
          1 2 1          
         * * * *         
* * * * 3 2 1 1 2 * * * *
 * * 2 * 3 * 2 * * 2 2 * 
  3 3 * * 3 3 * * 2 * *  
   3 3 * * 3 3 * * * *   
    * * * * * 2 * * *    
   * * * 1 3 3 * * 3 3   
  * * 1 * 3 3 * 1 3 3 3  
 * * * * * * 3 3 * * * * 
* * * * * * * * * * * * *
         * * 1 1         
          * * *          
           * *           
            *            
600000 600000 0 0 1

turn = 1   myturn = 1
It is my turn and I am thinking
            1            
           2 *           
          1 2 1          
         * * * *         
* * * * 3 2 1 1 2 * * * *
 * * 2 * 3 * 2 * * 2 2 * 
  3 3 * * 3 3 * * 2 * *  
   3 3 * * 3 3 * * * *   
    * * * * * 2 * * *    
   * * * 1 3 3 * * 3 3   
  * * 1 * 3 3 * 1 3 3 3  
 * * * * * * 3 3 * * * * 
* * * * * * * 1 * * * * *
         * * 1 *         
          * * *          
           * *           
            *            
600000 600000 0 0 2

turn = 2   myturn = 1
OK lemme think...
            1            
           2 *           
          1 2 1          
         * * * *         
* * * * 3 2 1 1 * * * * *
 * * 2 * 3 * 2 * 2 2 2 * 
  3 3 * * 3 3 * * 2 * *  
   3 3 * * 3 3 * * * *   
    * * * * * 2 * * *    
   * * * 1 3 3 * * 3 3   
  * * 1 * 3 3 * 1 3 3 3  
 * * * * * * 3 3 * * * * 
* * * * * * * 1 * * * * *
         * * 1 *         
          * * *          
           * *           
            *            
600000 600000 0 0 1

turn = 1   myturn = 1
It is my turn and I am thinking
            1            
           2 *           
          1 2 1          
         * * * *         
* * * * 3 2 1 1 * * * * *
 * * 2 * 3 * 2 * 2 2 2 * 
  3 3 * * 3 3 * * 2 * *  
   3 3 * * 3 3 * * * *   
    * * * * * 2 * * *    
   * * * 1 3 3 * * 3 3   
  * * 1 * 3 3 * 1 3 3 3  
 * * * * * * 3 3 * * * * 
* * * * * * 1 1 * * * * *
         * * * *         
          * * *          
           * *           
            *            
600000 600000 0 0 2

turn = 2   myturn = 1
OK lemme think...
            1            
           2 *           
          1 2 1          
         * * * *         
* * * * 3 2 1 1 * * * * *
 * * 2 * 3 * * 2 2 2 2 * 
  3 3 * * 3 3 * * 2 * *  
   3 3 * * 3 3 * * * *   
    * * * * * 2 * * *    
   * * * 1 3 3 * * 3 3   
  * * 1 * 3 3 * 1 3 3 3  
 * * * * * * 3 3 * * * * 
* * * * * * 1 1 * * * * *
         * * * *         
          * * *          
           * *           
            *            
600000 600000 0 0 1

turn = 1   myturn = 1
It is my turn and I am thinking
            1            
           2 *           
          1 2 1          
         * * * *         
* * * * 3 2 1 1 1 * * * *
 * * 2 * 3 * * 2 2 2 2 * 
  3 3 * * 3 3 * * 2 * *  
   3 3 * * 3 3 * * * *   
    * * * * * 2 * * *    
   * * * 1 3 3 * * 3 3   
  * * 1 * 3 3 * 1 3 3 3  
 * * * * * * 3 3 * * * * 
* * * * * * * 1 * * * * *
         * * * *         
          * * *          
           * *           
            *            
600000 600000 0 0 2

turn = 2   myturn = 1
OK lemme think...
            1            
           2 *           
          1 2 1          
         * * * *         
* * * * 3 2 1 1 1 * * * *
 * * 2 * 3 * * 2 2 2 2 * 
  3 3 * * 3 3 * 2 * * *  
   3 3 * * 3 3 * * * *   
    * * * * * 2 * * *    
   * * * 1 3 3 * * 3 3   
  * * 1 * 3 3 * 1 3 3 3  
 * * * * * * 3 3 * * * * 
* * * * * * * 1 * * * * *
         * * * *         
          * * *          
           * *           
            *            
600000 600000 0 0 1

turn = 1   myturn = 1
It is my turn and I am thinking
            1            
           2 *           
          1 2 1          
         * * * *         
* * * * 3 2 1 1 1 * * * *
 * * 2 * 3 * * 2 2 2 2 * 
  3 3 * * 3 3 * 2 * * *  
   3 3 * * 3 3 * * * *   
    * * * * * 2 * * *    
   * * * 1 3 3 * 1 3 3   
  * * 1 * 3 3 * * 3 3 3  
 * * * * * * 3 3 * * * * 
* * * * * * * 1 * * * * *
         * * * *         
          * * *          
           * *           
            *            
600000 600000 0 0 2

turn = 2   myturn = 1
OK lemme think...
            1            
           2 *           
          1 2 1          
         * * * *         
* * * * 3 2 1 1 1 * * * *
 * * 2 * 3 * * 2 2 2 2 * 
  3 3 * * 3 3 * 2 * * *  
   3 3 * * 3 3 * * * *   
    * * * * * * * * *    
   * * * 1 3 3 2 1 3 3   
  * * 1 * 3 3 * * 3 3 3  
 * * * * * * 3 3 * * * * 
* * * * * * * 1 * * * * *
         * * * *         
          * * *          
           * *           
            *            
600000 600000 0 0 1

turn = 1   myturn = 1
It is my turn and I am thinking
            1            
           2 *           
          1 2 1          
         * * * *         
* * * * 3 2 1 1 1 * * * *
 * * 2 * 3 * * 2 2 2 2 * 
  3 3 * * 3 3 * 2 * * *  
   3 3 * * 3 3 * * * *   
    * * * * * * * 1 *    
   * * * 1 3 3 2 1 3 3   
  * * 1 * 3 3 * * 3 3 3  
 * * * * * * 3 3 * * * * 
* * * * * * * * * * * * *
         * * * *         
          * * *          
           * *           
            *            
600000 600000 0 0 2

turn = 2   myturn = 1
OK lemme think...
            1            
           2 *           
          1 * 1          
         * 2 * *         
* * * * 3 2 1 1 1 * * * *
 * * 2 * 3 * * 2 2 2 2 * 
  3 3 * * 3 3 * 2 * * *  
   3 3 * * 3 3 * * * *   
    * * * * * * * 1 *    
   * * * 1 3 3 2 1 3 3   
  * * 1 * 3 3 * * 3 3 3  
 * * * * * * 3 3 * * * * 
* * * * * * * * * * * * *
         * * * *         
          * * *          
           * *           
            *            
600000 600000 0 0 1

turn = 1   myturn = 1
It is my turn and I am thinking
            1            
           2 *           
          1 * 1          
         * 2 * *         
* * * * 3 2 1 1 1 * * * *
 * * 2 * 3 * * 2 2 2 2 * 
  3 3 * * 3 3 * 2 * * *  
   3 3 * * 3 3 * * 1 *   
    * * * * * * * 1 *    
   * * * 1 3 3 2 * 3 3   
  * * 1 * 3 3 * * 3 3 3  
 * * * * * * 3 3 * * * * 
* * * * * * * * * * * * *
         * * * *         
          * * *          
           * *           
            *            
600000 600000 0 0 2

turn = 2   myturn = 1
OK lemme think...
            1            
           2 *           
          1 * 1          
         * 2 * *         
* * * * 3 2 1 1 1 * * * *
 * * 2 * 3 * * 2 2 * 2 * 
  3 3 * * 3 3 * 2 * 2 *  
   3 3 * * 3 3 * * 1 *   
    * * * * * * * 1 *    
   * * * 1 3 3 2 * 3 3   
  * * 1 * 3 3 * * 3 3 3  
 * * * * * * 3 3 * * * * 
* * * * * * * * * * * * *
         * * * *         
          * * *          
           * *           
            *            
600000 600000 0 0 1

turn = 1   myturn = 1
It is my turn and I am thinking
            1            
           2 *           
          1 * 1          
         * 2 * *         
* * * * 3 2 1 1 1 * * * *
 * * 2 * 3 * * 2 2 * 2 * 
  3 3 * * 3 3 * 2 * 2 *  
   3 3 * * 3 3 * * 1 *   
    * * * * * * * 1 *    
   * * 1 1 3 3 2 * 3 3   
  * * * * 3 3 * * 3 3 3  
 * * * * * * 3 3 * * * * 
* * * * * * * * * * * * *
         * * * *         
          * * *          
           * *           
            *            
600000 600000 0 0 2

turn = 2   myturn = 1
OK lemme think...
            1            
           2 *           
          1 * 1          
         * 2 * *         
* * * * 3 2 1 1 1 * * * *
 * * 2 * 3 * * 2 2 * 2 * 
  3 3 * * 3 3 * 2 * * 2  
   3 3 * * 3 3 * * 1 *   
    * * * * * * * 1 *    
   * * 1 1 3 3 2 * 3 3   
  * * * * 3 3 * * 3 3 3  
 * * * * * * 3 3 * * * * 
* * * * * * * * * * * * *
         * * * *         
          * * *          
           * *           
            *            
600000 600000 0 0 1

turn = 1   myturn = 1
It is my turn and I am thinking
            1            
           2 *           
          1 * 1          
         * 2 * *         
* * * * 3 2 1 1 1 * * * *
 * * 2 * 3 * * 2 2 * 2 * 
  3 3 * * 3 3 * 2 * * 2  
   3 3 * * 3 3 * * 1 *   
    * * 1 * * * * 1 *    
   * * 1 * 3 3 2 * 3 3   
  * * * * 3 3 * * 3 3 3  
 * * * * * * 3 3 * * * * 
* * * * * * * * * * * * *
         * * * *         
          * * *          
           * *           
            *            
600000 600000 0 0 2

turn = 2   myturn = 1
OK lemme think...
            1            
           * *           
          1 * 1          
         * 2 2 *         
* * * * 3 2 1 1 1 * * * *
 * * 2 * 3 * * 2 2 * 2 * 
  3 3 * * 3 3 * 2 * * 2  
   3 3 * * 3 3 * * 1 *   
    * * 1 * * * * 1 *    
   * * 1 * 3 3 2 * 3 3   
  * * * * 3 3 * * 3 3 3  
 * * * * * * 3 3 * * * * 
* * * * * * * * * * * * *
         * * * *         
          * * *          
           * *           
            *            
600000 600000 0 0 1

turn = 1   myturn = 1
It is my turn and I am thinking
            1            
           1 *           
          1 * 1          
         * 2 2 *         
* * * * 3 2 1 1 1 * * * *
 * * 2 * 3 * * 2 2 * 2 * 
  3 3 * * 3 3 * 2 * * 2  
   3 3 * * 3 3 * * 1 *   
    * * 1 * * * * 1 *    
   * * * * 3 3 2 * 3 3   
  * * * * 3 3 * * 3 3 3  
 * * * * * * 3 3 * * * * 
* * * * * * * * * * * * *
         * * * *         
          * * *          
           * *           
            *            
600000 600000 0 0 2

turn = 2   myturn = 1
OK lemme think...
            1            
           1 *           
          1 * 1          
         * 2 2 *         
* * * * 3 2 1 1 1 * * * *
 * * 2 * 3 * * 2 2 * * 2 
  3 3 * * 3 3 * 2 * * 2  
   3 3 * * 3 3 * * 1 *   
    * * 1 * * * * 1 *    
   * * * * 3 3 2 * 3 3   
  * * * * 3 3 * * 3 3 3  
 * * * * * * 3 3 * * * * 
* * * * * * * * * * * * *
         * * * *         
          * * *          
           * *           
            *            
600000 600000 0 0 1

turn = 1   myturn = 1
It is my turn and I am thinking
            1            
           1 *           
          1 1 1          
         * 2 2 *         
* * * * 3 2 1 * 1 * * * *
 * * 2 * 3 * * 2 2 * * 2 
  3 3 * * 3 3 * 2 * * 2  
   3 3 * * 3 3 * * 1 *   
    * * 1 * * * * 1 *    
   * * * * 3 3 2 * 3 3   
  * * * * 3 3 * * 3 3 3  
 * * * * * * 3 3 * * * * 
* * * * * * * * * * * * *
         * * * *         
          * * *          
           * *           
            *            
600000 600000 0 0 2

turn = 2   myturn = 1
OK lemme think...
            1            
           1 *           
          1 1 1          
         * 2 2 *         
* * * * 3 2 1 * 1 * * * *
 * * 2 * 3 * * 2 2 * * 2 
  3 3 * * 3 3 * 2 * * 2  
   3 3 * * 3 3 * * 1 *   
    * * 1 * * * * 1 *    
   * * * * 3 3 * * 3 3   
  * * * * 3 3 2 * 3 3 3  
 * * * * * * 3 3 * * * * 
* * * * * * * * * * * * *
         * * * *         
          * * *          
           * *           
            *            
600000 600000 0 0 1

turn = 1   myturn = 1
It is my turn and I am thinking
            1            
           1 *           
          1 1 1          
         * 2 2 *         
* * * * 3 2 1 * 1 * * * *
 * * 2 * 3 * * 2 2 * * 2 
  3 3 * * 3 3 * 2 * * 2  
   3 3 * 1 3 3 * * 1 *   
    * * * * * * * 1 *    
   * * * * 3 3 * * 3 3   
  * * * * 3 3 2 * 3 3 3  
 * * * * * * 3 3 * * * * 
* * * * * * * * * * * * *
         * * * *         
          * * *          
           * *           
            *            
600000 600000 0 0 2

turn = 2   myturn = 1
OK lemme think...
            1            
           1 *           
          1 1 1          
         * 2 * *         
* * * * 3 2 1 * 1 * * * *
 * * 2 * 3 2 * 2 2 * * 2 
  3 3 * * 3 3 * 2 * * 2  
   3 3 * 1 3 3 * * 1 *   
    * * * * * * * 1 *    
   * * * * 3 3 * * 3 3   
  * * * * 3 3 2 * 3 3 3  
 * * * * * * 3 3 * * * * 
* * * * * * * * * * * * *
         * * * *         
          * * *          
           * *           
            *            
600000 600000 0 0 1

turn = 1   myturn = 1
It is my turn and I am thinking
            1            
           1 *           
          1 1 1          
         * 2 * *         
* * * * 3 2 1 * 1 * * * *
 * * 2 * 3 2 * 2 2 * * 2 
  3 3 * * 3 3 * 2 * 1 2  
   3 3 * 1 3 3 * * 1 *   
    * * * * * * * * *    
   * * * * 3 3 * * 3 3   
  * * * * 3 3 2 * 3 3 3  
 * * * * * * 3 3 * * * * 
* * * * * * * * * * * * *
         * * * *         
          * * *          
           * *           
            *            
600000 600000 0 0 2

turn = 2   myturn = 1
OK lemme think...
            1            
           1 *           
          1 1 1          
         * 2 * *         
* * * * 3 2 1 * 1 * * * *
 * 2 2 * 3 * * 2 2 * * 2 
  3 3 * * 3 3 * 2 * 1 2  
   3 3 * 1 3 3 * * 1 *   
    * * * * * * * * *    
   * * * * 3 3 * * 3 3   
  * * * * 3 3 2 * 3 3 3  
 * * * * * * 3 3 * * * * 
* * * * * * * * * * * * *
         * * * *         
          * * *          
           * *           
            *            
600000 600000 0 0 1

turn = 1   myturn = 1
It is my turn and I am thinking
            1            
           1 *           
          1 1 1          
         * 2 1 *         
* * * * 3 2 1 * 1 * * * *
 * 2 2 * 3 * * 2 2 * * 2 
  3 3 * * 3 3 * 2 * 1 2  
   3 3 * * 3 3 * * 1 *   
    * * * * * * * * *    
   * * * * 3 3 * * 3 3   
  * * * * 3 3 2 * 3 3 3  
 * * * * * * 3 3 * * * * 
* * * * * * * * * * * * *
         * * * *         
          * * *          
           * *           
            *            
600000 600000 0 0 2

turn = 2   myturn = 1
OK lemme think...
            1            
           1 *           
          1 1 1          
         * 2 1 *         
* * * * 3 2 1 * 1 * * * *
 * * 2 2 3 * * 2 2 * * 2 
  3 3 * * 3 3 * 2 * 1 2  
   3 3 * * 3 3 * * 1 *   
    * * * * * * * * *    
   * * * * 3 3 * * 3 3   
  * * * * 3 3 2 * 3 3 3  
 * * * * * * 3 3 * * * * 
* * * * * * * * * * * * *
         * * * *         
          * * *          
           * *           
            *            
600000 600000 0 0 1

turn = 1   myturn = 1
It is my turn and I am thinking
            1            
           1 *           
          1 1 1          
         * 2 1 *         
* * * * 3 2 1 * 1 * * * *
 * * 2 2 3 * * 2 2 * * 2 
  3 3 * * 3 3 * 2 1 1 2  
   3 3 * * 3 3 * * * *   
    * * * * * * * * *    
   * * * * 3 3 * * 3 3   
  * * * * 3 3 2 * 3 3 3  
 * * * * * * 3 3 * * * * 
* * * * * * * * * * * * *
         * * * *         
          * * *          
           * *           
            *            
600000 600000 0 0 2

turn = 2   myturn = 1
OK lemme think...
            1            
           1 *           
          1 1 1          
         * 2 1 *         
* * * * 3 2 1 * 1 * * * *
 * * 2 2 3 * * 2 2 * * 2 
  3 3 * * 3 3 * 2 1 1 *  
   3 3 * * 3 3 * * * 2   
    * * * * * * * * *    
   * * * * 3 3 * * 3 3   
  * * * * 3 3 2 * 3 3 3  
 * * * * * * 3 3 * * * * 
* * * * * * * * * * * * *
         * * * *         
          * * *          
           * *           
            *            
600000 600000 0 0 1

turn = 1   myturn = 1
It is my turn and I am thinking
            1            
           1 *           
          1 1 1          
         * 2 1 *         
* * * * 3 2 1 * 1 * * * *
 * * 2 2 3 * * 2 2 1 * 2 
  3 3 * * 3 3 * 2 1 * *  
   3 3 * * 3 3 * * * 2   
    * * * * * * * * *    
   * * * * 3 3 * * 3 3   
  * * * * 3 3 2 * 3 3 3  
 * * * * * * 3 3 * * * * 
* * * * * * * * * * * * *
         * * * *         
          * * *          
           * *           
            *            
600000 600000 0 0 2

turn = 2   myturn = 1
OK lemme think...
            1            
           1 *           
          1 1 1          
         * 2 1 *         
* * * * 3 2 1 * 1 * * * *
 * * 2 2 3 * * 2 2 1 2 * 
  3 3 * * 3 3 * 2 1 * *  
   3 3 * * 3 3 * * * 2   
    * * * * * * * * *    
   * * * * 3 3 * * 3 3   
  * * * * 3 3 2 * 3 3 3  
 * * * * * * 3 3 * * * * 
* * * * * * * * * * * * *
         * * * *         
          * * *          
           * *           
            *            
600000 600000 0 0 1

turn = 1   myturn = 1
It is my turn and I am thinking
            1            
           1 *           
          1 1 1          
         * 2 1 *         
* * * * 3 2 1 * 1 1 * * *
 * * 2 2 3 * * 2 2 * 2 * 
  3 3 * * 3 3 * 2 1 * *  
   3 3 * * 3 3 * * * 2   
    * * * * * * * * *    
   * * * * 3 3 * * 3 3   
  * * * * 3 3 2 * 3 3 3  
 * * * * * * 3 3 * * * * 
* * * * * * * * * * * * *
         * * * *         
          * * *          
           * *           
            *            
600000 600000 0 0 2

turn = 2   myturn = 1
OK lemme think...
            1            
           1 *           
          1 1 1          
         * 2 1 *         
* * * 2 3 * 1 * 1 1 * * *
 * * 2 2 3 * * 2 2 * 2 * 
  3 3 * * 3 3 * 2 1 * *  
   3 3 * * 3 3 * * * 2   
    * * * * * * * * *    
   * * * * 3 3 * * 3 3   
  * * * * 3 3 2 * 3 3 3  
 * * * * * * 3 3 * * * * 
* * * * * * * * * * * * *
         * * * *         
          * * *          
           * *           
            *            
600000 600000 0 0 1

turn = 1   myturn = 1
It is my turn and I am thinking
            1            
           1 *           
          1 1 1          
         * 2 1 *         
* * * 2 3 * 1 1 1 * * * *
 * * 2 2 3 * * 2 2 * 2 * 
  3 3 * * 3 3 * 2 1 * *  
   3 3 * * 3 3 * * * 2   
    * * * * * * * * *    
   * * * * 3 3 * * 3 3   
  * * * * 3 3 2 * 3 3 3  
 * * * * * * 3 3 * * * * 
* * * * * * * * * * * * *
         * * * *         
          * * *          
           * *           
            *            
600000 600000 0 0 2

turn = 2   myturn = 1
OK lemme think...
            1            
           1 *           
          1 1 1          
         * 2 1 *         
* * * 2 3 * 1 1 1 * * * *
 * * 2 * 3 * * 2 2 * 2 * 
  3 3 * 2 3 3 * 2 1 * *  
   3 3 * * 3 3 * * * 2   
    * * * * * * * * *    
   * * * * 3 3 * * 3 3   
  * * * * 3 3 2 * 3 3 3  
 * * * * * * 3 3 * * * * 
* * * * * * * * * * * * *
         * * * *         
          * * *          
           * *           
            *            
600000 600000 0 0 1

turn = 1   myturn = 1
It is my turn and I am thinking
            1            
           1 *           
          1 1 1          
         * 2 1 1         
* * * 2 3 * 1 * 1 * * * *
 * * 2 * 3 * * 2 2 * 2 * 
  3 3 * 2 3 3 * 2 1 * *  
   3 3 * * 3 3 * * * 2   
    * * * * * * * * *    
   * * * * 3 3 * * 3 3   
  * * * * 3 3 2 * 3 3 3  
 * * * * * * 3 3 * * * * 
* * * * * * * * * * * * *
         * * * *         
          * * *          
           * *           
            *            
600000 600000 0 0 2

turn = 2   myturn = 1
OK lemme think...
            1            
           1 *           
          1 1 1          
         * * 1 1         
* * * 2 3 * 1 * 1 * * * *
 * * 2 * 3 * 2 2 2 * 2 * 
  3 3 * 2 3 3 * 2 1 * *  
   3 3 * * 3 3 * * * 2   
    * * * * * * * * *    
   * * * * 3 3 * * 3 3   
  * * * * 3 3 2 * 3 3 3  
 * * * * * * 3 3 * * * * 
* * * * * * * * * * * * *
         * * * *         
          * * *          
           * *           
            *            
600000 600000 0 0 1

turn = 1   myturn = 1
It is my turn and I am thinking
            1            
           1 1           
          1 1 1          
         * * 1 *         
* * * 2 3 * 1 * 1 * * * *
 * * 2 * 3 * 2 2 2 * 2 * 
  3 3 * 2 3 3 * 2 1 * *  
   3 3 * * 3 3 * * * 2   
    * * * * * * * * *    
   * * * * 3 3 * * 3 3   
  * * * * 3 3 2 * 3 3 3  
 * * * * * * 3 3 * * * * 
* * * * * * * * * * * * *
         * * * *         
          * * *          
           * *           
            *            
600000 600000 0 0 2

turn = 2   myturn = 1
OK lemme think...
            1            
           1 1           
          1 1 1          
         * * 1 *         
* * * 2 3 * 1 * 1 * * * *
 * * 2 * 3 * 2 * 2 * 2 * 
  3 3 * 2 3 3 2 2 1 * *  
   3 3 * * 3 3 * * * 2   
    * * * * * * * * *    
   * * * * 3 3 * * 3 3   
  * * * * 3 3 2 * 3 3 3  
 * * * * * * 3 3 * * * * 
* * * * * * * * * * * * *
         * * * *         
          * * *          
           * *           
            *            
600000 600000 0 0 1

turn = 1   myturn = 1
It is my turn and I am thinking
            1            
           1 1           
          1 1 1          
         * * 1 1         
* * * 2 3 * 1 * * * * * *
 * * 2 * 3 * 2 * 2 * 2 * 
  3 3 * 2 3 3 2 2 1 * *  
   3 3 * * 3 3 * * * 2   
    * * * * * * * * *    
   * * * * 3 3 * * 3 3   
  * * * * 3 3 2 * 3 3 3  
 * * * * * * 3 3 * * * * 
* * * * * * * * * * * * *
         * * * *         
          * * *          
           * *           
            *            
600000 600000 0 0 2

turn = 2   myturn = 1
OK lemme think...
            1            
           1 1           
          1 1 1          
         * * 1 1         
* * * 2 3 * 1 * * * * * *
 * * 2 * 3 * 2 * 2 * 2 * 
  3 3 * 2 3 3 2 * 1 * *  
   3 3 * * 3 3 * 2 * 2   
    * * * * * * * * *    
   * * * * 3 3 * * 3 3   
  * * * * 3 3 2 * 3 3 3  
 * * * * * * 3 3 * * * * 
* * * * * * * * * * * * *
         * * * *         
          * * *          
           * *           
            *            
600000 600000 0 0 1

turn = 1   myturn = 1
It is my turn and I am thinking
            1            
           1 1           
          1 1 1          
         * * 1 1         
* * * 2 3 * 1 * 1 * * * *
 * * 2 * 3 * 2 * 2 * 2 * 
  3 3 * 2 3 3 2 * * * *  
   3 3 * * 3 3 * 2 * 2   
    * * * * * * * * *    
   * * * * 3 3 * * 3 3   
  * * * * 3 3 2 * 3 3 3  
 * * * * * * 3 3 * * * * 
* * * * * * * * * * * * *
         * * * *         
          * * *          
           * *           
            *            
600000 600000 0 0 2

turn = 2   myturn = 1
OK lemme think...
            1            
           1 1           
          1 1 1          
         * * 1 1         
* * * * 3 * 1 2 1 * * * *
 * * 2 * 3 * 2 * 2 * 2 * 
  3 3 * 2 3 3 2 * * * *  
   3 3 * * 3 3 * 2 * 2   
    * * * * * * * * *    
   * * * * 3 3 * * 3 3   
  * * * * 3 3 2 * 3 3 3  
 * * * * * * 3 3 * * * * 
* * * * * * * * * * * * *
         * * * *         
          * * *          
           * *           
            *            
600000 600000 0 0 1

turn = 1   myturn = 1
It is my turn and I am thinking
            1            
           1 1           
          1 1 1          
         * 1 1 1         
* * * * 3 * * 2 1 * * * *
 * * 2 * 3 * 2 * 2 * 2 * 
  3 3 * 2 3 3 2 * * * *  
   3 3 * * 3 3 * 2 * 2   
    * * * * * * * * *    
   * * * * 3 3 * * 3 3   
  * * * * 3 3 2 * 3 3 3  
 * * * * * * 3 3 * * * * 
* * * * * * * * * * * * *
         * * * *         
          * * *          
           * *           
            *            
600000 600000 0 0 2

turn = 2   myturn = 1
OK lemme think...
            1            
           1 1           
          1 1 1          
         * 1 1 1         
* * * * 3 * * 2 1 * * * *
 * 2 * * 3 * 2 * 2 * 2 * 
  3 3 * 2 3 3 2 * * * *  
   3 3 * * 3 3 * 2 * 2   
    * * * * * * * * *    
   * * * * 3 3 * * 3 3   
  * * * * 3 3 2 * 3 3 3  
 * * * * * * 3 3 * * * * 
* * * * * * * * * * * * *
         * * * *         
          * * *          
           * *           
            *            
600000 600000 0 0 1

turn = 1   myturn = 1
It is my turn and I am thinking
            1            
           1 1           
          1 1 1          
         * 1 1 1         
* * * * 3 * 1 2 * * * * *
 * 2 * * 3 * 2 * 2 * 2 * 
  3 3 * 2 3 3 2 * * * *  
   3 3 * * 3 3 * 2 * 2   
    * * * * * * * * *    
   * * * * 3 3 * * 3 3   
  * * * * 3 3 2 * 3 3 3  
 * * * * * * 3 3 * * * * 
* * * * * * * * * * * * *
         * * * *         
          * * *          
           * *           
            *            
600000 600000 0 0 2

turn = 2   myturn = 1
OK lemme think...
            1            
           1 1           
          1 1 1          
         * 1 1 1         
* * * * 3 * 1 2 * * * * *
 * 2 * * 3 * 2 * 2 * 2 * 
  3 3 * 2 3 3 2 * * * *  
   3 3 * * 3 3 * 2 2 *   
    * * * * * * * * *    
   * * * * 3 3 * * 3 3   
  * * * * 3 3 2 * 3 3 3  
 * * * * * * 3 3 * * * * 
* * * * * * * * * * * * *
         * * * *         
          * * *          
           * *           
            *            
600000 600000 0 0 1

turn = 1   myturn = 1
It is my turn and I am thinking
            1            
           1 1           
          1 1 1          
         * 1 1 1         
* * * * 3 * * 2 1 * * * *
 * 2 * * 3 * 2 * 2 * 2 * 
  3 3 * 2 3 3 2 * * * *  
   3 3 * * 3 3 * 2 2 *   
    * * * * * * * * *    
   * * * * 3 3 * * 3 3   
  * * * * 3 3 2 * 3 3 3  
 * * * * * * 3 3 * * * * 
* * * * * * * * * * * * *
         * * * *         
          * * *          
           * *           
            *            
600000 600000 0 0 2

turn = 2   myturn = 1
OK lemme think...
            1            
           1 1           
          1 1 1          
         * 1 1 1         
* * * * 3 * * 2 1 * * * *
 * 2 * * 3 * * * 2 * 2 * 
  3 3 * 2 3 3 2 * * * *  
   3 3 * * 3 3 2 2 2 *   
    * * * * * * * * *    
   * * * * 3 3 * * 3 3   
  * * * * 3 3 2 * 3 3 3  
 * * * * * * 3 3 * * * * 
* * * * * * * * * * * * *
         * * * *         
          * * *          
           * *           
            *            
600000 600000 0 0 1

turn = 1   myturn = 1
It is my turn and I am thinking
            1            
           1 1           
          1 1 1          
         * 1 1 1         
* * * * 3 * 1 2 * * * * *
 * 2 * * 3 * * * 2 * 2 * 
  3 3 * 2 3 3 2 * * * *  
   3 3 * * 3 3 2 2 2 *   
    * * * * * * * * *    
   * * * * 3 3 * * 3 3   
  * * * * 3 3 2 * 3 3 3  
 * * * * * * 3 3 * * * * 
* * * * * * * * * * * * *
         * * * *         
          * * *          
           * *           
            *            
600000 600000 0 0 2

turn = 2   myturn = 1
OK lemme think...
            1            
           1 1           
          1 1 1          
         * 1 1 1         
* * * * 3 * 1 2 * * * * *
 * * 2 * 3 * * * 2 * 2 * 
  3 3 * 2 3 3 2 * * * *  
   3 3 * * 3 3 2 2 2 *   
    * * * * * * * * *    
   * * * * 3 3 * * 3 3   
  * * * * 3 3 2 * 3 3 3  
 * * * * * * 3 3 * * * * 
* * * * * * * * * * * * *
         * * * *         
          * * *          
           * *           
            *            
600000 600000 0 0 1

turn = 1   myturn = 1
It is my turn and I am thinking
            1            
           1 1           
          1 1 1          
         * 1 1 1         
* * * * 3 1 * 2 * * * * *
 * * 2 * 3 * * * 2 * 2 * 
  3 3 * 2 3 3 2 * * * *  
   3 3 * * 3 3 2 2 2 *   
    * * * * * * * * *    
   * * * * 3 3 * * 3 3   
  * * * * 3 3 2 * 3 3 3  
 * * * * * * 3 3 * * * * 
* * * * * * * * * * * * *
         * * * *         
          * * *          
           * *           
            *            
600000 600000 0 0 2

turn = 2   myturn = 1
OK lemme think...
            1            
           1 1           
          1 1 1          
         * 1 1 1         
* * * * 3 1 * 2 * * * * *
 * 2 * * 3 * * * 2 * 2 * 
  3 3 * 2 3 3 2 * * * *  
   3 3 * * 3 3 2 2 2 *   
    * * * * * * * * *    
   * * * * 3 3 * * 3 3   
  * * * * 3 3 2 * 3 3 3  
 * * * * * * 3 3 * * * * 
* * * * * * * * * * * * *
         * * * *         
          * * *          
           * *           
            *            
600000 600000 0 0 1

turn = 1   myturn = 1
It is my turn and I am thinking
I won
