turn = 1   myturn = 2
OK lemme think...
            2            
           2 2           
          2 2 2          
         2 2 2 2         
* * * * * * * * * * * * *
 * * * * * * * * * * * * 
  3 3 * * 3 3 * * * * *  
   3 3 * * 3 3 * * * *   
    * * * * * * * * *    
   * * * * 3 3 * * 3 3   
  * * * * 3 3 * * 3 3 3  
 * * * * * * * * * * * * 
* * * * 1 * * * * * * * *
         1 1 1 1         
          * 1 1          
           1 1           
            1            
600000 600000 2 2 2

turn = 2   myturn = 2
It is my turn and I am thinking
I sent: 3 9 4 10 4 8
I got: 0
            2            
           2 2           
          2 2 2          
         * 2 2 2         
* * * * 3 2 * * * * * * *
 * * * * * * * * * * * * 
  3 3 * * 3 3 * * * * *  
   3 3 * * 3 3 * * * *   
    * * * * * * * * *    
   * * * * 3 3 * * 3 3   
  * * * * 3 3 * * 3 3 3  
 * * * * * * * * * * * * 
* * * * 1 * * * * * * * *
         1 1 1 1         
          * 1 1          
           1 1           
            1            
600000 600000 2 1 1

turn = 1   myturn = 2
OK lemme think...
            2            
           2 2           
          2 2 2          
         * 2 2 2         
* * * * 3 2 * * * * * * *
 * * * * * * * * * * * * 
  3 3 * * 3 3 * * * * *  
   3 3 * * 3 3 * * * *   
    * * * * * * * * *    
   * * * * 3 3 * * 3 3   
  * * * * 3 3 * * 3 3 3  
 * * * * * * * * * * * * 
* * * * 1 * 1 * * * * * *
         1 1 1 1         
          * 1 1          
           1 1           
            *            
600000 600000 2 1 2

turn = 2   myturn = 2
It is my turn and I am thinking
I sent: 3 13 3 9 11 13
I got: 0
            2            
           2 2           
          2 2 2          
         2 2 * 2         
* * * * 3 2 * * * * * * *
 * * * * * * * * * * * * 
  3 3 * * 3 3 * * * * *  
   3 3 * * 3 3 * * * *   
    * * * * * * * * *    
   * * * * 3 3 * * 3 3   
  * * * * 3 3 * * 3 3 3  
 * * * * * * 3 * * * * * 
* * * * 1 * 1 * * * * * *
         1 1 1 1         
          * 1 1          
           1 1           
            *            
600000 600000 2 0 1

turn = 1   myturn = 2
OK lemme think...
            2            
           2 2           
          2 2 2          
         2 2 * 2         
* * * * 3 2 * * * * * * *
 * * * * * * * * * * * * 
  3 3 * * 3 3 1 * * * *  
   3 3 * * 3 3 * * * *   
    * * * * * * * * *    
   * * * * 3 3 * * 3 3   
  * * * * 3 3 * * 3 3 3  
 * * * * * * 3 * * * * * 
* * * * 1 * * * * * * * *
         1 1 1 1         
          * 1 1          
           1 1           
            *            
600000 600000 2 0 2

turn = 2   myturn = 2
It is my turn and I am thinking
I sent: 4 10 5 11 -1 -1
I got: 0
            2            
           2 2           
          2 2 2          
         2 2 * 2         
* * * * 3 * * * * * * * *
 * * * * * 2 * * * * * * 
  3 3 * * 3 3 1 * * * *  
   3 3 * * 3 3 * * * *   
    * * * * * * * * *    
   * * * * 3 3 * * 3 3   
  * * * * 3 3 * * 3 3 3  
 * * * * * * 3 * * * * * 
* * * * 1 * * * * * * * *
         1 1 1 1         
          * 1 1          
           1 1           
            *            
600000 600000 2 0 1

turn = 1   myturn = 2
OK lemme think...
            2            
           2 2           
          2 2 2          
         2 2 * 2         
* * * * 3 * * * * * * * *
 * * * * * 2 * * * * * * 
  3 3 * * 3 3 1 * * * *  
   3 3 * * 3 3 * * * *   
    * * * * 1 * * * *    
   * * * * 3 3 * * 3 3   
  * * * * 3 3 * * 3 3 3  
 * * * * * * 3 * * * * * 
* * * * 1 * * * * * * * *
         1 1 1 1         
          * 1 *          
           1 1           
            *            
600000 600000 2 0 2

turn = 2   myturn = 2
It is my turn and I am thinking
I sent: 2 12 4 10 -1 -1
I got: 0
            2            
           2 2           
          2 * 2          
         2 2 * 2         
* * * * 3 2 * * * * * * *
 * * * * * 2 * * * * * * 
  3 3 * * 3 3 1 * * * *  
   3 3 * * 3 3 * * * *   
    * * * * 1 * * * *    
   * * * * 3 3 * * 3 3   
  * * * * 3 3 * * 3 3 3  
 * * * * * * 3 * * * * * 
* * * * 1 * * * * * * * *
         1 1 1 1         
          * 1 *          
           1 1           
            *            
600000 600000 2 0 1

turn = 1   myturn = 2
OK lemme think...
            2            
           2 2           
          2 * 2          
         2 2 * 2         
* * * * 3 2 * * * * * * *
 * * * * * 2 * * * * * * 
  3 3 * * 3 3 1 * * * *  
   3 3 * * 3 3 * * * *   
    * * * * 1 * * * *    
   * * * * 3 3 * * 3 3   
  * * * * 3 3 * * 3 3 3  
 * * * * * * 3 * * * * * 
* * * 1 1 * * * * * * * *
         1 1 1 1         
          * * *          
           1 1           
            *            
600000 600000 2 0 2

turn = 2   myturn = 2
It is my turn and I am thinking
I sent: 1 13 2 12 -1 -1
I got: 0
            2            
           2 *           
          2 2 2          
         2 2 * 2         
* * * * 3 2 * * * * * * *
 * * * * * 2 * * * * * * 
  3 3 * * 3 3 1 * * * *  
   3 3 * * 3 3 * * * *   
    * * * * 1 * * * *    
   * * * * 3 3 * * 3 3   
  * * * * 3 3 * * 3 3 3  
 * * * * * * 3 * * * * * 
* * * 1 1 * * * * * * * *
         1 1 1 1         
          * * *          
           1 1           
            *            
600000 600000 2 0 1

turn = 1   myturn = 2
OK lemme think...
            2            
           2 *           
          2 2 2          
         2 2 * 2         
* * * * 3 2 * * * * * * *
 * * * * * 2 * * * * * * 
  3 3 * * 3 3 1 * * * *  
   3 3 * * 3 3 * * * *   
    * * * * 1 * * * *    
   * * * * 3 3 * * 3 3   
  * * * * 3 3 * * 3 3 3  
 * * * 1 * * 3 3 * * * * 
* * * 1 1 * * * * * * * *
         * 1 1 1         
          * * *          
           1 1           
            *            
600000 600000 1 0 2

turn = 2   myturn = 2
It is my turn and I am thinking
I sent: 3 11 3 13 -1 -1
I got: 0
            2            
           2 *           
          2 2 2          
         2 * 2 2         
* * * * 3 2 * * * * * * *
 * * * * * 2 * * * * * * 
  3 3 * * 3 3 1 * * * *  
   3 3 * * 3 3 * * * *   
    * * * * 1 * * * *    
   * * * * 3 3 * * 3 3   
  * * * * 3 3 * * 3 3 3  
 * * * 1 * * 3 3 * * * * 
* * * 1 1 * * * * * * * *
         * 1 1 1         
          * * *          
           1 1           
            *            
600000 600000 1 0 1

turn = 1   myturn = 2
OK lemme think...
            2            
           2 *           
          2 2 2          
         2 * 2 2         
* * * * 3 2 * * * * * * *
 * * * * * 2 * * * * * * 
  3 3 * * 3 3 1 * * * *  
   3 3 * * 3 3 * * * *   
    * * * * 1 * * * *    
   * * * * 3 3 * * 3 3   
  * * 1 * 3 3 * * 3 3 3  
 * * * 1 * * 3 3 * * * * 
* * * 1 * * * * * * * * *
         * 1 1 1         
          * * *          
           1 1           
            *            
600000 600000 1 0 2

turn = 2   myturn = 2
It is my turn and I am thinking
I sent: 0 12 1 13 -1 -1
I got: 0
            *            
           2 2           
          2 2 2          
         2 * 2 2         
* * * * 3 2 * * * * * * *
 * * * * * 2 * * * * * * 
  3 3 * * 3 3 1 * * * *  
   3 3 * * 3 3 * * * *   
    * * * * 1 * * * *    
   * * * * 3 3 * * 3 3   
  * * 1 * 3 3 * * 3 3 3  
 * * * 1 * * 3 3 * * * * 
* * * 1 * * * * * * * * *
         * 1 1 1         
          * * *          
           1 1           
            *            
600000 600000 1 0 1

turn = 1   myturn = 2
OK lemme think...
            *            
           2 2           
          2 2 2          
         2 * 2 2         
* * * * 3 2 * * * * * * *
 * * * * 3 2 * * * * * * 
  3 3 * * 3 3 1 * * * *  
   3 3 * * 3 3 * * * *   
    * * * * 1 * * * *    
   * * * * 3 3 * * 3 3   
  * * 1 1 3 3 * * 3 3 3  
 * * * 1 * * 3 3 * * * * 
* * * * * * * * * * * * *
         * 1 1 1         
          * * *          
           1 1           
            *            
600000 600000 0 0 2

turn = 2   myturn = 2
It is my turn and I am thinking
I sent: 2 14 4 12 -1 -1
I got: 0
            *            
           2 2           
          2 2 *          
         2 * 2 2         
* * * * 3 2 2 * * * * * *
 * * * * 3 2 * * * * * * 
  3 3 * * 3 3 1 * * * *  
   3 3 * * 3 3 * * * *   
    * * * * 1 * * * *    
   * * * * 3 3 * * 3 3   
  * * 1 1 3 3 * * 3 3 3  
 * * * 1 * * 3 3 * * * * 
* * * * * * * * * * * * *
         * 1 1 1         
          * * *          
           1 1           
            *            
600000 600000 0 0 1

turn = 1   myturn = 2
OK lemme think...
            *            
           2 2           
          2 2 *          
         2 * 2 2         
* * * * 3 2 2 * * * * * *
 * * * * 3 2 * * * * * * 
  3 3 * * 3 3 1 * * * *  
   3 3 * * 3 3 * * * *   
    * * * * 1 * * * *    
   * * * 1 3 3 * * 3 3   
  * * 1 1 3 3 * * 3 3 3  
 * * * * * * 3 3 * * * * 
* * * * * * * * * * * * *
         * 1 1 1         
          * * *          
           1 1           
            *            
600000 600000 0 0 2

turn = 2   myturn = 2
It is my turn and I am thinking
I sent: 1 13 7 15 -1 -1
I got: 0
            *            
           2 *           
          2 2 *          
         2 * 2 2         
* * * * 3 2 2 * * * * * *
 * * * * 3 2 * * * * * * 
  3 3 * * 3 3 1 * * * *  
   3 3 * * 3 3 2 * * *   
    * * * * 1 * * * *    
   * * * 1 3 3 * * 3 3   
  * * 1 1 3 3 * * 3 3 3  
 * * * * * * 3 3 * * * * 
* * * * * * * * * * * * *
         * 1 1 1         
          * * *          
           1 1           
            *            
600000 600000 0 0 1

turn = 1   myturn = 2
OK lemme think...
            *            
           2 *           
          2 2 *          
         2 * 2 2         
* * * * 3 2 2 * * * * * *
 * * * * 3 2 * * * * * * 
  3 3 * * 3 3 1 1 * * *  
   3 3 * * 3 3 2 * * *   
    * * * * 1 * * * *    
   * * * 1 3 3 * * 3 3   
  * * 1 * 3 3 * * 3 3 3  
 * * * * * * 3 3 * * * * 
* * * * * * * * * * * * *
         * 1 1 1         
          * * *          
           1 1           
            *            
600000 600000 0 0 2

turn = 2   myturn = 2
It is my turn and I am thinking
I sent: 3 9 5 7 -1 -1
I got: 0
            *            
           2 *           
          2 2 *          
         * * 2 2         
* * * * 3 2 2 * * * * * *
 * * * 2 3 2 * * * * * * 
  3 3 * * 3 3 1 1 * * *  
   3 3 * * 3 3 2 * * *   
    * * * * 1 * * * *    
   * * * 1 3 3 * * 3 3   
  * * 1 * 3 3 * * 3 3 3  
 * * * * * * 3 3 * * * * 
* * * * * * * * * * * * *
         * 1 1 1         
          * * *          
           1 1           
            *            
600000 600000 0 0 1

turn = 1   myturn = 2
OK lemme think...
            *            
           2 *           
          2 2 *          
         * * 2 2         
* * * * 3 2 2 * * * * * *
 * * * 2 3 2 * * * * * * 
  3 3 * * 3 3 1 1 * * *  
   3 3 * * 3 3 2 * * *   
    * * * * 1 * * * *    
   * * * 1 3 3 * * 3 3   
  * * 1 * 3 3 * * 3 3 3  
 * * * * * * 3 3 * * * * 
* * * * * * * * * * * * *
         * 1 1 1         
          * 1 *          
           1 *           
            *            
600000 600000 0 0 2

turn = 2   myturn = 2
It is my turn and I am thinking
I sent: 4 12 4 14 -1 -1
I got: 0
            *            
           2 *           
          2 2 *          
         * * 2 2         
* * * * 3 2 * 2 * * * * *
 * * * 2 3 2 * * * * * * 
  3 3 * * 3 3 1 1 * * *  
   3 3 * * 3 3 2 * * *   
    * * * * 1 * * * *    
   * * * 1 3 3 * * 3 3   
  * * 1 * 3 3 * * 3 3 3  
 * * * * * * 3 3 * * * * 
* * * * * * * * * * * * *
         * 1 1 1         
          * 1 *          
           1 *           
            *            
600000 600000 0 0 1

turn = 1   myturn = 2
OK lemme think...
            *            
           2 *           
          2 2 *          
         * * 2 2         
* * * * 3 2 * 2 * * * * *
 * * * 2 3 2 * * * * * * 
  3 3 * * 3 3 1 1 * * *  
   3 3 * * 3 3 2 * * *   
    * * * * 1 * * * *    
   * * * 1 3 3 * * 3 3   
  * * 1 * 3 3 * 1 3 3 3  
 * * * * * * 3 3 * * * * 
* * * * * * * * * * * * *
         * 1 1 1         
          * * *          
           1 *           
            *            
600000 600000 0 0 2

turn = 2   myturn = 2
It is my turn and I am thinking
I sent: 4 14 4 16 -1 -1
I got: 0
            *            
           2 *           
          2 2 *          
         * * 2 2         
* * * * 3 2 * * 2 * * * *
 * * * 2 3 2 * * * * * * 
  3 3 * * 3 3 1 1 * * *  
   3 3 * * 3 3 2 * * *   
    * * * * 1 * * * *    
   * * * 1 3 3 * * 3 3   
  * * 1 * 3 3 * 1 3 3 3  
 * * * * * * 3 3 * * * * 
* * * * * * * * * * * * *
         * 1 1 1         
          * * *          
           1 *           
            *            
600000 600000 0 0 1

turn = 1   myturn = 2
OK lemme think...
            *            
           2 *           
          2 2 *          
         * * 2 2         
* * * * 3 2 * * 2 * * * *
 * * * 2 3 2 * * * * * * 
  3 3 * * 3 3 1 1 * * *  
   3 3 * * 3 3 2 * * *   
    * * * * 1 * * * *    
   * * * 1 3 3 * * 3 3   
  * * 1 * 3 3 * 1 3 3 3  
 * * * * * * 3 3 * * * * 
* * * * * * * * * * * * *
         * 1 1 1         
          1 * *          
           * *           
            *            
600000 600000 0 0 2

turn = 2   myturn = 2
It is my turn and I am thinking
I sent: 3 15 3 11 -1 -1
I got: 0
            *            
           2 *           
          2 2 *          
         * 2 2 *         
* * * * 3 2 * * 2 * * * *
 * * * 2 3 2 * * * * * * 
  3 3 * * 3 3 1 1 * * *  
   3 3 * * 3 3 2 * * *   
    * * * * 1 * * * *    
   * * * 1 3 3 * * 3 3   
  * * 1 * 3 3 * 1 3 3 3  
 * * * * * * 3 3 * * * * 
* * * * * * * * * * * * *
         * 1 1 1         
          1 * *          
           * *           
            *            
600000 600000 0 0 1

turn = 1   myturn = 2
OK lemme think...
            *            
           2 *           
          2 2 *          
         * 2 2 *         
* * * * 3 2 * * 2 * * * *
 * * * 2 3 2 * * * * * * 
  3 3 * * 3 3 1 1 * * *  
   3 3 * * 3 3 2 * * *   
    * * * * 1 * * * *    
   * * * 1 3 3 * * 3 3   
  * * 1 * 3 3 1 1 3 3 3  
 * * * * * * 3 3 * * * * 
* * * * * * * * * * * * *
         * 1 1 1         
          * * *          
           * *           
            *            
600000 600000 0 0 2

turn = 2   myturn = 2
It is my turn and I am thinking
I sent: 5 11 5 13 -1 -1
I got: 0
            *            
           2 *           
          2 2 *          
         * 2 2 *         
* * * * 3 2 * * 2 * * * *
 * * * 2 3 * 2 * * * * * 
  3 3 * * 3 3 1 1 * * *  
   3 3 * * 3 3 2 * * *   
    * * * * 1 * * * *    
   * * * 1 3 3 * * 3 3   
  * * 1 * 3 3 1 1 3 3 3  
 * * * * * * 3 3 * * * * 
* * * * * * * * * * * * *
         * 1 1 1         
          * * *          
           * *           
            *            
600000 600000 0 0 1

turn = 1   myturn = 2
OK lemme think...
            *            
           2 *           
          2 2 1          
         * 2 2 *         
* * * * 3 2 * * 2 * * * *
 * * * 2 3 * 2 * * * * * 
  3 3 * * 3 3 * 1 * * *  
   3 3 * * 3 3 2 * * *   
    * * * * 1 * * * *    
   * * * 1 3 3 * * 3 3   
  * * 1 * 3 3 1 1 3 3 3  
 * * * * * * 3 3 * * * * 
* * * * * * * * * * * * *
         * 1 1 1         
          * * *          
           * *           
            *            
600000 600000 0 0 2

turn = 2   myturn = 2
It is my turn and I am thinking
I sent: 2 10 6 18 -1 -1
I got: 0
            *            
           2 *           
          * 2 1          
         * 2 2 *         
* * * * 3 2 * * 2 * * * *
 * * * 2 3 * 2 * * * * * 
  3 3 * * 3 3 * 1 2 * *  
   3 3 * * 3 3 2 * * *   
    * * * * 1 * * * *    
   * * * 1 3 3 * * 3 3   
  * * 1 * 3 3 1 1 3 3 3  
 * * * * * * 3 3 * * * * 
* * * * * * * * * * * * *
         * 1 1 1         
          * * *          
           * *           
            *            
600000 600000 0 0 1

turn = 1   myturn = 2
OK lemme think...
            1            
           2 *           
          * 2 1          
         * 2 2 *         
* * * * 3 2 * * 2 * * * *
 * * * 2 3 * 2 * * * * * 
  3 3 * * 3 3 * 1 2 * *  
   3 3 * * 3 3 2 * * *   
    * * * * * * * * *    
   * * * 1 3 3 * * 3 3   
  * * 1 * 3 3 1 1 3 3 3  
 * * * * * * 3 3 * * * * 
* * * * * * * * * * * * *
         * 1 1 1         
          * * *          
           * *           
            *            
600000 600000 0 0 2

turn = 2   myturn = 2
It is my turn and I am thinking
I sent: 5 7 5 5 -1 -1
I got: 0
            1            
           2 *           
          * 2 1          
         * 2 2 *         
* * * * 3 2 * * 2 * * * *
 * * 2 * 3 * 2 * * * * * 
  3 3 * * 3 3 * 1 2 * *  
   3 3 * * 3 3 2 * * *   
    * * * * * * * * *    
   * * * 1 3 3 * * 3 3   
  * * 1 * 3 3 1 1 3 3 3  
 * * * * * * 3 3 * * * * 
* * * * * * * * * * * * *
         * 1 1 1         
          * * *          
           * *           
            *            
600000 600000 0 0 1

turn = 1   myturn = 2
OK lemme think...
            1            
           2 *           
          1 2 1          
         * 2 2 *         
* * * * 3 2 * * 2 * * * *
 * * 2 * 3 * 2 * * * * * 
  3 3 * * 3 3 * 1 2 * *  
   3 3 * * 3 3 2 * * *   
    * * * * * * * * *    
   * * * 1 3 3 * * 3 3   
  * * 1 * 3 3 * 1 3 3 3  
 * * * * * * 3 3 * * * * 
* * * * * * * * * * * * *
         * 1 1 1         
          * * *          
           * *           
            *            
600000 600000 0 0 2

turn = 2   myturn = 2
It is my turn and I am thinking
I sent: 7 15 8 14 -1 -1
I got: 0
            1            
           2 *           
          1 2 1          
         * 2 2 *         
* * * * 3 2 * * 2 * * * *
 * * 2 * 3 * 2 * * * * * 
  3 3 * * 3 3 * 1 2 * *  
   3 3 * * 3 3 * * * *   
    * * * * * 2 * * *    
   * * * 1 3 3 * * 3 3   
  * * 1 * 3 3 * 1 3 3 3  
 * * * * * * 3 3 * * * * 
* * * * * * * * * * * * *
         * 1 1 1         
          * * *          
           * *           
            *            
600000 600000 0 0 1

turn = 1   myturn = 2
OK lemme think...
            1            
           2 *           
          1 2 1          
         * 2 2 *         
* * * * 3 2 * * 2 * * * *
 * * 2 * 3 * 2 * * * * * 
  3 3 * * 3 3 * 1 2 * *  
   3 3 * * 3 3 * * * *   
    * * * * * 2 * * *    
   * * * 1 3 3 * * 3 3   
  * * 1 * 3 3 * 1 3 3 3  
 * * * * * * 3 3 * * * * 
* * * * * * 1 * * * * * *
         * * 1 1         
          * * *          
           * *           
            *            
600000 600000 0 0 2

turn = 2   myturn = 2
It is my turn and I am thinking
I sent: 3 13 5 3 -1 -1
I got: 0
            1            
           2 *           
          1 2 1          
         * 2 * *         
* * * * 3 2 * * 2 * * * *
 * 2 2 * 3 * 2 * * * * * 
  3 3 * * 3 3 * 1 2 * *  
   3 3 * * 3 3 * * * *   
    * * * * * 2 * * *    
   * * * 1 3 3 * * 3 3   
  * * 1 * 3 3 * 1 3 3 3  
 * * * * * * 3 3 * * * * 
* * * * * * 1 * * * * * *
         * * 1 1         
          * * *          
           * *           
            *            
600000 600000 0 0 1

turn = 1   myturn = 2
OK lemme think...
            1            
           2 *           
          1 2 1          
         * 2 * *         
* * * * 3 2 1 * 2 * * * *
 * 2 2 * 3 * 2 * * * * * 
  3 3 * * 3 3 * 1 2 * *  
   3 3 * * 3 3 * * * *   
    * * * * * 2 * * *    
   * * * 1 3 3 * * 3 3   
  * * 1 * 3 3 * 1 3 3 3  
 * * * * * * 3 3 * * * * 
* * * * * * * * * * * * *
         * * 1 1         
          * * *          
           * *           
            *            
600000 600000 0 0 2

turn = 2   myturn = 2
It is my turn and I am thinking
I sent: 5 3 5 19 -1 -1
I got: 0
            1            
           2 *           
          1 2 1          
         * 2 * *         
* * * * 3 2 1 * 2 * * * *
 * * 2 * 3 * 2 * * 2 * * 
  3 3 * * 3 3 * 1 2 * *  
   3 3 * * 3 3 * * * *   
    * * * * * 2 * * *    
   * * * 1 3 3 * * 3 3   
  * * 1 * 3 3 * 1 3 3 3  
 * * * * * * 3 3 * * * * 
* * * * * * * * * * * * *
         * * 1 1         
          * * *          
           * *           
            *            
600000 600000 0 0 1

turn = 1   myturn = 2
OK lemme think...
            1            
           2 *           
          1 2 1          
         * 2 * *         
* * * * 3 2 1 1 2 * * * *
 * * 2 * 3 * 2 * * 2 * * 
  3 3 * * 3 3 * * 2 * *  
   3 3 * * 3 3 * * * *   
    * * * * * 2 * * *    
   * * * 1 3 3 * * 3 3   
  * * 1 * 3 3 * 1 3 3 3  
 * * * * * * 3 3 * * * * 
* * * * * * * * * * * * *
         * * 1 1         
          * * *          
           * *           
            *            
600000 600000 0 0 2

turn = 2   myturn = 2
It is my turn and I am thinking
I sent: 3 11 5 21 -1 -1
I got: 0
            1            
           2 *           
          1 2 1          
         * * * *         
* * * * 3 2 1 1 2 * * * *
 * * 2 * 3 * 2 * * 2 2 * 
  3 3 * * 3 3 * * 2 * *  
   3 3 * * 3 3 * * * *   
    * * * * * 2 * * *    
   * * * 1 3 3 * * 3 3   
  * * 1 * 3 3 * 1 3 3 3  
 * * * * * * 3 3 * * * * 
* * * * * * * * * * * * *
         * * 1 1         
          * * *          
           * *           
            *            
600000 600000 0 0 1

turn = 1   myturn = 2
OK lemme think...
            1            
           2 *           
          1 2 1          
         * * * *         
* * * * 3 2 1 1 2 * * * *
 * * 2 * 3 * 2 * * 2 2 * 
  3 3 * * 3 3 * * 2 * *  
   3 3 * * 3 3 * * * *   
    * * * * * 2 * * *    
   * * * 1 3 3 * * 3 3   
  * * 1 * 3 3 * 1 3 3 3  
 * * * * * * 3 3 * * * * 
* * * * * * * 1 * * * * *
         * * 1 *         
          * * *          
           * *           
            *            
600000 600000 0 0 2

turn = 2   myturn = 2
It is my turn and I am thinking
I sent: 4 16 5 17 -1 -1
I got: 0
            1            
           2 *           
          1 2 1          
         * * * *         
* * * * 3 2 1 1 * * * * *
 * * 2 * 3 * 2 * 2 2 2 * 
  3 3 * * 3 3 * * 2 * *  
   3 3 * * 3 3 * * * *   
    * * * * * 2 * * *    
   * * * 1 3 3 * * 3 3   
  * * 1 * 3 3 * 1 3 3 3  
 * * * * * * 3 3 * * * * 
* * * * * * * 1 * * * * *
         * * 1 *         
          * * *          
           * *           
            *            
600000 600000 0 0 1

turn = 1   myturn = 2
OK lemme think...
            1            
           2 *           
          1 2 1          
         * * * *         
* * * * 3 2 1 1 * * * * *
 * * 2 * 3 * 2 * 2 2 2 * 
  3 3 * * 3 3 * * 2 * *  
   3 3 * * 3 3 * * * *   
    * * * * * 2 * * *    
   * * * 1 3 3 * * 3 3   
  * * 1 * 3 3 * 1 3 3 3  
 * * * * * * 3 3 * * * * 
* * * * * * 1 1 * * * * *
         * * * *         
          * * *          
           * *           
            *            
600000 600000 0 0 2

turn = 2   myturn = 2
It is my turn and I am thinking
I sent: 5 13 5 15 -1 -1
I got: 0
            1            
           2 *           
          1 2 1          
         * * * *         
* * * * 3 2 1 1 * * * * *
 * * 2 * 3 * * 2 2 2 2 * 
  3 3 * * 3 3 * * 2 * *  
   3 3 * * 3 3 * * * *   
    * * * * * 2 * * *    
   * * * 1 3 3 * * 3 3   
  * * 1 * 3 3 * 1 3 3 3  
 * * * * * * 3 3 * * * * 
* * * * * * 1 1 * * * * *
         * * * *         
          * * *          
           * *           
            *            
600000 600000 0 0 1

turn = 1   myturn = 2
OK lemme think...
            1            
           2 *           
          1 2 1          
         * * * *         
* * * * 3 2 1 1 1 * * * *
 * * 2 * 3 * * 2 2 2 2 * 
  3 3 * * 3 3 * * 2 * *  
   3 3 * * 3 3 * * * *   
    * * * * * 2 * * *    
   * * * 1 3 3 * * 3 3   
  * * 1 * 3 3 * 1 3 3 3  
 * * * * * * 3 3 * * * * 
* * * * * * * 1 * * * * *
         * * * *         
          * * *          
           * *           
            *            
600000 600000 0 0 2

turn = 2   myturn = 2
It is my turn and I am thinking
I sent: 6 18 6 16 -1 -1
I got: 0
            1            
           2 *           
          1 2 1          
         * * * *         
* * * * 3 2 1 1 1 * * * *
 * * 2 * 3 * * 2 2 2 2 * 
  3 3 * * 3 3 * 2 * * *  
   3 3 * * 3 3 * * * *   
    * * * * * 2 * * *    
   * * * 1 3 3 * * 3 3   
  * * 1 * 3 3 * 1 3 3 3  
 * * * * * * 3 3 * * * * 
* * * * * * * 1 * * * * *
         * * * *         
          * * *          
           * *           
            *            
600000 600000 0 0 1

turn = 1   myturn = 2
OK lemme think...
            1            
           2 *           
          1 2 1          
         * * * *         
* * * * 3 2 1 1 1 * * * *
 * * 2 * 3 * * 2 2 2 2 * 
  3 3 * * 3 3 * 2 * * *  
   3 3 * * 3 3 * * * *   
    * * * * * 2 * * *    
   * * * 1 3 3 * 1 3 3   
  * * 1 * 3 3 * * 3 3 3  
 * * * * * * 3 3 * * * * 
* * * * * * * 1 * * * * *
         * * * *         
          * * *          
           * *           
            *            
600000 600000 0 0 2

turn = 2   myturn = 2
It is my turn and I am thinking
I sent: 8 14 9 15 -1 -1
I got: 0
            1            
           2 *           
          1 2 1          
         * * * *         
* * * * 3 2 1 1 1 * * * *
 * * 2 * 3 * * 2 2 2 2 * 
  3 3 * * 3 3 * 2 * * *  
   3 3 * * 3 3 * * * *   
    * * * * * * * * *    
   * * * 1 3 3 2 1 3 3   
  * * 1 * 3 3 * * 3 3 3  
 * * * * * * 3 3 * * * * 
* * * * * * * 1 * * * * *
         * * * *         
          * * *          
           * *           
            *            
600000 600000 0 0 1

turn = 1   myturn = 2
OK lemme think...
            1            
           2 *           
          1 2 1          
         * * * *         
* * * * 3 2 1 1 1 * * * *
 * * 2 * 3 * * 2 2 2 2 * 
  3 3 * * 3 3 * 2 * * *  
   3 3 * * 3 3 * * * *   
    * * * * * * * 1 *    
   * * * 1 3 3 2 1 3 3   
  * * 1 * 3 3 * * 3 3 3  
 * * * * * * 3 3 * * * * 
* * * * * * * * * * * * *
         * * * *         
          * * *          
           * *           
            *            
600000 600000 0 0 2

turn = 2   myturn = 2
It is my turn and I am thinking
I sent: 2 12 3 11 -1 -1
I got: 0
            1            
           2 *           
          1 * 1          
         * 2 * *         
* * * * 3 2 1 1 1 * * * *
 * * 2 * 3 * * 2 2 2 2 * 
  3 3 * * 3 3 * 2 * * *  
   3 3 * * 3 3 * * * *   
    * * * * * * * 1 *    
   * * * 1 3 3 2 1 3 3   
  * * 1 * 3 3 * * 3 3 3  
 * * * * * * 3 3 * * * * 
* * * * * * * * * * * * *
         * * * *         
          * * *          
           * *           
            *            
600000 600000 0 0 1

turn = 1   myturn = 2
OK lemme think...
            1            
           2 *           
          1 * 1          
         * 2 * *         
* * * * 3 2 1 1 1 * * * *
 * * 2 * 3 * * 2 2 2 2 * 
  3 3 * * 3 3 * 2 * * *  
   3 3 * * 3 3 * * 1 *   
    * * * * * * * 1 *    
   * * * 1 3 3 2 * 3 3   
  * * 1 * 3 3 * * 3 3 3  
 * * * * * * 3 3 * * * * 
* * * * * * * * * * * * *
         * * * *         
          * * *          
           * *           
            *            
600000 600000 0 0 2

turn = 2   myturn = 2
It is my turn and I am thinking
I sent: 5 19 6 20 -1 -1
I got: 0
            1            
           2 *           
          1 * 1          
         * 2 * *         
* * * * 3 2 1 1 1 * * * *
 * * 2 * 3 * * 2 2 * 2 * 
  3 3 * * 3 3 * 2 * 2 *  
   3 3 * * 3 3 * * 1 *   
    * * * * * * * 1 *    
   * * * 1 3 3 2 * 3 3   
  * * 1 * 3 3 * * 3 3 3  
 * * * * * * 3 3 * * * * 
* * * * * * * * * * * * *
         * * * *         
          * * *          
           * *           
            *            
600000 600000 0 0 1

turn = 1   myturn = 2
OK lemme think...
            1            
           2 *           
          1 * 1          
         * 2 * *         
* * * * 3 2 1 1 1 * * * *
 * * 2 * 3 * * 2 2 * 2 * 
  3 3 * * 3 3 * 2 * 2 *  
   3 3 * * 3 3 * * 1 *   
    * * * * * * * 1 *    
   * * 1 1 3 3 2 * 3 3   
  * * * * 3 3 * * 3 3 3  
 * * * * * * 3 3 * * * * 
* * * * * * * * * * * * *
         * * * *         
          * * *          
           * *           
            *            
600000 600000 0 0 2

turn = 2   myturn = 2
It is my turn and I am thinking
I sent: 6 20 6 22 -1 -1
I got: 0
            1            
           2 *           
          1 * 1          
         * 2 * *         
* * * * 3 2 1 1 1 * * * *
 * * 2 * 3 * * 2 2 * 2 * 
  3 3 * * 3 3 * 2 * * 2  
   3 3 * * 3 3 * * 1 *   
    * * * * * * * 1 *    
   * * 1 1 3 3 2 * 3 3   
  * * * * 3 3 * * 3 3 3  
 * * * * * * 3 3 * * * * 
* * * * * * * * * * * * *
         * * * *         
          * * *          
           * *           
            *            
600000 600000 0 0 1

turn = 1   myturn = 2
OK lemme think...
            1            
           2 *           
          1 * 1          
         * 2 * *         
* * * * 3 2 1 1 1 * * * *
 * * 2 * 3 * * 2 2 * 2 * 
  3 3 * * 3 3 * 2 * * 2  
   3 3 * * 3 3 * * 1 *   
    * * 1 * * * * 1 *    
   * * 1 * 3 3 2 * 3 3   
  * * * * 3 3 * * 3 3 3  
 * * * * * * 3 3 * * * * 
* * * * * * * * * * * * *
         * * * *         
          * * *          
           * *           
            *            
600000 600000 0 0 2

turn = 2   myturn = 2
It is my turn and I am thinking
I sent: 1 11 3 13 -1 -1
I got: 0
            1            
           * *           
          1 * 1          
         * 2 2 *         
* * * * 3 2 1 1 1 * * * *
 * * 2 * 3 * * 2 2 * 2 * 
  3 3 * * 3 3 * 2 * * 2  
   3 3 * * 3 3 * * 1 *   
    * * 1 * * * * 1 *    
   * * 1 * 3 3 2 * 3 3   
  * * * * 3 3 * * 3 3 3  
 * * * * * * 3 3 * * * * 
* * * * * * * * * * * * *
         * * * *         
          * * *          
           * *           
            *            
600000 600000 0 0 1

turn = 1   myturn = 2
OK lemme think...
            1            
           1 *           
          1 * 1          
         * 2 2 *         
* * * * 3 2 1 1 1 * * * *
 * * 2 * 3 * * 2 2 * 2 * 
  3 3 * * 3 3 * 2 * * 2  
   3 3 * * 3 3 * * 1 *   
    * * 1 * * * * 1 *    
   * * * * 3 3 2 * 3 3   
  * * * * 3 3 * * 3 3 3  
 * * * * * * 3 3 * * * * 
* * * * * * * * * * * * *
         * * * *         
          * * *          
           * *           
            *            
600000 600000 0 0 2

turn = 2   myturn = 2
It is my turn and I am thinking
I sent: 5 21 5 23 -1 -1
I got: 0
            1            
           1 *           
          1 * 1          
         * 2 2 *         
* * * * 3 2 1 1 1 * * * *
 * * 2 * 3 * * 2 2 * * 2 
  3 3 * * 3 3 * 2 * * 2  
   3 3 * * 3 3 * * 1 *   
    * * 1 * * * * 1 *    
   * * * * 3 3 2 * 3 3   
  * * * * 3 3 * * 3 3 3  
 * * * * * * 3 3 * * * * 
* * * * * * * * * * * * *
         * * * *         
          * * *          
           * *           
            *            
600000 600000 0 0 1

turn = 1   myturn = 2
OK lemme think...
            1            
           1 *           
          1 1 1          
         * 2 2 *         
* * * * 3 2 1 * 1 * * * *
 * * 2 * 3 * * 2 2 * * 2 
  3 3 * * 3 3 * 2 * * 2  
   3 3 * * 3 3 * * 1 *   
    * * 1 * * * * 1 *    
   * * * * 3 3 2 * 3 3   
  * * * * 3 3 * * 3 3 3  
 * * * * * * 3 3 * * * * 
* * * * * * * * * * * * *
         * * * *         
          * * *          
           * *           
            *            
600000 600000 0 0 2

turn = 2   myturn = 2
It is my turn and I am thinking
I sent: 9 15 10 14 -1 -1
I got: 0
            1            
           1 *           
          1 1 1          
         * 2 2 *         
* * * * 3 2 1 * 1 * * * *
 * * 2 * 3 * * 2 2 * * 2 
  3 3 * * 3 3 * 2 * * 2  
   3 3 * * 3 3 * * 1 *   
    * * 1 * * * * 1 *    
   * * * * 3 3 * * 3 3   
  * * * * 3 3 2 * 3 3 3  
 * * * * * * 3 3 * * * * 
* * * * * * * * * * * * *
         * * * *         
          * * *          
           * *           
            *            
600000 600000 0 0 1

turn = 1   myturn = 2
OK lemme think...
            1            
           1 *           
          1 1 1          
         * 2 2 *         
* * * * 3 2 1 * 1 * * * *
 * * 2 * 3 * * 2 2 * * 2 
  3 3 * * 3 3 * 2 * * 2  
   3 3 * 1 3 3 * * 1 *   
    * * * * * * * 1 *    
   * * * * 3 3 * * 3 3   
  * * * * 3 3 2 * 3 3 3  
 * * * * * * 3 3 * * * * 
* * * * * * * * * * * * *
         * * * *         
          * * *          
           * *           
            *            
600000 600000 0 0 2

turn = 2   myturn = 2
It is my turn and I am thinking
I sent: 3 13 5 11 -1 -1
I got: 0
            1            
           1 *           
          1 1 1          
         * 2 * *         
* * * * 3 2 1 * 1 * * * *
 * * 2 * 3 2 * 2 2 * * 2 
  3 3 * * 3 3 * 2 * * 2  
   3 3 * 1 3 3 * * 1 *   
    * * * * * * * 1 *    
   * * * * 3 3 * * 3 3   
  * * * * 3 3 2 * 3 3 3  
 * * * * * * 3 3 * * * * 
* * * * * * * * * * * * *
         * * * *         
          * * *          
           * *           
            *            
600000 600000 0 0 1

turn = 1   myturn = 2
OK lemme think...
            1            
           1 *           
          1 1 1          
         * 2 * *         
* * * * 3 2 1 * 1 * * * *
 * * 2 * 3 2 * 2 2 * * 2 
  3 3 * * 3 3 * 2 * 1 2  
   3 3 * 1 3 3 * * 1 *   
    * * * * * * * * *    
   * * * * 3 3 * * 3 3   
  * * * * 3 3 2 * 3 3 3  
 * * * * * * 3 3 * * * * 
* * * * * * * * * * * * *
         * * * *         
          * * *          
           * *           
            *            
600000 600000 0 0 2

turn = 2   myturn = 2
It is my turn and I am thinking
I sent: 5 11 5 3 -1 -1
I got: 0
            1            
           1 *           
          1 1 1          
         * 2 * *         
* * * * 3 2 1 * 1 * * * *
 * 2 2 * 3 * * 2 2 * * 2 
  3 3 * * 3 3 * 2 * 1 2  
   3 3 * 1 3 3 * * 1 *   
    * * * * * * * * *    
   * * * * 3 3 * * 3 3   
  * * * * 3 3 2 * 3 3 3  
 * * * * * * 3 3 * * * * 
* * * * * * * * * * * * *
         * * * *         
          * * *          
           * *           
            *            
600000 600000 0 0 1

turn = 1   myturn = 2
OK lemme think...
            1            
           1 *           
          1 1 1          
         * 2 1 *         
* * * * 3 2 1 * 1 * * * *
 * 2 2 * 3 * * 2 2 * * 2 
  3 3 * * 3 3 * 2 * 1 2  
   3 3 * * 3 3 * * 1 *   
    * * * * * * * * *    
   * * * * 3 3 * * 3 3   
  * * * * 3 3 2 * 3 3 3  
 * * * * * * 3 3 * * * * 
* * * * * * * * * * * * *
         * * * *         
          * * *          
           * *           
            *            
600000 600000 0 0 2

turn = 2   myturn = 2
It is my turn and I am thinking
I sent: 5 3 5 7 -1 -1
I got: 0
            1            
           1 *           
          1 1 1          
         * 2 1 *         
* * * * 3 2 1 * 1 * * * *
 * * 2 2 3 * * 2 2 * * 2 
  3 3 * * 3 3 * 2 * 1 2  
   3 3 * * 3 3 * * 1 *   
    * * * * * * * * *    
   * * * * 3 3 * * 3 3   
  * * * * 3 3 2 * 3 3 3  
 * * * * * * 3 3 * * * * 
* * * * * * * * * * * * *
         * * * *         
          * * *          
           * *           
            *            
600000 600000 0 0 1

turn = 1   myturn = 2
OK lemme think...
            1            
           1 *           
          1 1 1          
         * 2 1 *         
* * * * 3 2 1 * 1 * * * *
 * * 2 2 3 * * 2 2 * * 2 
  3 3 * * 3 3 * 2 1 1 2  
   3 3 * * 3 3 * * * *   
    * * * * * * * * *    
   * * * * 3 3 * * 3 3   
  * * * * 3 3 2 * 3 3 3  
 * * * * * * 3 3 * * * * 
* * * * * * * * * * * * *
         * * * *         
          * * *          
           * *           
            *            
600000 600000 0 0 2

turn = 2   myturn = 2
It is my turn and I am thinking
I sent: 6 22 7 21 -1 -1
I got: 0
            1            
           1 *           
          1 1 1          
         * 2 1 *         
* * * * 3 2 1 * 1 * * * *
 * * 2 2 3 * * 2 2 * * 2 
  3 3 * * 3 3 * 2 1 1 *  
   3 3 * * 3 3 * * * 2   
    * * * * * * * * *    
   * * * * 3 3 * * 3 3   
  * * * * 3 3 2 * 3 3 3  
 * * * * * * 3 3 * * * * 
* * * * * * * * * * * * *
         * * * *         
          * * *          
           * *           
            *            
600000 600000 0 0 1

turn = 1   myturn = 2
OK lemme think...
            1            
           1 *           
          1 1 1          
         * 2 1 *         
* * * * 3 2 1 * 1 * * * *
 * * 2 2 3 * * 2 2 1 * 2 
  3 3 * * 3 3 * 2 1 * *  
   3 3 * * 3 3 * * * 2   
    * * * * * * * * *    
   * * * * 3 3 * * 3 3   
  * * * * 3 3 2 * 3 3 3  
 * * * * * * 3 3 * * * * 
* * * * * * * * * * * * *
         * * * *         
          * * *          
           * *           
            *            
600000 600000 0 0 2

turn = 2   myturn = 2
It is my turn and I am thinking
I sent: 5 23 5 21 -1 -1
I got: 0
            1            
           1 *           
          1 1 1          
         * 2 1 *         
* * * * 3 2 1 * 1 * * * *
 * * 2 2 3 * * 2 2 1 2 * 
  3 3 * * 3 3 * 2 1 * *  
   3 3 * * 3 3 * * * 2   
    * * * * * * * * *    
   * * * * 3 3 * * 3 3   
  * * * * 3 3 2 * 3 3 3  
 * * * * * * 3 3 * * * * 
* * * * * * * * * * * * *
         * * * *         
          * * *          
           * *           
            *            
600000 600000 0 0 1

turn = 1   myturn = 2
OK lemme think...
            1            
           1 *           
          1 1 1          
         * 2 1 *         
* * * * 3 2 1 * 1 1 * * *
 * * 2 2 3 * * 2 2 * 2 * 
  3 3 * * 3 3 * 2 1 * *  
   3 3 * * 3 3 * * * 2   
    * * * * * * * * *    
   * * * * 3 3 * * 3 3   
  * * * * 3 3 2 * 3 3 3  
 * * * * * * 3 3 * * * * 
* * * * * * * * * * * * *
         * * * *         
          * * *          
           * *           
            *            
600000 600000 0 0 2

turn = 2   myturn = 2
It is my turn and I am thinking
I sent: 4 10 4 6 -1 -1
I got: 0
            1            
           1 *           
          1 1 1          
         * 2 1 *         
* * * 2 3 * 1 * 1 1 * * *
 * * 2 2 3 * * 2 2 * 2 * 
  3 3 * * 3 3 * 2 1 * *  
   3 3 * * 3 3 * * * 2   
    * * * * * * * * *    
   * * * * 3 3 * * 3 3   
  * * * * 3 3 2 * 3 3 3  
 * * * * * * 3 3 * * * * 
* * * * * * * * * * * * *
         * * * *         
          * * *          
           * *           
            *            
600000 600000 0 0 1

turn = 1   myturn = 2
OK lemme think...
            1            
           1 *           
          1 1 1          
         * 2 1 *         
* * * 2 3 * 1 1 1 * * * *
 * * 2 2 3 * * 2 2 * 2 * 
  3 3 * * 3 3 * 2 1 * *  
   3 3 * * 3 3 * * * 2   
    * * * * * * * * *    
   * * * * 3 3 * * 3 3   
  * * * * 3 3 2 * 3 3 3  
 * * * * * * 3 3 * * * * 
* * * * * * * * * * * * *
         * * * *         
          * * *          
           * *           
            *            
600000 600000 0 0 2

turn = 2   myturn = 2
It is my turn and I am thinking
I sent: 5 7 6 8 -1 -1
I got: 0
            1            
           1 *           
          1 1 1          
         * 2 1 *         
* * * 2 3 * 1 1 1 * * * *
 * * 2 * 3 * * 2 2 * 2 * 
  3 3 * 2 3 3 * 2 1 * *  
   3 3 * * 3 3 * * * 2   
    * * * * * * * * *    
   * * * * 3 3 * * 3 3   
  * * * * 3 3 2 * 3 3 3  
 * * * * * * 3 3 * * * * 
* * * * * * * * * * * * *
         * * * *         
          * * *          
           * *           
            *            
600000 600000 0 0 1

turn = 1   myturn = 2
OK lemme think...
            1            
           1 *           
          1 1 1          
         * 2 1 1         
* * * 2 3 * 1 * 1 * * * *
 * * 2 * 3 * * 2 2 * 2 * 
  3 3 * 2 3 3 * 2 1 * *  
   3 3 * * 3 3 * * * 2   
    * * * * * * * * *    
   * * * * 3 3 * * 3 3   
  * * * * 3 3 2 * 3 3 3  
 * * * * * * 3 3 * * * * 
* * * * * * * * * * * * *
         * * * *         
          * * *          
           * *           
            *            
600000 600000 0 0 2

turn = 2   myturn = 2
It is my turn and I am thinking
I sent: 3 11 5 13 -1 -1
I got: 0
            1            
           1 *           
          1 1 1          
         * * 1 1         
* * * 2 3 * 1 * 1 * * * *
 * * 2 * 3 * 2 2 2 * 2 * 
  3 3 * 2 3 3 * 2 1 * *  
   3 3 * * 3 3 * * * 2   
    * * * * * * * * *    
   * * * * 3 3 * * 3 3   
  * * * * 3 3 2 * 3 3 3  
 * * * * * * 3 3 * * * * 
* * * * * * * * * * * * *
         * * * *         
          * * *          
           * *           
            *            
600000 600000 0 0 1

turn = 1   myturn = 2
OK lemme think...
            1            
           1 1           
          1 1 1          
         * * 1 *         
* * * 2 3 * 1 * 1 * * * *
 * * 2 * 3 * 2 2 2 * 2 * 
  3 3 * 2 3 3 * 2 1 * *  
   3 3 * * 3 3 * * * 2   
    * * * * * * * * *    
   * * * * 3 3 * * 3 3   
  * * * * 3 3 2 * 3 3 3  
 * * * * * * 3 3 * * * * 
* * * * * * * * * * * * *
         * * * *         
          * * *          
           * *           
            *            
600000 600000 0 0 2

turn = 2   myturn = 2
It is my turn and I am thinking
I sent: 5 15 6 14 -1 -1
I got: 0
            1            
           1 1           
          1 1 1          
         * * 1 *         
* * * 2 3 * 1 * 1 * * * *
 * * 2 * 3 * 2 * 2 * 2 * 
  3 3 * 2 3 3 2 2 1 * *  
   3 3 * * 3 3 * * * 2   
    * * * * * * * * *    
   * * * * 3 3 * * 3 3   
  * * * * 3 3 2 * 3 3 3  
 * * * * * * 3 3 * * * * 
* * * * * * * * * * * * *
         * * * *         
          * * *          
           * *           
            *            
600000 600000 0 0 1

turn = 1   myturn = 2
OK lemme think...
            1            
           1 1           
          1 1 1          
         * * 1 1         
* * * 2 3 * 1 * * * * * *
 * * 2 * 3 * 2 * 2 * 2 * 
  3 3 * 2 3 3 2 2 1 * *  
   3 3 * * 3 3 * * * 2   
    * * * * * * * * *    
   * * * * 3 3 * * 3 3   
  * * * * 3 3 2 * 3 3 3  
 * * * * * * 3 3 * * * * 
* * * * * * * * * * * * *
         * * * *         
          * * *          
           * *           
            *            
600000 600000 0 0 2

turn = 2   myturn = 2
It is my turn and I am thinking
I sent: 6 16 7 17 -1 -1
I got: 0
            1            
           1 1           
          1 1 1          
         * * 1 1         
* * * 2 3 * 1 * * * * * *
 * * 2 * 3 * 2 * 2 * 2 * 
  3 3 * 2 3 3 2 * 1 * *  
   3 3 * * 3 3 * 2 * 2   
    * * * * * * * * *    
   * * * * 3 3 * * 3 3   
  * * * * 3 3 2 * 3 3 3  
 * * * * * * 3 3 * * * * 
* * * * * * * * * * * * *
         * * * *         
          * * *          
           * *           
            *            
600000 600000 0 0 1

turn = 1   myturn = 2
OK lemme think...
            1            
           1 1           
          1 1 1          
         * * 1 1         
* * * 2 3 * 1 * 1 * * * *
 * * 2 * 3 * 2 * 2 * 2 * 
  3 3 * 2 3 3 2 * * * *  
   3 3 * * 3 3 * 2 * 2   
    * * * * * * * * *    
   * * * * 3 3 * * 3 3   
  * * * * 3 3 2 * 3 3 3  
 * * * * * * 3 3 * * * * 
* * * * * * * * * * * * *
         * * * *         
          * * *          
           * *           
            *            
600000 600000 0 0 2

turn = 2   myturn = 2
It is my turn and I am thinking
I sent: 4 6 4 14 -1 -1
I got: 0
            1            
           1 1           
          1 1 1          
         * * 1 1         
* * * * 3 * 1 2 1 * * * *
 * * 2 * 3 * 2 * 2 * 2 * 
  3 3 * 2 3 3 2 * * * *  
   3 3 * * 3 3 * 2 * 2   
    * * * * * * * * *    
   * * * * 3 3 * * 3 3   
  * * * * 3 3 2 * 3 3 3  
 * * * * * * 3 3 * * * * 
* * * * * * * * * * * * *
         * * * *         
          * * *          
           * *           
            *            
600000 600000 0 0 1

turn = 1   myturn = 2
OK lemme think...
            1            
           1 1           
          1 1 1          
         * 1 1 1         
* * * * 3 * * 2 1 * * * *
 * * 2 * 3 * 2 * 2 * 2 * 
  3 3 * 2 3 3 2 * * * *  
   3 3 * * 3 3 * 2 * 2   
    * * * * * * * * *    
   * * * * 3 3 * * 3 3   
  * * * * 3 3 2 * 3 3 3  
 * * * * * * 3 3 * * * * 
* * * * * * * * * * * * *
         * * * *         
          * * *          
           * *           
            *            
600000 600000 0 0 2

turn = 2   myturn = 2
It is my turn and I am thinking
I sent: 5 5 5 3 -1 -1
I got: 0
            1            
           1 1           
          1 1 1          
         * 1 1 1         
* * * * 3 * * 2 1 * * * *
 * 2 * * 3 * 2 * 2 * 2 * 
  3 3 * 2 3 3 2 * * * *  
   3 3 * * 3 3 * 2 * 2   
    * * * * * * * * *    
   * * * * 3 3 * * 3 3   
  * * * * 3 3 2 * 3 3 3  
 * * * * * * 3 3 * * * * 
* * * * * * * * * * * * *
         * * * *         
          * * *          
           * *           
            *            
600000 600000 0 0 1

turn = 1   myturn = 2
OK lemme think...
            1            
           1 1           
          1 1 1          
         * 1 1 1         
* * * * 3 * 1 2 * * * * *
 * 2 * * 3 * 2 * 2 * 2 * 
  3 3 * 2 3 3 2 * * * *  
   3 3 * * 3 3 * 2 * 2   
    * * * * * * * * *    
   * * * * 3 3 * * 3 3   
  * * * * 3 3 2 * 3 3 3  
 * * * * * * 3 3 * * * * 
* * * * * * * * * * * * *
         * * * *         
          * * *          
           * *           
            *            
600000 600000 0 0 2

turn = 2   myturn = 2
It is my turn and I am thinking
I sent: 7 21 7 19 -1 -1
I got: 0
            1            
           1 1           
          1 1 1          
         * 1 1 1         
* * * * 3 * 1 2 * * * * *
 * 2 * * 3 * 2 * 2 * 2 * 
  3 3 * 2 3 3 2 * * * *  
   3 3 * * 3 3 * 2 2 *   
    * * * * * * * * *    
   * * * * 3 3 * * 3 3   
  * * * * 3 3 2 * 3 3 3  
 * * * * * * 3 3 * * * * 
* * * * * * * * * * * * *
         * * * *         
          * * *          
           * *           
            *            
600000 600000 0 0 1

turn = 1   myturn = 2
OK lemme think...
            1            
           1 1           
          1 1 1          
         * 1 1 1         
* * * * 3 * * 2 1 * * * *
 * 2 * * 3 * 2 * 2 * 2 * 
  3 3 * 2 3 3 2 * * * *  
   3 3 * * 3 3 * 2 2 *   
    * * * * * * * * *    
   * * * * 3 3 * * 3 3   
  * * * * 3 3 2 * 3 3 3  
 * * * * * * 3 3 * * * * 
* * * * * * * * * * * * *
         * * * *         
          * * *          
           * *           
            *            
600000 600000 0 0 2

turn = 2   myturn = 2
It is my turn and I am thinking
I sent: 5 13 7 15 -1 -1
I got: 0
            1            
           1 1           
          1 1 1          
         * 1 1 1         
* * * * 3 * * 2 1 * * * *
 * 2 * * 3 * * * 2 * 2 * 
  3 3 * 2 3 3 2 * * * *  
   3 3 * * 3 3 2 2 2 *   
    * * * * * * * * *    
   * * * * 3 3 * * 3 3   
  * * * * 3 3 2 * 3 3 3  
 * * * * * * 3 3 * * * * 
* * * * * * * * * * * * *
         * * * *         
          * * *          
           * *           
            *            
600000 600000 0 0 1

turn = 1   myturn = 2
OK lemme think...
            1            
           1 1           
          1 1 1          
         * 1 1 1         
* * * * 3 * 1 2 * * * * *
 * 2 * * 3 * * * 2 * 2 * 
  3 3 * 2 3 3 2 * * * *  
   3 3 * * 3 3 2 2 2 *   
    * * * * * * * * *    
   * * * * 3 3 * * 3 3   
  * * * * 3 3 2 * 3 3 3  
 * * * * * * 3 3 * * * * 
* * * * * * * * * * * * *
         * * * *         
          * * *          
           * *           
            *            
600000 600000 0 0 2

turn = 2   myturn = 2
It is my turn and I am thinking
I sent: 5 3 5 5 -1 -1
I got: 0
            1            
           1 1           
          1 1 1          
         * 1 1 1         
* * * * 3 * 1 2 * * * * *
 * * 2 * 3 * * * 2 * 2 * 
  3 3 * 2 3 3 2 * * * *  
   3 3 * * 3 3 2 2 2 *   
    * * * * * * * * *    
   * * * * 3 3 * * 3 3   
  * * * * 3 3 2 * 3 3 3  
 * * * * * * 3 3 * * * * 
* * * * * * * * * * * * *
         * * * *         
          * * *          
           * *           
            *            
600000 600000 0 0 1

turn = 1   myturn = 2
OK lemme think...
            1            
           1 1           
          1 1 1          
         * 1 1 1         
* * * * 3 1 * 2 * * * * *
 * * 2 * 3 * * * 2 * 2 * 
  3 3 * 2 3 3 2 * * * *  
   3 3 * * 3 3 2 2 2 *   
    * * * * * * * * *    
   * * * * 3 3 * * 3 3   
  * * * * 3 3 2 * 3 3 3  
 * * * * * * 3 3 * * * * 
* * * * * * * * * * * * *
         * * * *         
          * * *          
           * *           
            *            
600000 600000 0 0 2

turn = 2   myturn = 2
It is my turn and I am thinking
I sent: 5 5 5 3 -1 -1
I got: 0
            1            
           1 1           
          1 1 1          
         * 1 1 1         
* * * * 3 1 * 2 * * * * *
 * 2 * * 3 * * * 2 * 2 * 
  3 3 * 2 3 3 2 * * * *  
   3 3 * * 3 3 2 2 2 *   
    * * * * * * * * *    
   * * * * 3 3 * * 3 3   
  * * * * 3 3 2 * 3 3 3  
 * * * * * * 3 3 * * * * 
* * * * * * * * * * * * *
         * * * *         
          * * *          
           * *           
            *            
600000 600000 0 0 1

turn = 1   myturn = 2
The other player won.
