            2            
           2 2           
          2 2 2          
         2 2 2 2         
0 0 0 0 0 0 0 0 0 0 0 0 0
 0 0 0 0 0 0 0 0 0 0 0 0 
  3 3 0 0 3 3 0 0 0 0 0  
   3 3 0 0 3 3 0 0 0 0   
    0 0 0 0 0 0 0 0 0    
   0 0 0 0 3 3 0 0 3 3   
  0 0 0 0 3 3 0 0 3 3 3  
 0 0 0 0 0 0 0 0 0 0 0 0 
0 0 0 0 0 0 0 0 0 0 0 0 0
         1 1 1 1         
          1 1 1          
           1 1           
            1            
600000 600000 2 2 1

#            2            
#           2 2           
#          2 2 2          
#         2 2 2 2         
#* * * * * * * * * * * * *
# * * * * * * * * * * * * 
#  3 3 * * 3 3 * * * * *  
#   3 3 * * 3 3 * * * *   
#    * * * * * * * * *    
#   * * * * 3 3 * * 3 3   
#  * * * * 3 3 * * 3 3 3  
# * * * * * * * * * * * * 
#* * * * 1 * * * * * * * *
#         1 1 1 1         
#          * 1 1          
#           1 1           
#            1            
#600000 600000 2 2 2

0 599680 600000 14 10 12 8 -1 -1
#            2            
#           2 2           
#          2 2 2          
#         * 2 2 2         
#* * * * 3 2 * * * * * * *
# * * * * * * * * * * * * 
#  3 3 * * 3 3 * * * * *  
#   3 3 * * 3 3 * * * *   
#    * * * * * * * * *    
#   * * * * 3 3 * * 3 3   
#  * * * * 3 3 * * 3 3 3  
# * * * * * * * * * * * * 
#* * * * 1 * * * * * * * *
#         1 1 1 1         
#          * 1 1          
#           1 1           
#            1            
#600000 600000 2 1 1

0 599680 599998 3 9 4 10 4 8
#            2            
#           2 2           
#          2 2 2          
#         * 2 2 2         
#* * * * 3 2 * * * * * * *
# * * * * * * * * * * * * 
#  3 3 * * 3 3 * * * * *  
#   3 3 * * 3 3 * * * *   
#    * * * * * * * * *    
#   * * * * 3 3 * * 3 3   
#  * * * * 3 3 * * 3 3 3  
# * * * * * * * * * * * * 
#* * * * 1 * 1 * * * * * *
#         1 1 1 1         
#          * 1 1          
#           1 1           
#            *            
#600000 600000 2 1 2

0 599679 599998 16 12 12 12 -1 -1
#            2            
#           2 2           
#          2 2 2          
#         2 2 * 2         
#* * * * 3 2 * * * * * * *
# * * * * * * * * * * * * 
#  3 3 * * 3 3 * * * * *  
#   3 3 * * 3 3 * * * *   
#    * * * * * * * * *    
#   * * * * 3 3 * * 3 3   
#  * * * * 3 3 * * 3 3 3  
# * * * * * * 3 * * * * * 
#* * * * 1 * 1 * * * * * *
#         1 1 1 1         
#          * 1 1          
#           1 1           
#            *            
#600000 600000 2 0 1

0 599679 599997 3 13 3 9 11 13
#            2            
#           2 2           
#          2 2 2          
#         2 2 * 2         
#* * * * 3 2 * * * * * * *
# * * * * * * * * * * * * 
#  3 3 * * 3 3 1 * * * *  
#   3 3 * * 3 3 * * * *   
#    * * * * * * * * *    
#   * * * * 3 3 * * 3 3   
#  * * * * 3 3 * * 3 3 3  
# * * * * * * 3 * * * * * 
#* * * * 1 * * * * * * * *
#         1 1 1 1         
#          * 1 1          
#           1 1           
#            *            
#600000 600000 2 0 2

0 599678 599997 12 12 6 14 -1 -1
#            2            
#           2 2           
#          2 2 2          
#         2 2 * 2         
#* * * * 3 * * * * * * * *
# * * * * * 2 * * * * * * 
#  3 3 * * 3 3 1 * * * *  
#   3 3 * * 3 3 * * * *   
#    * * * * * * * * *    
#   * * * * 3 3 * * 3 3   
#  * * * * 3 3 * * 3 3 3  
# * * * * * * 3 * * * * * 
#* * * * 1 * * * * * * * *
#         1 1 1 1         
#          * 1 1          
#           1 1           
#            *            
#600000 600000 2 0 1

0 599678 599996 4 10 5 11 -1 -1
#            2            
#           2 2           
#          2 2 2          
#         2 2 * 2         
#* * * * 3 * * * * * * * *
# * * * * * 2 * * * * * * 
#  3 3 * * 3 3 1 * * * *  
#   3 3 * * 3 3 * * * *   
#    * * * * 1 * * * *    
#   * * * * 3 3 * * 3 3   
#  * * * * 3 3 * * 3 3 3  
# * * * * * * 3 * * * * * 
#* * * * 1 * * * * * * * *
#         1 1 1 1         
#          * 1 *          
#           1 1           
#            *            
#600000 600000 2 0 2

0 599677 599996 14 14 8 12 -1 -1
#            2            
#           2 2           
#          2 * 2          
#         2 2 * 2         
#* * * * 3 2 * * * * * * *
# * * * * * 2 * * * * * * 
#  3 3 * * 3 3 1 * * * *  
#   3 3 * * 3 3 * * * *   
#    * * * * 1 * * * *    
#   * * * * 3 3 * * 3 3   
#  * * * * 3 3 * * 3 3 3  
# * * * * * * 3 * * * * * 
#* * * * 1 * * * * * * * *
#         1 1 1 1         
#          * 1 *          
#           1 1           
#            *            
#600000 600000 2 0 1

0 599677 599995 2 12 4 10 -1 -1
#            2            
#           2 2           
#          2 * 2          
#         2 2 * 2         
#* * * * 3 2 * * * * * * *
# * * * * * 2 * * * * * * 
#  3 3 * * 3 3 1 * * * *  
#   3 3 * * 3 3 * * * *   
#    * * * * 1 * * * *    
#   * * * * 3 3 * * 3 3   
#  * * * * 3 3 * * 3 3 3  
# * * * * * * 3 * * * * * 
#* * * 1 1 * * * * * * * *
#         1 1 1 1         
#          * * *          
#           1 1           
#            *            
#600000 600000 2 0 2

0 599675 599995 14 12 12 6 -1 -1
#            2            
#           2 *           
#          2 2 2          
#         2 2 * 2         
#* * * * 3 2 * * * * * * *
# * * * * * 2 * * * * * * 
#  3 3 * * 3 3 1 * * * *  
#   3 3 * * 3 3 * * * *   
#    * * * * 1 * * * *    
#   * * * * 3 3 * * 3 3   
#  * * * * 3 3 * * 3 3 3  
# * * * * * * 3 * * * * * 
#* * * 1 1 * * * * * * * *
#         1 1 1 1         
#          * * *          
#           1 1           
#            *            
#600000 600000 2 0 1

0 599675 599993 1 13 2 12 -1 -1
#            2            
#           2 *           
#          2 2 2          
#         2 2 * 2         
#* * * * 3 2 * * * * * * *
# * * * * * 2 * * * * * * 
#  3 3 * * 3 3 1 * * * *  
#   3 3 * * 3 3 * * * *   
#    * * * * 1 * * * *    
#   * * * * 3 3 * * 3 3   
#  * * * * 3 3 * * 3 3 3  
# * * * 1 * * 3 3 * * * * 
#* * * 1 1 * * * * * * * *
#         * 1 1 1         
#          * * *          
#           1 1           
#            *            
#600000 600000 1 0 2

0 599672 599993 13 9 11 7 11 15
#            2            
#           2 *           
#          2 2 2          
#         2 * 2 2         
#* * * * 3 2 * * * * * * *
# * * * * * 2 * * * * * * 
#  3 3 * * 3 3 1 * * * *  
#   3 3 * * 3 3 * * * *   
#    * * * * 1 * * * *    
#   * * * * 3 3 * * 3 3   
#  * * * * 3 3 * * 3 3 3  
# * * * 1 * * 3 3 * * * * 
#* * * 1 1 * * * * * * * *
#         * 1 1 1         
#          * * *          
#           1 1           
#            *            
#600000 600000 1 0 1

0 599672 599992 3 11 3 13 -1 -1
#            2            
#           2 *           
#          2 2 2          
#         2 * 2 2         
#* * * * 3 2 * * * * * * *
# * * * * * 2 * * * * * * 
#  3 3 * * 3 3 1 * * * *  
#   3 3 * * 3 3 * * * *   
#    * * * * 1 * * * *    
#   * * * * 3 3 * * 3 3   
#  * * 1 * 3 3 * * 3 3 3  
# * * * 1 * * 3 3 * * * * 
#* * * 1 * * * * * * * * *
#         * 1 1 1         
#          * * *          
#           1 1           
#            *            
#600000 600000 1 0 2

0 599670 599992 12 8 10 6 -1 -1
#            *            
#           2 2           
#          2 2 2          
#         2 * 2 2         
#* * * * 3 2 * * * * * * *
# * * * * * 2 * * * * * * 
#  3 3 * * 3 3 1 * * * *  
#   3 3 * * 3 3 * * * *   
#    * * * * 1 * * * *    
#   * * * * 3 3 * * 3 3   
#  * * 1 * 3 3 * * 3 3 3  
# * * * 1 * * 3 3 * * * * 
#* * * 1 * * * * * * * * *
#         * 1 1 1         
#          * * *          
#           1 1           
#            *            
#600000 600000 1 0 1

0 599670 599991 0 12 1 13 -1 -1
#            *            
#           2 2           
#          2 2 2          
#         2 * 2 2         
#* * * * 3 2 * * * * * * *
# * * * * 3 2 * * * * * * 
#  3 3 * * 3 3 1 * * * *  
#   3 3 * * 3 3 * * * *   
#    * * * * 1 * * * *    
#   * * * * 3 3 * * 3 3   
#  * * 1 1 3 3 * * 3 3 3  
# * * * 1 * * 3 3 * * * * 
#* * * * * * * * * * * * *
#         * 1 1 1         
#          * * *          
#           1 1           
#            *            
#600000 600000 0 0 2

0 599669 599991 12 6 10 8 5 9
#            *            
#           2 2           
#          2 2 *          
#         2 * 2 2         
#* * * * 3 2 2 * * * * * *
# * * * * 3 2 * * * * * * 
#  3 3 * * 3 3 1 * * * *  
#   3 3 * * 3 3 * * * *   
#    * * * * 1 * * * *    
#   * * * * 3 3 * * 3 3   
#  * * 1 1 3 3 * * 3 3 3  
# * * * 1 * * 3 3 * * * * 
#* * * * * * * * * * * * *
#         * 1 1 1         
#          * * *          
#           1 1           
#            *            
#600000 600000 0 0 1

0 599669 599990 2 14 4 12 -1 -1
#            *            
#           2 2           
#          2 2 *          
#         2 * 2 2         
#* * * * 3 2 2 * * * * * *
# * * * * 3 2 * * * * * * 
#  3 3 * * 3 3 1 * * * *  
#   3 3 * * 3 3 * * * *   
#    * * * * 1 * * * *    
#   * * * 1 3 3 * * 3 3   
#  * * 1 1 3 3 * * 3 3 3  
# * * * * * * 3 3 * * * * 
#* * * * * * * * * * * * *
#         * 1 1 1         
#          * * *          
#           1 1           
#            *            
#600000 600000 0 0 2

0 599668 599990 11 7 9 9 -1 -1
#            *            
#           2 *           
#          2 2 *          
#         2 * 2 2         
#* * * * 3 2 2 * * * * * *
# * * * * 3 2 * * * * * * 
#  3 3 * * 3 3 1 * * * *  
#   3 3 * * 3 3 2 * * *   
#    * * * * 1 * * * *    
#   * * * 1 3 3 * * 3 3   
#  * * 1 1 3 3 * * 3 3 3  
# * * * * * * 3 3 * * * * 
#* * * * * * * * * * * * *
#         * 1 1 1         
#          * * *          
#           1 1           
#            *            
#600000 600000 0 0 1

0 599668 599989 1 13 7 15 -1 -1
#            *            
#           2 *           
#          2 2 *          
#         2 * 2 2         
#* * * * 3 2 2 * * * * * *
# * * * * 3 2 * * * * * * 
#  3 3 * * 3 3 1 1 * * *  
#   3 3 * * 3 3 2 * * *   
#    * * * * 1 * * * *    
#   * * * 1 3 3 * * 3 3   
#  * * 1 * 3 3 * * 3 3 3  
# * * * * * * 3 3 * * * * 
#* * * * * * * * * * * * *
#         * 1 1 1         
#          * * *          
#           1 1           
#            *            
#600000 600000 0 0 2

0 599667 599989 10 8 6 16 -1 -1
#            *            
#           2 *           
#          2 2 *          
#         * * 2 2         
#* * * * 3 2 2 * * * * * *
# * * * 2 3 2 * * * * * * 
#  3 3 * * 3 3 1 1 * * *  
#   3 3 * * 3 3 2 * * *   
#    * * * * 1 * * * *    
#   * * * 1 3 3 * * 3 3   
#  * * 1 * 3 3 * * 3 3 3  
# * * * * * * 3 3 * * * * 
#* * * * * * * * * * * * *
#         * 1 1 1         
#          * * *          
#           1 1           
#            *            
#600000 600000 0 0 1

0 599667 599985 3 9 5 7 -1 -1
#            *            
#           2 *           
#          2 2 *          
#         * * 2 2         
#* * * * 3 2 2 * * * * * *
# * * * 2 3 2 * * * * * * 
#  3 3 * * 3 3 1 1 * * *  
#   3 3 * * 3 3 2 * * *   
#    * * * * 1 * * * *    
#   * * * 1 3 3 * * 3 3   
#  * * 1 * 3 3 * * 3 3 3  
# * * * * * * 3 3 * * * * 
#* * * * * * * * * * * * *
#         * 1 1 1         
#          * 1 *          
#           1 *           
#            *            
#600000 600000 0 0 2

0 599645 599985 15 13 14 12 -1 -1
#            *            
#           2 *           
#          2 2 *          
#         * * 2 2         
#* * * * 3 2 * 2 * * * * *
# * * * 2 3 2 * * * * * * 
#  3 3 * * 3 3 1 1 * * *  
#   3 3 * * 3 3 2 * * *   
#    * * * * 1 * * * *    
#   * * * 1 3 3 * * 3 3   
#  * * 1 * 3 3 * * 3 3 3  
# * * * * * * 3 3 * * * * 
#* * * * * * * * * * * * *
#         * 1 1 1         
#          * 1 *          
#           1 *           
#            *            
#600000 600000 0 0 1

0 599645 599984 4 12 4 14 -1 -1
#            *            
#           2 *           
#          2 2 *          
#         * * 2 2         
#* * * * 3 2 * 2 * * * * *
# * * * 2 3 2 * * * * * * 
#  3 3 * * 3 3 1 1 * * *  
#   3 3 * * 3 3 2 * * *   
#    * * * * 1 * * * *    
#   * * * 1 3 3 * * 3 3   
#  * * 1 * 3 3 * 1 3 3 3  
# * * * * * * 3 3 * * * * 
#* * * * * * * * * * * * *
#         * 1 1 1         
#          * * *          
#           1 *           
#            *            
#600000 600000 0 0 2

0 599643 599984 14 12 10 16 -1 -1
#            *            
#           2 *           
#          2 2 *          
#         * * 2 2         
#* * * * 3 2 * * 2 * * * *
# * * * 2 3 2 * * * * * * 
#  3 3 * * 3 3 1 1 * * *  
#   3 3 * * 3 3 2 * * *   
#    * * * * 1 * * * *    
#   * * * 1 3 3 * * 3 3   
#  * * 1 * 3 3 * 1 3 3 3  
# * * * * * * 3 3 * * * * 
#* * * * * * * * * * * * *
#         * 1 1 1         
#          * * *          
#           1 *           
#            *            
#600000 600000 0 0 1

0 599643 599983 4 14 4 16 -1 -1
#            *            
#           2 *           
#          2 2 *          
#         * * 2 2         
#* * * * 3 2 * * 2 * * * *
# * * * 2 3 2 * * * * * * 
#  3 3 * * 3 3 1 1 * * *  
#   3 3 * * 3 3 2 * * *   
#    * * * * 1 * * * *    
#   * * * 1 3 3 * * 3 3   
#  * * 1 * 3 3 * 1 3 3 3  
# * * * * * * 3 3 * * * * 
#* * * * * * * * * * * * *
#         * 1 1 1         
#          1 * *          
#           * *           
#            *            
#600000 600000 0 0 2

0 599633 599983 15 11 14 10 -1 -1
#            *            
#           2 *           
#          2 2 *          
#         * 2 2 *         
#* * * * 3 2 * * 2 * * * *
# * * * 2 3 2 * * * * * * 
#  3 3 * * 3 3 1 1 * * *  
#   3 3 * * 3 3 2 * * *   
#    * * * * 1 * * * *    
#   * * * 1 3 3 * * 3 3   
#  * * 1 * 3 3 * 1 3 3 3  
# * * * * * * 3 3 * * * * 
#* * * * * * * * * * * * *
#         * 1 1 1         
#          1 * *          
#           * *           
#            *            
#600000 600000 0 0 1

0 599633 599972 3 15 3 11 -1 -1
#            *            
#           2 *           
#          2 2 *          
#         * 2 2 *         
#* * * * 3 2 * * 2 * * * *
# * * * 2 3 2 * * * * * * 
#  3 3 * * 3 3 1 1 * * *  
#   3 3 * * 3 3 2 * * *   
#    * * * * 1 * * * *    
#   * * * 1 3 3 * * 3 3   
#  * * 1 * 3 3 1 1 3 3 3  
# * * * * * * 3 3 * * * * 
#* * * * * * * * * * * * *
#         * 1 1 1         
#          * * *          
#           * *           
#            *            
#600000 600000 0 0 2

0 599564 599972 14 10 10 14 -1 -1
#            *            
#           2 *           
#          2 2 *          
#         * 2 2 *         
#* * * * 3 2 * * 2 * * * *
# * * * 2 3 * 2 * * * * * 
#  3 3 * * 3 3 1 1 * * *  
#   3 3 * * 3 3 2 * * *   
#    * * * * 1 * * * *    
#   * * * 1 3 3 * * 3 3   
#  * * 1 * 3 3 1 1 3 3 3  
# * * * * * * 3 3 * * * * 
#* * * * * * * * * * * * *
#         * 1 1 1         
#          * * *          
#           * *           
#            *            
#600000 600000 0 0 1

0 599564 599971 5 11 5 13 -1 -1
#            *            
#           2 *           
#          2 2 1          
#         * 2 2 *         
#* * * * 3 2 * * 2 * * * *
# * * * 2 3 * 2 * * * * * 
#  3 3 * * 3 3 * 1 * * *  
#   3 3 * * 3 3 2 * * *   
#    * * * * 1 * * * *    
#   * * * 1 3 3 * * 3 3   
#  * * 1 * 3 3 1 1 3 3 3  
# * * * * * * 3 3 * * * * 
#* * * * * * * * * * * * *
#         * 1 1 1         
#          * * *          
#           * *           
#            *            
#600000 600000 0 0 2

0 599563 599971 6 14 2 14 -1 -1
#            *            
#           2 *           
#          * 2 1          
#         * 2 2 *         
#* * * * 3 2 * * 2 * * * *
# * * * 2 3 * 2 * * * * * 
#  3 3 * * 3 3 * 1 2 * *  
#   3 3 * * 3 3 2 * * *   
#    * * * * 1 * * * *    
#   * * * 1 3 3 * * 3 3   
#  * * 1 * 3 3 1 1 3 3 3  
# * * * * * * 3 3 * * * * 
#* * * * * * * * * * * * *
#         * 1 1 1         
#          * * *          
#           * *           
#            *            
#600000 600000 0 0 1

0 599563 599970 2 10 6 18 -1 -1
#            1            
#           2 *           
#          * 2 1          
#         * 2 2 *         
#* * * * 3 2 * * 2 * * * *
# * * * 2 3 * 2 * * * * * 
#  3 3 * * 3 3 * 1 2 * *  
#   3 3 * * 3 3 2 * * *   
#    * * * * * * * * *    
#   * * * 1 3 3 * * 3 3   
#  * * 1 * 3 3 1 1 3 3 3  
# * * * * * * 3 3 * * * * 
#* * * * * * * * * * * * *
#         * 1 1 1         
#          * * *          
#           * *           
#            *            
#600000 600000 0 0 2

0 599562 599970 8 12 0 12 -1 -1
#            1            
#           2 *           
#          * 2 1          
#         * 2 2 *         
#* * * * 3 2 * * 2 * * * *
# * * 2 * 3 * 2 * * * * * 
#  3 3 * * 3 3 * 1 2 * *  
#   3 3 * * 3 3 2 * * *   
#    * * * * * * * * *    
#   * * * 1 3 3 * * 3 3   
#  * * 1 * 3 3 1 1 3 3 3  
# * * * * * * 3 3 * * * * 
#* * * * * * * * * * * * *
#         * 1 1 1         
#          * * *          
#           * *           
#            *            
#600000 600000 0 0 1

0 599562 599969 5 7 5 5 -1 -1
#            1            
#           2 *           
#          1 2 1          
#         * 2 2 *         
#* * * * 3 2 * * 2 * * * *
# * * 2 * 3 * 2 * * * * * 
#  3 3 * * 3 3 * 1 2 * *  
#   3 3 * * 3 3 2 * * *   
#    * * * * * * * * *    
#   * * * 1 3 3 * * 3 3   
#  * * 1 * 3 3 * 1 3 3 3  
# * * * * * * 3 3 * * * * 
#* * * * * * * * * * * * *
#         * 1 1 1         
#          * * *          
#           * *           
#            *            
#600000 600000 0 0 2

0 599561 599969 10 14 2 10 -1 -1
#            1            
#           2 *           
#          1 2 1          
#         * 2 2 *         
#* * * * 3 2 * * 2 * * * *
# * * 2 * 3 * 2 * * * * * 
#  3 3 * * 3 3 * 1 2 * *  
#   3 3 * * 3 3 * * * *   
#    * * * * * 2 * * *    
#   * * * 1 3 3 * * 3 3   
#  * * 1 * 3 3 * 1 3 3 3  
# * * * * * * 3 3 * * * * 
#* * * * * * * * * * * * *
#         * 1 1 1         
#          * * *          
#           * *           
#            *            
#600000 600000 0 0 1

0 599561 599967 7 15 8 14 -1 -1
#            1            
#           2 *           
#          1 2 1          
#         * 2 2 *         
#* * * * 3 2 * * 2 * * * *
# * * 2 * 3 * 2 * * * * * 
#  3 3 * * 3 3 * 1 2 * *  
#   3 3 * * 3 3 * * * *   
#    * * * * * 2 * * *    
#   * * * 1 3 3 * * 3 3   
#  * * 1 * 3 3 * 1 3 3 3  
# * * * * * * 3 3 * * * * 
#* * * * * * 1 * * * * * *
#         * * 1 1         
#          * * *          
#           * *           
#            *            
#600000 600000 0 0 2

0 599560 599967 13 11 12 12 -1 -1
#            1            
#           2 *           
#          1 2 1          
#         * 2 * *         
#* * * * 3 2 * * 2 * * * *
# * 2 2 * 3 * 2 * * * * * 
#  3 3 * * 3 3 * 1 2 * *  
#   3 3 * * 3 3 * * * *   
#    * * * * * 2 * * *    
#   * * * 1 3 3 * * 3 3   
#  * * 1 * 3 3 * 1 3 3 3  
# * * * * * * 3 3 * * * * 
#* * * * * * 1 * * * * * *
#         * * 1 1         
#          * * *          
#           * *           
#            *            
#600000 600000 0 0 1

0 599560 599966 3 13 5 3 -1 -1
#            1            
#           2 *           
#          1 2 1          
#         * 2 * *         
#* * * * 3 2 1 * 2 * * * *
# * 2 2 * 3 * 2 * * * * * 
#  3 3 * * 3 3 * 1 2 * *  
#   3 3 * * 3 3 * * * *   
#    * * * * * 2 * * *    
#   * * * 1 3 3 * * 3 3   
#  * * 1 * 3 3 * 1 3 3 3  
# * * * * * * 3 3 * * * * 
#* * * * * * * * * * * * *
#         * * 1 1         
#          * * *          
#           * *           
#            *            
#600000 600000 0 0 2

0 599559 599966 12 12 4 12 -1 -1
#            1            
#           2 *           
#          1 2 1          
#         * 2 * *         
#* * * * 3 2 1 * 2 * * * *
# * * 2 * 3 * 2 * * 2 * * 
#  3 3 * * 3 3 * 1 2 * *  
#   3 3 * * 3 3 * * * *   
#    * * * * * 2 * * *    
#   * * * 1 3 3 * * 3 3   
#  * * 1 * 3 3 * 1 3 3 3  
# * * * * * * 3 3 * * * * 
#* * * * * * * * * * * * *
#         * * 1 1         
#          * * *          
#           * *           
#            *            
#600000 600000 0 0 1

0 599559 599965 5 3 5 19 -1 -1
#            1            
#           2 *           
#          1 2 1          
#         * 2 * *         
#* * * * 3 2 1 1 2 * * * *
# * * 2 * 3 * 2 * * 2 * * 
#  3 3 * * 3 3 * * 2 * *  
#   3 3 * * 3 3 * * * *   
#    * * * * * 2 * * *    
#   * * * 1 3 3 * * 3 3   
#  * * 1 * 3 3 * 1 3 3 3  
# * * * * * * 3 3 * * * * 
#* * * * * * * * * * * * *
#         * * 1 1         
#          * * *          
#           * *           
#            *            
#600000 600000 0 0 2

0 599558 599965 6 16 4 14 -1 -1
#            1            
#           2 *           
#          1 2 1          
#         * * * *         
#* * * * 3 2 1 1 2 * * * *
# * * 2 * 3 * 2 * * 2 2 * 
#  3 3 * * 3 3 * * 2 * *  
#   3 3 * * 3 3 * * * *   
#    * * * * * 2 * * *    
#   * * * 1 3 3 * * 3 3   
#  * * 1 * 3 3 * 1 3 3 3  
# * * * * * * 3 3 * * * * 
#* * * * * * * * * * * * *
#         * * 1 1         
#          * * *          
#           * *           
#            *            
#600000 600000 0 0 1

0 599558 599957 3 11 5 21 -1 -1
#            1            
#           2 *           
#          1 2 1          
#         * * * *         
#* * * * 3 2 1 1 2 * * * *
# * * 2 * 3 * 2 * * 2 2 * 
#  3 3 * * 3 3 * * 2 * *  
#   3 3 * * 3 3 * * * *   
#    * * * * * 2 * * *    
#   * * * 1 3 3 * * 3 3   
#  * * 1 * 3 3 * 1 3 3 3  
# * * * * * * 3 3 * * * * 
#* * * * * * * 1 * * * * *
#         * * 1 *         
#          * * *          
#           * *           
#            *            
#600000 600000 0 0 2

0 599557 599957 13 15 12 14 -1 -1
#            1            
#           2 *           
#          1 2 1          
#         * * * *         
#* * * * 3 2 1 1 * * * * *
# * * 2 * 3 * 2 * 2 2 2 * 
#  3 3 * * 3 3 * * 2 * *  
#   3 3 * * 3 3 * * * *   
#    * * * * * 2 * * *    
#   * * * 1 3 3 * * 3 3   
#  * * 1 * 3 3 * 1 3 3 3  
# * * * * * * 3 3 * * * * 
#* * * * * * * 1 * * * * *
#         * * 1 *         
#          * * *          
#           * *           
#            *            
#600000 600000 0 0 1

0 599557 599956 4 16 5 17 -1 -1
#            1            
#           2 *           
#          1 2 1          
#         * * * *         
#* * * * 3 2 1 1 * * * * *
# * * 2 * 3 * 2 * 2 2 2 * 
#  3 3 * * 3 3 * * 2 * *  
#   3 3 * * 3 3 * * * *   
#    * * * * * 2 * * *    
#   * * * 1 3 3 * * 3 3   
#  * * 1 * 3 3 * 1 3 3 3  
# * * * * * * 3 3 * * * * 
#* * * * * * 1 1 * * * * *
#         * * * *         
#          * * *          
#           * *           
#            *            
#600000 600000 0 0 2

0 599556 599956 13 13 12 12 -1 -1
#            1            
#           2 *           
#          1 2 1          
#         * * * *         
#* * * * 3 2 1 1 * * * * *
# * * 2 * 3 * * 2 2 2 2 * 
#  3 3 * * 3 3 * * 2 * *  
#   3 3 * * 3 3 * * * *   
#    * * * * * 2 * * *    
#   * * * 1 3 3 * * 3 3   
#  * * 1 * 3 3 * 1 3 3 3  
# * * * * * * 3 3 * * * * 
#* * * * * * 1 1 * * * * *
#         * * * *         
#          * * *          
#           * *           
#            *            
#600000 600000 0 0 1

0 599556 599945 5 13 5 15 -1 -1
#            1            
#           2 *           
#          1 2 1          
#         * * * *         
#* * * * 3 2 1 1 1 * * * *
# * * 2 * 3 * * 2 2 2 2 * 
#  3 3 * * 3 3 * * 2 * *  
#   3 3 * * 3 3 * * * *   
#    * * * * * 2 * * *    
#   * * * 1 3 3 * * 3 3   
#  * * 1 * 3 3 * 1 3 3 3  
# * * * * * * 3 3 * * * * 
#* * * * * * * 1 * * * * *
#         * * * *         
#          * * *          
#           * *           
#            *            
#600000 600000 0 0 2

0 599555 599945 12 12 4 16 -1 -1
#            1            
#           2 *           
#          1 2 1          
#         * * * *         
#* * * * 3 2 1 1 1 * * * *
# * * 2 * 3 * * 2 2 2 2 * 
#  3 3 * * 3 3 * 2 * * *  
#   3 3 * * 3 3 * * * *   
#    * * * * * 2 * * *    
#   * * * 1 3 3 * * 3 3   
#  * * 1 * 3 3 * 1 3 3 3  
# * * * * * * 3 3 * * * * 
#* * * * * * * 1 * * * * *
#         * * * *         
#          * * *          
#           * *           
#            *            
#600000 600000 0 0 1

0 599555 599944 6 18 6 16 -1 -1
#            1            
#           2 *           
#          1 2 1          
#         * * * *         
#* * * * 3 2 1 1 1 * * * *
# * * 2 * 3 * * 2 2 2 2 * 
#  3 3 * * 3 3 * 2 * * *  
#   3 3 * * 3 3 * * * *   
#    * * * * * 2 * * *    
#   * * * 1 3 3 * 1 3 3   
#  * * 1 * 3 3 * * 3 3 3  
# * * * * * * 3 3 * * * * 
#* * * * * * * 1 * * * * *
#         * * * *         
#          * * *          
#           * *           
#            *            
#600000 600000 0 0 2

0 599554 599944 10 16 9 17 -1 -1
#            1            
#           2 *           
#          1 2 1          
#         * * * *         
#* * * * 3 2 1 1 1 * * * *
# * * 2 * 3 * * 2 2 2 2 * 
#  3 3 * * 3 3 * 2 * * *  
#   3 3 * * 3 3 * * * *   
#    * * * * * * * * *    
#   * * * 1 3 3 2 1 3 3   
#  * * 1 * 3 3 * * 3 3 3  
# * * * * * * 3 3 * * * * 
#* * * * * * * 1 * * * * *
#         * * * *         
#          * * *          
#           * *           
#            *            
#600000 600000 0 0 1

0 599554 599943 8 14 9 15 -1 -1
#            1            
#           2 *           
#          1 2 1          
#         * * * *         
#* * * * 3 2 1 1 1 * * * *
# * * 2 * 3 * * 2 2 2 2 * 
#  3 3 * * 3 3 * 2 * * *  
#   3 3 * * 3 3 * * * *   
#    * * * * * * * 1 *    
#   * * * 1 3 3 2 1 3 3   
#  * * 1 * 3 3 * * 3 3 3  
# * * * * * * 3 3 * * * * 
#* * * * * * * * * * * * *
#         * * * *         
#          * * *          
#           * *           
#            *            
#600000 600000 0 0 2

0 599553 599943 12 14 8 18 -1 -1
#            1            
#           2 *           
#          1 * 1          
#         * 2 * *         
#* * * * 3 2 1 1 1 * * * *
# * * 2 * 3 * * 2 2 2 2 * 
#  3 3 * * 3 3 * 2 * * *  
#   3 3 * * 3 3 * * * *   
#    * * * * * * * 1 *    
#   * * * 1 3 3 2 1 3 3   
#  * * 1 * 3 3 * * 3 3 3  
# * * * * * * 3 3 * * * * 
#* * * * * * * * * * * * *
#         * * * *         
#          * * *          
#           * *           
#            *            
#600000 600000 0 0 1

0 599553 599942 2 12 3 11 -1 -1
#            1            
#           2 *           
#          1 * 1          
#         * 2 * *         
#* * * * 3 2 1 1 1 * * * *
# * * 2 * 3 * * 2 2 2 2 * 
#  3 3 * * 3 3 * 2 * * *  
#   3 3 * * 3 3 * * 1 *   
#    * * * * * * * 1 *    
#   * * * 1 3 3 2 * 3 3   
#  * * 1 * 3 3 * * 3 3 3  
# * * * * * * 3 3 * * * * 
#* * * * * * * * * * * * *
#         * * * *         
#          * * *          
#           * *           
#            *            
#600000 600000 0 0 2

0 599552 599942 9 17 7 19 -1 -1
#            1            
#           2 *           
#          1 * 1          
#         * 2 * *         
#* * * * 3 2 1 1 1 * * * *
# * * 2 * 3 * * 2 2 * 2 * 
#  3 3 * * 3 3 * 2 * 2 *  
#   3 3 * * 3 3 * * 1 *   
#    * * * * * * * 1 *    
#   * * * 1 3 3 2 * 3 3   
#  * * 1 * 3 3 * * 3 3 3  
# * * * * * * 3 3 * * * * 
#* * * * * * * * * * * * *
#         * * * *         
#          * * *          
#           * *           
#            *            
#600000 600000 0 0 1

0 599552 599941 5 19 6 20 -1 -1
#            1            
#           2 *           
#          1 * 1          
#         * 2 * *         
#* * * * 3 2 1 1 1 * * * *
# * * 2 * 3 * * 2 2 * 2 * 
#  3 3 * * 3 3 * 2 * 2 *  
#   3 3 * * 3 3 * * 1 *   
#    * * * * * * * 1 *    
#   * * 1 1 3 3 2 * 3 3   
#  * * * * 3 3 * * 3 3 3  
# * * * * * * 3 3 * * * * 
#* * * * * * * * * * * * *
#         * * * *         
#          * * *          
#           * *           
#            *            
#600000 600000 0 0 2

0 599551 599941 10 6 9 7 -1 -1
#            1            
#           2 *           
#          1 * 1          
#         * 2 * *         
#* * * * 3 2 1 1 1 * * * *
# * * 2 * 3 * * 2 2 * 2 * 
#  3 3 * * 3 3 * 2 * * 2  
#   3 3 * * 3 3 * * 1 *   
#    * * * * * * * 1 *    
#   * * 1 1 3 3 2 * 3 3   
#  * * * * 3 3 * * 3 3 3  
# * * * * * * 3 3 * * * * 
#* * * * * * * * * * * * *
#         * * * *         
#          * * *          
#           * *           
#            *            
#600000 600000 0 0 1

0 599551 599941 6 20 6 22 -1 -1
#            1            
#           2 *           
#          1 * 1          
#         * 2 * *         
#* * * * 3 2 1 1 1 * * * *
# * * 2 * 3 * * 2 2 * 2 * 
#  3 3 * * 3 3 * 2 * * 2  
#   3 3 * * 3 3 * * 1 *   
#    * * 1 * * * * 1 *    
#   * * 1 * 3 3 2 * 3 3   
#  * * * * 3 3 * * 3 3 3  
# * * * * * * 3 3 * * * * 
#* * * * * * * * * * * * *
#         * * * *         
#          * * *          
#           * *           
#            *            
#600000 600000 0 0 2

0 599550 599941 9 9 8 8 -1 -1
#            1            
#           * *           
#          1 * 1          
#         * 2 2 *         
#* * * * 3 2 1 1 1 * * * *
# * * 2 * 3 * * 2 2 * 2 * 
#  3 3 * * 3 3 * 2 * * 2  
#   3 3 * * 3 3 * * 1 *   
#    * * 1 * * * * 1 *    
#   * * 1 * 3 3 2 * 3 3   
#  * * * * 3 3 * * 3 3 3  
# * * * * * * 3 3 * * * * 
#* * * * * * * * * * * * *
#         * * * *         
#          * * *          
#           * *           
#            *            
#600000 600000 0 0 1

0 599550 599940 1 11 3 13 -1 -1
#            1            
#           1 *           
#          1 * 1          
#         * 2 2 *         
#* * * * 3 2 1 1 1 * * * *
# * * 2 * 3 * * 2 2 * 2 * 
#  3 3 * * 3 3 * 2 * * 2  
#   3 3 * * 3 3 * * 1 *   
#    * * 1 * * * * 1 *    
#   * * * * 3 3 2 * 3 3   
#  * * * * 3 3 * * 3 3 3  
# * * * * * * 3 3 * * * * 
#* * * * * * * * * * * * *
#         * * * *         
#          * * *          
#           * *           
#            *            
#600000 600000 0 0 2

0 599549 599940 9 7 1 11 -1 -1
#            1            
#           1 *           
#          1 * 1          
#         * 2 2 *         
#* * * * 3 2 1 1 1 * * * *
# * * 2 * 3 * * 2 2 * * 2 
#  3 3 * * 3 3 * 2 * * 2  
#   3 3 * * 3 3 * * 1 *   
#    * * 1 * * * * 1 *    
#   * * * * 3 3 2 * 3 3   
#  * * * * 3 3 * * 3 3 3  
# * * * * * * 3 3 * * * * 
#* * * * * * * * * * * * *
#         * * * *         
#          * * *          
#           * *           
#            *            
#600000 600000 0 0 1

0 599549 599939 5 21 5 23 -1 -1
#            1            
#           1 *           
#          1 1 1          
#         * 2 2 *         
#* * * * 3 2 1 * 1 * * * *
# * * 2 * 3 * * 2 2 * * 2 
#  3 3 * * 3 3 * 2 * * 2  
#   3 3 * * 3 3 * * 1 *   
#    * * 1 * * * * 1 *    
#   * * * * 3 3 2 * 3 3   
#  * * * * 3 3 * * 3 3 3  
# * * * * * * 3 3 * * * * 
#* * * * * * * * * * * * *
#         * * * *         
#          * * *          
#           * *           
#            *            
#600000 600000 0 0 2

0 599548 599939 4 14 2 12 -1 -1
#            1            
#           1 *           
#          1 1 1          
#         * 2 2 *         
#* * * * 3 2 1 * 1 * * * *
# * * 2 * 3 * * 2 2 * * 2 
#  3 3 * * 3 3 * 2 * * 2  
#   3 3 * * 3 3 * * 1 *   
#    * * 1 * * * * 1 *    
#   * * * * 3 3 * * 3 3   
#  * * * * 3 3 2 * 3 3 3  
# * * * * * * 3 3 * * * * 
#* * * * * * * * * * * * *
#         * * * *         
#          * * *          
#           * *           
#            *            
#600000 600000 0 0 1

0 599548 599938 9 15 10 14 -1 -1
#            1            
#           1 *           
#          1 1 1          
#         * 2 2 *         
#* * * * 3 2 1 * 1 * * * *
# * * 2 * 3 * * 2 2 * * 2 
#  3 3 * * 3 3 * 2 * * 2  
#   3 3 * 1 3 3 * * 1 *   
#    * * * * * * * 1 *    
#   * * * * 3 3 * * 3 3   
#  * * * * 3 3 2 * 3 3 3  
# * * * * * * 3 3 * * * * 
#* * * * * * * * * * * * *
#         * * * *         
#          * * *          
#           * *           
#            *            
#600000 600000 0 0 2

0 599547 599938 8 8 7 9 -1 -1
#            1            
#           1 *           
#          1 1 1          
#         * 2 * *         
#* * * * 3 2 1 * 1 * * * *
# * * 2 * 3 2 * 2 2 * * 2 
#  3 3 * * 3 3 * 2 * * 2  
#   3 3 * 1 3 3 * * 1 *   
#    * * * * * * * 1 *    
#   * * * * 3 3 * * 3 3   
#  * * * * 3 3 2 * 3 3 3  
# * * * * * * 3 3 * * * * 
#* * * * * * * * * * * * *
#         * * * *         
#          * * *          
#           * *           
#            *            
#600000 600000 0 0 1

0 599547 599937 3 13 5 11 -1 -1
#            1            
#           1 *           
#          1 1 1          
#         * 2 * *         
#* * * * 3 2 1 * 1 * * * *
# * * 2 * 3 2 * 2 2 * * 2 
#  3 3 * * 3 3 * 2 * 1 2  
#   3 3 * 1 3 3 * * 1 *   
#    * * * * * * * * *    
#   * * * * 3 3 * * 3 3   
#  * * * * 3 3 2 * 3 3 3  
# * * * * * * 3 3 * * * * 
#* * * * * * * * * * * * *
#         * * * *         
#          * * *          
#           * *           
#            *            
#600000 600000 0 0 2

0 599546 599937 8 18 6 20 -1 -1
#            1            
#           1 *           
#          1 1 1          
#         * 2 * *         
#* * * * 3 2 1 * 1 * * * *
# * 2 2 * 3 * * 2 2 * * 2 
#  3 3 * * 3 3 * 2 * 1 2  
#   3 3 * 1 3 3 * * 1 *   
#    * * * * * * * * *    
#   * * * * 3 3 * * 3 3   
#  * * * * 3 3 2 * 3 3 3  
# * * * * * * 3 3 * * * * 
#* * * * * * * * * * * * *
#         * * * *         
#          * * *          
#           * *           
#            *            
#600000 600000 0 0 1

0 599546 599936 5 11 5 3 -1 -1
#            1            
#           1 *           
#          1 1 1          
#         * 2 1 *         
#* * * * 3 2 1 * 1 * * * *
# * 2 2 * 3 * * 2 2 * * 2 
#  3 3 * * 3 3 * 2 * 1 2  
#   3 3 * * 3 3 * * 1 *   
#    * * * * * * * * *    
#   * * * * 3 3 * * 3 3   
#  * * * * 3 3 2 * 3 3 3  
# * * * * * * 3 3 * * * * 
#* * * * * * * * * * * * *
#         * * * *         
#          * * *          
#           * *           
#            *            
#600000 600000 0 0 2

0 599539 599936 7 9 3 13 -1 -1
#            1            
#           1 *           
#          1 1 1          
#         * 2 1 *         
#* * * * 3 2 1 * 1 * * * *
# * * 2 2 3 * * 2 2 * * 2 
#  3 3 * * 3 3 * 2 * 1 2  
#   3 3 * * 3 3 * * 1 *   
#    * * * * * * * * *    
#   * * * * 3 3 * * 3 3   
#  * * * * 3 3 2 * 3 3 3  
# * * * * * * 3 3 * * * * 
#* * * * * * * * * * * * *
#         * * * *         
#          * * *          
#           * *           
#            *            
#600000 600000 0 0 1

0 599539 599926 5 3 5 7 -1 -1
#            1            
#           1 *           
#          1 1 1          
#         * 2 1 *         
#* * * * 3 2 1 * 1 * * * *
# * * 2 2 3 * * 2 2 * * 2 
#  3 3 * * 3 3 * 2 1 1 2  
#   3 3 * * 3 3 * * * *   
#    * * * * * * * * *    
#   * * * * 3 3 * * 3 3   
#  * * * * 3 3 2 * 3 3 3  
# * * * * * * 3 3 * * * * 
#* * * * * * * * * * * * *
#         * * * *         
#          * * *          
#           * *           
#            *            
#600000 600000 0 0 2

0 599537 599926 7 19 6 18 -1 -1
#            1            
#           1 *           
#          1 1 1          
#         * 2 1 *         
#* * * * 3 2 1 * 1 * * * *
# * * 2 2 3 * * 2 2 * * 2 
#  3 3 * * 3 3 * 2 1 1 *  
#   3 3 * * 3 3 * * * 2   
#    * * * * * * * * *    
#   * * * * 3 3 * * 3 3   
#  * * * * 3 3 2 * 3 3 3  
# * * * * * * 3 3 * * * * 
#* * * * * * * * * * * * *
#         * * * *         
#          * * *          
#           * *           
#            *            
#600000 600000 0 0 1

0 599537 599925 6 22 7 21 -1 -1
#            1            
#           1 *           
#          1 1 1          
#         * 2 1 *         
#* * * * 3 2 1 * 1 * * * *
# * * 2 2 3 * * 2 2 1 * 2 
#  3 3 * * 3 3 * 2 1 * *  
#   3 3 * * 3 3 * * * 2   
#    * * * * * * * * *    
#   * * * * 3 3 * * 3 3   
#  * * * * 3 3 2 * 3 3 3  
# * * * * * * 3 3 * * * * 
#* * * * * * * * * * * * *
#         * * * *         
#          * * *          
#           * *           
#            *            
#600000 600000 0 0 2

0 599533 599925 6 20 5 19 -1 -1
#            1            
#           1 *           
#          1 1 1          
#         * 2 1 *         
#* * * * 3 2 1 * 1 * * * *
# * * 2 2 3 * * 2 2 1 2 * 
#  3 3 * * 3 3 * 2 1 * *  
#   3 3 * * 3 3 * * * 2   
#    * * * * * * * * *    
#   * * * * 3 3 * * 3 3   
#  * * * * 3 3 2 * 3 3 3  
# * * * * * * 3 3 * * * * 
#* * * * * * * * * * * * *
#         * * * *         
#          * * *          
#           * *           
#            *            
#600000 600000 0 0 1

0 599533 599919 5 23 5 21 -1 -1
#            1            
#           1 *           
#          1 1 1          
#         * 2 1 *         
#* * * * 3 2 1 * 1 1 * * *
# * * 2 2 3 * * 2 2 * 2 * 
#  3 3 * * 3 3 * 2 1 * *  
#   3 3 * * 3 3 * * * 2   
#    * * * * * * * * *    
#   * * * * 3 3 * * 3 3   
#  * * * * 3 3 2 * 3 3 3  
# * * * * * * 3 3 * * * * 
#* * * * * * * * * * * * *
#         * * * *         
#          * * *          
#           * *           
#            *            
#600000 600000 0 0 2

0 599531 599919 5 19 4 18 -1 -1
#            1            
#           1 *           
#          1 1 1          
#         * 2 1 *         
#* * * 2 3 * 1 * 1 1 * * *
# * * 2 2 3 * * 2 2 * 2 * 
#  3 3 * * 3 3 * 2 1 * *  
#   3 3 * * 3 3 * * * 2   
#    * * * * * * * * *    
#   * * * * 3 3 * * 3 3   
#  * * * * 3 3 2 * 3 3 3  
# * * * * * * 3 3 * * * * 
#* * * * * * * * * * * * *
#         * * * *         
#          * * *          
#           * *           
#            *            
#600000 600000 0 0 1

0 599531 599917 4 10 4 6 -1 -1
#            1            
#           1 *           
#          1 1 1          
#         * 2 1 *         
#* * * 2 3 * 1 1 1 * * * *
# * * 2 2 3 * * 2 2 * 2 * 
#  3 3 * * 3 3 * 2 1 * *  
#   3 3 * * 3 3 * * * 2   
#    * * * * * * * * *    
#   * * * * 3 3 * * 3 3   
#  * * * * 3 3 2 * 3 3 3  
# * * * * * * 3 3 * * * * 
#* * * * * * * * * * * * *
#         * * * *         
#          * * *          
#           * *           
#            *            
#600000 600000 0 0 2

0 599529 599917 4 18 4 14 -1 -1
#            1            
#           1 *           
#          1 1 1          
#         * 2 1 *         
#* * * 2 3 * 1 1 1 * * * *
# * * 2 * 3 * * 2 2 * 2 * 
#  3 3 * 2 3 3 * 2 1 * *  
#   3 3 * * 3 3 * * * 2   
#    * * * * * * * * *    
#   * * * * 3 3 * * 3 3   
#  * * * * 3 3 2 * 3 3 3  
# * * * * * * 3 3 * * * * 
#* * * * * * * * * * * * *
#         * * * *         
#          * * *          
#           * *           
#            *            
#600000 600000 0 0 1

0 599529 599915 5 7 6 8 -1 -1
#            1            
#           1 *           
#          1 1 1          
#         * 2 1 1         
#* * * 2 3 * 1 * 1 * * * *
# * * 2 * 3 * * 2 2 * 2 * 
#  3 3 * 2 3 3 * 2 1 * *  
#   3 3 * * 3 3 * * * 2   
#    * * * * * * * * *    
#   * * * * 3 3 * * 3 3   
#  * * * * 3 3 2 * 3 3 3  
# * * * * * * 3 3 * * * * 
#* * * * * * * * * * * * *
#         * * * *         
#          * * *          
#           * *           
#            *            
#600000 600000 0 0 2

0 599527 599915 4 14 3 15 -1 -1
#            1            
#           1 *           
#          1 1 1          
#         * * 1 1         
#* * * 2 3 * 1 * 1 * * * *
# * * 2 * 3 * 2 2 2 * 2 * 
#  3 3 * 2 3 3 * 2 1 * *  
#   3 3 * * 3 3 * * * 2   
#    * * * * * * * * *    
#   * * * * 3 3 * * 3 3   
#  * * * * 3 3 2 * 3 3 3  
# * * * * * * 3 3 * * * * 
#* * * * * * * * * * * * *
#         * * * *         
#          * * *          
#           * *           
#            *            
#600000 600000 0 0 1

0 599527 599914 3 11 5 13 -1 -1
#            1            
#           1 1           
#          1 1 1          
#         * * 1 *         
#* * * 2 3 * 1 * 1 * * * *
# * * 2 * 3 * 2 2 2 * 2 * 
#  3 3 * 2 3 3 * 2 1 * *  
#   3 3 * * 3 3 * * * 2   
#    * * * * * * * * *    
#   * * * * 3 3 * * 3 3   
#  * * * * 3 3 2 * 3 3 3  
# * * * * * * 3 3 * * * * 
#* * * * * * * * * * * * *
#         * * * *         
#          * * *          
#           * *           
#            *            
#600000 600000 0 0 2

0 599525 599914 3 15 1 13 -1 -1
#            1            
#           1 1           
#          1 1 1          
#         * * 1 *         
#* * * 2 3 * 1 * 1 * * * *
# * * 2 * 3 * 2 * 2 * 2 * 
#  3 3 * 2 3 3 2 2 1 * *  
#   3 3 * * 3 3 * * * 2   
#    * * * * * * * * *    
#   * * * * 3 3 * * 3 3   
#  * * * * 3 3 2 * 3 3 3  
# * * * * * * 3 3 * * * * 
#* * * * * * * * * * * * *
#         * * * *         
#          * * *          
#           * *           
#            *            
#600000 600000 0 0 1

0 599525 599913 5 15 6 14 -1 -1
#            1            
#           1 1           
#          1 1 1          
#         * * 1 1         
#* * * 2 3 * 1 * * * * * *
# * * 2 * 3 * 2 * 2 * 2 * 
#  3 3 * 2 3 3 2 2 1 * *  
#   3 3 * * 3 3 * * * 2   
#    * * * * * * * * *    
#   * * * * 3 3 * * 3 3   
#  * * * * 3 3 2 * 3 3 3  
# * * * * * * 3 3 * * * * 
#* * * * * * * * * * * * *
#         * * * *         
#          * * *          
#           * *           
#            *            
#600000 600000 0 0 2

0 599524 599913 4 16 3 15 -1 -1
#            1            
#           1 1           
#          1 1 1          
#         * * 1 1         
#* * * 2 3 * 1 * * * * * *
# * * 2 * 3 * 2 * 2 * 2 * 
#  3 3 * 2 3 3 2 * 1 * *  
#   3 3 * * 3 3 * 2 * 2   
#    * * * * * * * * *    
#   * * * * 3 3 * * 3 3   
#  * * * * 3 3 2 * 3 3 3  
# * * * * * * 3 3 * * * * 
#* * * * * * * * * * * * *
#         * * * *         
#          * * *          
#           * *           
#            *            
#600000 600000 0 0 1

0 599524 599912 6 16 7 17 -1 -1
#            1            
#           1 1           
#          1 1 1          
#         * * 1 1         
#* * * 2 3 * 1 * 1 * * * *
# * * 2 * 3 * 2 * 2 * 2 * 
#  3 3 * 2 3 3 2 * * * *  
#   3 3 * * 3 3 * 2 * 2   
#    * * * * * * * * *    
#   * * * * 3 3 * * 3 3   
#  * * * * 3 3 2 * 3 3 3  
# * * * * * * 3 3 * * * * 
#* * * * * * * * * * * * *
#         * * * *         
#          * * *          
#           * *           
#            *            
#600000 600000 0 0 2

0 599523 599912 6 18 4 16 -1 -1
#            1            
#           1 1           
#          1 1 1          
#         * * 1 1         
#* * * * 3 * 1 2 1 * * * *
# * * 2 * 3 * 2 * 2 * 2 * 
#  3 3 * 2 3 3 2 * * * *  
#   3 3 * * 3 3 * 2 * 2   
#    * * * * * * * * *    
#   * * * * 3 3 * * 3 3   
#  * * * * 3 3 2 * 3 3 3  
# * * * * * * 3 3 * * * * 
#* * * * * * * * * * * * *
#         * * * *         
#          * * *          
#           * *           
#            *            
#600000 600000 0 0 1

0 599523 599906 4 6 4 14 -1 -1
#            1            
#           1 1           
#          1 1 1          
#         * 1 1 1         
#* * * * 3 * * 2 1 * * * *
# * * 2 * 3 * 2 * 2 * 2 * 
#  3 3 * 2 3 3 2 * * * *  
#   3 3 * * 3 3 * 2 * 2   
#    * * * * * * * * *    
#   * * * * 3 3 * * 3 3   
#  * * * * 3 3 2 * 3 3 3  
# * * * * * * 3 3 * * * * 
#* * * * * * * * * * * * *
#         * * * *         
#          * * *          
#           * *           
#            *            
#600000 600000 0 0 2

0 599522 599906 4 12 3 11 -1 -1
#            1            
#           1 1           
#          1 1 1          
#         * 1 1 1         
#* * * * 3 * * 2 1 * * * *
# * 2 * * 3 * 2 * 2 * 2 * 
#  3 3 * 2 3 3 2 * * * *  
#   3 3 * * 3 3 * 2 * 2   
#    * * * * * * * * *    
#   * * * * 3 3 * * 3 3   
#  * * * * 3 3 2 * 3 3 3  
# * * * * * * 3 3 * * * * 
#* * * * * * * * * * * * *
#         * * * *         
#          * * *          
#           * *           
#            *            
#600000 600000 0 0 1

0 599522 599905 5 5 5 3 -1 -1
#            1            
#           1 1           
#          1 1 1          
#         * 1 1 1         
#* * * * 3 * 1 2 * * * * *
# * 2 * * 3 * 2 * 2 * 2 * 
#  3 3 * 2 3 3 2 * * * *  
#   3 3 * * 3 3 * 2 * 2   
#    * * * * * * * * *    
#   * * * * 3 3 * * 3 3   
#  * * * * 3 3 2 * 3 3 3  
# * * * * * * 3 3 * * * * 
#* * * * * * * * * * * * *
#         * * * *         
#          * * *          
#           * *           
#            *            
#600000 600000 0 0 2

0 599521 599905 4 16 4 12 -1 -1
#            1            
#           1 1           
#          1 1 1          
#         * 1 1 1         
#* * * * 3 * 1 2 * * * * *
# * 2 * * 3 * 2 * 2 * 2 * 
#  3 3 * 2 3 3 2 * * * *  
#   3 3 * * 3 3 * 2 2 *   
#    * * * * * * * * *    
#   * * * * 3 3 * * 3 3   
#  * * * * 3 3 2 * 3 3 3  
# * * * * * * 3 3 * * * * 
#* * * * * * * * * * * * *
#         * * * *         
#          * * *          
#           * *           
#            *            
#600000 600000 0 0 1

0 599521 599904 7 21 7 19 -1 -1
#            1            
#           1 1           
#          1 1 1          
#         * 1 1 1         
#* * * * 3 * * 2 1 * * * *
# * 2 * * 3 * 2 * 2 * 2 * 
#  3 3 * 2 3 3 2 * * * *  
#   3 3 * * 3 3 * 2 2 *   
#    * * * * * * * * *    
#   * * * * 3 3 * * 3 3   
#  * * * * 3 3 2 * 3 3 3  
# * * * * * * 3 3 * * * * 
#* * * * * * * * * * * * *
#         * * * *         
#          * * *          
#           * *           
#            *            
#600000 600000 0 0 2

0 599521 599904 4 12 4 16 -1 -1
#            1            
#           1 1           
#          1 1 1          
#         * 1 1 1         
#* * * * 3 * * 2 1 * * * *
# * 2 * * 3 * * * 2 * 2 * 
#  3 3 * 2 3 3 2 * * * *  
#   3 3 * * 3 3 2 2 2 *   
#    * * * * * * * * *    
#   * * * * 3 3 * * 3 3   
#  * * * * 3 3 2 * 3 3 3  
# * * * * * * 3 3 * * * * 
#* * * * * * * * * * * * *
#         * * * *         
#          * * *          
#           * *           
#            *            
#600000 600000 0 0 1

0 599521 599904 5 13 7 15 -1 -1
#            1            
#           1 1           
#          1 1 1          
#         * 1 1 1         
#* * * * 3 * 1 2 * * * * *
# * 2 * * 3 * * * 2 * 2 * 
#  3 3 * 2 3 3 2 * * * *  
#   3 3 * * 3 3 2 2 2 *   
#    * * * * * * * * *    
#   * * * * 3 3 * * 3 3   
#  * * * * 3 3 2 * 3 3 3  
# * * * * * * 3 3 * * * * 
#* * * * * * * * * * * * *
#         * * * *         
#          * * *          
#           * *           
#            *            
#600000 600000 0 0 2

0 599520 599904 4 16 4 12 -1 -1
#            1            
#           1 1           
#          1 1 1          
#         * 1 1 1         
#* * * * 3 * 1 2 * * * * *
# * * 2 * 3 * * * 2 * 2 * 
#  3 3 * 2 3 3 2 * * * *  
#   3 3 * * 3 3 2 2 2 *   
#    * * * * * * * * *    
#   * * * * 3 3 * * 3 3   
#  * * * * 3 3 2 * 3 3 3  
# * * * * * * 3 3 * * * * 
#* * * * * * * * * * * * *
#         * * * *         
#          * * *          
#           * *           
#            *            
#600000 600000 0 0 1

0 599520 599903 5 3 5 5 -1 -1
#            1            
#           1 1           
#          1 1 1          
#         * 1 1 1         
#* * * * 3 1 * 2 * * * * *
# * * 2 * 3 * * * 2 * 2 * 
#  3 3 * 2 3 3 2 * * * *  
#   3 3 * * 3 3 2 2 2 *   
#    * * * * * * * * *    
#   * * * * 3 3 * * 3 3   
#  * * * * 3 3 2 * 3 3 3  
# * * * * * * 3 3 * * * * 
#* * * * * * * * * * * * *
#         * * * *         
#          * * *          
#           * *           
#            *            
#600000 600000 0 0 2

0 599519 599903 4 12 4 10 -1 -1
#            1            
#           1 1           
#          1 1 1          
#         * 1 1 1         
#* * * * 3 1 * 2 * * * * *
# * 2 * * 3 * * * 2 * 2 * 
#  3 3 * 2 3 3 2 * * * *  
#   3 3 * * 3 3 2 2 2 *   
#    * * * * * * * * *    
#   * * * * 3 3 * * 3 3   
#  * * * * 3 3 2 * 3 3 3  
# * * * * * * 3 3 * * * * 
#* * * * * * * * * * * * *
#         * * * *         
#          * * *          
#           * *           
#            *            
#600000 600000 0 0 1

0 599519 599902 5 5 5 3 -1 -1
#            1            
#           1 1           
#          1 1 1          
#         1 1 1 1         
#* * * * 3 * * 2 * * * * *
# * 2 * * 3 * * * 2 * 2 * 
#  3 3 * 2 3 3 2 * * * *  
#   3 3 * * 3 3 2 2 2 *   
#    * * * * * * * * *    
#   * * * * 3 3 * * 3 3   
#  * * * * 3 3 2 * 3 3 3  
# * * * * * * 3 3 * * * * 
#* * * * * * * * * * * * *
#         * * * *         
#          * * *          
#           * *           
#            *            
#600000 600000 0 0 2

1 599518 599902 4 10 3 9 -1 -1
