#player 1 sent 14 10 12 8 -1 -1
            2            
           2 2           
          2 2 2          
         2 2 2 2         
* * * * * * * * * * * * *
 * * * * * * * * * * * * 
  3 3 * * 3 3 * * * * *  
   3 3 * * 3 3 * * * *   
    * * * * * * * * *    
   * * * * 3 3 * * 3 3   
  * * * * 3 3 * * 3 3 3  
 * * * * * * * * * * * * 
* * * * 1 * * * * * * * *
         1 1 1 1         
          * 1 1          
           1 1           
            1            
600000 600000 2 2 2

#player 2 sent 3 9 4 10 4 8
            2            
           2 2           
          2 2 2          
         * 2 2 2         
* * * * 3 2 * * * * * * *
 * * * * * * * * * * * * 
  3 3 * * 3 3 * * * * *  
   3 3 * * 3 3 * * * *   
    * * * * * * * * *    
   * * * * 3 3 * * 3 3   
  * * * * 3 3 * * 3 3 3  
 * * * * * * * * * * * * 
* * * * 1 * * * * * * * *
         1 1 1 1         
          * 1 1          
           1 1           
            1            
600000 600000 2 1 1

#player 1 sent 16 12 12 12 -1 -1
            2            
           2 2           
          2 2 2          
         * 2 2 2         
* * * * 3 2 * * * * * * *
 * * * * * * * * * * * * 
  3 3 * * 3 3 * * * * *  
   3 3 * * 3 3 * * * *   
    * * * * * * * * *    
   * * * * 3 3 * * 3 3   
  * * * * 3 3 * * 3 3 3  
 * * * * * * * * * * * * 
* * * * 1 * 1 * * * * * *
         1 1 1 1         
          * 1 1          
           1 1           
            *            
600000 600000 2 1 2

#player 2 sent 3 13 3 9 11 13
            2            
           2 2           
          2 2 2          
         2 2 * 2         
* * * * 3 2 * * * * * * *
 * * * * * * * * * * * * 
  3 3 * * 3 3 * * * * *  
   3 3 * * 3 3 * * * *   
    * * * * * * * * *    
   * * * * 3 3 * * 3 3   
  * * * * 3 3 * * 3 3 3  
 * * * * * * 3 * * * * * 
* * * * 1 * 1 * * * * * *
         1 1 1 1         
          * 1 1          
           1 1           
            *            
600000 600000 2 0 1

#player 1 sent 12 12 6 14 -1 -1
            2            
           2 2           
          2 2 2          
         2 2 * 2         
* * * * 3 2 * * * * * * *
 * * * * * * * * * * * * 
  3 3 * * 3 3 1 * * * *  
   3 3 * * 3 3 * * * *   
    * * * * * * * * *    
   * * * * 3 3 * * 3 3   
  * * * * 3 3 * * 3 3 3  
 * * * * * * 3 * * * * * 
* * * * 1 * * * * * * * *
         1 1 1 1         
          * 1 1          
           1 1           
            *            
600000 600000 2 0 2

#player 2 sent 4 10 5 11 -1 -1
            2            
           2 2           
          2 2 2          
         2 2 * 2         
* * * * 3 * * * * * * * *
 * * * * * 2 * * * * * * 
  3 3 * * 3 3 1 * * * *  
   3 3 * * 3 3 * * * *   
    * * * * * * * * *    
   * * * * 3 3 * * 3 3   
  * * * * 3 3 * * 3 3 3  
 * * * * * * 3 * * * * * 
* * * * 1 * * * * * * * *
         1 1 1 1         
          * 1 1          
           1 1           
            *            
600000 600000 2 0 1

#player 1 sent 14 14 8 12 -1 -1
            2            
           2 2           
          2 2 2          
         2 2 * 2         
* * * * 3 * * * * * * * *
 * * * * * 2 * * * * * * 
  3 3 * * 3 3 1 * * * *  
   3 3 * * 3 3 * * * *   
    * * * * 1 * * * *    
   * * * * 3 3 * * 3 3   
  * * * * 3 3 * * 3 3 3  
 * * * * * * 3 * * * * * 
* * * * 1 * * * * * * * *
         1 1 1 1         
          * 1 *          
           1 1           
            *            
600000 600000 2 0 2

#player 2 sent 2 12 4 10 -1 -1
            2            
           2 2           
          2 * 2          
         2 2 * 2         
* * * * 3 2 * * * * * * *
 * * * * * 2 * * * * * * 
  3 3 * * 3 3 1 * * * *  
   3 3 * * 3 3 * * * *   
    * * * * 1 * * * *    
   * * * * 3 3 * * 3 3   
  * * * * 3 3 * * 3 3 3  
 * * * * * * 3 * * * * * 
* * * * 1 * * * * * * * *
         1 1 1 1         
          * 1 *          
           1 1           
            *            
600000 600000 2 0 1

#player 1 sent 14 12 12 6 -1 -1
            2            
           2 2           
          2 * 2          
         2 2 * 2         
* * * * 3 2 * * * * * * *
 * * * * * 2 * * * * * * 
  3 3 * * 3 3 1 * * * *  
   3 3 * * 3 3 * * * *   
    * * * * 1 * * * *    
   * * * * 3 3 * * 3 3   
  * * * * 3 3 * * 3 3 3  
 * * * * * * 3 * * * * * 
* * * 1 1 * * * * * * * *
         1 1 1 1         
          * * *          
           1 1           
            *            
600000 600000 2 0 2

#player 2 sent 1 13 2 12 -1 -1
            2            
           2 *           
          2 2 2          
         2 2 * 2         
* * * * 3 2 * * * * * * *
 * * * * * 2 * * * * * * 
  3 3 * * 3 3 1 * * * *  
   3 3 * * 3 3 * * * *   
    * * * * 1 * * * *    
   * * * * 3 3 * * 3 3   
  * * * * 3 3 * * 3 3 3  
 * * * * * * 3 * * * * * 
* * * 1 1 * * * * * * * *
         1 1 1 1         
          * * *          
           1 1           
            *            
600000 600000 2 0 1

#player 1 sent 13 9 11 7 11 15
            2            
           2 *           
          2 2 2          
         2 2 * 2         
* * * * 3 2 * * * * * * *
 * * * * * 2 * * * * * * 
  3 3 * * 3 3 1 * * * *  
   3 3 * * 3 3 * * * *   
    * * * * 1 * * * *    
   * * * * 3 3 * * 3 3   
  * * * * 3 3 * * 3 3 3  
 * * * 1 * * 3 3 * * * * 
* * * 1 1 * * * * * * * *
         * 1 1 1         
          * * *          
           1 1           
            *            
600000 600000 1 0 2

#player 2 sent 3 11 3 13 -1 -1
            2            
           2 *           
          2 2 2          
         2 * 2 2         
* * * * 3 2 * * * * * * *
 * * * * * 2 * * * * * * 
  3 3 * * 3 3 1 * * * *  
   3 3 * * 3 3 * * * *   
    * * * * 1 * * * *    
   * * * * 3 3 * * 3 3   
  * * * * 3 3 * * 3 3 3  
 * * * 1 * * 3 3 * * * * 
* * * 1 1 * * * * * * * *
         * 1 1 1         
          * * *          
           1 1           
            *            
600000 600000 1 0 1

#player 1 sent 12 8 10 6 -1 -1
            2            
           2 *           
          2 2 2          
         2 * 2 2         
* * * * 3 2 * * * * * * *
 * * * * * 2 * * * * * * 
  3 3 * * 3 3 1 * * * *  
   3 3 * * 3 3 * * * *   
    * * * * 1 * * * *    
   * * * * 3 3 * * 3 3   
  * * 1 * 3 3 * * 3 3 3  
 * * * 1 * * 3 3 * * * * 
* * * 1 * * * * * * * * *
         * 1 1 1         
          * * *          
           1 1           
            *            
600000 600000 1 0 2

#player 2 sent 0 12 1 13 -1 -1
            *            
           2 2           
          2 2 2          
         2 * 2 2         
* * * * 3 2 * * * * * * *
 * * * * * 2 * * * * * * 
  3 3 * * 3 3 1 * * * *  
   3 3 * * 3 3 * * * *   
    * * * * 1 * * * *    
   * * * * 3 3 * * 3 3   
  * * 1 * 3 3 * * 3 3 3  
 * * * 1 * * 3 3 * * * * 
* * * 1 * * * * * * * * *
         * 1 1 1         
          * * *          
           1 1           
            *            
600000 600000 1 0 1

#player 1 sent 12 6 10 8 5 9
            *            
           2 2           
          2 2 2          
         2 * 2 2         
* * * * 3 2 * * * * * * *
 * * * * 3 2 * * * * * * 
  3 3 * * 3 3 1 * * * *  
   3 3 * * 3 3 * * * *   
    * * * * 1 * * * *    
   * * * * 3 3 * * 3 3   
  * * 1 1 3 3 * * 3 3 3  
 * * * 1 * * 3 3 * * * * 
* * * * * * * * * * * * *
         * 1 1 1         
          * * *          
           1 1           
            *            
600000 600000 0 0 2

#player 2 sent 2 14 4 12 -1 -1
            *            
           2 2           
          2 2 *          
         2 * 2 2         
* * * * 3 2 2 * * * * * *
 * * * * 3 2 * * * * * * 
  3 3 * * 3 3 1 * * * *  
   3 3 * * 3 3 * * * *   
    * * * * 1 * * * *    
   * * * * 3 3 * * 3 3   
  * * 1 1 3 3 * * 3 3 3  
 * * * 1 * * 3 3 * * * * 
* * * * * * * * * * * * *
         * 1 1 1         
          * * *          
           1 1           
            *            
600000 600000 0 0 1

#player 1 sent 11 7 9 9 -1 -1
            *            
           2 2           
          2 2 *          
         2 * 2 2         
* * * * 3 2 2 * * * * * *
 * * * * 3 2 * * * * * * 
  3 3 * * 3 3 1 * * * *  
   3 3 * * 3 3 * * * *   
    * * * * 1 * * * *    
   * * * 1 3 3 * * 3 3   
  * * 1 1 3 3 * * 3 3 3  
 * * * * * * 3 3 * * * * 
* * * * * * * * * * * * *
         * 1 1 1         
          * * *          
           1 1           
            *            
600000 600000 0 0 2

#player 2 sent 1 13 7 15 -1 -1
            *            
           2 *           
          2 2 *          
         2 * 2 2         
* * * * 3 2 2 * * * * * *
 * * * * 3 2 * * * * * * 
  3 3 * * 3 3 1 * * * *  
   3 3 * * 3 3 2 * * *   
    * * * * 1 * * * *    
   * * * 1 3 3 * * 3 3   
  * * 1 1 3 3 * * 3 3 3  
 * * * * * * 3 3 * * * * 
* * * * * * * * * * * * *
         * 1 1 1         
          * * *          
           1 1           
            *            
600000 600000 0 0 1

#player 1 sent 10 8 6 16 -1 -1
            *            
           2 *           
          2 2 *          
         2 * 2 2         
* * * * 3 2 2 * * * * * *
 * * * * 3 2 * * * * * * 
  3 3 * * 3 3 1 1 * * *  
   3 3 * * 3 3 2 * * *   
    * * * * 1 * * * *    
   * * * 1 3 3 * * 3 3   
  * * 1 * 3 3 * * 3 3 3  
 * * * * * * 3 3 * * * * 
* * * * * * * * * * * * *
         * 1 1 1         
          * * *          
           1 1           
            *            
600000 600000 0 0 2

#player 2 sent 3 9 5 7 -1 -1
            *            
           2 *           
          2 2 *          
         * * 2 2         
* * * * 3 2 2 * * * * * *
 * * * 2 3 2 * * * * * * 
  3 3 * * 3 3 1 1 * * *  
   3 3 * * 3 3 2 * * *   
    * * * * 1 * * * *    
   * * * 1 3 3 * * 3 3   
  * * 1 * 3 3 * * 3 3 3  
 * * * * * * 3 3 * * * * 
* * * * * * * * * * * * *
         * 1 1 1         
          * * *          
           1 1           
            *            
600000 600000 0 0 1

#player 1 sent 15 13 14 12 -1 -1
            *            
           2 *           
          2 2 *          
         * * 2 2         
* * * * 3 2 2 * * * * * *
 * * * 2 3 2 * * * * * * 
  3 3 * * 3 3 1 1 * * *  
   3 3 * * 3 3 2 * * *   
    * * * * 1 * * * *    
   * * * 1 3 3 * * 3 3   
  * * 1 * 3 3 * * 3 3 3  
 * * * * * * 3 3 * * * * 
* * * * * * * * * * * * *
         * 1 1 1         
          * 1 *          
           1 *           
            *            
600000 600000 0 0 2

#player 2 sent 4 12 4 14 -1 -1
            *            
           2 *           
          2 2 *          
         * * 2 2         
* * * * 3 2 * 2 * * * * *
 * * * 2 3 2 * * * * * * 
  3 3 * * 3 3 1 1 * * *  
   3 3 * * 3 3 2 * * *   
    * * * * 1 * * * *    
   * * * 1 3 3 * * 3 3   
  * * 1 * 3 3 * * 3 3 3  
 * * * * * * 3 3 * * * * 
* * * * * * * * * * * * *
         * 1 1 1         
          * 1 *          
           1 *           
            *            
600000 600000 0 0 1

#player 1 sent 14 12 10 16 -1 -1
            *            
           2 *           
          2 2 *          
         * * 2 2         
* * * * 3 2 * 2 * * * * *
 * * * 2 3 2 * * * * * * 
  3 3 * * 3 3 1 1 * * *  
   3 3 * * 3 3 2 * * *   
    * * * * 1 * * * *    
   * * * 1 3 3 * * 3 3   
  * * 1 * 3 3 * 1 3 3 3  
 * * * * * * 3 3 * * * * 
* * * * * * * * * * * * *
         * 1 1 1         
          * * *          
           1 *           
            *            
600000 600000 0 0 2

#player 2 sent 4 14 4 16 -1 -1
            *            
           2 *           
          2 2 *          
         * * 2 2         
* * * * 3 2 * * 2 * * * *
 * * * 2 3 2 * * * * * * 
  3 3 * * 3 3 1 1 * * *  
   3 3 * * 3 3 2 * * *   
    * * * * 1 * * * *    
   * * * 1 3 3 * * 3 3   
  * * 1 * 3 3 * 1 3 3 3  
 * * * * * * 3 3 * * * * 
* * * * * * * * * * * * *
         * 1 1 1         
          * * *          
           1 *           
            *            
600000 600000 0 0 1

#player 1 sent 15 11 14 10 -1 -1
            *            
           2 *           
          2 2 *          
         * * 2 2         
* * * * 3 2 * * 2 * * * *
 * * * 2 3 2 * * * * * * 
  3 3 * * 3 3 1 1 * * *  
   3 3 * * 3 3 2 * * *   
    * * * * 1 * * * *    
   * * * 1 3 3 * * 3 3   
  * * 1 * 3 3 * 1 3 3 3  
 * * * * * * 3 3 * * * * 
* * * * * * * * * * * * *
         * 1 1 1         
          1 * *          
           * *           
            *            
600000 600000 0 0 2

#player 2 sent 3 15 3 11 -1 -1
            *            
           2 *           
          2 2 *          
         * 2 2 *         
* * * * 3 2 * * 2 * * * *
 * * * 2 3 2 * * * * * * 
  3 3 * * 3 3 1 1 * * *  
   3 3 * * 3 3 2 * * *   
    * * * * 1 * * * *    
   * * * 1 3 3 * * 3 3   
  * * 1 * 3 3 * 1 3 3 3  
 * * * * * * 3 3 * * * * 
* * * * * * * * * * * * *
         * 1 1 1         
          1 * *          
           * *           
            *            
600000 600000 0 0 1

#player 1 sent 14 10 10 14 -1 -1
            *            
           2 *           
          2 2 *          
         * 2 2 *         
* * * * 3 2 * * 2 * * * *
 * * * 2 3 2 * * * * * * 
  3 3 * * 3 3 1 1 * * *  
   3 3 * * 3 3 2 * * *   
    * * * * 1 * * * *    
   * * * 1 3 3 * * 3 3   
  * * 1 * 3 3 1 1 3 3 3  
 * * * * * * 3 3 * * * * 
* * * * * * * * * * * * *
         * 1 1 1         
          * * *          
           * *           
            *            
600000 600000 0 0 2

#player 2 sent 5 11 5 13 -1 -1
            *            
           2 *           
          2 2 *          
         * 2 2 *         
* * * * 3 2 * * 2 * * * *
 * * * 2 3 * 2 * * * * * 
  3 3 * * 3 3 1 1 * * *  
   3 3 * * 3 3 2 * * *   
    * * * * 1 * * * *    
   * * * 1 3 3 * * 3 3   
  * * 1 * 3 3 1 1 3 3 3  
 * * * * * * 3 3 * * * * 
* * * * * * * * * * * * *
         * 1 1 1         
          * * *          
           * *           
            *            
600000 600000 0 0 1

#player 1 sent 6 14 2 14 -1 -1
            *            
           2 *           
          2 2 1          
         * 2 2 *         
* * * * 3 2 * * 2 * * * *
 * * * 2 3 * 2 * * * * * 
  3 3 * * 3 3 * 1 * * *  
   3 3 * * 3 3 2 * * *   
    * * * * 1 * * * *    
   * * * 1 3 3 * * 3 3   
  * * 1 * 3 3 1 1 3 3 3  
 * * * * * * 3 3 * * * * 
* * * * * * * * * * * * *
         * 1 1 1         
          * * *          
           * *           
            *            
600000 600000 0 0 2

#player 2 sent 2 10 6 18 -1 -1
            *            
           2 *           
          * 2 1          
         * 2 2 *         
* * * * 3 2 * * 2 * * * *
 * * * 2 3 * 2 * * * * * 
  3 3 * * 3 3 * 1 2 * *  
   3 3 * * 3 3 2 * * *   
    * * * * 1 * * * *    
   * * * 1 3 3 * * 3 3   
  * * 1 * 3 3 1 1 3 3 3  
 * * * * * * 3 3 * * * * 
* * * * * * * * * * * * *
         * 1 1 1         
          * * *          
           * *           
            *            
600000 600000 0 0 1

#player 1 sent 8 12 0 12 -1 -1
            1            
           2 *           
          * 2 1          
         * 2 2 *         
* * * * 3 2 * * 2 * * * *
 * * * 2 3 * 2 * * * * * 
  3 3 * * 3 3 * 1 2 * *  
   3 3 * * 3 3 2 * * *   
    * * * * * * * * *    
   * * * 1 3 3 * * 3 3   
  * * 1 * 3 3 1 1 3 3 3  
 * * * * * * 3 3 * * * * 
* * * * * * * * * * * * *
         * 1 1 1         
          * * *          
           * *           
            *            
600000 600000 0 0 2

#player 2 sent 5 7 5 5 -1 -1
            1            
           2 *           
          * 2 1          
         * 2 2 *         
* * * * 3 2 * * 2 * * * *
 * * 2 * 3 * 2 * * * * * 
  3 3 * * 3 3 * 1 2 * *  
   3 3 * * 3 3 2 * * *   
    * * * * * * * * *    
   * * * 1 3 3 * * 3 3   
  * * 1 * 3 3 1 1 3 3 3  
 * * * * * * 3 3 * * * * 
* * * * * * * * * * * * *
         * 1 1 1         
          * * *          
           * *           
            *            
600000 600000 0 0 1

#player 1 sent 10 14 2 10 -1 -1
            1            
           2 *           
          1 2 1          
         * 2 2 *         
* * * * 3 2 * * 2 * * * *
 * * 2 * 3 * 2 * * * * * 
  3 3 * * 3 3 * 1 2 * *  
   3 3 * * 3 3 2 * * *   
    * * * * * * * * *    
   * * * 1 3 3 * * 3 3   
  * * 1 * 3 3 * 1 3 3 3  
 * * * * * * 3 3 * * * * 
* * * * * * * * * * * * *
         * 1 1 1         
          * * *          
           * *           
            *            
600000 600000 0 0 2

#player 2 sent 7 15 8 14 -1 -1
            1            
           2 *           
          1 2 1          
         * 2 2 *         
* * * * 3 2 * * 2 * * * *
 * * 2 * 3 * 2 * * * * * 
  3 3 * * 3 3 * 1 2 * *  
   3 3 * * 3 3 * * * *   
    * * * * * 2 * * *    
   * * * 1 3 3 * * 3 3   
  * * 1 * 3 3 * 1 3 3 3  
 * * * * * * 3 3 * * * * 
* * * * * * * * * * * * *
         * 1 1 1         
          * * *          
           * *           
            *            
600000 600000 0 0 1

#player 1 sent 13 11 12 12 -1 -1
            1            
           2 *           
          1 2 1          
         * 2 2 *         
* * * * 3 2 * * 2 * * * *
 * * 2 * 3 * 2 * * * * * 
  3 3 * * 3 3 * 1 2 * *  
   3 3 * * 3 3 * * * *   
    * * * * * 2 * * *    
   * * * 1 3 3 * * 3 3   
  * * 1 * 3 3 * 1 3 3 3  
 * * * * * * 3 3 * * * * 
* * * * * * 1 * * * * * *
         * * 1 1         
          * * *          
           * *           
            *            
600000 600000 0 0 2

#player 2 sent 3 13 5 3 -1 -1
            1            
           2 *           
          1 2 1          
         * 2 * *         
* * * * 3 2 * * 2 * * * *
 * 2 2 * 3 * 2 * * * * * 
  3 3 * * 3 3 * 1 2 * *  
   3 3 * * 3 3 * * * *   
    * * * * * 2 * * *    
   * * * 1 3 3 * * 3 3   
  * * 1 * 3 3 * 1 3 3 3  
 * * * * * * 3 3 * * * * 
* * * * * * 1 * * * * * *
         * * 1 1         
          * * *          
           * *           
            *            
600000 600000 0 0 1

#player 1 sent 12 12 4 12 -1 -1
            1            
           2 *           
          1 2 1          
         * 2 * *         
* * * * 3 2 1 * 2 * * * *
 * 2 2 * 3 * 2 * * * * * 
  3 3 * * 3 3 * 1 2 * *  
   3 3 * * 3 3 * * * *   
    * * * * * 2 * * *    
   * * * 1 3 3 * * 3 3   
  * * 1 * 3 3 * 1 3 3 3  
 * * * * * * 3 3 * * * * 
* * * * * * * * * * * * *
         * * 1 1         
          * * *          
           * *           
            *            
600000 600000 0 0 2

#player 2 sent 5 3 5 19 -1 -1
            1            
           2 *           
          1 2 1          
         * 2 * *         
* * * * 3 2 1 * 2 * * * *
 * * 2 * 3 * 2 * * 2 * * 
  3 3 * * 3 3 * 1 2 * *  
   3 3 * * 3 3 * * * *   
    * * * * * 2 * * *    
   * * * 1 3 3 * * 3 3   
  * * 1 * 3 3 * 1 3 3 3  
 * * * * * * 3 3 * * * * 
* * * * * * * * * * * * *
         * * 1 1         
          * * *          
           * *           
            *            
600000 600000 0 0 1

#player 1 sent 6 16 4 14 -1 -1
            1            
           2 *           
          1 2 1          
         * 2 * *         
* * * * 3 2 1 1 2 * * * *
 * * 2 * 3 * 2 * * 2 * * 
  3 3 * * 3 3 * * 2 * *  
   3 3 * * 3 3 * * * *   
    * * * * * 2 * * *    
   * * * 1 3 3 * * 3 3   
  * * 1 * 3 3 * 1 3 3 3  
 * * * * * * 3 3 * * * * 
* * * * * * * * * * * * *
         * * 1 1         
          * * *          
           * *           
            *            
600000 600000 0 0 2

#player 2 sent 3 11 5 21 -1 -1
            1            
           2 *           
          1 2 1          
         * * * *         
* * * * 3 2 1 1 2 * * * *
 * * 2 * 3 * 2 * * 2 2 * 
  3 3 * * 3 3 * * 2 * *  
   3 3 * * 3 3 * * * *   
    * * * * * 2 * * *    
   * * * 1 3 3 * * 3 3   
  * * 1 * 3 3 * 1 3 3 3  
 * * * * * * 3 3 * * * * 
* * * * * * * * * * * * *
         * * 1 1         
          * * *          
           * *           
            *            
600000 600000 0 0 1

#player 1 sent 13 15 12 14 -1 -1
            1            
           2 *           
          1 2 1          
         * * * *         
* * * * 3 2 1 1 2 * * * *
 * * 2 * 3 * 2 * * 2 2 * 
  3 3 * * 3 3 * * 2 * *  
   3 3 * * 3 3 * * * *   
    * * * * * 2 * * *    
   * * * 1 3 3 * * 3 3   
  * * 1 * 3 3 * 1 3 3 3  
 * * * * * * 3 3 * * * * 
* * * * * * * 1 * * * * *
         * * 1 *         
          * * *          
           * *           
            *            
600000 600000 0 0 2

#player 2 sent 4 16 5 17 -1 -1
            1            
           2 *           
          1 2 1          
         * * * *         
* * * * 3 2 1 1 * * * * *
 * * 2 * 3 * 2 * 2 2 2 * 
  3 3 * * 3 3 * * 2 * *  
   3 3 * * 3 3 * * * *   
    * * * * * 2 * * *    
   * * * 1 3 3 * * 3 3   
  * * 1 * 3 3 * 1 3 3 3  
 * * * * * * 3 3 * * * * 
* * * * * * * 1 * * * * *
         * * 1 *         
          * * *          
           * *           
            *            
600000 600000 0 0 1

#player 1 sent 13 13 12 12 -1 -1
            1            
           2 *           
          1 2 1          
         * * * *         
* * * * 3 2 1 1 * * * * *
 * * 2 * 3 * 2 * 2 2 2 * 
  3 3 * * 3 3 * * 2 * *  
   3 3 * * 3 3 * * * *   
    * * * * * 2 * * *    
   * * * 1 3 3 * * 3 3   
  * * 1 * 3 3 * 1 3 3 3  
 * * * * * * 3 3 * * * * 
* * * * * * 1 1 * * * * *
         * * * *         
          * * *          
           * *           
            *            
600000 600000 0 0 2

#player 2 sent 5 13 5 15 -1 -1
            1            
           2 *           
          1 2 1          
         * * * *         
* * * * 3 2 1 1 * * * * *
 * * 2 * 3 * * 2 2 2 2 * 
  3 3 * * 3 3 * * 2 * *  
   3 3 * * 3 3 * * * *   
    * * * * * 2 * * *    
   * * * 1 3 3 * * 3 3   
  * * 1 * 3 3 * 1 3 3 3  
 * * * * * * 3 3 * * * * 
* * * * * * 1 1 * * * * *
         * * * *         
          * * *          
           * *           
            *            
600000 600000 0 0 1

#player 1 sent 12 12 4 16 -1 -1
            1            
           2 *           
          1 2 1          
         * * * *         
* * * * 3 2 1 1 1 * * * *
 * * 2 * 3 * * 2 2 2 2 * 
  3 3 * * 3 3 * * 2 * *  
   3 3 * * 3 3 * * * *   
    * * * * * 2 * * *    
   * * * 1 3 3 * * 3 3   
  * * 1 * 3 3 * 1 3 3 3  
 * * * * * * 3 3 * * * * 
* * * * * * * 1 * * * * *
         * * * *         
          * * *          
           * *           
            *            
600000 600000 0 0 2

#player 2 sent 6 18 6 16 -1 -1
            1            
           2 *           
          1 2 1          
         * * * *         
* * * * 3 2 1 1 1 * * * *
 * * 2 * 3 * * 2 2 2 2 * 
  3 3 * * 3 3 * 2 * * *  
   3 3 * * 3 3 * * * *   
    * * * * * 2 * * *    
   * * * 1 3 3 * * 3 3   
  * * 1 * 3 3 * 1 3 3 3  
 * * * * * * 3 3 * * * * 
* * * * * * * 1 * * * * *
         * * * *         
          * * *          
           * *           
            *            
600000 600000 0 0 1

#player 1 sent 10 16 9 17 -1 -1
            1            
           2 *           
          1 2 1          
         * * * *         
* * * * 3 2 1 1 1 * * * *
 * * 2 * 3 * * 2 2 2 2 * 
  3 3 * * 3 3 * 2 * * *  
   3 3 * * 3 3 * * * *   
    * * * * * 2 * * *    
   * * * 1 3 3 * 1 3 3   
  * * 1 * 3 3 * * 3 3 3  
 * * * * * * 3 3 * * * * 
* * * * * * * 1 * * * * *
         * * * *         
          * * *          
           * *           
            *            
600000 600000 0 0 2

#player 2 sent 8 14 9 15 -1 -1
            1            
           2 *           
          1 2 1          
         * * * *         
* * * * 3 2 1 1 1 * * * *
 * * 2 * 3 * * 2 2 2 2 * 
  3 3 * * 3 3 * 2 * * *  
   3 3 * * 3 3 * * * *   
    * * * * * * * * *    
   * * * 1 3 3 2 1 3 3   
  * * 1 * 3 3 * * 3 3 3  
 * * * * * * 3 3 * * * * 
* * * * * * * 1 * * * * *
         * * * *         
          * * *          
           * *           
            *            
600000 600000 0 0 1

#player 1 sent 12 14 8 18 -1 -1
            1            
           2 *           
          1 2 1          
         * * * *         
* * * * 3 2 1 1 1 * * * *
 * * 2 * 3 * * 2 2 2 2 * 
  3 3 * * 3 3 * 2 * * *  
   3 3 * * 3 3 * * * *   
    * * * * * * * 1 *    
   * * * 1 3 3 2 1 3 3   
  * * 1 * 3 3 * * 3 3 3  
 * * * * * * 3 3 * * * * 
* * * * * * * * * * * * *
         * * * *         
          * * *          
           * *           
            *            
600000 600000 0 0 2

#player 2 sent 2 12 3 11 -1 -1
            1            
           2 *           
          1 * 1          
         * 2 * *         
* * * * 3 2 1 1 1 * * * *
 * * 2 * 3 * * 2 2 2 2 * 
  3 3 * * 3 3 * 2 * * *  
   3 3 * * 3 3 * * * *   
    * * * * * * * 1 *    
   * * * 1 3 3 2 1 3 3   
  * * 1 * 3 3 * * 3 3 3  
 * * * * * * 3 3 * * * * 
* * * * * * * * * * * * *
         * * * *         
          * * *          
           * *           
            *            
600000 600000 0 0 1

#player 1 sent 9 17 7 19 -1 -1
            1            
           2 *           
          1 * 1          
         * 2 * *         
* * * * 3 2 1 1 1 * * * *
 * * 2 * 3 * * 2 2 2 2 * 
  3 3 * * 3 3 * 2 * * *  
   3 3 * * 3 3 * * 1 *   
    * * * * * * * 1 *    
   * * * 1 3 3 2 * 3 3   
  * * 1 * 3 3 * * 3 3 3  
 * * * * * * 3 3 * * * * 
* * * * * * * * * * * * *
         * * * *         
          * * *          
           * *           
            *            
600000 600000 0 0 2

#player 2 sent 5 19 6 20 -1 -1
            1            
           2 *           
          1 * 1          
         * 2 * *         
* * * * 3 2 1 1 1 * * * *
 * * 2 * 3 * * 2 2 * 2 * 
  3 3 * * 3 3 * 2 * 2 *  
   3 3 * * 3 3 * * 1 *   
    * * * * * * * 1 *    
   * * * 1 3 3 2 * 3 3   
  * * 1 * 3 3 * * 3 3 3  
 * * * * * * 3 3 * * * * 
* * * * * * * * * * * * *
         * * * *         
          * * *          
           * *           
            *            
600000 600000 0 0 1

#player 1 sent 10 6 9 7 -1 -1
            1            
           2 *           
          1 * 1          
         * 2 * *         
* * * * 3 2 1 1 1 * * * *
 * * 2 * 3 * * 2 2 * 2 * 
  3 3 * * 3 3 * 2 * 2 *  
   3 3 * * 3 3 * * 1 *   
    * * * * * * * 1 *    
   * * 1 1 3 3 2 * 3 3   
  * * * * 3 3 * * 3 3 3  
 * * * * * * 3 3 * * * * 
* * * * * * * * * * * * *
         * * * *         
          * * *          
           * *           
            *            
600000 600000 0 0 2

#player 2 sent 6 20 6 22 -1 -1
            1            
           2 *           
          1 * 1          
         * 2 * *         
* * * * 3 2 1 1 1 * * * *
 * * 2 * 3 * * 2 2 * 2 * 
  3 3 * * 3 3 * 2 * * 2  
   3 3 * * 3 3 * * 1 *   
    * * * * * * * 1 *    
   * * 1 1 3 3 2 * 3 3   
  * * * * 3 3 * * 3 3 3  
 * * * * * * 3 3 * * * * 
* * * * * * * * * * * * *
         * * * *         
          * * *          
           * *           
            *            
600000 600000 0 0 1

#player 1 sent 9 9 8 8 -1 -1
            1            
           2 *           
          1 * 1          
         * 2 * *         
* * * * 3 2 1 1 1 * * * *
 * * 2 * 3 * * 2 2 * 2 * 
  3 3 * * 3 3 * 2 * * 2  
   3 3 * * 3 3 * * 1 *   
    * * 1 * * * * 1 *    
   * * 1 * 3 3 2 * 3 3   
  * * * * 3 3 * * 3 3 3  
 * * * * * * 3 3 * * * * 
* * * * * * * * * * * * *
         * * * *         
          * * *          
           * *           
            *            
600000 600000 0 0 2

#player 2 sent 1 11 3 13 -1 -1
            1            
           * *           
          1 * 1          
         * 2 2 *         
* * * * 3 2 1 1 1 * * * *
 * * 2 * 3 * * 2 2 * 2 * 
  3 3 * * 3 3 * 2 * * 2  
   3 3 * * 3 3 * * 1 *   
    * * 1 * * * * 1 *    
   * * 1 * 3 3 2 * 3 3   
  * * * * 3 3 * * 3 3 3  
 * * * * * * 3 3 * * * * 
* * * * * * * * * * * * *
         * * * *         
          * * *          
           * *           
            *            
600000 600000 0 0 1

#player 1 sent 9 7 1 11 -1 -1
            1            
           1 *           
          1 * 1          
         * 2 2 *         
* * * * 3 2 1 1 1 * * * *
 * * 2 * 3 * * 2 2 * 2 * 
  3 3 * * 3 3 * 2 * * 2  
   3 3 * * 3 3 * * 1 *   
    * * 1 * * * * 1 *    
   * * * * 3 3 2 * 3 3   
  * * * * 3 3 * * 3 3 3  
 * * * * * * 3 3 * * * * 
* * * * * * * * * * * * *
         * * * *         
          * * *          
           * *           
            *            
600000 600000 0 0 2

#player 2 sent 5 21 5 23 -1 -1
            1            
           1 *           
          1 * 1          
         * 2 2 *         
* * * * 3 2 1 1 1 * * * *
 * * 2 * 3 * * 2 2 * * 2 
  3 3 * * 3 3 * 2 * * 2  
   3 3 * * 3 3 * * 1 *   
    * * 1 * * * * 1 *    
   * * * * 3 3 2 * 3 3   
  * * * * 3 3 * * 3 3 3  
 * * * * * * 3 3 * * * * 
* * * * * * * * * * * * *
         * * * *         
          * * *          
           * *           
            *            
600000 600000 0 0 1

#player 1 sent 4 14 2 12 -1 -1
            1            
           1 *           
          1 1 1          
         * 2 2 *         
* * * * 3 2 1 * 1 * * * *
 * * 2 * 3 * * 2 2 * * 2 
  3 3 * * 3 3 * 2 * * 2  
   3 3 * * 3 3 * * 1 *   
    * * 1 * * * * 1 *    
   * * * * 3 3 2 * 3 3   
  * * * * 3 3 * * 3 3 3  
 * * * * * * 3 3 * * * * 
* * * * * * * * * * * * *
         * * * *         
          * * *          
           * *           
            *            
600000 600000 0 0 2

#player 2 sent 9 15 10 14 -1 -1
            1            
           1 *           
          1 1 1          
         * 2 2 *         
* * * * 3 2 1 * 1 * * * *
 * * 2 * 3 * * 2 2 * * 2 
  3 3 * * 3 3 * 2 * * 2  
   3 3 * * 3 3 * * 1 *   
    * * 1 * * * * 1 *    
   * * * * 3 3 * * 3 3   
  * * * * 3 3 2 * 3 3 3  
 * * * * * * 3 3 * * * * 
* * * * * * * * * * * * *
         * * * *         
          * * *          
           * *           
            *            
600000 600000 0 0 1

#player 1 sent 8 8 7 9 -1 -1
            1            
           1 *           
          1 1 1          
         * 2 2 *         
* * * * 3 2 1 * 1 * * * *
 * * 2 * 3 * * 2 2 * * 2 
  3 3 * * 3 3 * 2 * * 2  
   3 3 * 1 3 3 * * 1 *   
    * * * * * * * 1 *    
   * * * * 3 3 * * 3 3   
  * * * * 3 3 2 * 3 3 3  
 * * * * * * 3 3 * * * * 
* * * * * * * * * * * * *
         * * * *         
          * * *          
           * *           
            *            
600000 600000 0 0 2

#player 2 sent 3 13 5 11 -1 -1
            1            
           1 *           
          1 1 1          
         * 2 * *         
* * * * 3 2 1 * 1 * * * *
 * * 2 * 3 2 * 2 2 * * 2 
  3 3 * * 3 3 * 2 * * 2  
   3 3 * 1 3 3 * * 1 *   
    * * * * * * * 1 *    
   * * * * 3 3 * * 3 3   
  * * * * 3 3 2 * 3 3 3  
 * * * * * * 3 3 * * * * 
* * * * * * * * * * * * *
         * * * *         
          * * *          
           * *           
            *            
600000 600000 0 0 1

#player 1 sent 8 18 6 20 -1 -1
            1            
           1 *           
          1 1 1          
         * 2 * *         
* * * * 3 2 1 * 1 * * * *
 * * 2 * 3 2 * 2 2 * * 2 
  3 3 * * 3 3 * 2 * 1 2  
   3 3 * 1 3 3 * * 1 *   
    * * * * * * * * *    
   * * * * 3 3 * * 3 3   
  * * * * 3 3 2 * 3 3 3  
 * * * * * * 3 3 * * * * 
* * * * * * * * * * * * *
         * * * *         
          * * *          
           * *           
            *            
600000 600000 0 0 2

#player 2 sent 5 11 5 3 -1 -1
            1            
           1 *           
          1 1 1          
         * 2 * *         
* * * * 3 2 1 * 1 * * * *
 * 2 2 * 3 * * 2 2 * * 2 
  3 3 * * 3 3 * 2 * 1 2  
   3 3 * 1 3 3 * * 1 *   
    * * * * * * * * *    
   * * * * 3 3 * * 3 3   
  * * * * 3 3 2 * 3 3 3  
 * * * * * * 3 3 * * * * 
* * * * * * * * * * * * *
         * * * *         
          * * *          
           * *           
            *            
600000 600000 0 0 1

#player 1 sent 7 9 3 13 -1 -1
            1            
           1 *           
          1 1 1          
         * 2 1 *         
* * * * 3 2 1 * 1 * * * *
 * 2 2 * 3 * * 2 2 * * 2 
  3 3 * * 3 3 * 2 * 1 2  
   3 3 * * 3 3 * * 1 *   
    * * * * * * * * *    
   * * * * 3 3 * * 3 3   
  * * * * 3 3 2 * 3 3 3  
 * * * * * * 3 3 * * * * 
* * * * * * * * * * * * *
         * * * *         
          * * *          
           * *           
            *            
600000 600000 0 0 2

#player 2 sent 5 3 5 7 -1 -1
            1            
           1 *           
          1 1 1          
         * 2 1 *         
* * * * 3 2 1 * 1 * * * *
 * * 2 2 3 * * 2 2 * * 2 
  3 3 * * 3 3 * 2 * 1 2  
   3 3 * * 3 3 * * 1 *   
    * * * * * * * * *    
   * * * * 3 3 * * 3 3   
  * * * * 3 3 2 * 3 3 3  
 * * * * * * 3 3 * * * * 
* * * * * * * * * * * * *
         * * * *         
          * * *          
           * *           
            *            
600000 600000 0 0 1

#player 1 sent 7 19 6 18 -1 -1
            1            
           1 *           
          1 1 1          
         * 2 1 *         
* * * * 3 2 1 * 1 * * * *
 * * 2 2 3 * * 2 2 * * 2 
  3 3 * * 3 3 * 2 1 1 2  
   3 3 * * 3 3 * * * *   
    * * * * * * * * *    
   * * * * 3 3 * * 3 3   
  * * * * 3 3 2 * 3 3 3  
 * * * * * * 3 3 * * * * 
* * * * * * * * * * * * *
         * * * *         
          * * *          
           * *           
            *            
600000 600000 0 0 2

#player 2 sent 6 22 7 21 -1 -1
            1            
           1 *           
          1 1 1          
         * 2 1 *         
* * * * 3 2 1 * 1 * * * *
 * * 2 2 3 * * 2 2 * * 2 
  3 3 * * 3 3 * 2 1 1 *  
   3 3 * * 3 3 * * * 2   
    * * * * * * * * *    
   * * * * 3 3 * * 3 3   
  * * * * 3 3 2 * 3 3 3  
 * * * * * * 3 3 * * * * 
* * * * * * * * * * * * *
         * * * *         
          * * *          
           * *           
            *            
600000 600000 0 0 1

#player 1 sent 6 20 5 19 -1 -1
            1            
           1 *           
          1 1 1          
         * 2 1 *         
* * * * 3 2 1 * 1 * * * *
 * * 2 2 3 * * 2 2 1 * 2 
  3 3 * * 3 3 * 2 1 * *  
   3 3 * * 3 3 * * * 2   
    * * * * * * * * *    
   * * * * 3 3 * * 3 3   
  * * * * 3 3 2 * 3 3 3  
 * * * * * * 3 3 * * * * 
* * * * * * * * * * * * *
         * * * *         
          * * *          
           * *           
            *            
600000 600000 0 0 2

#player 2 sent 5 23 5 21 -1 -1
            1            
           1 *           
          1 1 1          
         * 2 1 *         
* * * * 3 2 1 * 1 * * * *
 * * 2 2 3 * * 2 2 1 2 * 
  3 3 * * 3 3 * 2 1 * *  
   3 3 * * 3 3 * * * 2   
    * * * * * * * * *    
   * * * * 3 3 * * 3 3   
  * * * * 3 3 2 * 3 3 3  
 * * * * * * 3 3 * * * * 
* * * * * * * * * * * * *
         * * * *         
          * * *          
           * *           
            *            
600000 600000 0 0 1

#player 1 sent 5 19 4 18 -1 -1
            1            
           1 *           
          1 1 1          
         * 2 1 *         
* * * * 3 2 1 * 1 1 * * *
 * * 2 2 3 * * 2 2 * 2 * 
  3 3 * * 3 3 * 2 1 * *  
   3 3 * * 3 3 * * * 2   
    * * * * * * * * *    
   * * * * 3 3 * * 3 3   
  * * * * 3 3 2 * 3 3 3  
 * * * * * * 3 3 * * * * 
* * * * * * * * * * * * *
         * * * *         
          * * *          
           * *           
            *            
600000 600000 0 0 2

#player 2 sent 4 10 4 6 -1 -1
            1            
           1 *           
          1 1 1          
         * 2 1 *         
* * * 2 3 * 1 * 1 1 * * *
 * * 2 2 3 * * 2 2 * 2 * 
  3 3 * * 3 3 * 2 1 * *  
   3 3 * * 3 3 * * * 2   
    * * * * * * * * *    
   * * * * 3 3 * * 3 3   
  * * * * 3 3 2 * 3 3 3  
 * * * * * * 3 3 * * * * 
* * * * * * * * * * * * *
         * * * *         
          * * *          
           * *           
            *            
600000 600000 0 0 1

#player 1 sent 4 18 4 14 -1 -1
            1            
           1 *           
          1 1 1          
         * 2 1 *         
* * * 2 3 * 1 1 1 * * * *
 * * 2 2 3 * * 2 2 * 2 * 
  3 3 * * 3 3 * 2 1 * *  
   3 3 * * 3 3 * * * 2   
    * * * * * * * * *    
   * * * * 3 3 * * 3 3   
  * * * * 3 3 2 * 3 3 3  
 * * * * * * 3 3 * * * * 
* * * * * * * * * * * * *
         * * * *         
          * * *          
           * *           
            *            
600000 600000 0 0 2

#player 2 sent 5 7 6 8 -1 -1
            1            
           1 *           
          1 1 1          
         * 2 1 *         
* * * 2 3 * 1 1 1 * * * *
 * * 2 * 3 * * 2 2 * 2 * 
  3 3 * 2 3 3 * 2 1 * *  
   3 3 * * 3 3 * * * 2   
    * * * * * * * * *    
   * * * * 3 3 * * 3 3   
  * * * * 3 3 2 * 3 3 3  
 * * * * * * 3 3 * * * * 
* * * * * * * * * * * * *
         * * * *         
          * * *          
           * *           
            *            
600000 600000 0 0 1

#player 1 sent 4 14 3 15 -1 -1
            1            
           1 *           
          1 1 1          
         * 2 1 1         
* * * 2 3 * 1 * 1 * * * *
 * * 2 * 3 * * 2 2 * 2 * 
  3 3 * 2 3 3 * 2 1 * *  
   3 3 * * 3 3 * * * 2   
    * * * * * * * * *    
   * * * * 3 3 * * 3 3   
  * * * * 3 3 2 * 3 3 3  
 * * * * * * 3 3 * * * * 
* * * * * * * * * * * * *
         * * * *         
          * * *          
           * *           
            *            
600000 600000 0 0 2

#player 2 sent 3 11 5 13 -1 -1
            1            
           1 *           
          1 1 1          
         * * 1 1         
* * * 2 3 * 1 * 1 * * * *
 * * 2 * 3 * 2 2 2 * 2 * 
  3 3 * 2 3 3 * 2 1 * *  
   3 3 * * 3 3 * * * 2   
    * * * * * * * * *    
   * * * * 3 3 * * 3 3   
  * * * * 3 3 2 * 3 3 3  
 * * * * * * 3 3 * * * * 
* * * * * * * * * * * * *
         * * * *         
          * * *          
           * *           
            *            
600000 600000 0 0 1

#player 1 sent 3 15 1 13 -1 -1
            1            
           1 1           
          1 1 1          
         * * 1 *         
* * * 2 3 * 1 * 1 * * * *
 * * 2 * 3 * 2 2 2 * 2 * 
  3 3 * 2 3 3 * 2 1 * *  
   3 3 * * 3 3 * * * 2   
    * * * * * * * * *    
   * * * * 3 3 * * 3 3   
  * * * * 3 3 2 * 3 3 3  
 * * * * * * 3 3 * * * * 
* * * * * * * * * * * * *
         * * * *         
          * * *          
           * *           
            *            
600000 600000 0 0 2

#player 2 sent 5 15 6 14 -1 -1
            1            
           1 1           
          1 1 1          
         * * 1 *         
* * * 2 3 * 1 * 1 * * * *
 * * 2 * 3 * 2 * 2 * 2 * 
  3 3 * 2 3 3 2 2 1 * *  
   3 3 * * 3 3 * * * 2   
    * * * * * * * * *    
   * * * * 3 3 * * 3 3   
  * * * * 3 3 2 * 3 3 3  
 * * * * * * 3 3 * * * * 
* * * * * * * * * * * * *
         * * * *         
          * * *          
           * *           
            *            
600000 600000 0 0 1

#player 1 sent 4 16 3 15 -1 -1
            1            
           1 1           
          1 1 1          
         * * 1 1         
* * * 2 3 * 1 * * * * * *
 * * 2 * 3 * 2 * 2 * 2 * 
  3 3 * 2 3 3 2 2 1 * *  
   3 3 * * 3 3 * * * 2   
    * * * * * * * * *    
   * * * * 3 3 * * 3 3   
  * * * * 3 3 2 * 3 3 3  
 * * * * * * 3 3 * * * * 
* * * * * * * * * * * * *
         * * * *         
          * * *          
           * *           
            *            
600000 600000 0 0 2

#player 2 sent 6 16 7 17 -1 -1
            1            
           1 1           
          1 1 1          
         * * 1 1         
* * * 2 3 * 1 * * * * * *
 * * 2 * 3 * 2 * 2 * 2 * 
  3 3 * 2 3 3 2 * 1 * *  
   3 3 * * 3 3 * 2 * 2   
    * * * * * * * * *    
   * * * * 3 3 * * 3 3   
  * * * * 3 3 2 * 3 3 3  
 * * * * * * 3 3 * * * * 
* * * * * * * * * * * * *
         * * * *         
          * * *          
           * *           
            *            
600000 600000 0 0 1

#player 1 sent 6 18 4 16 -1 -1
            1            
           1 1           
          1 1 1          
         * * 1 1         
* * * 2 3 * 1 * 1 * * * *
 * * 2 * 3 * 2 * 2 * 2 * 
  3 3 * 2 3 3 2 * * * *  
   3 3 * * 3 3 * 2 * 2   
    * * * * * * * * *    
   * * * * 3 3 * * 3 3   
  * * * * 3 3 2 * 3 3 3  
 * * * * * * 3 3 * * * * 
* * * * * * * * * * * * *
         * * * *         
          * * *          
           * *           
            *            
600000 600000 0 0 2

#player 2 sent 4 6 4 14 -1 -1
            1            
           1 1           
          1 1 1          
         * * 1 1         
* * * * 3 * 1 2 1 * * * *
 * * 2 * 3 * 2 * 2 * 2 * 
  3 3 * 2 3 3 2 * * * *  
   3 3 * * 3 3 * 2 * 2   
    * * * * * * * * *    
   * * * * 3 3 * * 3 3   
  * * * * 3 3 2 * 3 3 3  
 * * * * * * 3 3 * * * * 
* * * * * * * * * * * * *
         * * * *         
          * * *          
           * *           
            *            
600000 600000 0 0 1

#player 1 sent 4 12 3 11 -1 -1
            1            
           1 1           
          1 1 1          
         * 1 1 1         
* * * * 3 * * 2 1 * * * *
 * * 2 * 3 * 2 * 2 * 2 * 
  3 3 * 2 3 3 2 * * * *  
   3 3 * * 3 3 * 2 * 2   
    * * * * * * * * *    
   * * * * 3 3 * * 3 3   
  * * * * 3 3 2 * 3 3 3  
 * * * * * * 3 3 * * * * 
* * * * * * * * * * * * *
         * * * *         
          * * *          
           * *           
            *            
600000 600000 0 0 2

#player 2 sent 5 5 5 3 -1 -1
            1            
           1 1           
          1 1 1          
         * 1 1 1         
* * * * 3 * * 2 1 * * * *
 * 2 * * 3 * 2 * 2 * 2 * 
  3 3 * 2 3 3 2 * * * *  
   3 3 * * 3 3 * 2 * 2   
    * * * * * * * * *    
   * * * * 3 3 * * 3 3   
  * * * * 3 3 2 * 3 3 3  
 * * * * * * 3 3 * * * * 
* * * * * * * * * * * * *
         * * * *         
          * * *          
           * *           
            *            
600000 600000 0 0 1

#player 1 sent 4 16 4 12 -1 -1
            1            
           1 1           
          1 1 1          
         * 1 1 1         
* * * * 3 * 1 2 * * * * *
 * 2 * * 3 * 2 * 2 * 2 * 
  3 3 * 2 3 3 2 * * * *  
   3 3 * * 3 3 * 2 * 2   
    * * * * * * * * *    
   * * * * 3 3 * * 3 3   
  * * * * 3 3 2 * 3 3 3  
 * * * * * * 3 3 * * * * 
* * * * * * * * * * * * *
         * * * *         
          * * *          
           * *           
            *            
600000 600000 0 0 2

#player 2 sent 7 21 7 19 -1 -1
            1            
           1 1           
          1 1 1          
         * 1 1 1         
* * * * 3 * 1 2 * * * * *
 * 2 * * 3 * 2 * 2 * 2 * 
  3 3 * 2 3 3 2 * * * *  
   3 3 * * 3 3 * 2 2 *   
    * * * * * * * * *    
   * * * * 3 3 * * 3 3   
  * * * * 3 3 2 * 3 3 3  
 * * * * * * 3 3 * * * * 
* * * * * * * * * * * * *
         * * * *         
          * * *          
           * *           
            *            
600000 600000 0 0 1

#player 1 sent 4 12 4 16 -1 -1
            1            
           1 1           
          1 1 1          
         * 1 1 1         
* * * * 3 * * 2 1 * * * *
 * 2 * * 3 * 2 * 2 * 2 * 
  3 3 * 2 3 3 2 * * * *  
   3 3 * * 3 3 * 2 2 *   
    * * * * * * * * *    
   * * * * 3 3 * * 3 3   
  * * * * 3 3 2 * 3 3 3  
 * * * * * * 3 3 * * * * 
* * * * * * * * * * * * *
         * * * *         
          * * *          
           * *           
            *            
600000 600000 0 0 2

#player 2 sent 5 13 7 15 -1 -1
            1            
           1 1           
          1 1 1          
         * 1 1 1         
* * * * 3 * * 2 1 * * * *
 * 2 * * 3 * * * 2 * 2 * 
  3 3 * 2 3 3 2 * * * *  
   3 3 * * 3 3 2 2 2 *   
    * * * * * * * * *    
   * * * * 3 3 * * 3 3   
  * * * * 3 3 2 * 3 3 3  
 * * * * * * 3 3 * * * * 
* * * * * * * * * * * * *
         * * * *         
          * * *          
           * *           
            *            
600000 600000 0 0 1

#player 1 sent 4 16 4 12 -1 -1
            1            
           1 1           
          1 1 1          
         * 1 1 1         
* * * * 3 * 1 2 * * * * *
 * 2 * * 3 * * * 2 * 2 * 
  3 3 * 2 3 3 2 * * * *  
   3 3 * * 3 3 2 2 2 *   
    * * * * * * * * *    
   * * * * 3 3 * * 3 3   
  * * * * 3 3 2 * 3 3 3  
 * * * * * * 3 3 * * * * 
* * * * * * * * * * * * *
         * * * *         
          * * *          
           * *           
            *            
600000 600000 0 0 2

#player 2 sent 5 3 5 5 -1 -1
            1            
           1 1           
          1 1 1          
         * 1 1 1         
* * * * 3 * 1 2 * * * * *
 * * 2 * 3 * * * 2 * 2 * 
  3 3 * 2 3 3 2 * * * *  
   3 3 * * 3 3 2 2 2 *   
    * * * * * * * * *    
   * * * * 3 3 * * 3 3   
  * * * * 3 3 2 * 3 3 3  
 * * * * * * 3 3 * * * * 
* * * * * * * * * * * * *
         * * * *         
          * * *          
           * *           
            *            
600000 600000 0 0 1

#player 1 sent 4 12 4 10 -1 -1
            1            
           1 1           
          1 1 1          
         * 1 1 1         
* * * * 3 1 * 2 * * * * *
 * * 2 * 3 * * * 2 * 2 * 
  3 3 * 2 3 3 2 * * * *  
   3 3 * * 3 3 2 2 2 *   
    * * * * * * * * *    
   * * * * 3 3 * * 3 3   
  * * * * 3 3 2 * 3 3 3  
 * * * * * * 3 3 * * * * 
* * * * * * * * * * * * *
         * * * *         
          * * *          
           * *           
            *            
600000 600000 0 0 2

#player 2 sent 5 5 5 3 -1 -1
            1            
           1 1           
          1 1 1          
         * 1 1 1         
* * * * 3 1 * 2 * * * * *
 * 2 * * 3 * * * 2 * 2 * 
  3 3 * 2 3 3 2 * * * *  
   3 3 * * 3 3 2 2 2 *   
    * * * * * * * * *    
   * * * * 3 3 * * 3 3   
  * * * * 3 3 2 * 3 3 3  
 * * * * * * 3 3 * * * * 
* * * * * * * * * * * * *
         * * * *         
          * * *          
           * *           
            *            
600000 600000 0 0 1

#player 1 sent 4 10 3 9 -1 -1
            1            
           1 1           
          1 1 1          
         1 1 1 1         
* * * * 3 * * 2 * * * * *
 * 2 * * 3 * * * 2 * 2 * 
  3 3 * 2 3 3 2 * * * *  
   3 3 * * 3 3 2 2 2 *   
    * * * * * * * * *    
   * * * * 3 3 * * 3 3   
  * * * * 3 3 2 * 3 3 3  
 * * * * * * 3 3 * * * * 
* * * * * * * * * * * * *
         * * * *         
          * * *          
           * *           
            *            
600000 600000 0 0 2

#winner=1
#Time left for player1 is 599518 player 2 599902
