#player 1 sent 14 14 12 12 -1 -1
            2            
           2 2           
          2 2 2          
         2 2 2 2         
* * * * * * * * * * * * *
 * * * * * * * * * * * * 
  3 3 * * 3 3 * * * * *  
   3 3 * * 3 3 * * * *   
    * * * * * * * * *    
   * * * * 3 3 * * 3 3   
  * * * * 3 3 * * 3 3 3  
 * * * * * * * * * * * * 
* * * * * * 1 * * * * * *
         1 1 1 1         
          1 1 *          
           1 1           
            1            
600000 600000 2 2 2

#player 2 sent 2 14 4 16 -1 -1
            2            
           2 2           
          2 2 *          
         2 2 2 2         
* * * * * * * * 2 * * * *
 * * * * * * * * * * * * 
  3 3 * * 3 3 * * * * *  
   3 3 * * 3 3 * * * *   
    * * * * * * * * *    
   * * * * 3 3 * * 3 3   
  * * * * 3 3 * * 3 3 3  
 * * * * * * * * * * * * 
* * * * * * 1 * * * * * *
         1 1 1 1         
          1 1 *          
           1 1           
            1            
600000 600000 2 2 1

#player 1 sent 16 12 12 16 -1 -1
            2            
           2 2           
          2 2 *          
         2 2 2 2         
* * * * * * * * 2 * * * *
 * * * * * * * * * * * * 
  3 3 * * 3 3 * * * * *  
   3 3 * * 3 3 * * * *   
    * * * * * * * * *    
   * * * * 3 3 * * 3 3   
  * * * * 3 3 * * 3 3 3  
 * * * * * * * * * * * * 
* * * * * * 1 * 1 * * * *
         1 1 1 1         
          1 1 *          
           1 1           
            *            
600000 600000 2 2 2

#player 2 sent 0 12 4 12 8 8
            *            
           2 2           
          2 2 *          
         2 2 2 2         
* * * * * * 2 * 2 * * * *
 * * * * * * * * * * * * 
  3 3 * * 3 3 * * * * *  
   3 3 * * 3 3 * * * *   
    * * 3 * * * * * *    
   * * * * 3 3 * * 3 3   
  * * * * 3 3 * * 3 3 3  
 * * * * * * * * * * * * 
* * * * * * 1 * 1 * * * *
         1 1 1 1         
          1 1 *          
           1 1           
            *            
600000 600000 2 1 1

#player 1 sent 13 13 9 9 -1 -1
            *            
           2 2           
          2 2 *          
         2 2 2 2         
* * * * * * 2 * 2 * * * *
 * * * * * * * * * * * * 
  3 3 * * 3 3 * * * * *  
   3 3 * * 3 3 * * * *   
    * * 3 * * * * * *    
   * * * 1 3 3 * * 3 3   
  * * * * 3 3 * * 3 3 3  
 * * * * * * * * * * * * 
* * * * * * 1 * 1 * * * *
         1 1 * 1         
          1 1 *          
           1 1           
            *            
600000 600000 2 1 2

#player 2 sent 3 13 9 7 -1 -1
            *            
           2 2           
          2 2 *          
         2 2 * 2         
* * * * * * 2 * 2 * * * *
 * * * * * * * * * * * * 
  3 3 * * 3 3 * * * * *  
   3 3 * * 3 3 * * * *   
    * * 3 * * * * * *    
   * * 2 1 3 3 * * 3 3   
  * * * * 3 3 * * 3 3 3  
 * * * * * * * * * * * * 
* * * * * * 1 * 1 * * * *
         1 1 * 1         
          1 1 *          
           1 1           
            *            
600000 600000 2 1 1

#player 1 sent 15 11 11 11 -1 -1
            *            
           2 2           
          2 2 *          
         2 2 * 2         
* * * * * * 2 * 2 * * * *
 * * * * * * * * * * * * 
  3 3 * * 3 3 * * * * *  
   3 3 * * 3 3 * * * *   
    * * 3 * * * * * *    
   * * 2 1 3 3 * * 3 3   
  * * * * 3 3 * * 3 3 3  
 * * * * * 1 * * * * * * 
* * * * * * 1 * 1 * * * *
         1 1 * 1         
          1 1 *          
           * 1           
            *            
600000 600000 2 1 2

#player 2 sent 1 11 7 9 -1 -1
            *            
           * 2           
          2 2 *          
         2 2 * 2         
* * * * * * 2 * 2 * * * *
 * * * * * * * * * * * * 
  3 3 * * 3 3 * * * * *  
   3 3 * 2 3 3 * * * *   
    * * 3 * * * * * *    
   * * 2 1 3 3 * * 3 3   
  * * * * 3 3 * * 3 3 3  
 * * * * * 1 * * * * * * 
* * * * * * 1 * 1 * * * *
         1 1 * 1         
          1 1 *          
           * 1           
            *            
600000 600000 2 1 1

#player 1 sent 14 12 12 14 -1 -1
            *            
           * 2           
          2 2 *          
         2 2 * 2         
* * * * * * 2 * 2 * * * *
 * * * * * * * * * * * * 
  3 3 * * 3 3 * * * * *  
   3 3 * 2 3 3 * * * *   
    * * 3 * * * * * *    
   * * 2 1 3 3 * * 3 3   
  * * * * 3 3 * * 3 3 3  
 * * * * * 1 * * * * * * 
* * * * * * 1 1 1 * * * *
         1 1 * 1         
          1 * *          
           * 1           
            *            
600000 600000 2 1 2

#player 2 sent 3 15 5 17 -1 -1
            *            
           * 2           
          2 2 *          
         2 2 * *         
* * * * * * 2 * 2 * * * *
 * * * * * * * * 2 * * * 
  3 3 * * 3 3 * * * * *  
   3 3 * 2 3 3 * * * *   
    * * 3 * * * * * *    
   * * 2 1 3 3 * * 3 3   
  * * * * 3 3 * * 3 3 3  
 * * * * * 1 * * * * * * 
* * * * * * 1 1 1 * * * *
         1 1 * 1         
          1 * *          
           * 1           
            *            
600000 600000 2 1 1

#player 1 sent 13 15 11 13 -1 -1
            *            
           * 2           
          2 2 *          
         2 2 * *         
* * * * * * 2 * 2 * * * *
 * * * * * * * * 2 * * * 
  3 3 * * 3 3 * * * * *  
   3 3 * 2 3 3 * * * *   
    * * 3 * * * * * *    
   * * 2 1 3 3 * * 3 3   
  * * * * 3 3 * * 3 3 3  
 * * * * * 1 1 * * * * * 
* * * * * * 1 1 1 * * * *
         1 1 * *         
          1 * *          
           * 1           
            *            
600000 600000 2 1 2

#player 2 sent 2 12 6 16 -1 -1
            *            
           * 2           
          2 * *          
         2 2 * *         
* * * * * * 2 * 2 * * * *
 * * * * * * * * 2 * * * 
  3 3 * * 3 3 * 2 * * *  
   3 3 * 2 3 3 * * * *   
    * * 3 * * * * * *    
   * * 2 1 3 3 * * 3 3   
  * * * * 3 3 * * 3 3 3  
 * * * * * 1 1 * * * * * 
* * * * * * 1 1 1 * * * *
         1 1 * *         
          1 * *          
           * 1           
            *            
600000 600000 2 1 1

#player 1 sent 12 12 6 14 -1 -1
            *            
           * 2           
          2 * *          
         2 2 * *         
* * * * * * 2 * 2 * * * *
 * * * * * * * * 2 * * * 
  3 3 * * 3 3 1 2 * * *  
   3 3 * 2 3 3 * * * *   
    * * 3 * * * * * *    
   * * 2 1 3 3 * * 3 3   
  * * * * 3 3 * * 3 3 3  
 * * * * * 1 1 * * * * * 
* * * * * * * 1 1 * * * *
         1 1 * *         
          1 * *          
           * 1           
            *            
600000 600000 2 1 2

#player 2 sent 3 11 7 15 -1 -1
            *            
           * 2           
          2 * *          
         2 * * *         
* * * * * * 2 * 2 * * * *
 * * * * * * * * 2 * * * 
  3 3 * * 3 3 1 2 * * *  
   3 3 * 2 3 3 2 * * *   
    * * 3 * * * * * *    
   * * 2 1 3 3 * * 3 3   
  * * * * 3 3 * * 3 3 3  
 * * * * * 1 1 * * * * * 
* * * * * * * 1 1 * * * *
         1 1 * *         
          1 * *          
           * 1           
            *            
600000 600000 2 1 1

#player 1 sent 14 10 8 12 -1 -1
            *            
           * 2           
          2 * *          
         2 * * *         
* * * * * * 2 * 2 * * * *
 * * * * * * * * 2 * * * 
  3 3 * * 3 3 1 2 * * *  
   3 3 * 2 3 3 2 * * *   
    * * 3 * 1 * * * *    
   * * 2 1 3 3 * * 3 3   
  * * * * 3 3 * * 3 3 3  
 * * * * * 1 1 * * * * * 
* * * * * * * 1 1 * * * *
         1 1 * *         
          * * *          
           * 1           
            *            
600000 600000 2 1 2

#player 2 sent 6 16 10 8 -1 -1
            *            
           * 2           
          2 * *          
         2 * * *         
* * * * * * 2 * 2 * * * *
 * * * * * * * * 2 * * * 
  3 3 * * 3 3 1 * * * *  
   3 3 * 2 3 3 2 * * *   
    * * 3 * 1 * * * *    
   * * 2 1 3 3 * * 3 3   
  * * * 2 3 3 * * 3 3 3  
 * * * * * 1 1 * * * * * 
* * * * * * * 1 1 * * * *
         1 1 * *         
          * * *          
           * 1           
            *            
600000 600000 2 1 1

#player 1 sent 12 16 10 14 -1 -1
            *            
           * 2           
          2 * *          
         2 * * *         
* * * * * * 2 * 2 * * * *
 * * * * * * * * 2 * * * 
  3 3 * * 3 3 1 * * * *  
   3 3 * 2 3 3 2 * * *   
    * * 3 * 1 * * * *    
   * * 2 1 3 3 * * 3 3   
  * * * 2 3 3 1 * 3 3 3  
 * * * * * 1 1 * * * * * 
* * * * * * * 1 * * * * *
         1 1 * *         
          * * *          
           * 1           
            *            
600000 600000 2 1 2

#player 2 sent 9 7 11 9 -1 -1
            *            
           * 2           
          2 * *          
         2 * * *         
* * * * * * 2 * 2 * * * *
 * * * * * * * * 2 * * * 
  3 3 * * 3 3 1 * * * *  
   3 3 * 2 3 3 2 * * *   
    * * 3 * 1 * * * *    
   * * * 1 3 3 * * 3 3   
  * * * 2 3 3 1 * 3 3 3  
 * * * * 2 1 1 * * * * * 
* * * * * * * 1 * * * * *
         1 1 * *         
          * * *          
           * 1           
            *            
600000 600000 2 1 1

#player 1 sent 13 9 11 15 -1 -1
            *            
           * 2           
          2 * *          
         2 * * *         
* * * * * * 2 * 2 * * * *
 * * * * * * * * 2 * * * 
  3 3 * * 3 3 1 * * * *  
   3 3 * 2 3 3 2 * * *   
    * * 3 * 1 * * * *    
   * * * 1 3 3 * * 3 3   
  * * * 2 3 3 1 * 3 3 3  
 * * * * 2 1 1 1 * * * * 
* * * * * * * 1 * * * * *
         * 1 * *         
          * * *          
           * 1           
            *            
600000 600000 2 1 2

#player 2 sent 10 8 14 12 -1 -1
            *            
           * 2           
          2 * *          
         2 * * *         
* * * * * * 2 * 2 * * * *
 * * * * * * * * 2 * * * 
  3 3 * * 3 3 1 * * * *  
   3 3 * 2 3 3 2 * * *   
    * * 3 * 1 * * * *    
   * * * 1 3 3 * * 3 3   
  * * * * 3 3 1 * 3 3 3  
 * * * * 2 1 1 1 * * * * 
* * * * * * * 1 * * * * *
         * 1 * *         
          * 2 *          
           * 1           
            *            
600000 600000 2 1 1

#player 1 sent 12 14 10 16 -1 -1
            *            
           * 2           
          2 * *          
         2 * * *         
* * * * * * 2 * 2 * * * *
 * * * * * * * * 2 * * * 
  3 3 * * 3 3 1 * * * *  
   3 3 * 2 3 3 2 * * *   
    * * 3 * 1 * * * *    
   * * * 1 3 3 * * 3 3   
  * * * * 3 3 1 1 3 3 3  
 * * * * 2 1 1 1 * * * * 
* * * * * * * * * * * * *
         * 1 * *         
          * 2 *          
           * 1           
            *            
600000 600000 2 1 2

#player 2 sent 7 9 9 7 10 8
            *            
           * 2           
          2 * *          
         2 * * *         
* * * * * * 2 * 2 * * * *
 * * * * * * * * 2 * * * 
  3 3 * * 3 3 1 * * * *  
   3 3 * * 3 3 2 * * *   
    * * 3 * 1 * * * *    
   * * 2 1 3 3 * * 3 3   
  * * * 3 3 3 1 1 3 3 3  
 * * * * 2 1 1 1 * * * * 
* * * * * * * * * * * * *
         * 1 * *         
          * 2 *          
           * 1           
            *            
600000 600000 2 0 1

#player 1 sent 11 13 9 15 -1 -1
            *            
           * 2           
          2 * *          
         2 * * *         
* * * * * * 2 * 2 * * * *
 * * * * * * * * 2 * * * 
  3 3 * * 3 3 1 * * * *  
   3 3 * * 3 3 2 * * *   
    * * 3 * 1 * * * *    
   * * 2 1 3 3 1 * 3 3   
  * * * 3 3 3 1 1 3 3 3  
 * * * * 2 1 * 1 * * * * 
* * * * * * * * * * * * *
         * 1 * *         
          * 2 *          
           * 1           
            *            
600000 600000 2 0 2

#player 2 sent 4 16 6 18 -1 -1
            *            
           * 2           
          2 * *          
         2 * * *         
* * * * * * 2 * * * * * *
 * * * * * * * * 2 * * * 
  3 3 * * 3 3 1 * 2 * *  
   3 3 * * 3 3 2 * * *   
    * * 3 * 1 * * * *    
   * * 2 1 3 3 1 * 3 3   
  * * * 3 3 3 1 1 3 3 3  
 * * * * 2 1 * 1 * * * * 
* * * * * * * * * * * * *
         * 1 * *         
          * 2 *          
           * 1           
            *            
600000 600000 2 0 1

#player 1 sent 10 16 6 16 -1 -1
            *            
           * 2           
          2 * *          
         2 * * *         
* * * * * * 2 * * * * * *
 * * * * * * * * 2 * * * 
  3 3 * * 3 3 1 1 2 * *  
   3 3 * * 3 3 2 * * *   
    * * 3 * 1 * * * *    
   * * 2 1 3 3 1 * 3 3   
  * * * 3 3 3 1 * 3 3 3  
 * * * * 2 1 * 1 * * * * 
* * * * * * * * * * * * *
         * 1 * *         
          * 2 *          
           * 1           
            *            
600000 600000 2 0 2

#player 2 sent 5 17 7 19 -1 -1
            *            
           * 2           
          2 * *          
         2 * * *         
* * * * * * 2 * * * * * *
 * * * * * * * * * * * * 
  3 3 * * 3 3 1 1 2 * *  
   3 3 * * 3 3 2 * 2 *   
    * * 3 * 1 * * * *    
   * * 2 1 3 3 1 * 3 3   
  * * * 3 3 3 1 * 3 3 3  
 * * * * 2 1 * 1 * * * * 
* * * * * * * * * * * * *
         * 1 * *         
          * 2 *          
           * 1           
            *            
600000 600000 2 0 1

#player 1 sent 15 13 14 14 -1 -1
            *            
           * 2           
          2 * *          
         2 * * *         
* * * * * * 2 * * * * * *
 * * * * * * * * * * * * 
  3 3 * * 3 3 1 1 2 * *  
   3 3 * * 3 3 2 * 2 *   
    * * 3 * 1 * * * *    
   * * 2 1 3 3 1 * 3 3   
  * * * 3 3 3 1 * 3 3 3  
 * * * * 2 1 * 1 * * * * 
* * * * * * * * * * * * *
         * 1 * *         
          * 2 1          
           * *           
            *            
600000 600000 2 0 2

#player 2 sent 6 18 8 20 -1 -1
            *            
           * 2           
          2 * *          
         2 * * *         
* * * * * * 2 * * * * * *
 * * * * * * * * * * * * 
  3 3 * * 3 3 1 1 * * *  
   3 3 * * 3 3 2 * 2 *   
    * * 3 * 1 * * * 2    
   * * 2 1 3 3 1 * 3 3   
  * * * 3 3 3 1 * 3 3 3  
 * * * * 2 1 * 1 * * * * 
* * * * * * * * * * * * *
         * 1 * *         
          * 2 1          
           * *           
            *            
600000 600000 2 0 1

#player 1 sent 14 14 12 12 -1 -1
            *            
           * 2           
          2 * *          
         2 * * *         
* * * * * * 2 * * * * * *
 * * * * * * * * * * * * 
  3 3 * * 3 3 1 1 * * *  
   3 3 * * 3 3 2 * 2 *   
    * * 3 * 1 * * * 2    
   * * 2 1 3 3 1 * 3 3   
  * * * 3 3 3 1 * 3 3 3  
 * * * * 2 1 * 1 * * * * 
* * * * * * 1 * * * * * *
         * 1 * *         
          * 2 *          
           * *           
            *            
600000 600000 2 0 2

#player 2 sent 2 10 4 8 -1 -1
            *            
           * 2           
          * * *          
         2 * * *         
* * * * 2 * 2 * * * * * *
 * * * * * * * * * * * * 
  3 3 * * 3 3 1 1 * * *  
   3 3 * * 3 3 2 * 2 *   
    * * 3 * 1 * * * 2    
   * * 2 1 3 3 1 * 3 3   
  * * * 3 3 3 1 * 3 3 3  
 * * * * 2 1 * 1 * * * * 
* * * * * * 1 * * * * * *
         * 1 * *         
          * 2 *          
           * *           
            *            
600000 600000 2 0 1

#player 1 sent 13 11 11 13 -1 -1
            *            
           * 2           
          * * *          
         2 * * *         
* * * * 2 * 2 * * * * * *
 * * * * * * * * * * * * 
  3 3 * * 3 3 1 1 * * *  
   3 3 * * 3 3 2 * 2 *   
    * * 3 * 1 * * * 2    
   * * 2 1 3 3 1 * 3 3   
  * * * 3 3 3 1 * 3 3 3  
 * * * * 2 1 1 1 * * * * 
* * * * * * 1 * * * * * *
         * * * *         
          * 2 *          
           * *           
            *            
600000 600000 2 0 2

#player 2 sent 3 9 5 7 -1 -1
            *            
           * 2           
          * * *          
         * * * *         
* * * * 2 * 2 * * * * * *
 * * * 2 * * * * * * * * 
  3 3 * * 3 3 1 1 * * *  
   3 3 * * 3 3 2 * 2 *   
    * * 3 * 1 * * * 2    
   * * 2 1 3 3 1 * 3 3   
  * * * 3 3 3 1 * 3 3 3  
 * * * * 2 1 1 1 * * * * 
* * * * * * 1 * * * * * *
         * * * *         
          * 2 *          
           * *           
            *            
600000 600000 2 0 1

#player 1 sent 10 14 8 16 -1 -1
            *            
           * 2           
          * * *          
         * * * *         
* * * * 2 * 2 * * * * * *
 * * * 2 * * * * * * * * 
  3 3 * * 3 3 1 1 * * *  
   3 3 * * 3 3 2 * 2 *   
    * * 3 * 1 * 1 * 2    
   * * 2 1 3 3 1 * 3 3   
  * * * 3 3 3 * * 3 3 3  
 * * * * 2 1 1 1 * * * * 
* * * * * * 1 * * * * * *
         * * * *         
          * 2 *          
           * *           
            *            
600000 600000 2 0 2

#player 2 sent 4 8 8 4 -1 -1
            *            
           * 2           
          * * *          
         * * * *         
* * * * * * 2 * * * * * *
 * * * 2 * * * * * * * * 
  3 3 * * 3 3 1 1 * * *  
   3 3 * * 3 3 2 * 2 *   
    2 * 3 * 1 * 1 * 2    
   * * 2 1 3 3 1 * 3 3   
  * * * 3 3 3 * * 3 3 3  
 * * * * 2 1 1 1 * * * * 
* * * * * * 1 * * * * * *
         * * * *         
          * 2 *          
           * *           
            *            
600000 600000 2 0 1

#player 1 sent 9 15 5 15 -1 -1
            *            
           * 2           
          * * *          
         * * * *         
* * * * * * 2 * * * * * *
 * * * 2 * * * 1 * * * * 
  3 3 * * 3 3 1 1 * * *  
   3 3 * * 3 3 2 * 2 *   
    2 * 3 * 1 * 1 * 2    
   * * 2 1 3 3 * * 3 3   
  * * * 3 3 3 * * 3 3 3  
 * * * * 2 1 1 1 * * * * 
* * * * * * 1 * * * * * *
         * * * *         
          * 2 *          
           * *           
            *            
600000 600000 2 0 2

#player 2 sent 7 15 11 19 -1 -1
            *            
           * 2           
          * * *          
         * * * *         
* * * * * * 2 * * * * * *
 * * * 2 * * * 1 * * * * 
  3 3 * * 3 3 1 1 * * *  
   3 3 * * 3 3 * * 2 *   
    2 * 3 * 1 * 1 * 2    
   * * 2 1 3 3 * * 3 3   
  * * * 3 3 3 * * 3 3 3  
 * * * * 2 1 1 1 * 2 * * 
* * * * * * 1 * * * * * *
         * * * *         
          * 2 *          
           * *           
            *            
600000 600000 2 0 1

#player 1 sent 12 12 10 14 -1 -1
            *            
           * 2           
          * * *          
         * * * *         
* * * * * * 2 * * * * * *
 * * * 2 * * * 1 * * * * 
  3 3 * * 3 3 1 1 * * *  
   3 3 * * 3 3 * * 2 *   
    2 * 3 * 1 * 1 * 2    
   * * 2 1 3 3 * * 3 3   
  * * * 3 3 3 1 * 3 3 3  
 * * * * 2 1 1 1 * 2 * * 
* * * * * * * * * * * * *
         * * * *         
          * 2 *          
           * *           
            *            
600000 600000 2 0 2

#player 2 sent 14 12 15 11 -1 -1
            *            
           * 2           
          * * *          
         * * * *         
* * * * * * 2 * * * * * *
 * * * 2 * * * 1 * * * * 
  3 3 * * 3 3 1 1 * * *  
   3 3 * * 3 3 * * 2 *   
    2 * 3 * 1 * 1 * 2    
   * * 2 1 3 3 * * 3 3   
  * * * 3 3 3 1 * 3 3 3  
 * * * * 2 1 1 1 * 2 * * 
* * * * * * * * * * * * *
         * * * *         
          * * *          
           2 *           
            *            
600000 600000 2 0 1

#player 1 sent 11 13 7 17 -1 -1
            *            
           * 2           
          * * *          
         * * * *         
* * * * * * 2 * * * * * *
 * * * 2 * * * 1 * * * * 
  3 3 * * 3 3 1 1 * * *  
   3 3 * * 3 3 * 1 2 *   
    2 * 3 * 1 * 1 * 2    
   * * 2 1 3 3 * * 3 3   
  * * * 3 3 3 1 * 3 3 3  
 * * * * 2 1 * 1 * 2 * * 
* * * * * * * * * * * * *
         * * * *         
          * * *          
           2 *           
            *            
600000 600000 2 0 2

#player 2 sent 7 19 9 17 -1 -1
            *            
           * 2           
          * * *          
         * * * *         
* * * * * * 2 * * * * * *
 * * * 2 * * * 1 * * * * 
  3 3 * * 3 3 1 1 * * *  
   3 3 * * 3 3 * 1 * *   
    2 * 3 * 1 * 1 * 2    
   * * 2 1 3 3 * 2 3 3   
  * * * 3 3 3 1 * 3 3 3  
 * * * * 2 1 * 1 * 2 * * 
* * * * * * * * * * * * *
         * * * *         
          * * *          
           2 *           
            *            
600000 600000 2 0 1

#player 1 sent 6 16 4 14 -1 -1
            *            
           * 2           
          * * *          
         * * * *         
* * * * * * 2 1 * * * * *
 * * * 2 * * * 1 * * * * 
  3 3 * * 3 3 1 * * * *  
   3 3 * * 3 3 * 1 * *   
    2 * 3 * 1 * 1 * 2    
   * * 2 1 3 3 * 2 3 3   
  * * * 3 3 3 1 * 3 3 3  
 * * * * 2 1 * 1 * 2 * * 
* * * * * * * * * * * * *
         * * * *         
          * * *          
           2 *           
            *            
600000 600000 2 0 2

#player 2 sent 15 11 16 12 -1 -1
            *            
           * 2           
          * * *          
         * * * *         
* * * * * * 2 1 * * * * *
 * * * 2 * * * 1 * * * * 
  3 3 * * 3 3 1 * * * *  
   3 3 * * 3 3 * 1 * *   
    2 * 3 * 1 * 1 * 2    
   * * 2 1 3 3 * 2 3 3   
  * * * 3 3 3 1 * 3 3 3  
 * * * * 2 1 * 1 * 2 * * 
* * * * * * * * * * * * *
         * * * *         
          * * *          
           * *           
            2            
600000 600000 2 0 1

#player 1 sent 5 15 3 13 -1 -1
            *            
           * 2           
          * * *          
         * * 1 *         
* * * * * * 2 1 * * * * *
 * * * 2 * * * * * * * * 
  3 3 * * 3 3 1 * * * *  
   3 3 * * 3 3 * 1 * *   
    2 * 3 * 1 * 1 * 2    
   * * 2 1 3 3 * 2 3 3   
  * * * 3 3 3 1 * 3 3 3  
 * * * * 2 1 * 1 * 2 * * 
* * * * * * * * * * * * *
         * * * *         
          * * *          
           * *           
            2            
600000 600000 2 0 2

#player 2 sent 11 9 12 10 -1 -1
            *            
           * 2           
          * * *          
         * * 1 *         
* * * * * * 2 1 * * * * *
 * * * 2 * * * * * * * * 
  3 3 * * 3 3 1 * * * *  
   3 3 * * 3 3 * 1 * *   
    2 * 3 * 1 * 1 * 2    
   * * 2 1 3 3 * 2 3 3   
  * * * 3 3 3 1 * 3 3 3  
 * * * * * 1 * 1 * 2 * * 
* * * * * 2 * * * * * * *
         * * * *         
          * * *          
           * *           
            2            
600000 600000 2 0 1

#player 1 sent 9 9 8 10 -1 -1
            *            
           * 2           
          * * *          
         * * 1 *         
* * * * * * 2 1 * * * * *
 * * * 2 * * * * * * * * 
  3 3 * * 3 3 1 * * * *  
   3 3 * * 3 3 * 1 * *   
    2 * 3 1 1 * 1 * 2    
   * * 2 * 3 3 * 2 3 3   
  * * * 3 3 3 1 * 3 3 3  
 * * * * * 1 * 1 * 2 * * 
* * * * * 2 * * * * * * *
         * * * *         
          * * *          
           * *           
            2            
600000 600000 2 0 2

#player 2 sent 9 7 13 11 -1 -1
            *            
           * 2           
          * * *          
         * * 1 *         
* * * * * * 2 1 * * * * *
 * * * 2 * * * * * * * * 
  3 3 * * 3 3 1 * * * *  
   3 3 * * 3 3 * 1 * *   
    2 * 3 1 1 * 1 * 2    
   * * * * 3 3 * 2 3 3   
  * * * 3 3 3 1 * 3 3 3  
 * * * * * 1 * 1 * 2 * * 
* * * * * 2 * * * * * * *
         * 2 * *         
          * * *          
           * *           
            2            
600000 600000 2 0 1

#player 1 sent 11 11 7 7 -1 -1
            *            
           * 2           
          * * *          
         * * 1 *         
* * * * * * 2 1 * * * * *
 * * * 2 * * * * * * * * 
  3 3 * * 3 3 1 * * * *  
   3 3 1 * 3 3 * 1 * *   
    2 * 3 1 1 * 1 * 2    
   * * * * 3 3 * 2 3 3   
  * * * 3 3 3 1 * 3 3 3  
 * * * * * * * 1 * 2 * * 
* * * * * 2 * * * * * * *
         * 2 * *         
          * * *          
           * *           
            2            
600000 600000 2 0 2

#player 2 sent 12 10 14 12 -1 -1
            *            
           * 2           
          * * *          
         * * 1 *         
* * * * * * 2 1 * * * * *
 * * * 2 * * * * * * * * 
  3 3 * * 3 3 1 * * * *  
   3 3 1 * 3 3 * 1 * *   
    2 * 3 1 1 * 1 * 2    
   * * * * 3 3 * 2 3 3   
  * * * 3 3 3 1 * 3 3 3  
 * * * * * * * 1 * 2 * * 
* * * * * * * * * * * * *
         * 2 * *         
          * 2 *          
           * *           
            2            
600000 600000 2 0 1

#player 1 sent 7 17 6 16 -1 -1
            *            
           * 2           
          * * *          
         * * 1 *         
* * * * * * 2 1 * * * * *
 * * * 2 * * * * * * * * 
  3 3 * * 3 3 1 1 * * *  
   3 3 1 * 3 3 * * * *   
    2 * 3 1 1 * 1 * 2    
   * * * * 3 3 * 2 3 3   
  * * * 3 3 3 1 * 3 3 3  
 * * * * * * * 1 * 2 * * 
* * * * * * * * * * * * *
         * 2 * *         
          * 2 *          
           * *           
            2            
600000 600000 2 0 2

#player 2 sent 13 11 15 13 -1 -1
            *            
           * 2           
          * * *          
         * * 1 *         
* * * * * * 2 1 * * * * *
 * * * 2 * * * * * * * * 
  3 3 * * 3 3 1 1 * * *  
   3 3 1 * 3 3 * * * *   
    2 * 3 1 1 * 1 * 2    
   * * * * 3 3 * 2 3 3   
  * * * 3 3 3 1 * 3 3 3  
 * * * * * * * 1 * 2 * * 
* * * * * * * * * * * * *
         * * * *         
          * 2 *          
           * 2           
            2            
600000 600000 2 0 1

#player 1 sent 8 16 7 15 -1 -1
            *            
           * 2           
          * * *          
         * * 1 *         
* * * * * * 2 1 * * * * *
 * * * 2 * * * * * * * * 
  3 3 * * 3 3 1 1 * * *  
   3 3 1 * 3 3 1 * * *   
    2 * 3 1 1 * * * 2    
   * * * * 3 3 * 2 3 3   
  * * * 3 3 3 1 * 3 3 3  
 * * * * * * * 1 * 2 * * 
* * * * * * * * * * * * *
         * * * *         
          * 2 *          
           * 2           
            2            
600000 600000 2 0 2

#player 2 sent 14 12 15 11 -1 -1
            *            
           * 2           
          * * *          
         * * 1 *         
* * * * * * 2 1 * * * * *
 * * * 2 * * * * * * * * 
  3 3 * * 3 3 1 1 * * *  
   3 3 1 * 3 3 1 * * *   
    2 * 3 1 1 * * * 2    
   * * * * 3 3 * 2 3 3   
  * * * 3 3 3 1 * 3 3 3  
 * * * * * * * 1 * 2 * * 
* * * * * * * * * * * * *
         * * * *         
          * * *          
           2 2           
            2            
600000 600000 2 0 1

#player 1 sent 7 15 3 11 -1 -1
            *            
           * 2           
          * * *          
         * 1 1 *         
* * * * * * 2 1 * * * * *
 * * * 2 * * * * * * * * 
  3 3 * * 3 3 1 1 * * *  
   3 3 1 * 3 3 * * * *   
    2 * 3 1 1 * * * 2    
   * * * * 3 3 * 2 3 3   
  * * * 3 3 3 1 * 3 3 3  
 * * * * * * * 1 * 2 * * 
* * * * * * * * * * * * *
         * * * *         
          * * *          
           2 2           
            2            
600000 600000 2 0 2

#player 2 sent 11 19 12 18 -1 -1
            *            
           * 2           
          * * *          
         * 1 1 *         
* * * * * * 2 1 * * * * *
 * * * 2 * * * * * * * * 
  3 3 * * 3 3 1 1 * * *  
   3 3 1 * 3 3 * * * *   
    2 * 3 1 1 * * * 2    
   * * * * 3 3 * 2 3 3   
  * * * 3 3 3 1 * 3 3 3  
 * * * * * * * 1 * * * * 
* * * * * * * * * 2 * * *
         * * * *         
          * * *          
           2 2           
            2            
600000 600000 2 0 1

#player 1 sent 7 7 6 8 -1 -1
            *            
           * 2           
          * * *          
         * 1 1 *         
* * * * * * 2 1 * * * * *
 * * * 2 * * * * * * * * 
  3 3 * 1 3 3 1 1 * * *  
   3 3 * * 3 3 * * * *   
    2 * 3 1 1 * * * 2    
   * * * * 3 3 * 2 3 3   
  * * * 3 3 3 1 * 3 3 3  
 * * * * * * * 1 * * * * 
* * * * * * * * * 2 * * *
         * * * *         
          * * *          
           2 2           
            2            
600000 600000 2 0 2

#player 2 sent 5 7 11 9 -1 -1
            *            
           * 2           
          * * *          
         * 1 1 *         
* * * * * * 2 1 * * * * *
 * * * * * * * * * * * * 
  3 3 * 1 3 3 1 1 * * *  
   3 3 * * 3 3 * * * *   
    2 * 3 1 1 * * * 2    
   * * * * 3 3 * 2 3 3   
  * * * 3 3 3 1 * 3 3 3  
 * * * * 2 * * 1 * * * * 
* * * * * * * * * 2 * * *
         * * * *         
          * * *          
           2 2           
            2            
600000 600000 2 0 1

#player 1 sent 6 16 5 15 -1 -1
            *            
           * 2           
          * * *          
         * 1 1 *         
* * * * * * 2 1 * * * * *
 * * * * * * * 1 * * * * 
  3 3 * 1 3 3 1 * * * *  
   3 3 * * 3 3 * * * *   
    2 * 3 1 1 * * * 2    
   * * * * 3 3 * 2 3 3   
  * * * 3 3 3 1 * 3 3 3  
 * * * * 2 * * 1 * * * * 
* * * * * * * * * 2 * * *
         * * * *         
          * * *          
           2 2           
            2            
600000 600000 2 0 2

#player 2 sent 12 18 12 16 -1 -1
            *            
           * 2           
          * * *          
         * 1 1 *         
* * * * * * 2 1 * * * * *
 * * * * * * * 1 * * * * 
  3 3 * 1 3 3 1 * * * *  
   3 3 * * 3 3 * * * *   
    2 * 3 1 1 * * * 2    
   * * * * 3 3 * 2 3 3   
  * * * 3 3 3 1 * 3 3 3  
 * * * * 2 * * 1 * * * * 
* * * * * * * * 2 * * * *
         * * * *         
          * * *          
           2 2           
            2            
600000 600000 2 0 1

#player 1 sent 6 8 5 9 -1 -1
            *            
           * 2           
          * * *          
         * 1 1 *         
* * * * * * 2 1 * * * * *
 * * * * 1 * * 1 * * * * 
  3 3 * * 3 3 1 * * * *  
   3 3 * * 3 3 * * * *   
    2 * 3 1 1 * * * 2    
   * * * * 3 3 * 2 3 3   
  * * * 3 3 3 1 * 3 3 3  
 * * * * 2 * * 1 * * * * 
* * * * * * * * 2 * * * *
         * * * *         
          * * *          
           2 2           
            2            
600000 600000 2 0 2

#player 2 sent 12 16 13 15 -1 -1
            *            
           * 2           
          * * *          
         * 1 1 *         
* * * * * * 2 1 * * * * *
 * * * * 1 * * 1 * * * * 
  3 3 * * 3 3 1 * * * *  
   3 3 * * 3 3 * * * *   
    2 * 3 1 1 * * * 2    
   * * * * 3 3 * 2 3 3   
  * * * 3 3 3 1 * 3 3 3  
 * * * * 2 * * 1 * * * * 
* * * * * * * * * * * * *
         * * * 2         
          * * *          
           2 2           
            2            
600000 600000 2 0 1

#player 1 sent 4 14 2 12 -1 -1
            *            
           * 2           
          * 1 *          
         * 1 1 *         
* * * * * * 2 * * * * * *
 * * * * 1 * * 1 * * * * 
  3 3 * * 3 3 1 * * * *  
   3 3 * * 3 3 * * * *   
    2 * 3 1 1 * * * 2    
   * * * * 3 3 * 2 3 3   
  * * * 3 3 3 1 * 3 3 3  
 * * * * 2 * * 1 * * * * 
* * * * * * * * * * * * *
         * * * 2         
          * * *          
           2 2           
            2            
600000 600000 2 0 2

#player 2 sent 13 15 14 14 -1 -1
            *            
           * 2           
          * 1 *          
         * 1 1 *         
* * * * * * 2 * * * * * *
 * * * * 1 * * 1 * * * * 
  3 3 * * 3 3 1 * * * *  
   3 3 * * 3 3 * * * *   
    2 * 3 1 1 * * * 2    
   * * * * 3 3 * 2 3 3   
  * * * 3 3 3 1 * 3 3 3  
 * * * * 2 * * 1 * * * * 
* * * * * * * * * * * * *
         * * * *         
          * * 2          
           2 2           
            2            
600000 600000 2 0 1

#player 1 sent 11 15 10 16 -1 -1
            *            
           * 2           
          * 1 *          
         * 1 1 *         
* * * * * * 2 * * * * * *
 * * * * 1 * * 1 * * * * 
  3 3 * * 3 3 1 * * * *  
   3 3 * * 3 3 * * * *   
    2 * 3 1 1 * * * 2    
   * * * * 3 3 * 2 3 3   
  * * * 3 3 3 1 1 3 3 3  
 * * * * 2 * * * * * * * 
* * * * * * * * * * * * *
         * * * *         
          * * 2          
           2 2           
            2            
600000 600000 2 0 2

#player 2 sent 9 17 11 15 -1 -1
            *            
           * 2           
          * 1 *          
         * 1 1 *         
* * * * * * 2 * * * * * *
 * * * * 1 * * 1 * * * * 
  3 3 * * 3 3 1 * * * *  
   3 3 * * 3 3 * * * *   
    2 * 3 1 1 * * * 2    
   * * * * 3 3 * * 3 3   
  * * * 3 3 3 1 1 3 3 3  
 * * * * 2 * * 2 * * * * 
* * * * * * * * * * * * *
         * * * *         
          * * 2          
           2 2           
            2            
600000 600000 2 0 1

#player 1 sent 10 16 9 15 -1 -1
            *            
           * 2           
          * 1 *          
         * 1 1 *         
* * * * * * 2 * * * * * *
 * * * * 1 * * 1 * * * * 
  3 3 * * 3 3 1 * * * *  
   3 3 * * 3 3 * * * *   
    2 * 3 1 1 * * * 2    
   * * * * 3 3 1 * 3 3   
  * * * 3 3 3 1 * 3 3 3  
 * * * * 2 * * 2 * * * * 
* * * * * * * * * * * * *
         * * * *         
          * * 2          
           2 2           
            2            
600000 600000 2 0 2

#player 2 sent 11 15 12 16 -1 -1
            *            
           * 2           
          * 1 *          
         * 1 1 *         
* * * * * * 2 * * * * * *
 * * * * 1 * * 1 * * * * 
  3 3 * * 3 3 1 * * * *  
   3 3 * * 3 3 * * * *   
    2 * 3 1 1 * * * 2    
   * * * * 3 3 1 * 3 3   
  * * * 3 3 3 1 * 3 3 3  
 * * * * 2 * * * * * * * 
* * * * * * * * 2 * * * *
         * * * *         
          * * 2          
           2 2           
            2            
600000 600000 2 0 1

#player 1 sent 10 14 8 16 -1 -1
            *            
           * 2           
          * 1 *          
         * 1 1 *         
* * * * * * 2 * * * * * *
 * * * * 1 * * 1 * * * * 
  3 3 * * 3 3 1 * * * *  
   3 3 * * 3 3 * * * *   
    2 * 3 1 1 * 1 * 2    
   * * * * 3 3 1 * 3 3   
  * * * 3 3 3 * * 3 3 3  
 * * * * 2 * * * * * * * 
* * * * * * * * 2 * * * *
         * * * *         
          * * 2          
           2 2           
            2            
600000 600000 2 0 2

#player 2 sent 12 16 13 15 -1 -1
            *            
           * 2           
          * 1 *          
         * 1 1 *         
* * * * * * 2 * * * * * *
 * * * * 1 * * 1 * * * * 
  3 3 * * 3 3 1 * * * *  
   3 3 * * 3 3 * * * *   
    2 * 3 1 1 * 1 * 2    
   * * * * 3 3 1 * 3 3   
  * * * 3 3 3 * * 3 3 3  
 * * * * 2 * * * * * * * 
* * * * * * * * * * * * *
         * * * 2         
          * * 2          
           2 2           
            2            
600000 600000 2 0 1

#player 1 sent 9 15 8 14 -1 -1
            *            
           * 2           
          * 1 *          
         * 1 1 *         
* * * * * * 2 * * * * * *
 * * * * 1 * * 1 * * * * 
  3 3 * * 3 3 1 * * * *  
   3 3 * * 3 3 * * * *   
    2 * 3 1 1 1 1 * 2    
   * * * * 3 3 * * 3 3   
  * * * 3 3 3 * * 3 3 3  
 * * * * 2 * * * * * * * 
* * * * * * * * * * * * *
         * * * 2         
          * * 2          
           2 2           
            2            
600000 600000 2 0 2

#player 2 sent 11 9 12 8 -1 -1
            *            
           * 2           
          * 1 *          
         * 1 1 *         
* * * * * * 2 * * * * * *
 * * * * 1 * * 1 * * * * 
  3 3 * * 3 3 1 * * * *  
   3 3 * * 3 3 * * * *   
    2 * 3 1 1 1 1 * 2    
   * * * * 3 3 * * 3 3   
  * * * 3 3 3 * * 3 3 3  
 * * * * * * * * * * * * 
* * * * 2 * * * * * * * *
         * * * 2         
          * * 2          
           2 2           
            2            
600000 600000 2 0 1

#player 1 sent 8 16 7 15 -1 -1
            *            
           * 2           
          * 1 *          
         * 1 1 *         
* * * * * * 2 * * * * * *
 * * * * 1 * * 1 * * * * 
  3 3 * * 3 3 1 * * * *  
   3 3 * * 3 3 1 * * *   
    2 * 3 1 1 1 * * 2    
   * * * * 3 3 * * 3 3   
  * * * 3 3 3 * * 3 3 3  
 * * * * * * * * * * * * 
* * * * 2 * * * * * * * *
         * * * 2         
          * * 2          
           2 2           
            2            
600000 600000 2 0 2

#player 2 sent 12 8 13 9 -1 -1
            *            
           * 2           
          * 1 *          
         * 1 1 *         
* * * * * * 2 * * * * * *
 * * * * 1 * * 1 * * * * 
  3 3 * * 3 3 1 * * * *  
   3 3 * * 3 3 1 * * *   
    2 * 3 1 1 1 * * 2    
   * * * * 3 3 * * 3 3   
  * * * 3 3 3 * * 3 3 3  
 * * * * * * * * * * * * 
* * * * * * * * * * * * *
         2 * * 2         
          * * 2          
           2 2           
            2            
600000 600000 2 0 1

#player 1 sent 8 14 4 10 -1 -1
            *            
           * 2           
          * 1 *          
         * 1 1 *         
* * * * * 1 2 * * * * * *
 * * * * 1 * * 1 * * * * 
  3 3 * * 3 3 1 * * * *  
   3 3 * * 3 3 1 * * *   
    2 * 3 1 1 * * * 2    
   * * * * 3 3 * * 3 3   
  * * * 3 3 3 * * 3 3 3  
 * * * * * * * * * * * * 
* * * * * * * * * * * * *
         2 * * 2         
          * * 2          
           2 2           
            2            
600000 600000 2 0 2

#player 2 sent 13 9 14 10 -1 -1
            *            
           * 2           
          * 1 *          
         * 1 1 *         
* * * * * 1 2 * * * * * *
 * * * * 1 * * 1 * * * * 
  3 3 * * 3 3 1 * * * *  
   3 3 * * 3 3 1 * * *   
    2 * 3 1 1 * * * 2    
   * * * * 3 3 * * 3 3   
  * * * 3 3 3 * * 3 3 3  
 * * * * * * * * * * * * 
* * * * * * * * * * * * *
         * * * 2         
          2 * 2          
           2 2           
            2            
600000 600000 2 0 1

#player 1 sent 8 10 4 14 -1 -1
            *            
           * 2           
          * 1 *          
         * 1 1 *         
* * * * * 1 2 1 * * * * *
 * * * * 1 * * 1 * * * * 
  3 3 * * 3 3 1 * * * *  
   3 3 * * 3 3 1 * * *   
    2 * 3 * 1 * * * 2    
   * * * * 3 3 * * 3 3   
  * * * 3 3 3 * * 3 3 3  
 * * * * * * * * * * * * 
* * * * * * * * * * * * *
         * * * 2         
          2 * 2          
           2 2           
            2            
600000 600000 2 0 2

#player 2 sent 8 4 9 5 -1 -1
            *            
           * 2           
          * 1 *          
         * 1 1 *         
* * * * * 1 2 1 * * * * *
 * * * * 1 * * 1 * * * * 
  3 3 * * 3 3 1 * * * *  
   3 3 * * 3 3 1 * * *   
    * * 3 * 1 * * * 2    
   * 2 * * 3 3 * * 3 3   
  * * * 3 3 3 * * 3 3 3  
 * * * * * * * * * * * * 
* * * * * * * * * * * * *
         * * * 2         
          2 * 2          
           2 2           
            2            
600000 600000 2 0 1

#player 1 sent 7 15 3 15 -1 -1
            *            
           * 2           
          * 1 *          
         * 1 1 1         
* * * * * 1 2 1 * * * * *
 * * * * 1 * * 1 * * * * 
  3 3 * * 3 3 1 * * * *  
   3 3 * * 3 3 * * * *   
    * * 3 * 1 * * * 2    
   * 2 * * 3 3 * * 3 3   
  * * * 3 3 3 * * 3 3 3  
 * * * * * * * * * * * * 
* * * * * * * * * * * * *
         * * * 2         
          2 * 2          
           2 2           
            2            
600000 600000 2 0 2

#player 2 sent 9 5 10 6 -1 -1
            *            
           * 2           
          * 1 *          
         * 1 1 1         
* * * * * 1 2 1 * * * * *
 * * * * 1 * * 1 * * * * 
  3 3 * * 3 3 1 * * * *  
   3 3 * * 3 3 * * * *   
    * * 3 * 1 * * * 2    
   * * * * 3 3 * * 3 3   
  * * 2 3 3 3 * * 3 3 3  
 * * * * * * * * * * * * 
* * * * * * * * * * * * *
         * * * 2         
          2 * 2          
           2 2           
            2            
600000 600000 2 0 1

#player 1 sent 6 14 0 12 -1 -1
            1            
           * 2           
          * 1 *          
         * 1 1 1         
* * * * * 1 2 1 * * * * *
 * * * * 1 * * 1 * * * * 
  3 3 * * 3 3 * * * * *  
   3 3 * * 3 3 * * * *   
    * * 3 * 1 * * * 2    
   * * * * 3 3 * * 3 3   
  * * 2 3 3 3 * * 3 3 3  
 * * * * * * * * * * * * 
* * * * * * * * * * * * *
         * * * 2         
          2 * 2          
           2 2           
            2            
600000 600000 2 0 2

#player 2 sent 4 12 6 14 -1 -1
            1            
           * 2           
          * 1 *          
         * 1 1 1         
* * * * * 1 * 1 * * * * *
 * * * * 1 * * 1 * * * * 
  3 3 * * 3 3 2 * * * *  
   3 3 * * 3 3 * * * *   
    * * 3 * 1 * * * 2    
   * * * * 3 3 * * 3 3   
  * * 2 3 3 3 * * 3 3 3  
 * * * * * * * * * * * * 
* * * * * * * * * * * * *
         * * * 2         
          2 * 2          
           2 2           
            2            
600000 600000 2 0 1

#player 1 sent 5 9 5 11 -1 -1
            1            
           * 2           
          * 1 *          
         * 1 1 1         
* * * * * 1 * 1 * * * * *
 * * * * * 1 * 1 * * * * 
  3 3 * * 3 3 2 * * * *  
   3 3 * * 3 3 * * * *   
    * * 3 * 1 * * * 2    
   * * * * 3 3 * * 3 3   
  * * 2 3 3 3 * * 3 3 3  
 * * * * * * * * * * * * 
* * * * * * * * * * * * *
         * * * 2         
          2 * 2          
           2 2           
            2            
600000 600000 2 0 2

#player 2 sent 10 6 11 7 -1 -1
            1            
           * 2           
          * 1 *          
         * 1 1 1         
* * * * * 1 * 1 * * * * *
 * * * * * 1 * 1 * * * * 
  3 3 * * 3 3 2 * * * *  
   3 3 * * 3 3 * * * *   
    * * 3 * 1 * * * 2    
   * * * * 3 3 * * 3 3   
  * * * 3 3 3 * * 3 3 3  
 * * * 2 * * * * * * * * 
* * * * * * * * * * * * *
         * * * 2         
          2 * 2          
           2 2           
            2            
600000 600000 2 0 1

#player 1 sent 5 11 3 9 -1 -1
            1            
           * 2           
          * 1 *          
         1 1 1 1         
* * * * * 1 * 1 * * * * *
 * * * * * * * 1 * * * * 
  3 3 * * 3 3 2 * * * *  
   3 3 * * 3 3 * * * *   
    * * 3 * 1 * * * 2    
   * * * * 3 3 * * 3 3   
  * * * 3 3 3 * * 3 3 3  
 * * * 2 * * * * * * * * 
* * * * * * * * * * * * *
         * * * 2         
          2 * 2          
           2 2           
            2            
600000 600000 2 0 2

#player 2 sent 11 7 12 8 -1 -1
            1            
           * 2           
          * 1 *          
         1 1 1 1         
* * * * * 1 * 1 * * * * *
 * * * * * * * 1 * * * * 
  3 3 * * 3 3 2 * * * *  
   3 3 * * 3 3 * * * *   
    * * 3 * 1 * * * 2    
   * * * * 3 3 * * 3 3   
  * * * 3 3 3 * * 3 3 3  
 * * * * * * * * * * * * 
* * * * 2 * * * * * * * *
         * * * 2         
          2 * 2          
           2 2           
            2            
600000 600000 2 0 1

#player 1 sent 5 15 5 13 -1 -1
            1            
           * 2           
          * 1 *          
         1 1 1 1         
* * * * * 1 * 1 * * * * *
 * * * * * * 1 * * * * * 
  3 3 * * 3 3 2 * * * *  
   3 3 * * 3 3 * * * *   
    * * 3 * 1 * * * 2    
   * * * * 3 3 * * 3 3   
  * * * 3 3 3 * * 3 3 3  
 * * * * * * * * * * * * 
* * * * 2 * * * * * * * *
         * * * 2         
          2 * 2          
           2 2           
            2            
600000 600000 2 0 2

#player 2 sent 12 8 13 9 -1 -1
            1            
           * 2           
          * 1 *          
         1 1 1 1         
* * * * * 1 * 1 * * * * *
 * * * * * * 1 * * * * * 
  3 3 * * 3 3 2 * * * *  
   3 3 * * 3 3 * * * *   
    * * 3 * 1 * * * 2    
   * * * * 3 3 * * 3 3   
  * * * 3 3 3 * * 3 3 3  
 * * * * * * * * * * * * 
* * * * * * * * * * * * *
         2 * * 2         
          2 * 2          
           2 2           
            2            
600000 600000 2 0 1

#player 1 sent 5 13 4 12 -1 -1
            1            
           * 2           
          * 1 *          
         1 1 1 1         
* * * * * 1 1 1 * * * * *
 * * * * * * * * * * * * 
  3 3 * * 3 3 2 * * * *  
   3 3 * * 3 3 * * * *   
    * * 3 * 1 * * * 2    
   * * * * 3 3 * * 3 3   
  * * * 3 3 3 * * 3 3 3  
 * * * * * * * * * * * * 
* * * * * * * * * * * * *
         2 * * 2         
          2 * 2          
           2 2           
            2            
600000 600000 2 0 2

#player 2 sent 6 14 7 15 -1 -1
            1            
           * 2           
          * 1 *          
         1 1 1 1         
* * * * * 1 1 1 * * * * *
 * * * * * * * * * * * * 
  3 3 * * 3 3 * * * * *  
   3 3 * * 3 3 2 * * *   
    * * 3 * 1 * * * 2    
   * * * * 3 3 * * 3 3   
  * * * 3 3 3 * * 3 3 3  
 * * * * * * * * * * * * 
* * * * * * * * * * * * *
         2 * * 2         
          2 * 2          
           2 2           
            2            
600000 600000 2 0 1

#player 1 sent 4 12 2 14 -1 -1
            1            
           * 2           
          * 1 1          
         1 1 1 1         
* * * * * 1 * 1 * * * * *
 * * * * * * * * * * * * 
  3 3 * * 3 3 * * * * *  
   3 3 * * 3 3 2 * * *   
    * * 3 * 1 * * * 2    
   * * * * 3 3 * * 3 3   
  * * * 3 3 3 * * 3 3 3  
 * * * * * * * * * * * * 
* * * * * * * * * * * * *
         2 * * 2         
          2 * 2          
           2 2           
            2            
600000 600000 2 0 2

#player 2 sent 7 15 8 14 -1 -1
            1            
           * 2           
          * 1 1          
         1 1 1 1         
* * * * * 1 * 1 * * * * *
 * * * * * * * * * * * * 
  3 3 * * 3 3 * * * * *  
   3 3 * * 3 3 * * * *   
    * * 3 * 1 2 * * 2    
   * * * * 3 3 * * 3 3   
  * * * 3 3 3 * * 3 3 3  
 * * * * * * * * * * * * 
* * * * * * * * * * * * *
         2 * * 2         
          2 * 2          
           2 2           
            2            
600000 600000 2 0 1

#player 1 sent 8 12 6 14 -1 -1
            1            
           * 2           
          * 1 1          
         1 1 1 1         
* * * * * 1 * 1 * * * * *
 * * * * * * * * * * * * 
  3 3 * * 3 3 1 * * * *  
   3 3 * * 3 3 * * * *   
    * * 3 * * 2 * * 2    
   * * * * 3 3 * * 3 3   
  * * * 3 3 3 * * 3 3 3  
 * * * * * * * * * * * * 
* * * * * * * * * * * * *
         2 * * 2         
          2 * 2          
           2 2           
            2            
600000 600000 2 0 2

#player 2 sent 8 14 9 15 -1 -1
            1            
           * 2           
          * 1 1          
         1 1 1 1         
* * * * * 1 * 1 * * * * *
 * * * * * * * * * * * * 
  3 3 * * 3 3 1 * * * *  
   3 3 * * 3 3 * * * *   
    * * 3 * * * * * 2    
   * * * * 3 3 2 * 3 3   
  * * * 3 3 3 * * 3 3 3  
 * * * * * * * * * * * * 
* * * * * * * * * * * * *
         2 * * 2         
          2 * 2          
           2 2           
            2            
600000 600000 2 0 1

#player 1 sent 6 14 5 13 -1 -1
            1            
           * 2           
          * 1 1          
         1 1 1 1         
* * * * * 1 * 1 * * * * *
 * * * * * * 1 * * * * * 
  3 3 * * 3 3 * * * * *  
   3 3 * * 3 3 * * * *   
    * * 3 * * * * * 2    
   * * * * 3 3 2 * 3 3   
  * * * 3 3 3 * * 3 3 3  
 * * * * * * * * * * * * 
* * * * * * * * * * * * *
         2 * * 2         
          2 * 2          
           2 2           
            2            
600000 600000 2 0 2

#player 2 sent 9 15 10 16 -1 -1
            1            
           * 2           
          * 1 1          
         1 1 1 1         
* * * * * 1 * 1 * * * * *
 * * * * * * 1 * * * * * 
  3 3 * * 3 3 * * * * *  
   3 3 * * 3 3 * * * *   
    * * 3 * * * * * 2    
   * * * * 3 3 * * 3 3   
  * * * 3 3 3 * 2 3 3 3  
 * * * * * * * * * * * * 
* * * * * * * * * * * * *
         2 * * 2         
          2 * 2          
           2 2           
            2            
600000 600000 2 0 1

#player 1 sent 5 13 4 12 -1 -1
            1            
           * 2           
          * 1 1          
         1 1 1 1         
* * * * * 1 1 1 * * * * *
 * * * * * * * * * * * * 
  3 3 * * 3 3 * * * * *  
   3 3 * * 3 3 * * * *   
    * * 3 * * * * * 2    
   * * * * 3 3 * * 3 3   
  * * * 3 3 3 * 2 3 3 3  
 * * * * * * * * * * * * 
* * * * * * * * * * * * *
         2 * * 2         
          2 * 2          
           2 2           
            2            
600000 600000 2 0 2

#player 2 sent 10 16 11 15 -1 -1
            1            
           * 2           
          * 1 1          
         1 1 1 1         
* * * * * 1 1 1 * * * * *
 * * * * * * * * * * * * 
  3 3 * * 3 3 * * * * *  
   3 3 * * 3 3 * * * *   
    * * 3 * * * * * 2    
   * * * * 3 3 * * 3 3   
  * * * 3 3 3 * * 3 3 3  
 * * * * * * * 2 * * * * 
* * * * * * * * * * * * *
         2 * * 2         
          2 * 2          
           2 2           
            2            
600000 600000 2 0 1

#player 1 sent 4 12 2 10 -1 -1
            1            
           * 2           
          1 1 1          
         1 1 1 1         
* * * * * 1 * 1 * * * * *
 * * * * * * * * * * * * 
  3 3 * * 3 3 * * * * *  
   3 3 * * 3 3 * * * *   
    * * 3 * * * * * 2    
   * * * * 3 3 * * 3 3   
  * * * 3 3 3 * * 3 3 3  
 * * * * * * * 2 * * * * 
* * * * * * * * * * * * *
         2 * * 2         
          2 * 2          
           2 2           
            2            
600000 600000 2 0 2

#player 2 sent 11 15 12 14 -1 -1
            1            
           * 2           
          1 1 1          
         1 1 1 1         
* * * * * 1 * 1 * * * * *
 * * * * * * * * * * * * 
  3 3 * * 3 3 * * * * *  
   3 3 * * 3 3 * * * *   
    * * 3 * * * * * 2    
   * * * * 3 3 * * 3 3   
  * * * 3 3 3 * * 3 3 3  
 * * * * * * * * * * * * 
* * * * * * * 2 * * * * *
         2 * * 2         
          2 * 2          
           2 2           
            2            
600000 600000 2 0 1

#player 1 sent 3 9 1 11 -1 -1
            1            
           1 2           
          1 1 1          
         * 1 1 1         
* * * * * 1 * 1 * * * * *
 * * * * * * * * * * * * 
  3 3 * * 3 3 * * * * *  
   3 3 * * 3 3 * * * *   
    * * 3 * * * * * 2    
   * * * * 3 3 * * 3 3   
  * * * 3 3 3 * * 3 3 3  
 * * * * * * * * * * * * 
* * * * * * * 2 * * * * *
         2 * * 2         
          2 * 2          
           2 2           
            2            
600000 600000 2 0 2

#player 2 sent 12 14 13 13 -1 -1
            1            
           1 2           
          1 1 1          
         * 1 1 1         
* * * * * 1 * 1 * * * * *
 * * * * * * * * * * * * 
  3 3 * * 3 3 * * * * *  
   3 3 * * 3 3 * * * *   
    * * 3 * * * * * 2    
   * * * * 3 3 * * 3 3   
  * * * 3 3 3 * * 3 3 3  
 * * * * * * * * * * * * 
* * * * * * * * * * * * *
         2 * 2 2         
          2 * 2          
           2 2           
            2            
600000 600000 2 0 1

#player 1 sent 4 10 3 9 -1 -1
            1            
           1 2           
          1 1 1          
         1 1 1 1         
* * * * * * * 1 * * * * *
 * * * * * * * * * * * * 
  3 3 * * 3 3 * * * * *  
   3 3 * * 3 3 * * * *   
    * * 3 * * * * * 2    
   * * * * 3 3 * * 3 3   
  * * * 3 3 3 * * 3 3 3  
 * * * * * * * * * * * * 
* * * * * * * * * * * * *
         2 * 2 2         
          2 * 2          
           2 2           
            2            
600000 600000 2 0 2

#winner=1
#Time left for player1 is 598923 player 2 599944
