Init state
            2            
           2 2           
          2 2 2          
         2 2 2 2         
0 0 0 0 0 0 0 0 0 0 0 0 0
 0 0 0 0 0 0 0 0 0 0 0 0 
  0 0 0 0 0 0 0 0 0 0 0  
   0 0 0 0 0 0 0 0 0 0   
    0 0 0 0 0 0 0 0 0    
   0 0 0 0 0 0 0 0 0 0   
  0 0 0 0 0 0 0 0 0 0 0  
 0 0 0 0 0 0 0 0 0 0 0 0 
0 0 0 0 0 0 0 0 0 0 0 0 0
         1 1 1 1         
          1 1 1          
           1 1           
            1            
600000 600000 2 2 1

Number of states visited: 6
turn = 1   myturn = 1
It is my turn and I am thinking
My move: 14 10 12 12 -1 -1
            2            
           2 2           
          2 2 2          
         2 2 2 2         
* * * * * * * * * * * * *
 * * * * * * * * * * * * 
  * * * * * * * * * * *  
   * * * * * * * * * *   
    * * * * * * * * *    
   * * * * * * * * * *   
  * * * * * * * * * * *  
 * * * * * * * * * * * * 
* * * * * * 1 * * * * * *
         1 1 1 1         
          * 1 1          
           1 1           
            1            
600000 600000 2 2 2

turn = 2   myturn = 1
OK lemme think...
            2            
           2 2           
          2 2 *          
         2 2 2 2         
* * * * * * 2 * * * * * *
 * * * * * * * * * * * * 
  * * * * * * * * * * *  
   * * * * * * * * * *   
    * * * * * * * * *    
   * * * * * * * * * *   
  * * * * * * * * * * *  
 * * * * * * * * * * * * 
* * * * * * 1 * * * * * *
         1 1 1 1         
          * 1 1          
           1 1           
            1            
600000 600000 2 2 1

turn = 1   myturn = 1
It is my turn and I am thinking
Opponent's move: 2 14 4 12 -1 -1
My move: 16 12 12 8 -1 -1
            2            
           2 2           
          2 2 *          
         2 2 2 2         
* * * * * * 2 * * * * * *
 * * * * * * * * * * * * 
  * * * * * * * * * * *  
   * * * * * * * * * *   
    * * * * * * * * *    
   * * * * * * * * * *   
  * * * * * * * * * * *  
 * * * * * * * * * * * * 
* * * * 1 * 1 * * * * * *
         1 1 1 1         
          * 1 1          
           1 1           
            *            
600000 600000 2 2 2

turn = 2   myturn = 1
OK lemme think...
            *            
           2 2           
          2 2 *          
         2 2 2 2         
* * * * * * 2 * 2 * * * *
 * * * * * * * * * * * * 
  * * * * * * * * * * *  
   * * * * * * * * * *   
    * * * * * * * * *    
   * * * * * * * * * *   
  * * * * * * * * * * *  
 * * * * 3 * * * * * * * 
* * * * 1 * 1 * * * * * *
         1 1 1 1         
          * 1 1          
           1 1           
            *            
600000 600000 2 1 1

turn = 1   myturn = 1
It is my turn and I am thinking
Opponent's move: 0 12 4 16 11 9
My move: 13 13 11 11 -1 -1
            *            
           2 2           
          2 2 *          
         2 2 2 2         
* * * * * * 2 * 2 * * * *
 * * * * * * * * * * * * 
  * * * * * * * * * * *  
   * * * * * * * * * *   
    * * * * * * * * *    
   * * * * * * * * * *   
  * * * * * * * * * * *  
 * * * * 3 1 * * * * * * 
* * * * 1 * 1 * * * * * *
         1 1 * 1         
          * 1 1          
           1 1           
            *            
600000 600000 2 1 2

turn = 2   myturn = 1
OK lemme think...
            *            
           2 2           
          2 2 *          
         2 2 * 2         
* * * * * * 2 * 2 * * * *
 * * * * * * * * * * * * 
  * * * * 3 * * * * * *  
   * * * 2 * * * * * *   
    * * * * * * * * *    
   * * * * * * * * * *   
  * * * * * * * * * * *  
 * * * * 3 1 * * * * * * 
* * * * 1 * 1 * * * * * *
         1 1 * 1         
          * 1 1          
           1 1           
            *            
600000 600000 2 0 1

turn = 1   myturn = 1
It is my turn and I am thinking
Opponent's move: 3 13 7 9 6 10
My move: 14 12 10 12 -1 -1
            *            
           2 2           
          2 2 *          
         2 2 * 2         
* * * * * * 2 * 2 * * * *
 * * * * * * * * * * * * 
  * * * * 3 * * * * * *  
   * * * 2 * * * * * *   
    * * * * * * * * *    
   * * * * * * * * * *   
  * * * * * 1 * * * * *  
 * * * * 3 1 * * * * * * 
* * * * 1 * 1 * * * * * *
         1 1 * 1         
          * * 1          
           1 1           
            *            
600000 600000 2 0 2

turn = 2   myturn = 1
OK lemme think...
            *            
           * 2           
          2 2 *          
         2 2 * 2         
* * * * * * 2 * 2 * * * *
 * * * * * 2 * * * * * * 
  * * * * 3 * * * * * *  
   * * * 2 * * * * * *   
    * * * * * * * * *    
   * * * * * * * * * *   
  * * * * * 1 * * * * *  
 * * * * 3 1 * * * * * * 
* * * * 1 * 1 * * * * * *
         1 1 * 1         
          * * 1          
           1 1           
            *            
600000 600000 2 0 1

turn = 1   myturn = 1
It is my turn and I am thinking
Opponent's move: 1 11 5 11 -1 -1
My move: 13 11 9 11 -1 -1
            *            
           * 2           
          2 2 *          
         2 2 * 2         
* * * * * * 2 * 2 * * * *
 * * * * * 2 * * * * * * 
  * * * * 3 * * * * * *  
   * * * 2 * * * * * *   
    * * * * * * * * *    
   * * * * 1 * * * * *   
  * * * * * 1 * * * * *  
 * * * * 3 1 * * * * * * 
* * * * 1 * 1 * * * * * *
         1 * * 1         
          * * 1          
           1 1           
            *            
600000 600000 2 0 2

turn = 2   myturn = 1
OK lemme think...
            *            
           * 2           
          2 * *          
         2 2 * 2         
* * * * * * 2 * 2 * * * *
 * * * * * 2 * * * * * * 
  * * * * 3 * * * * * *  
   * * * 2 * * * * * *   
    * * * 2 * * * * *    
   * * * * 1 * * * * *   
  * * * * * 1 * * * * *  
 * * * * 3 1 * * * * * * 
* * * * 1 * 1 * * * * * *
         1 * * 1         
          * * 1          
           1 1           
            *            
600000 600000 2 0 1

turn = 1   myturn = 1
It is my turn and I am thinking
Opponent's move: 2 12 8 10 -1 -1
Empty move list happened. Calculating new sequence.
Number of states visited: 6
My move: 12 8 8 12 -1 -1
            *            
           * 2           
          2 * *          
         2 2 * 2         
* * * * * * 2 * 2 * * * *
 * * * * * 2 * * * * * * 
  * * * * 3 * * * * * *  
   * * * 2 * * * * * *   
    * * * 2 1 * * * *    
   * * * * 1 * * * * *   
  * * * * * 1 * * * * *  
 * * * * 3 1 * * * * * * 
* * * * * * 1 * * * * * *
         1 * * 1         
          * * 1          
           1 1           
            *            
600000 600000 2 0 2

turn = 2   myturn = 1
OK lemme think...
            *            
           * 2           
          2 * *          
         2 * * 2         
* * * * * * 2 * 2 * * * *
 * * * * * 2 * * * * * * 
  * * * * 3 * * * * * *  
   * * * 2 * * * * * *   
    * * * 2 1 * * * *    
   * * * * 1 2 * * * *   
  * * * * * 1 * * * * *  
 * * * * 3 1 * * * * * * 
* * * * * * 1 * * * * * *
         1 * * 1         
          * * 1          
           1 1           
            *            
600000 600000 2 0 1

turn = 1   myturn = 1
It is my turn and I am thinking
Opponent's move: 3 11 9 13 -1 -1
My move: 14 14 10 14 -1 -1
            *            
           * 2           
          2 * *          
         2 * * 2         
* * * * * * 2 * 2 * * * *
 * * * * * 2 * * * * * * 
  * * * * 3 * * * * * *  
   * * * 2 * * * * * *   
    * * * 2 1 * * * *    
   * * * * 1 2 * * * *   
  * * * * * 1 1 * * * *  
 * * * * 3 1 * * * * * * 
* * * * * * 1 * * * * * *
         1 * * 1         
          * * *          
           1 1           
            *            
600000 600000 2 0 2

turn = 2   myturn = 1
OK lemme think...
            *            
           * 2           
          2 * *          
         2 * * 2         
* * * * * * 2 * 2 * * * *
 * * * * * 2 * * * * * * 
  * * * * 3 * * * * * *  
   * * * 2 * * * * * *   
    * * * 2 1 * * * *    
   * * * * 1 * * * * *   
  * * * * * 1 1 * * * *  
 * * * * 3 1 * 2 * * * * 
* * * * * * 1 * * * * * *
         1 * * 1         
          * * *          
           1 1           
            *            
600000 600000 2 0 1

turn = 1   myturn = 1
It is my turn and I am thinking
Opponent's move: 9 13 11 15 -1 -1
My move: 11 11 5 13 -1 -1
            *            
           * 2           
          2 * *          
         2 * * 2         
* * * * * * 2 * 2 * * * *
 * * * * * 2 1 * * * * * 
  * * * * 3 * * * * * *  
   * * * 2 * * * * * *   
    * * * 2 1 * * * *    
   * * * * 1 * * * * *   
  * * * * * 1 1 * * * *  
 * * * * 3 * * 2 * * * * 
* * * * * * 1 * * * * * *
         1 * * 1         
          * * *          
           1 1           
            *            
600000 600000 2 0 2

turn = 2   myturn = 1
OK lemme think...
            *            
           * 2           
          2 * *          
         2 * * 2         
* * * * * * 2 * 2 * * * *
 * * * * * 2 1 * * * * * 
  * * * * 3 * * * * * *  
   * * * 2 * * * * * *   
    * * * 2 1 * * * *    
   * * * * 1 * * * * *   
  * * * * * 1 1 * * * *  
 * * * * 3 * * * * * * * 
* * * * * * 1 * * * * * *
         1 * 2 1         
          * * *          
           1 1           
            *            
600000 600000 2 0 1

turn = 1   myturn = 1
It is my turn and I am thinking
Opponent's move: 11 15 13 13 -1 -1
My move: 15 11 14 12 -1 -1
            *            
           * 2           
          2 * *          
         2 * * 2         
* * * * * * 2 * 2 * * * *
 * * * * * 2 1 * * * * * 
  * * * * 3 * * * * * *  
   * * * 2 * * * * * *   
    * * * 2 1 * * * *    
   * * * * 1 * * * * *   
  * * * * * 1 1 * * * *  
 * * * * 3 * * * * * * * 
* * * * * * 1 * * * * * *
         1 * 2 1         
          * 1 *          
           * 1           
            *            
600000 600000 2 0 2

turn = 2   myturn = 1
OK lemme think...
            *            
           * 2           
          2 * *          
         2 * * 2         
* * * * * * 2 * 2 * * * *
 * * * * * 2 1 * * * * * 
  * * * * 3 * * * * * *  
   * * * 2 * * * * * *   
    * * * 2 1 * * * *    
   * * * * 1 * * * * *   
  * * * * * 1 1 * * * *  
 * * * * 3 * * * * * * * 
* * * * * * 1 * * * * * *
         1 * * 1         
          * 1 *          
           2 1           
            *            
600000 600000 2 0 1

turn = 1   myturn = 1
It is my turn and I am thinking
Opponent's move: 13 13 15 11 -1 -1
My move: 15 13 9 15 -1 -1
            *            
           * 2           
          2 * *          
         2 * * 2         
* * * * * * 2 * 2 * * * *
 * * * * * 2 1 * * * * * 
  * * * * 3 * * * * * *  
   * * * 2 * * * * * *   
    * * * 2 1 * * * *    
   * * * * 1 * 1 * * *   
  * * * * * 1 1 * * * *  
 * * * * 3 * * * * * * * 
* * * * * * 1 * * * * * *
         1 * * 1         
          * 1 *          
           2 *           
            *            
600000 600000 2 0 2

turn = 2   myturn = 1
OK lemme think...
            *            
           * 2           
          2 * *          
         2 * * 2         
* * * * * * 2 * 2 * * * *
 * * * * * 2 1 * * * * * 
  * * * * 3 * * * * * *  
   * * * 2 * * * * * *   
    * * * * 1 * * * *    
   * * * * 1 * 1 * * *   
  * * * * * 1 1 2 * * *  
 * * * * 3 * * * * * * * 
* * * * * * 1 * * * * * *
         1 * * 1         
          * 1 *          
           2 *           
            *            
600000 600000 2 0 1

turn = 1   myturn = 1
It is my turn and I am thinking
Opponent's move: 8 10 10 16 -1 -1
Empty move list happened. Calculating new sequence.
Number of states visited: 7
My move: 5 13 3 11 -1 -1
            *            
           * 2           
          2 * *          
         2 1 * 2         
* * * * * * 2 * 2 * * * *
 * * * * * 2 * * * * * * 
  * * * * 3 * * * * * *  
   * * * 2 * * * * * *   
    * * * * 1 * * * *    
   * * * * 1 * 1 * * *   
  * * * * * 1 1 2 * * *  
 * * * * 3 * * * * * * * 
* * * * * * 1 * * * * * *
         1 * * 1         
          * 1 *          
           2 *           
            *            
600000 600000 2 0 2

turn = 2   myturn = 1
OK lemme think...
            *            
           * 2           
          2 * *          
         2 1 * *         
* * * * * * 2 * 2 * * * *
 * * * * * 2 * * 2 * * * 
  * * * * 3 * * * * * *  
   * * * 2 * * * * * *   
    * * * * 1 * * * *    
   * * * * 1 * 1 * * *   
  * * * * * 1 1 2 * * *  
 * * * * 3 * * * * * * * 
* * * * * * 1 * * * * * *
         1 * * 1         
          * 1 *          
           2 *           
            *            
600000 600000 2 0 1

turn = 1   myturn = 1
It is my turn and I am thinking
Opponent's move: 3 15 5 17 -1 -1
My move: 10 12 2 12 -1 -1
            *            
           * 2           
          2 1 *          
         2 1 * *         
* * * * * * 2 * 2 * * * *
 * * * * * 2 * * 2 * * * 
  * * * * 3 * * * * * *  
   * * * 2 * * * * * *   
    * * * * 1 * * * *    
   * * * * 1 * 1 * * *   
  * * * * * * 1 2 * * *  
 * * * * 3 * * * * * * * 
* * * * * * 1 * * * * * *
         1 * * 1         
          * 1 *          
           2 *           
            *            
600000 600000 2 0 2

turn = 2   myturn = 1
OK lemme think...
            *            
           * 2           
          2 1 *          
         2 1 * *         
* * * * * * 2 * * * * * *
 * * * * * 2 * * 2 * * * 
  * * * * 3 * * * 2 * *  
   * * * 2 * * * * * *   
    * * * * 1 * * * *    
   * * * * 1 * 1 * * *   
  * * * * * * 1 2 * * *  
 * * * * 3 * * * * * * * 
* * * * * * 1 * * * * * *
         1 * * 1         
          * 1 *          
           2 *           
            *            
600000 600000 2 0 1

turn = 1   myturn = 1
It is my turn and I am thinking
Opponent's move: 4 16 6 18 -1 -1
My move: 13 9 12 10 -1 -1
            *            
           * 2           
          2 1 *          
         2 1 * *         
* * * * * * 2 * * * * * *
 * * * * * 2 * * 2 * * * 
  * * * * 3 * * * 2 * *  
   * * * 2 * * * * * *   
    * * * * 1 * * * *    
   * * * * 1 * 1 * * *   
  * * * * * * 1 2 * * *  
 * * * * 3 * * * * * * * 
* * * * * 1 1 * * * * * *
         * * * 1         
          * 1 *          
           2 *           
            *            
600000 600000 2 0 2

turn = 2   myturn = 1
OK lemme think...
            *            
           * 2           
          2 1 *          
         2 1 * *         
* * * * * * 2 * * * * * *
 * * * * * 2 * * * * * * 
  * * * * 3 * * * 2 * *  
   * * * 2 * * * * 2 *   
    * * * * 1 * * * *    
   * * * * 1 * 1 * * *   
  * * * * * * 1 2 * * *  
 * * * * 3 * * * * * * * 
* * * * * 1 1 * * * * * *
         * * * 1         
          * 1 *          
           2 *           
            *            
600000 600000 2 0 1

turn = 1   myturn = 1
It is my turn and I am thinking
Opponent's move: 5 17 7 19 -1 -1
My move: 9 11 7 13 -1 -1
            *            
           * 2           
          2 1 *          
         2 1 * *         
* * * * * * 2 * * * * * *
 * * * * * 2 * * * * * * 
  * * * * 3 * * * 2 * *  
   * * * 2 * 1 * * 2 *   
    * * * * 1 * * * *    
   * * * * * * 1 * * *   
  * * * * * * 1 2 * * *  
 * * * * 3 * * * * * * * 
* * * * * 1 1 * * * * * *
         * * * 1         
          * 1 *          
           2 *           
            *            
600000 600000 2 0 2

turn = 2   myturn = 1
OK lemme think...
            *            
           * 2           
          2 1 *          
         2 1 * *         
* * * * * * 2 * * * * * *
 * * * * * 2 * * * * * * 
  * * * * 3 * * * * * *  
   * * * 2 * 1 * * 2 *   
    * * * * 1 * * * 2    
   * * * * * * 1 * * *   
  * * * * * * 1 2 * * *  
 * * * * 3 * * * * * * * 
* * * * * 1 1 * * * * * *
         * * * 1         
          * 1 *          
           2 *           
            *            
600000 600000 2 0 1

turn = 1   myturn = 1
It is my turn and I am thinking
Opponent's move: 6 18 8 20 -1 -1
My move: 2 12 3 13 -1 -1
            *            
           * 2           
          2 * *          
         2 1 1 *         
* * * * * * 2 * * * * * *
 * * * * * 2 * * * * * * 
  * * * * 3 * * * * * *  
   * * * 2 * 1 * * 2 *   
    * * * * 1 * * * 2    
   * * * * * * 1 * * *   
  * * * * * * 1 2 * * *  
 * * * * 3 * * * * * * * 
* * * * * 1 1 * * * * * *
         * * * 1         
          * 1 *          
           2 *           
            *            
600000 600000 2 0 2

turn = 2   myturn = 1
OK lemme think...
            *            
           * 2           
          * * *          
         2 1 1 *         
* * * * 2 * 2 * * * * * *
 * * * * * 2 * * * * * * 
  * * * * 3 * * * * * *  
   * * * 2 * 1 * * 2 *   
    * * * * 1 * * * 2    
   * * * * * * 1 * * *   
  * * * * * * 1 2 * * *  
 * * * * 3 * * * * * * * 
* * * * * 1 1 * * * * * *
         * * * 1         
          * 1 *          
           2 *           
            *            
600000 600000 2 0 1

turn = 1   myturn = 1
It is my turn and I am thinking
Opponent's move: 2 10 4 8 -1 -1
Empty move list happened. Calculating new sequence.
Number of states visited: 6
My move: 14 12 13 13 -1 -1
            *            
           * 2           
          * * *          
         2 1 1 *         
* * * * 2 * 2 * * * * * *
 * * * * * 2 * * * * * * 
  * * * * 3 * * * * * *  
   * * * 2 * 1 * * 2 *   
    * * * * 1 * * * 2    
   * * * * * * 1 * * *   
  * * * * * * 1 2 * * *  
 * * * * 3 * * * * * * * 
* * * * * 1 1 * * * * * *
         * * 1 1         
          * * *          
           2 *           
            *            
600000 600000 2 0 2

turn = 2   myturn = 1
OK lemme think...
            *            
           * 2           
          * * *          
         * 1 1 *         
* * * * 2 * 2 * * * * * *
 * * * 2 * 2 * * * * * * 
  * * * * 3 * * * * * *  
   * * * 2 * 1 * * 2 *   
    * * * * 1 * * * 2    
   * * * * * * 1 * * *   
  * * * * * * 1 2 * * *  
 * * * * 3 * * * * * * * 
* * * * * 1 1 * * * * * *
         * * 1 1         
          * * *          
           2 *           
            *            
600000 600000 2 0 1

turn = 1   myturn = 1
It is my turn and I am thinking
Opponent's move: 3 9 5 7 -1 -1
My move: 13 15 11 13 -1 -1
            *            
           * 2           
          * * *          
         * 1 1 *         
* * * * 2 * 2 * * * * * *
 * * * 2 * 2 * * * * * * 
  * * * * 3 * * * * * *  
   * * * 2 * 1 * * 2 *   
    * * * * 1 * * * 2    
   * * * * * * 1 * * *   
  * * * * * * 1 2 * * *  
 * * * * 3 * 1 * * * * * 
* * * * * 1 1 * * * * * *
         * * 1 *         
          * * *          
           2 *           
            *            
600000 600000 2 0 2

turn = 2   myturn = 1
OK lemme think...
            *            
           * 2           
          * * *          
         * 1 1 *         
* * * * 2 * 2 * * * * * *
 * * * 2 * 2 * * * * * * 
  * * * * 3 * * * * * *  
   * * * 2 * 1 * * 2 *   
    * * * * 1 * * * 2    
   * * * * * * 1 * * *   
  * * * * * * 1 * * * *  
 * * * * 3 * 1 * * * * * 
* * * * * 1 1 * * * * * *
         * * 1 *         
          * 2 *          
           2 *           
            *            
600000 600000 2 0 1

turn = 1   myturn = 1
It is my turn and I am thinking
Opponent's move: 10 16 14 12 -1 -1
My move: 13 13 5 13 -1 -1
            *            
           * 2           
          * * *          
         * 1 1 *         
* * * * 2 * 2 * * * * * *
 * * * 2 * 2 1 * * * * * 
  * * * * 3 * * * * * *  
   * * * 2 * 1 * * 2 *   
    * * * * 1 * * * 2    
   * * * * * * 1 * * *   
  * * * * * * 1 * * * *  
 * * * * 3 * 1 * * * * * 
* * * * * 1 1 * * * * * *
         * * * *         
          * 2 *          
           2 *           
            *            
600000 600000 2 0 2

turn = 2   myturn = 1
OK lemme think...
            *            
           * 2           
          * * *          
         * 1 1 *         
* * * * * * 2 * * * * * *
 * * * 2 * 2 1 * * * * * 
  * * 2 * 3 * * * * * *  
   * * * 2 * 1 * * 2 *   
    * * * * 1 * * * 2    
   * * * * * * 1 * * *   
  * * * * * * 1 * * * *  
 * * * * 3 * 1 * * * * * 
* * * * * 1 1 * * * * * *
         * * * *         
          * 2 *          
           2 *           
            *            
600000 600000 2 0 1

turn = 1   myturn = 1
It is my turn and I am thinking
Opponent's move: 4 8 6 6 -1 -1
My move: 12 10 10 12 -1 -1
            *            
           * 2           
          * * *          
         * 1 1 *         
* * * * * * 2 * * * * * *
 * * * 2 * 2 1 * * * * * 
  * * 2 * 3 * * * * * *  
   * * * 2 * 1 * * 2 *   
    * * * * 1 * * * 2    
   * * * * * * 1 * * *   
  * * * * * 1 1 * * * *  
 * * * * 3 * 1 * * * * * 
* * * * * * 1 * * * * * *
         * * * *         
          * 2 *          
           2 *           
            *            
600000 600000 2 0 2

turn = 2   myturn = 1
OK lemme think...
            *            
           * 2           
          * * *          
         * 1 1 *         
* * * * * * 2 * * * * * *
 * * * * * 2 1 * * * * * 
  * * 2 * 3 * * * * * *  
   * 2 * 2 * 1 * * 2 *   
    * * * * 1 * * * 2    
   * * * * * * 1 * * *   
  * * * * * 1 1 * * * *  
 * * * * 3 * 1 * * * * * 
* * * * * * 1 * * * * * *
         * * * *         
          * 2 *          
           2 *           
            *            
600000 600000 2 0 1

turn = 1   myturn = 1
It is my turn and I am thinking
Opponent's move: 5 7 7 5 -1 -1
My move: 8 12 6 14 -1 -1
            *            
           * 2           
          * * *          
         * 1 1 *         
* * * * * * 2 * * * * * *
 * * * * * 2 1 * * * * * 
  * * 2 * 3 * 1 * * * *  
   * 2 * 2 * 1 * * 2 *   
    * * * * * * * * 2    
   * * * * * * 1 * * *   
  * * * * * 1 1 * * * *  
 * * * * 3 * 1 * * * * * 
* * * * * * 1 * * * * * *
         * * * *         
          * 2 *          
           2 *           
            *            
600000 600000 2 0 2

turn = 2   myturn = 1
OK lemme think...
            *            
           * 2           
          * * *          
         * 1 1 *         
* * * * * * 2 * * * * * *
 * * * * * 2 1 * * * * * 
  * * * * 3 * 1 * * * *  
   * 2 * 2 * 1 * * 2 *   
    2 * * * * * * * 2    
   * * * * * * 1 * * *   
  * * * * * 1 1 * * * *  
 * * * * 3 * 1 * * * * * 
* * * * * * 1 * * * * * *
         * * * *         
          * 2 *          
           2 *           
            *            
600000 600000 2 0 1

turn = 1   myturn = 1
It is my turn and I am thinking
Opponent's move: 6 6 8 4 -1 -1
Empty move list happened. Calculating new sequence.
Number of states visited: 6
My move: 10 12 4 10 -1 -1
            *            
           * 2           
          * * *          
         * 1 1 *         
* * * * * 1 2 * * * * * *
 * * * * * 2 1 * * * * * 
  * * * * 3 * 1 * * * *  
   * 2 * 2 * 1 * * 2 *   
    2 * * * * * * * 2    
   * * * * * * 1 * * *   
  * * * * * * 1 * * * *  
 * * * * 3 * 1 * * * * * 
* * * * * * 1 * * * * * *
         * * * *         
          * 2 *          
           2 *           
            *            
600000 600000 2 0 2

turn = 2   myturn = 1
OK lemme think...
            *            
           * 2           
          * * *          
         * 1 1 *         
* * * * * 1 2 * * * * * *
 * * * * * 2 1 * * * * * 
  * * * * 3 * 1 * * * *  
   * 2 * 2 * 1 * * 2 *   
    2 * * * * * * * 2    
   * * * * * * 1 * * *   
  * * * * * * 1 * * * *  
 * * * * 3 * 1 * * * * * 
* * * * * * 1 * * * * * *
         * * * *         
          * 2 *          
           * *           
            2            
600000 600000 2 0 1

turn = 1   myturn = 1
It is my turn and I am thinking
Opponent's move: 15 11 16 12 -1 -1
My move: 4 10 3 9 -1 -1
            *            
           * 2           
          * * *          
         1 1 1 *         
* * * * * * 2 * * * * * *
 * * * * * 2 1 * * * * * 
  * * * * 3 * 1 * * * *  
   * 2 * 2 * 1 * * 2 *   
    2 * * * * * * * 2    
   * * * * * * 1 * * *   
  * * * * * * 1 * * * *  
 * * * * 3 * 1 * * * * * 
* * * * * * 1 * * * * * *
         * * * *         
          * 2 *          
           * *           
            2            
600000 600000 2 0 2

turn = 2   myturn = 1
OK lemme think...
            *            
           * 2           
          * * *          
         1 1 1 *         
* * * * * * 2 * * * * * *
 * * * * * 2 1 * * * * * 
  * * * * 3 * 1 * * * *  
   * 2 * 2 * 1 * * 2 *   
    2 * * * * * * * 2    
   * * * * * * 1 * * *   
  * * * * * * 1 * * * *  
 * * * * 3 * 1 * * * * * 
* * * * * * 1 * * * * * *
         * * * *         
          * * *          
           * 2           
            2            
600000 600000 2 0 1

turn = 1   myturn = 1
It is my turn and I am thinking
Opponent's move: 14 12 15 13 -1 -1
My move: 10 14 8 16 -1 -1
            *            
           * 2           
          * * *          
         1 1 1 *         
* * * * * * 2 * * * * * *
 * * * * * 2 1 * * * * * 
  * * * * 3 * 1 * * * *  
   * 2 * 2 * 1 * * 2 *   
    2 * * * * * 1 * 2    
   * * * * * * 1 * * *   
  * * * * * * * * * * *  
 * * * * 3 * 1 * * * * * 
* * * * * * 1 * * * * * *
         * * * *         
          * * *          
           * 2           
            2            
600000 600000 2 0 2

turn = 2   myturn = 1
OK lemme think...
            *            
           * 2           
          * * *          
         1 1 1 *         
* * * * * * 2 * * * * * *
 * * * * * 2 1 * * * * * 
  * * * * 3 * 1 * * * *  
   * 2 * 2 * 1 * * 2 *   
    2 * * * * * 1 * *    
   * * * * * * 1 * 2 *   
  * * * * * * * * * * *  
 * * * * 3 * 1 * * * * * 
* * * * * * 1 * * * * * *
         * * * *         
          * * *          
           * 2           
            2            
600000 600000 2 0 1

turn = 1   myturn = 1
It is my turn and I am thinking
Opponent's move: 8 20 9 19 -1 -1
My move: 12 12 10 14 -1 -1
            *            
           * 2           
          * * *          
         1 1 1 *         
* * * * * * 2 * * * * * *
 * * * * * 2 1 * * * * * 
  * * * * 3 * 1 * * * *  
   * 2 * 2 * 1 * * 2 *   
    2 * * * * * 1 * *    
   * * * * * * 1 * 2 *   
  * * * * * * 1 * * * *  
 * * * * 3 * 1 * * * * * 
* * * * * * * * * * * * *
         * * * *         
          * * *          
           * 2           
            2            
600000 600000 2 0 2

turn = 2   myturn = 1
OK lemme think...
            *            
           * 2           
          * * *          
         1 1 1 *         
* * * * * * 2 * * * * * *
 * * * * * 2 1 * * * * * 
  * * * * 3 * 1 * * * *  
   * 2 * 2 * 1 * * 2 *   
    2 * * * * * 1 * *    
   * * * * * * 1 * * *   
  * * * * * * 1 * 2 * *  
 * * * * 3 * 1 * * * * * 
* * * * * * * * * * * * *
         * * * *         
          * * *          
           * 2           
            2            
600000 600000 2 0 1

turn = 1   myturn = 1
It is my turn and I am thinking
Opponent's move: 9 19 10 18 -1 -1
My move: 9 15 7 17 -1 -1
            *            
           * 2           
          * * *          
         1 1 1 *         
* * * * * * 2 * * * * * *
 * * * * * 2 1 * * * * * 
  * * * * 3 * 1 * * * *  
   * 2 * 2 * 1 * 1 2 *   
    2 * * * * * 1 * *    
   * * * * * * * * * *   
  * * * * * * 1 * 2 * *  
 * * * * 3 * 1 * * * * * 
* * * * * * * * * * * * *
         * * * *         
          * * *          
           * 2           
            2            
600000 600000 2 0 2

turn = 2   myturn = 1
OK lemme think...
            *            
           * 2           
          * * *          
         1 1 1 *         
* * * * * * 2 * * * * * *
 * * * * * 2 1 * * * * * 
  * * * * 3 * 1 * * * *  
   * 2 * 2 * 1 * 1 * *   
    2 * * * * * 1 * *    
   * * * * * * * * * *   
  * * * * * * 1 * 2 * *  
 * * * * 3 * 1 * * 2 * * 
* * * * * * * * * * * * *
         * * * *         
          * * *          
           * 2           
            2            
600000 600000 2 0 1

turn = 1   myturn = 1
It is my turn and I am thinking
Opponent's move: 7 19 11 19 -1 -1
Empty move list happened. Calculating new sequence.
Number of states visited: 6
My move: 11 13 9 15 -1 -1
            *            
           * 2           
          * * *          
         1 1 1 *         
* * * * * * 2 * * * * * *
 * * * * * 2 1 * * * * * 
  * * * * 3 * 1 * * * *  
   * 2 * 2 * 1 * 1 * *   
    2 * * * * * 1 * *    
   * * * * * * 1 * * *   
  * * * * * * 1 * 2 * *  
 * * * * 3 * * * * 2 * * 
* * * * * * * * * * * * *
         * * * *         
          * * *          
           * 2           
            2            
600000 600000 2 0 2

turn = 2   myturn = 1
OK lemme think...
            *            
           * 2           
          * * *          
         1 1 1 *         
* * * * * * 2 * * * * * *
 * * * * * 2 1 * * * * * 
  * * * * 3 * 1 * * * *  
   * 2 * 2 * 1 * 1 * *   
    2 * * * * * 1 * *    
   * * * * * * 1 * * *   
  * * * * * * 1 * 2 * *  
 * * * * 3 * * * * * * * 
* * * * * * * * * 2 * * *
         * * * *         
          * * *          
           * 2           
            2            
600000 600000 2 0 1

turn = 1   myturn = 1
It is my turn and I am thinking
Opponent's move: 11 19 12 18 -1 -1
My move: 7 13 5 15 -1 -1
            *            
           * 2           
          * * *          
         1 1 1 *         
* * * * * * 2 * * * * * *
 * * * * * 2 1 1 * * * * 
  * * * * 3 * 1 * * * *  
   * 2 * 2 * * * 1 * *   
    2 * * * * * 1 * *    
   * * * * * * 1 * * *   
  * * * * * * 1 * 2 * *  
 * * * * 3 * * * * * * * 
* * * * * * * * * 2 * * *
         * * * *         
          * * *          
           * 2           
            2            
600000 600000 2 0 2

turn = 2   myturn = 1
OK lemme think...
            *            
           * 2           
          * * *          
         1 1 1 *         
* * * * * * 2 * * * * * *
 * * * * * 2 1 1 * * * * 
  * * * * 3 * 1 * * * *  
   * 2 * 2 * * * 1 * *   
    2 * * * * * 1 * *    
   * * * * * * 1 * * *   
  * * * * * * 1 * 2 * *  
 * * * * 3 * * * * * * * 
* * * * * * * * 2 * * * *
         * * * *         
          * * *          
           * 2           
            2            
600000 600000 2 0 1

turn = 1   myturn = 1
It is my turn and I am thinking
Opponent's move: 12 18 12 16 -1 -1
My move: 10 14 9 13 -1 -1
            *            
           * 2           
          * * *          
         1 1 1 *         
* * * * * * 2 * * * * * *
 * * * * * 2 1 1 * * * * 
  * * * * 3 * 1 * * * *  
   * 2 * 2 * * * 1 * *   
    2 * * * * * 1 * *    
   * * * * * 1 1 * * *   
  * * * * * * * * 2 * *  
 * * * * 3 * * * * * * * 
* * * * * * * * 2 * * * *
         * * * *         
          * * *          
           * 2           
            2            
600000 600000 2 0 2

turn = 2   myturn = 1
OK lemme think...
            *            
           * 2           
          * * *          
         1 1 1 *         
* * * * * * 2 * * * * * *
 * * * * * 2 1 1 * * * * 
  * * * * 3 * 1 * * * *  
   * 2 * 2 * * * 1 * *   
    2 * * * * * 1 * *    
   * * * * * 1 1 * * *   
  * * * * * * * * 2 * *  
 * * * * 3 * * * * * * * 
* * * * * * * * * * * * *
         * * * 2         
          * * *          
           * 2           
            2            
600000 600000 2 0 1

turn = 1   myturn = 1
It is my turn and I am thinking
Opponent's move: 12 16 13 15 -1 -1
My move: 9 13 7 15 -1 -1
            *            
           * 2           
          * * *          
         1 1 1 *         
* * * * * * 2 * * * * * *
 * * * * * 2 1 1 * * * * 
  * * * * 3 * 1 * * * *  
   * 2 * 2 * * 1 1 * *   
    2 * * * * * 1 * *    
   * * * * * * 1 * * *   
  * * * * * * * * 2 * *  
 * * * * 3 * * * * * * * 
* * * * * * * * * * * * *
         * * * 2         
          * * *          
           * 2           
            2            
600000 600000 2 0 2

turn = 2   myturn = 1
OK lemme think...
            *            
           * 2           
          * * *          
         1 1 1 *         
* * * * * * 2 * * * * * *
 * * * * * 2 1 1 * * * * 
  * * * * 3 * 1 * * * *  
   * 2 * 2 * * 1 1 * *   
    2 * * * * * 1 * *    
   * * * * * * 1 * * *   
  * * * * * * * * 2 * *  
 * * * * 3 * * * * * * * 
* * * * * * * * * * * * *
         * * * *         
          * * 2          
           * 2           
            2            
600000 600000 2 0 1

turn = 1   myturn = 1
It is my turn and I am thinking
Opponent's move: 13 15 14 14 -1 -1
My move: 9 15 8 14 -1 -1
            *            
           * 2           
          * * *          
         1 1 1 *         
* * * * * * 2 * * * * * *
 * * * * * 2 1 1 * * * * 
  * * * * 3 * 1 * * * *  
   * 2 * 2 * * 1 1 * *   
    2 * * * * 1 1 * *    
   * * * * * * * * * *   
  * * * * * * * * 2 * *  
 * * * * 3 * * * * * * * 
* * * * * * * * * * * * *
         * * * *         
          * * 2          
           * 2           
            2            
600000 600000 2 0 2

turn = 2   myturn = 1
OK lemme think...
            *            
           * 2           
          * * *          
         1 1 1 *         
* * * * * * 2 * * * * * *
 * * * * * 2 1 1 * * * * 
  * * * * 3 * 1 * * * *  
   * 2 * 2 * * 1 1 * *   
    2 * * * * 1 1 * *    
   * * * * * * * * * *   
  * * * * * * * * * * *  
 * * * * 3 * * * 2 * * * 
* * * * * * * * * * * * *
         * * * *         
          * * 2          
           * 2           
            2            
600000 600000 2 0 1

turn = 1   myturn = 1
It is my turn and I am thinking
Opponent's move: 10 18 11 17 -1 -1
Empty move list happened. Calculating new sequence.
Number of states visited: 10
My move: 8 14 4 14 -1 -1
            *            
           * 2           
          * * *          
         1 1 1 *         
* * * * * * 2 1 * * * * *
 * * * * * 2 1 1 * * * * 
  * * * * 3 * 1 * * * *  
   * 2 * 2 * * 1 1 * *   
    2 * * * * * 1 * *    
   * * * * * * * * * *   
  * * * * * * * * * * *  
 * * * * 3 * * * 2 * * * 
* * * * * * * * * * * * *
         * * * *         
          * * 2          
           * 2           
            2            
600000 600000 2 0 2

turn = 2   myturn = 1
OK lemme think...
            *            
           * 2           
          * * *          
         1 1 1 *         
* * * * * * 2 1 * * * * *
 * * * * * 2 1 1 * * * * 
  * * * * 3 * 1 * * * *  
   * 2 * 2 * * 1 1 * *   
    2 * * * * * 1 * *    
   * * * * * * * * * *   
  * * * * * * * * * * *  
 * * * * 3 * * * * * * * 
* * * * * * * * 2 * * * *
         * * * *         
          * * 2          
           * 2           
            2            
600000 600000 2 0 1

turn = 1   myturn = 1
It is my turn and I am thinking
Opponent's move: 11 17 12 16 -1 -1
My move: 7 17 6 16 -1 -1
            *            
           * 2           
          * * *          
         1 1 1 *         
* * * * * * 2 1 * * * * *
 * * * * * 2 1 1 * * * * 
  * * * * 3 * 1 1 * * *  
   * 2 * 2 * * 1 * * *   
    2 * * * * * 1 * *    
   * * * * * * * * * *   
  * * * * * * * * * * *  
 * * * * 3 * * * * * * * 
* * * * * * * * 2 * * * *
         * * * *         
          * * 2          
           * 2           
            2            
600000 600000 2 0 2

turn = 2   myturn = 1
OK lemme think...
            *            
           * 2           
          * * *          
         1 1 1 *         
* * * * * * 2 1 * * * * *
 * * * * * 2 1 1 * * * * 
  * * * * 3 * 1 1 * * *  
   * 2 * 2 * * 1 * * *   
    2 * * * * * 1 * *    
   * * * * * * * * * *   
  * * * * * * * * * * *  
 * * * * 3 * * * * * * * 
* * * * * * * * * * * * *
         * * * 2         
          * * 2          
           * 2           
            2            
600000 600000 2 0 1

turn = 1   myturn = 1
It is my turn and I am thinking
Opponent's move: 12 16 13 15 -1 -1
My move: 7 15 5 17 -1 -1
            *            
           * 2           
          * * *          
         1 1 1 *         
* * * * * * 2 1 * * * * *
 * * * * * 2 1 1 1 * * * 
  * * * * 3 * 1 1 * * *  
   * 2 * 2 * * * * * *   
    2 * * * * * 1 * *    
   * * * * * * * * * *   
  * * * * * * * * * * *  
 * * * * 3 * * * * * * * 
* * * * * * * * * * * * *
         * * * 2         
          * * 2          
           * 2           
            2            
600000 600000 2 0 2

turn = 2   myturn = 1
OK lemme think...
            *            
           * 2           
          * * *          
         1 1 1 *         
* * * * * * * 1 * * * * *
 * * * * * 2 1 1 1 * * * 
  * * * * 3 * 1 1 2 * *  
   * 2 * 2 * * * * * *   
    2 * * * * * 1 * *    
   * * * * * * * * * *   
  * * * * * * * * * * *  
 * * * * 3 * * * * * * * 
* * * * * * * * * * * * *
         * * * 2         
          * * 2          
           * 2           
            2            
600000 600000 2 0 1

turn = 1   myturn = 1
It is my turn and I am thinking
Opponent's move: 4 12 6 18 -1 -1
My move: 8 16 7 15 -1 -1
            *            
           * 2           
          * * *          
         1 1 1 *         
* * * * * * * 1 * * * * *
 * * * * * 2 1 1 1 * * * 
  * * * * 3 * 1 1 2 * *  
   * 2 * 2 * * 1 * * *   
    2 * * * * * * * *    
   * * * * * * * * * *   
  * * * * * * * * * * *  
 * * * * 3 * * * * * * * 
* * * * * * * * * * * * *
         * * * 2         
          * * 2          
           * 2           
            2            
600000 600000 2 0 2

turn = 2   myturn = 1
OK lemme think...
            *            
           * 2           
          * * *          
         1 1 1 *         
* * * * * * * 1 * * * * *
 * * * * * 2 1 1 1 * * * 
  * * * * 3 * 1 1 2 * *  
   * 2 * 2 * * 1 * * *   
    * * * * * * * * *    
   * 2 * * * * * * * *   
  * * * * * * * * * * *  
 * * * * 3 * * * * * * * 
* * * * * * * * * * * * *
         * * * 2         
          * * 2          
           * 2           
            2            
600000 600000 2 0 1

turn = 1   myturn = 1
It is my turn and I am thinking
Opponent's move: 8 4 9 5 -1 -1
My move: 6 14 4 16 -1 -1
            *            
           * 2           
          * * *          
         1 1 1 *         
* * * * * * * 1 1 * * * *
 * * * * * 2 1 1 1 * * * 
  * * * * 3 * * 1 2 * *  
   * 2 * 2 * * 1 * * *   
    * * * * * * * * *    
   * 2 * * * * * * * *   
  * * * * * * * * * * *  
 * * * * 3 * * * * * * * 
* * * * * * * * * * * * *
         * * * 2         
          * * 2          
           * 2           
            2            
600000 600000 2 0 2

turn = 2   myturn = 1
OK lemme think...
            *            
           * 2           
          * * *          
         1 1 1 *         
* * * * * * * 1 1 * * * *
 * * * * * 2 1 1 1 * * * 
  * * * * 3 * * 1 * * *  
   * 2 * 2 * * 1 * * *   
    * * * * * * 2 * *    
   * 2 * * * * * * * *   
  * * * * * * * * * * *  
 * * * * 3 * * * * * * * 
* * * * * * * * * * * * *
         * * * 2         
          * * 2          
           * 2           
            2            
600000 600000 2 0 1

turn = 1   myturn = 1
It is my turn and I am thinking
Opponent's move: 6 18 8 16 -1 -1
Empty move list happened. Calculating new sequence.
Number of states visited: 18
My move: 7 15 6 14 -1 -1
            *            
           * 2           
          * * *          
         1 1 1 *         
* * * * * * * 1 1 * * * *
 * * * * * 2 1 1 1 * * * 
  * * * * 3 * 1 1 * * *  
   * 2 * 2 * * * * * *   
    * * * * * * 2 * *    
   * 2 * * * * * * * *   
  * * * * * * * * * * *  
 * * * * 3 * * * * * * * 
* * * * * * * * * * * * *
         * * * 2         
          * * 2          
           * 2           
            2            
600000 600000 2 0 2

turn = 2   myturn = 1
OK lemme think...
            *            
           * 2           
          * * *          
         1 1 1 *         
* * * * * * * 1 1 * * * *
 * * * * * 2 1 1 1 * * * 
  * * * * 3 * 1 1 * * *  
   * 2 * 2 * * * * * *   
    * * * * * * 2 * *    
   * * * * * * * * * *   
  * * 2 * * * * * * * *  
 * * * * 3 * * * * * * * 
* * * * * * * * * * * * *
         * * * 2         
          * * 2          
           * 2           
            2            
600000 600000 2 0 1

turn = 1   myturn = 1
It is my turn and I am thinking
Opponent's move: 9 5 10 6 -1 -1
My move: 6 14 2 14 -1 -1
            *            
           * 2           
          * * 1          
         1 1 1 *         
* * * * * * * 1 1 * * * *
 * * * * * 2 1 1 1 * * * 
  * * * * 3 * * 1 * * *  
   * 2 * 2 * * * * * *   
    * * * * * * 2 * *    
   * * * * * * * * * *   
  * * 2 * * * * * * * *  
 * * * * 3 * * * * * * * 
* * * * * * * * * * * * *
         * * * 2         
          * * 2          
           * 2           
            2            
600000 600000 2 0 2

turn = 2   myturn = 1
OK lemme think...
            *            
           * *           
          * * 1          
         1 1 1 2         
* * * * * * * 1 1 * * * *
 * * * * * 2 1 1 1 * * * 
  * * * * 3 * * 1 * * *  
   * 2 * 2 * * * * * *   
    * * * * * * 2 * *    
   * * * * * * * * * *   
  * * 2 * * * * * * * *  
 * * * * 3 * * * * * * * 
* * * * * * * * * * * * *
         * * * 2         
          * * 2          
           * 2           
            2            
600000 600000 2 0 1

turn = 1   myturn = 1
It is my turn and I am thinking
Opponent's move: 1 13 3 15 -1 -1
My move: 6 16 6 14 -1 -1
            *            
           * *           
          * * 1          
         1 1 1 2         
* * * * * * * 1 1 * * * *
 * * * * * 2 1 1 1 * * * 
  * * * * 3 * 1 * * * *  
   * 2 * 2 * * * * * *   
    * * * * * * 2 * *    
   * * * * * * * * * *   
  * * 2 * * * * * * * *  
 * * * * 3 * * * * * * * 
* * * * * * * * * * * * *
         * * * 2         
          * * 2          
           * 2           
            2            
600000 600000 2 0 2

turn = 2   myturn = 1
OK lemme think...
            *            
           * *           
          * * 1          
         1 1 1 2         
* * * * * * * 1 1 * * * *
 * * * * * 2 1 1 1 * * * 
  * * * * 3 * 1 * * * *  
   * 2 * 2 * * * * * *   
    * * * * * * 2 * *    
   * * * * * * * * * *   
  * * * * * * * * * * *  
 * * * 2 3 * * * * * * * 
* * * * * * * * * * * * *
         * * * 2         
          * * 2          
           * 2           
            2            
600000 600000 2 0 1

turn = 1   myturn = 1
It is my turn and I am thinking
Opponent's move: 10 6 11 7 -1 -1
My move: 6 14 4 12 -1 -1
            *            
           * *           
          * * 1          
         1 1 1 2         
* * * * * * 1 1 1 * * * *
 * * * * * 2 1 1 1 * * * 
  * * * * 3 * * * * * *  
   * 2 * 2 * * * * * *   
    * * * * * * 2 * *    
   * * * * * * * * * *   
  * * * * * * * * * * *  
 * * * 2 3 * * * * * * * 
* * * * * * * * * * * * *
         * * * 2         
          * * 2          
           * 2           
            2            
600000 600000 2 0 2

turn = 2   myturn = 1
OK lemme think...
            *            
           * *           
          * * 1          
         1 1 1 2         
* * * * * * 1 1 1 * * * *
 * * * * * 2 1 1 1 * * * 
  * * * * 3 * * * * * *  
   * 2 * 2 * * * * * *   
    * * * * * * 2 * *    
   * * * * * * * * * *   
  * * * * * * * * * * *  
 * * * * 3 * * * * * * * 
* * * * 2 * * * * * * * *
         * * * 2         
          * * 2          
           * 2           
            2            
600000 600000 2 0 1

turn = 1   myturn = 1
It is my turn and I am thinking
Opponent's move: 11 7 12 8 -1 -1
Invalid move happened. There were still 0 moves left. Calculating new sequence.
Number of states visited: 7
My move: 4 14 2 12 -1 -1
            *            
           * *           
          * 1 1          
         1 1 1 2         
* * * * * * 1 * 1 * * * *
 * * * * * 2 1 1 1 * * * 
  * * * * 3 * * * * * *  
   * 2 * 2 * * * * * *   
    * * * * * * 2 * *    
   * * * * * * * * * *   
  * * * * * * * * * * *  
 * * * * 3 * * * * * * * 
* * * * 2 * * * * * * * *
         * * * 2         
          * * 2          
           * 2           
            2            
600000 600000 2 0 2

turn = 2   myturn = 1
OK lemme think...
            *            
           * *           
          * 1 1          
         1 1 1 2         
* * * * * * 1 * 1 * * * *
 * * * * * 2 1 1 1 * * * 
  * * * * 3 * * * * * *  
   * 2 * 2 * * * * * *   
    * * * * * * 2 * *    
   * * * * * * * * * *   
  * * * * * * * * * * *  
 * * * * 3 * * * * * * * 
* * * * * * * * * * * * *
         2 * * 2         
          * * 2          
           * 2           
            2            
600000 600000 2 0 1

turn = 1   myturn = 1
It is my turn and I am thinking
Opponent's move: 12 8 13 9 -1 -1
My move: 2 12 1 11 -1 -1
            *            
           1 *           
          * * 1          
         1 1 1 2         
* * * * * * 1 * 1 * * * *
 * * * * * 2 1 1 1 * * * 
  * * * * 3 * * * * * *  
   * 2 * 2 * * * * * *   
    * * * * * * 2 * *    
   * * * * * * * * * *   
  * * * * * * * * * * *  
 * * * * 3 * * * * * * * 
* * * * * * * * * * * * *
         2 * * 2         
          * * 2          
           * 2           
            2            
600000 600000 2 0 2

turn = 2   myturn = 1
OK lemme think...
            *            
           1 *           
          * * 1          
         1 1 1 2         
* * * * * * 1 * 1 * * * *
 * * * * * 2 1 1 1 * * * 
  * * * * 3 * * * * * *  
   * 2 * 2 * * * * * *   
    * * * * * * 2 * *    
   * * * * * * * * * *   
  * * * * * * * * * * *  
 * * * * 3 * * * * * * * 
* * * * * * * * * * * * *
         * * * 2         
          2 * 2          
           * 2           
            2            
600000 600000 2 0 1

turn = 1   myturn = 1
It is my turn and I am thinking
Opponent's move: 13 9 14 10 -1 -1
My move: 2 14 1 13 -1 -1
            *            
           1 1           
          * * *          
         1 1 1 2         
* * * * * * 1 * 1 * * * *
 * * * * * 2 1 1 1 * * * 
  * * * * 3 * * * * * *  
   * 2 * 2 * * * * * *   
    * * * * * * 2 * *    
   * * * * * * * * * *   
  * * * * * * * * * * *  
 * * * * 3 * * * * * * * 
* * * * * * * * * * * * *
         * * * 2         
          2 * 2          
           * 2           
            2            
600000 600000 2 0 2

turn = 2   myturn = 1
OK lemme think...
            *            
           1 1           
          * * *          
         1 1 1 2         
* * * * * * 1 * 1 * * * *
 * * * * * 2 1 1 1 * * * 
  * * * * 3 * * * * * *  
   * 2 * 2 * * * * * *   
    * * * * * * 2 * *    
   * * * * * * * * * *   
  * * * * * * * * * * *  
 * * * * 3 * * * * * * * 
* * * * * * * * * * * * *
         * * * 2         
          * * 2          
           2 2           
            2            
600000 600000 2 0 1

turn = 1   myturn = 1
It is my turn and I am thinking
Opponent's move: 14 10 15 11 -1 -1
My move: 4 16 0 12 -1 -1
            1            
           1 1           
          * * *          
         1 1 1 2         
* * * * * * 1 * * * * * *
 * * * * * 2 1 1 1 * * * 
  * * * * 3 * * * * * *  
   * 2 * 2 * * * * * *   
    * * * * * * 2 * *    
   * * * * * * * * * *   
  * * * * * * * * * * *  
 * * * * 3 * * * * * * * 
* * * * * * * * * * * * *
         * * * 2         
          * * 2          
           2 2           
            2            
600000 600000 2 0 2

turn = 2   myturn = 1
OK lemme think...
            1            
           1 1           
          * * *          
         1 1 1 2         
* * * * * * 1 * * * * * *
 * * * * * 2 1 1 1 * * * 
  * * * * 3 * * * * * *  
   * 2 * 2 * * * * * *   
    * * * * * * * * *    
   * * * * * * 2 * * *   
  * * * * * * * * * * *  
 * * * * 3 * * * * * * * 
* * * * * * * * * * * * *
         * * * 2         
          * * 2          
           2 2           
            2            
600000 600000 2 0 1

turn = 1   myturn = 1
It is my turn and I am thinking
Opponent's move: 8 16 9 15 -1 -1
My move: 4 12 2 10 -1 -1
            1            
           1 1           
          1 * *          
         1 1 1 2         
* * * * * * * * * * * * *
 * * * * * 2 1 1 1 * * * 
  * * * * 3 * * * * * *  
   * 2 * 2 * * * * * *   
    * * * * * * * * *    
   * * * * * * 2 * * *   
  * * * * * * * * * * *  
 * * * * 3 * * * * * * * 
* * * * * * * * * * * * *
         * * * 2         
          * * 2          
           2 2           
            2            
600000 600000 2 0 2

turn = 2   myturn = 1
OK lemme think...
            1            
           1 1           
          1 * *          
         1 1 1 2         
* * * * * * * * * * * * *
 * * * * * 2 1 1 1 * * * 
  * * * * 3 * * * * * *  
   * 2 * 2 * * * * * *   
    * * * * * * * * *    
   * * * * * * * * * *   
  * * * * * * * 2 * * *  
 * * * * 3 * * * * * * * 
* * * * * * * * * * * * *
         * * * 2         
          * * 2          
           2 2           
            2            
600000 600000 2 0 1

turn = 1   myturn = 1
It is my turn and I am thinking
Opponent's move: 9 15 10 16 -1 -1
Empty move list happened. Calculating new sequence.
Number of states visited: 5
My move: 5 17 4 16 -1 -1
            1            
           1 1           
          1 * *          
         1 1 1 2         
* * * * * * * * 1 * * * *
 * * * * * 2 1 1 * * * * 
  * * * * 3 * * * * * *  
   * 2 * 2 * * * * * *   
    * * * * * * * * *    
   * * * * * * * * * *   
  * * * * * * * 2 * * *  
 * * * * 3 * * * * * * * 
* * * * * * * * * * * * *
         * * * 2         
          * * 2          
           2 2           
            2            
600000 600000 2 0 2

turn = 2   myturn = 1
OK lemme think...
            1            
           1 1           
          1 * *          
         1 1 1 *         
* * * * * * * * 1 * * * *
 * * * * * 2 1 1 2 * * * 
  * * * * 3 * * * * * *  
   * 2 * 2 * * * * * *   
    * * * * * * * * *    
   * * * * * * * * * *   
  * * * * * * * 2 * * *  
 * * * * 3 * * * * * * * 
* * * * * * * * * * * * *
         * * * 2         
          * * 2          
           2 2           
            2            
600000 600000 2 0 1

turn = 1   myturn = 1
It is my turn and I am thinking
Opponent's move: 3 15 5 17 -1 -1
My move: 4 16 2 14 -1 -1
            1            
           1 1           
          1 * 1          
         1 1 1 *         
* * * * * * * * * * * * *
 * * * * * 2 1 1 2 * * * 
  * * * * 3 * * * * * *  
   * 2 * 2 * * * * * *   
    * * * * * * * * *    
   * * * * * * * * * *   
  * * * * * * * 2 * * *  
 * * * * 3 * * * * * * * 
* * * * * * * * * * * * *
         * * * 2         
          * * 2          
           2 2           
            2            
600000 600000 2 0 2

turn = 2   myturn = 1
OK lemme think...
            1            
           1 1           
          1 * 1          
         1 1 1 *         
* * * * * * * * * * * * *
 * * * * * 2 1 1 2 * * * 
  * * * * 3 * * * * * *  
   * 2 * 2 * * * * * *   
    * * * * * * * * *    
   * * * * * * * * * *   
  * * * * * * * * * * *  
 * * * * 3 * * 2 * * * * 
* * * * * * * * * * * * *
         * * * 2         
          * * 2          
           2 2           
            2            
600000 600000 2 0 1

turn = 1   myturn = 1
It is my turn and I am thinking
Opponent's move: 10 16 11 15 -1 -1
My move: 5 15 4 14 -1 -1
            1            
           1 1           
          1 * 1          
         1 1 1 *         
* * * * * * * 1 * * * * *
 * * * * * 2 1 * 2 * * * 
  * * * * 3 * * * * * *  
   * 2 * 2 * * * * * *   
    * * * * * * * * *    
   * * * * * * * * * *   
  * * * * * * * * * * *  
 * * * * 3 * * 2 * * * * 
* * * * * * * * * * * * *
         * * * 2         
          * * 2          
           2 2           
            2            
600000 600000 2 0 2

turn = 2   myturn = 1
OK lemme think...
            1            
           1 1           
          1 * 1          
         1 1 1 *         
* * * * * * * 1 * * * * *
 * * * * * 2 1 * 2 * * * 
  * * * * 3 * * * * * *  
   * 2 * 2 * * * * * *   
    * * * * * * * * *    
   * * * * * * * * * *   
  * * * * * * * * * * *  
 * * * * 3 * * * * * * * 
* * * * * * * * 2 * * * *
         * * * 2         
          * * 2          
           2 2           
            2            
600000 600000 2 0 1

turn = 1   myturn = 1
It is my turn and I am thinking
Opponent's move: 11 15 12 16 -1 -1
My move: 4 14 2 12 -1 -1
            1            
           1 1           
          1 1 1          
         1 1 1 *         
* * * * * * * * * * * * *
 * * * * * 2 1 * 2 * * * 
  * * * * 3 * * * * * *  
   * 2 * 2 * * * * * *   
    * * * * * * * * *    
   * * * * * * * * * *   
  * * * * * * * * * * *  
 * * * * 3 * * * * * * * 
* * * * * * * * 2 * * * *
         * * * 2         
          * * 2          
           2 2           
            2            
600000 600000 2 0 2

turn = 2   myturn = 1
OK lemme think...
            1            
           1 1           
          1 1 1          
         1 1 1 *         
* * * * * * * * * * * * *
 * * * * * 2 1 * 2 * * * 
  * * * * 3 * * * * * *  
   * * * 2 * * * * * *   
    * 2 * * * * * * *    
   * * * * * * * * * *   
  * * * * * * * * * * *  
 * * * * 3 * * * * * * * 
* * * * * * * * 2 * * * *
         * * * 2         
          * * 2          
           2 2           
            2            
600000 600000 2 0 1

turn = 1   myturn = 1
It is my turn and I am thinking
Opponent's move: 7 5 8 6 -1 -1
Empty move list happened. Calculating new sequence.
Number of states visited: 9
My move: 1 13 3 15 -1 -1
            1            
           1 *           
          1 1 1          
         1 1 1 1         
* * * * * * * * * * * * *
 * * * * * 2 1 * 2 * * * 
  * * * * 3 * * * * * *  
   * * * 2 * * * * * *   
    * 2 * * * * * * *    
   * * * * * * * * * *   
  * * * * * * * * * * *  
 * * * * 3 * * * * * * * 
* * * * * * * * 2 * * * *
         * * * 2         
          * * 2          
           2 2           
            2            
600000 600000 2 0 2

turn = 2   myturn = 1
OK lemme think...
            1            
           1 *           
          1 1 1          
         1 1 1 1         
* * * * * * * * * * * * *
 * * * * * 2 1 * 2 * * * 
  * * * * 3 * * * * * *  
   * * * 2 * * * * * *   
    * * * * * * * * *    
   * * 2 * * * * * * *   
  * * * * * * * * * * *  
 * * * * 3 * * * * * * * 
* * * * * * * * 2 * * * *
         * * * 2         
          * * 2          
           2 2           
            2            
600000 600000 2 0 1

turn = 1   myturn = 1
It is my turn and I am thinking
Opponent's move: 8 6 9 7 -1 -1
My move: 2 12 1 13 -1 -1
            1            
           1 1           
          1 * 1          
         1 1 1 1         
* * * * * * * * * * * * *
 * * * * * 2 1 * 2 * * * 
  * * * * 3 * * * * * *  
   * * * 2 * * * * * *   
    * * * * * * * * *    
   * * 2 * * * * * * *   
  * * * * * * * * * * *  
 * * * * 3 * * * * * * * 
* * * * * * * * 2 * * * *
         * * * 2         
          * * 2          
           2 2           
            2            
600000 600000 2 0 2

turn = 2   myturn = 1
OK lemme think...
            1            
           1 1           
          1 * 1          
         1 1 1 1         
* * * * * * * * * * * * *
 * * * * * 2 1 * 2 * * * 
  * * * * 3 * * * * * *  
   * * * 2 * * * * * *   
    * * * * * * * * *    
   * * * * * * * * * *   
  * * * 2 * * * * * * *  
 * * * * 3 * * * * * * * 
* * * * * * * * 2 * * * *
         * * * 2         
          * * 2          
           2 2           
            2            
600000 600000 2 0 1

turn = 1   myturn = 1
It is my turn and I am thinking
Opponent's move: 9 7 10 8 -1 -1
My move: 5 13 4 14 -1 -1
            1            
           1 1           
          1 * 1          
         1 1 1 1         
* * * * * * * 1 * * * * *
 * * * * * 2 * * 2 * * * 
  * * * * 3 * * * * * *  
   * * * 2 * * * * * *   
    * * * * * * * * *    
   * * * * * * * * * *   
  * * * 2 * * * * * * *  
 * * * * 3 * * * * * * * 
* * * * * * * * 2 * * * *
         * * * 2         
          * * 2          
           2 2           
            2            
600000 600000 2 0 2

turn = 2   myturn = 1
OK lemme think...
            1            
           1 1           
          1 * 1          
         1 1 1 1         
* * * * * * * 1 * * * * *
 * * * * * 2 * * 2 * * * 
  * * * * 3 * * * * * *  
   * * * 2 * * * * * *   
    * * * * * * * * *    
   * * * * * * * * * *   
  * * * * * * * * * * *  
 * * * * 3 * * * * * * * 
* * * * * 2 * * 2 * * * *
         * * * 2         
          * * 2          
           2 2           
            2            
600000 600000 2 0 1

turn = 1   myturn = 1
It is my turn and I am thinking
Opponent's move: 10 8 12 10 -1 -1
My move: 4 14 2 12 -1 -1
            1            
           1 1           
          1 1 1          
         1 1 1 1         
0 0 0 0 0 0 0 0 0 0 0 0 0
 0 0 0 0 0 2 0 0 2 0 0 0 
  0 0 0 0 3 0 0 0 0 0 0  
   0 0 0 2 0 0 0 0 0 0   
    0 0 0 0 0 0 0 0 0    
   0 0 0 0 0 0 0 0 0 0   
  0 0 0 0 0 0 0 0 0 0 0  
 0 0 0 0 3 0 0 0 0 0 0 0 
0 0 0 0 0 2 0 0 2 0 0 0 0
         0 0 0 2         
          0 0 2          
           2 2           
            2            
600000 600000 2 0 2

I won
