Init state
            2            
           2 2           
          2 2 2          
         2 2 2 2         
0 0 0 0 0 0 0 0 0 0 0 0 0
 0 0 0 0 0 0 0 0 0 0 0 0 
  0 0 0 0 0 0 0 0 0 0 0  
   0 0 0 0 0 0 0 0 0 0   
    0 0 0 0 0 0 0 0 0    
   0 0 0 0 0 0 0 0 0 0   
  0 0 0 0 0 0 0 0 0 0 0  
 0 0 0 0 0 0 0 0 0 0 0 0 
0 0 0 0 0 0 0 0 0 0 0 0 0
         1 1 1 1         
          1 1 1          
           1 1           
            1            
600000 600000 2 2 1

turn = 1   myturn = 2
OK lemme think...
            2            
           2 2           
          2 2 2          
         2 2 2 2         
* * * * * * * * * * * * *
 * * * * * * * * * * * * 
  * * * * * * * * * * *  
   * * * * * * * * * *   
    * * * 3 * * * * *    
   * * * * * * * * * *   
  * * * * * * * * * * *  
 * * * * * * * * * * * * 
* * * * * 1 * * * * * * *
         1 1 1 1         
          1 * 1          
           1 1           
            1            
600000 600000 1 2 2

turn = 2   myturn = 2
It is my turn and I am thinking
Progress is: Opening
Using Astrizzles...
Empty move list happened. Calculating new sequence.
Number of states visited: 6
Is state consistent? true
My move: 2 14 4 12 -1 -1
            2            
           2 2           
          2 2 *          
         2 2 2 2         
* * * * * * 2 * * * * * *
 * * * * * * * * * * * * 
  * * * * * * * * * * *  
   * * * * * * * * * *   
    * * * 3 * * * * *    
   * * * * * * * * * *   
  * * * * * * * * * * *  
 * * * * * * * * * * * * 
* * * * * 1 * * * * * * *
         1 1 1 1         
          1 * 1          
           1 1           
            1            
600000 600000 1 2 1

turn = 1   myturn = 2
OK lemme think...
            2            
           2 2           
          2 2 *          
         2 2 2 2         
* * * * * * 2 * * * * * *
 * * * * * * * * * * * * 
  * * * * * * * * * * *  
   * * * * * * * * * *   
    * * * 3 * * * * *    
   * * * * * * * * * *   
  * * * * * * * * * * *  
 * * * * * * * * * * * * 
* * * * 1 1 * * * * * * *
         1 1 1 1         
          1 * *          
           1 1           
            1            
600000 600000 1 2 2

turn = 2   myturn = 2
It is my turn and I am thinking
Progress is: Opening
Using Astrizzles...
Is state consistent? true
My move: 0 12 4 16 -1 -1
            *            
           2 2           
          2 2 *          
         2 2 2 2         
* * * * * * 2 * 2 * * * *
 * * * * * * * * * * * * 
  * * * * * * * * * * *  
   * * * * * * * * * *   
    * * * 3 * * * * *    
   * * * * * * * * * *   
  * * * * * * * * * * *  
 * * * * * * * * * * * * 
* * * * 1 1 * * * * * * *
         1 1 1 1         
          1 * *          
           1 1           
            1            
600000 600000 1 2 1

turn = 1   myturn = 2
OK lemme think...
            *            
           2 2           
          2 2 *          
         2 2 2 2         
* * * * * * 2 * 2 * * * *
 * * * * 3 * * * * * * * 
  * * * * * * * * * * *  
   * * * * * * * * * *   
    * * * 3 * * * * *    
   * * * * * * * * * *   
  * * * * * * * * * * *  
 * * * * * * * * * * * * 
* * * * 1 1 * * 1 * * * *
         1 1 1 1         
          1 * *          
           1 1           
            *            
600000 600000 0 2 2

turn = 2   myturn = 2
It is my turn and I am thinking
Progress is: Opening
Using Astrizzles...
Is state consistent? true
My move: 2 12 4 10 -1 -1
            *            
           2 2           
          2 * *          
         2 2 2 2         
* * * * * 2 2 * 2 * * * *
 * * * * 3 * * * * * * * 
  * * * * * * * * * * *  
   * * * * * * * * * *   
    * * * 3 * * * * *    
   * * * * * * * * * *   
  * * * * * * * * * * *  
 * * * * * * * * * * * * 
* * * * 1 1 * * 1 * * * *
         1 1 1 1         
          1 * *          
           1 1           
            *            
600000 600000 0 2 1

turn = 1   myturn = 2
OK lemme think...
            *            
           2 2           
          2 * *          
         2 2 2 2         
* * * * * 2 2 * 2 * * * *
 * * * * 3 * * * * * * * 
  * * * * * * * * * * *  
   * * * * * * * * * *   
    * * * 3 * * * * *    
   * * * * * * * * * *   
  * * * * * * * * * * *  
 * * * * * * * * * * * * 
* * * * 1 1 1 * 1 * * * *
         1 1 1 1         
          * * *          
           1 1           
            *            
600000 600000 0 2 2

turn = 2   myturn = 2
It is my turn and I am thinking
Progress is: Opening
Using Astrizzles...
Is state consistent? true
My move: 3 9 5 11 -1 -1
            *            
           2 2           
          2 * *          
         * 2 2 2         
* * * * * 2 2 * 2 * * * *
 * * * * 3 2 * * * * * * 
  * * * * * * * * * * *  
   * * * * * * * * * *   
    * * * 3 * * * * *    
   * * * * * * * * * *   
  * * * * * * * * * * *  
 * * * * * * * * * * * * 
* * * * 1 1 1 * 1 * * * *
         1 1 1 1         
          * * *          
           1 1           
            *            
600000 600000 0 2 1

turn = 1   myturn = 2
OK lemme think...
            *            
           2 2           
          2 * *          
         * 2 2 2         
* * * * * 2 2 * 2 * * * *
 * * * * 3 2 * * * * * * 
  * * * * * * * * * * *  
   * * * * * * * * * *   
    * * * 3 * * * * *    
   * * * * * * * * * *   
  * * * * * * * * * * *  
 * * * * * * 1 * * * * * 
* * * * 1 1 1 * 1 * * * *
         1 * 1 1         
          * * *          
           1 1           
            *            
600000 600000 0 2 2

turn = 2   myturn = 2
It is my turn and I am thinking
Progress is: Opening
Using Astrizzles...
Is state consistent? true
My move: 1 11 3 9 -1 -1
            *            
           * 2           
          2 * *          
         2 2 2 2         
* * * * * 2 2 * 2 * * * *
 * * * * 3 2 * * * * * * 
  * * * * * * * * * * *  
   * * * * * * * * * *   
    * * * 3 * * * * *    
   * * * * * * * * * *   
  * * * * * * * * * * *  
 * * * * * * 1 * * * * * 
* * * * 1 1 1 * 1 * * * *
         1 * 1 1         
          * * *          
           1 1           
            *            
600000 600000 0 2 1

turn = 1   myturn = 2
OK lemme think...
            *            
           * 2           
          2 * *          
         2 2 2 2         
* * * * * 2 2 * 2 * * * *
 * * * * 3 2 * * * * * * 
  * * * * * * * * * * *  
   * * * * * * * * * *   
    * * * 3 * * * * *    
   * * * * * * * * * *   
  * * * * * * * * * * *  
 * * * * * * 1 1 * * * * 
* * * * 1 1 1 * 1 * * * *
         * * 1 1         
          * * *          
           1 1           
            *            
600000 600000 0 2 2

turn = 2   myturn = 2
It is my turn and I am thinking
Progress is: Opening
Using Astrizzles...
Empty move list happened. Calculating new sequence.
Number of states visited: 6
Is state consistent? true
My move: 2 10 6 10 -1 -1
            *            
           * 2           
          * * *          
         2 2 2 2         
* * * * * 2 2 * 2 * * * *
 * * * * 3 2 * * * * * * 
  * * * * 2 * * * * * *  
   * * * * * * * * * *   
    * * * 3 * * * * *    
   * * * * * * * * * *   
  * * * * * * * * * * *  
 * * * * * * 1 1 * * * * 
* * * * 1 1 1 * 1 * * * *
         * * 1 1         
          * * *          
           1 1           
            *            
600000 600000 0 2 1

turn = 1   myturn = 2
OK lemme think...
            *            
           * 2           
          * * *          
         2 2 2 2         
* * * * * 2 2 * 2 * * * *
 * * * * 3 2 * * * * * * 
  * * * * 2 * * * * * *  
   * * * * * * * * * *   
    * * * 3 * * * * *    
   * * * * * * * * * *   
  * * * * * * * * * * *  
 * * * 1 * * 1 1 * * * * 
* * * * 1 1 1 * 1 * * * *
         * * * 1         
          * * *          
           1 1           
            *            
600000 600000 0 2 2

turn = 2   myturn = 2
It is my turn and I am thinking
Progress is: Opening
Using Astrizzles...
Is state consistent? true
My move: 5 11 9 11 -1 -1
            *            
           * 2           
          * * *          
         2 2 2 2         
* * * * * 2 2 * 2 * * * *
 * * * * 3 * * * * * * * 
  * * * * 2 * * * * * *  
   * * * * * * * * * *   
    * * * 3 * * * * *    
   * * * * 2 * * * * *   
  * * * * * * * * * * *  
 * * * 1 * * 1 1 * * * * 
* * * * 1 1 1 * 1 * * * *
         * * * 1         
          * * *          
           1 1           
            *            
600000 600000 0 2 1

turn = 1   myturn = 2
OK lemme think...
            *            
           * 2           
          * * *          
         2 2 2 2         
* * * * * 2 2 * 2 * * * *
 * * * * 3 * * * * * * * 
  * * * * 2 * * * * * *  
   * * * * * * * * * *   
    * * * 3 * * * * *    
   * * * * 2 * * * * *   
  * * * * * * * * * * *  
 * * * 1 * * 1 1 1 * * * 
* * * * 1 1 1 * 1 * * * *
         * * * *         
          * * *          
           1 1           
            *            
600000 600000 0 2 2

turn = 2   myturn = 2
It is my turn and I am thinking
Progress is: Interacting
Using AlphaBastard...
Is state consistent? true
My move: 4 10 6 12 -1 -1
            *            
           * 2           
          * * *          
         2 2 2 2         
* * * * * * 2 * 2 * * * *
 * * * * 3 * * * * * * * 
  * * * * 2 2 * * * * *  
   * * * * * * * * * *   
    * * * 3 * * * * *    
   * * * * 2 * * * * *   
  * * * * * * * * * * *  
 * * * 1 * * 1 1 1 * * * 
* * * * 1 1 1 * 1 * * * *
         * * * *         
          * * *          
           1 1           
            *            
600000 600000 0 2 1

turn = 1   myturn = 2
OK lemme think...
            *            
           * 2           
          * * *          
         2 2 2 2         
* * * * * * 2 * 2 * * * *
 * * * * 3 * * * * * * * 
  * * * * 2 2 * * * * *  
   * * * * * * * * * *   
    * * * 3 * * * * *    
   * * * * 2 * * * * *   
  * * * * * * * * 1 * *  
 * * * 1 * * 1 1 1 * * * 
* * * * 1 1 1 * * * * * *
         * * * *         
          * * *          
           1 1           
            *            
600000 600000 0 2 2

turn = 2   myturn = 2
It is my turn and I am thinking
Progress is: Interacting
Using AlphaBastard...
Is state consistent? true
My move: 3 11 9 9 -1 -1
            *            
           * 2           
          * * *          
         2 * 2 2         
* * * * * * 2 * 2 * * * *
 * * * * 3 * * * * * * * 
  * * * * 2 2 * * * * *  
   * * * * * * * * * *   
    * * * 3 * * * * *    
   * * * 2 2 * * * * *   
  * * * * * * * * 1 * *  
 * * * 1 * * 1 1 1 * * * 
* * * * 1 1 1 * * * * * *
         * * * *         
          * * *          
           1 1           
            *            
600000 600000 0 2 1

turn = 1   myturn = 2
OK lemme think...
            *            
           * 2           
          * * *          
         2 * 2 2         
* * * * * * 2 * 2 * * * *
 * * * * 3 * * * * * * * 
  * * * * 2 2 * * * * *  
   * * * * * * * * * *   
    * * * 3 * * * * *    
   * * * 2 2 * * * * *   
  * * * * * * 1 * 1 * *  
 * * * 1 * * 1 1 1 * * * 
* * * * 1 1 * * * * * * *
         * * * *         
          * * *          
           1 1           
            *            
600000 600000 0 2 2

turn = 2   myturn = 2
It is my turn and I am thinking
Progress is: Interacting
Using AlphaBastard...
Is state consistent? true
My move: 9 11 10 10 -1 -1
            *            
           * 2           
          * * *          
         2 * 2 2         
* * * * * * 2 * 2 * * * *
 * * * * 3 * * * * * * * 
  * * * * 2 2 * * * * *  
   * * * * * * * * * *   
    * * * 3 * * * * *    
   * * * 2 * * * * * *   
  * * * * 2 * 1 * 1 * *  
 * * * 1 * * 1 1 1 * * * 
* * * * 1 1 * * * * * * *
         * * * *         
          * * *          
           1 1           
            *            
600000 600000 0 2 1

turn = 1   myturn = 2
OK lemme think...
            *            
           * 2           
          * * *          
         2 * 2 2         
* * * * * * 2 * 2 * * * *
 * * * * 3 * * * * * * * 
  * * * * 2 2 * * * * *  
   * * * * * * * * * *   
    * * * 3 * * * * *    
   * * * 2 * * * * * *   
  * * * 1 2 * 1 * 1 * *  
 * * * 1 * * 1 1 1 * * * 
* * * * 1 * * * * * * * *
         * * * *         
          * * *          
           1 1           
            *            
600000 600000 0 2 2

turn = 2   myturn = 2
It is my turn and I am thinking
Progress is: Interacting
Using AlphaBastard...
Is state consistent? true
My move: 3 15 7 11 -1 -1
            *            
           * 2           
          * * *          
         2 * 2 *         
* * * * * * 2 * 2 * * * *
 * * * * 3 * * * * * * * 
  * * * * 2 2 * * * * *  
   * * * * 2 * * * * *   
    * * * 3 * * * * *    
   * * * 2 * * * * * *   
  * * * 1 2 * 1 * 1 * *  
 * * * 1 * * 1 1 1 * * * 
* * * * 1 * * * * * * * *
         * * * *         
          * * *          
           1 1           
            *            
600000 600000 0 2 1

turn = 1   myturn = 2
OK lemme think...
            *            
           * 2           
          * * *          
         2 * 2 *         
* * * * * * 2 * 2 * * * *
 * * * * 3 * * * * * * * 
  * * * * 2 2 * * * * *  
   * * * * 2 * * * * *   
    * * * 3 * * * * *    
   * * * 2 * * * * * *   
  * * 1 1 2 * 1 * 1 * *  
 * * * 1 * * 1 1 1 * * * 
* * * * * * * * * * * * *
         * * * *         
          * * *          
           1 1           
            *            
600000 600000 0 2 2

turn = 2   myturn = 2
It is my turn and I am thinking
Progress is: Interacting
Using AlphaBastard...
Is state consistent? true
My move: 3 13 11 9 -1 -1
            *            
           * 2           
          * * *          
         2 * * *         
* * * * * * 2 * 2 * * * *
 * * * * 3 * * * * * * * 
  * * * * 2 2 * * * * *  
   * * * * 2 * * * * *   
    * * * 3 * * * * *    
   * * * 2 * * * * * *   
  * * 1 1 2 * 1 * 1 * *  
 * * * 1 2 * 1 1 1 * * * 
* * * * * * * * * * * * *
         * * * *         
          * * *          
           1 1           
            *            
600000 600000 0 2 1

turn = 1   myturn = 2
OK lemme think...
            *            
           * 2           
          * * *          
         2 * * *         
* * * * * * 2 * 2 * * * *
 * * * * 3 * * * * * * * 
  * * * * 2 2 * * * * *  
   * * * * 2 * * * * *   
    * * * 3 * * * * *    
   * * * 2 * * * 1 * *   
  * * 1 1 2 * 1 * 1 * *  
 * * * 1 2 * 1 * 1 * * * 
* * * * * * * * * * * * *
         * * * *         
          * * *          
           1 1           
            *            
600000 600000 0 2 2

turn = 2   myturn = 2
It is my turn and I am thinking
Progress is: Interacting
Using AlphaBastard...
Is state consistent? true
My move: 11 9 12 10 -1 -1
            *            
           * 2           
          * * *          
         2 * * *         
* * * * * * 2 * 2 * * * *
 * * * * 3 * * * * * * * 
  * * * * 2 2 * * * * *  
   * * * * 2 * * * * *   
    * * * 3 * * * * *    
   * * * 2 * * * 1 * *   
  * * 1 1 2 * 1 * 1 * *  
 * * * 1 * * 1 * 1 * * * 
* * * * * 2 * * * * * * *
         * * * *         
          * * *          
           1 1           
            *            
600000 600000 0 2 1

turn = 1   myturn = 2
OK lemme think...
            *            
           * 2           
          * * *          
         2 * * *         
* * * * * * 2 * 2 * * * *
 * * * * 3 * * * * * * * 
  * * * * 2 2 * * * * *  
   * * * * 2 * * * * *   
    * * * 3 * * * * *    
   * * * 2 * * 1 1 * *   
  * * 1 1 2 * 1 * 1 * *  
 * * * 1 * * 1 * * * * * 
* * * * * 2 * * * * * * *
         * * * *         
          * * *          
           1 1           
            *            
600000 600000 0 2 2

turn = 2   myturn = 2
It is my turn and I am thinking
Progress is: Interacting
Using AlphaBastard...
Is state consistent? true
My move: 9 9 13 9 -1 -1
            *            
           * 2           
          * * *          
         2 * * *         
* * * * * * 2 * 2 * * * *
 * * * * 3 * * * * * * * 
  * * * * 2 2 * * * * *  
   * * * * 2 * * * * *   
    * * * 3 * * * * *    
   * * * * * * 1 1 * *   
  * * 1 1 2 * 1 * 1 * *  
 * * * 1 * * 1 * * * * * 
* * * * * 2 * * * * * * *
         2 * * *         
          * * *          
           1 1           
            *            
600000 600000 0 2 1

turn = 1   myturn = 2
OK lemme think...
            *            
           * 2           
          * * *          
         2 * * *         
* * * * * * 2 * 2 * * * *
 * * * * 3 * * * * * * * 
  * * * * 2 2 * * * * *  
   * * * * 2 * * * * *   
    * * * 3 * * * * *    
   * * * 1 * * 1 1 * *   
  * * 1 1 2 * 1 * 1 * *  
 * * * * * * 1 * * * * * 
* * * * * 2 * * * * * * *
         2 * * *         
          * * *          
           1 1           
            *            
600000 600000 0 2 2

turn = 2   myturn = 2
It is my turn and I am thinking
Progress is: Interacting
Using AlphaBastard...
Is state consistent? true
My move: 4 12 5 11 -1 -1
            *            
           * 2           
          * * *          
         2 * * *         
* * * * * * * * 2 * * * *
 * * * * 3 2 * * * * * * 
  * * * * 2 2 * * * * *  
   * * * * 2 * * * * *   
    * * * 3 * * * * *    
   * * * 1 * * 1 1 * *   
  * * 1 1 2 * 1 * 1 * *  
 * * * * * * 1 * * * * * 
* * * * * 2 * * * * * * *
         2 * * *         
          * * *          
           1 1           
            *            
600000 600000 0 2 1

turn = 1   myturn = 2
OK lemme think...
            *            
           * 2           
          * * *          
         2 * * *         
* * * * * * * * 2 * * * *
 * * * * 3 2 * * * * * * 
  * * * * 2 2 * * * * *  
   * * * * 2 * * * * *   
    * * * 3 * 1 * * *    
   * * * 1 * * 1 1 * *   
  * * 1 * 2 * 1 * 1 * *  
 * * * * * * 1 * * * * * 
* * * * * 2 * * * * * * *
         2 * * *         
          * * *          
           1 1           
            *            
600000 600000 0 2 2

turn = 2   myturn = 2
It is my turn and I am thinking
Progress is: Interacting
Using AlphaBastard...
Is state consistent? true
My move: 5 11 13 11 -1 -1
            *            
           * 2           
          * * *          
         2 * * *         
* * * * * * * * 2 * * * *
 * * * * 3 * * * * * * * 
  * * * * 2 2 * * * * *  
   * * * * 2 * * * * *   
    * * * 3 * 1 * * *    
   * * * 1 * * 1 1 * *   
  * * 1 * 2 * 1 * 1 * *  
 * * * * * * 1 * * * * * 
* * * * * 2 * * * * * * *
         2 2 * *         
          * * *          
           1 1           
            *            
600000 600000 0 2 1

turn = 1   myturn = 2
OK lemme think...
            *            
           * 2           
          * * *          
         2 * * *         
* * * * * * * * 2 * * * *
 * * * 1 3 * * * * * * * 
  * * * * 2 2 * * * * *  
   * * * * 2 * * * * *   
    * * * 3 * 1 * * *    
   * * * 1 * * * 1 * *   
  * * 1 * 2 * 1 * 1 * *  
 * * * * * * 1 * * * * * 
* * * * * 2 * * * * * * *
         2 2 * *         
          * * *          
           1 1           
            *            
600000 600000 0 2 2

turn = 2   myturn = 2
It is my turn and I am thinking
Progress is: Interacting
Using AlphaBastard...
Is state consistent? true
My move: 10 10 11 11 -1 -1
            *            
           * 2           
          * * *          
         2 * * *         
* * * * * * * * 2 * * * *
 * * * 1 3 * * * * * * * 
  * * * * 2 2 * * * * *  
   * * * * 2 * * * * *   
    * * * 3 * 1 * * *    
   * * * 1 * * * 1 * *   
  * * 1 * * * 1 * 1 * *  
 * * * * * 2 1 * * * * * 
* * * * * 2 * * * * * * *
         2 2 * *         
          * * *          
           1 1           
            *            
600000 600000 0 2 1

turn = 1   myturn = 2
OK lemme think...
            *            
           * 2           
          * * *          
         2 * * *         
* * * * * * * * 2 * * * *
 * * * 1 3 1 * * * * * * 
  * * * * 2 2 * * * * *  
   * * * * 2 * * * * *   
    * * * 3 * 1 * * *    
   * * * 1 * * * 1 * *   
  * * 1 * * * 1 * 1 * *  
 * * * * * 2 * * * * * * 
* * * * * 2 * * * * * * *
         2 2 * *         
          * * *          
           1 1           
            *            
600000 600000 0 2 2

turn = 2   myturn = 2
It is my turn and I am thinking
Progress is: Interacting
Using AlphaBastard...
Is state consistent? true
My move: 6 10 16 12 -1 -1
            *            
           * 2           
          * * *          
         2 * * *         
* * * * * * * * 2 * * * *
 * * * 1 3 1 * * * * * * 
  * * * * * 2 * * * * *  
   * * * * 2 * * * * *   
    * * * 3 * 1 * * *    
   * * * 1 * * * 1 * *   
  * * 1 * * * 1 * 1 * *  
 * * * * * 2 * * * * * * 
* * * * * 2 * * * * * * *
         2 2 * *         
          * * *          
           1 1           
            2            
600000 600000 0 2 1

turn = 1   myturn = 2
OK lemme think...
            *            
           * 2           
          1 * *          
         2 * * *         
* * * * * * * * 2 * * * *
 * * * 1 3 1 * * * * * * 
  * * * * * 2 * * * * *  
   * * * * 2 * * * * *   
    * * * 3 * 1 * * *    
   * * * 1 * * * 1 * *   
  * * 1 * * * 1 * * * *  
 * * * * * 2 * * * * * * 
* * * * * 2 * * * * * * *
         2 2 * *         
          * * *          
           1 1           
            2            
600000 600000 0 2 2

turn = 2   myturn = 2
It is my turn and I am thinking
Progress is: Interacting
Using AlphaBastard...
Is state consistent? true
My move: 3 9 4 8 -1 -1
            *            
           * 2           
          1 * *          
         * * * *         
* * * * 2 * * * 2 * * * *
 * * * 1 3 1 * * * * * * 
  * * * * * 2 * * * * *  
   * * * * 2 * * * * *   
    * * * 3 * 1 * * *    
   * * * 1 * * * 1 * *   
  * * 1 * * * 1 * * * *  
 * * * * * 2 * * * * * * 
* * * * * 2 * * * * * * *
         2 2 * *         
          * * *          
           1 1           
            2            
600000 600000 0 2 1

turn = 1   myturn = 2
OK lemme think...
            *            
           1 2           
          1 * *          
         * * * *         
* * * * 2 * * * 2 * * * *
 * * * * 3 1 * * * * * * 
  * * * * * 2 * * * * *  
   * * * * 2 * * * * *   
    * * * 3 * 1 * * *    
   * * * 1 * * * 1 * *   
  * * 1 * * * 1 * * * *  
 * * * * * 2 * * * * * * 
* * * * * 2 * * * * * * *
         2 2 * *         
          * * *          
           1 1           
            2            
600000 600000 0 2 2

turn = 2   myturn = 2
It is my turn and I am thinking
Progress is: Interacting
Using AlphaBastard...
Is state consistent? true
My move: 4 8 14 10 -1 -1
            *            
           1 2           
          1 * *          
         * * * *         
* * * * * * * * 2 * * * *
 * * * * 3 1 * * * * * * 
  * * * * * 2 * * * * *  
   * * * * 2 * * * * *   
    * * * 3 * 1 * * *    
   * * * 1 * * * 1 * *   
  * * 1 * * * 1 * * * *  
 * * * * * 2 * * * * * * 
* * * * * 2 * * * * * * *
         2 2 * *         
          2 * *          
           1 1           
            2            
600000 600000 0 2 1

turn = 1   myturn = 2
OK lemme think...
            1            
           1 2           
          * * *          
         * * * *         
* * * * * * * * 2 * * * *
 * * * * 3 1 * * * * * * 
  * * * * * 2 * * * * *  
   * * * * 2 * * * * *   
    * * * 3 * 1 * * *    
   * * * 1 * * * 1 * *   
  * * 1 * * * 1 * * * *  
 * * * * * 2 * * * * * * 
* * * * * 2 * * * * * * *
         2 2 * *         
          2 * *          
           1 1           
            2            
600000 600000 0 2 2

turn = 2   myturn = 2
It is my turn and I am thinking
Progress is: Interacting
Using AlphaBastard...
Is state consistent? true
My move: 6 12 6 10 -1 -1
            1            
           1 2           
          * * *          
         * * * *         
* * * * * * * * 2 * * * *
 * * * * 3 1 * * * * * * 
  * * * * 2 * * * * * *  
   * * * * 2 * * * * *   
    * * * 3 * 1 * * *    
   * * * 1 * * * 1 * *   
  * * 1 * * * 1 * * * *  
 * * * * * 2 * * * * * * 
* * * * * 2 * * * * * * *
         2 2 * *         
          2 * *          
           1 1           
            2            
600000 600000 0 2 1

turn = 1   myturn = 2
OK lemme think...
            1            
           1 2           
          * * *          
         * * * *         
* * * * * * * * 2 * * * *
 * * * * 3 1 * * * * * * 
  * * * * 2 * * * * * *  
   * * * * 2 * * * * *   
    * * * 3 * 1 * * *    
   * * * 1 * * * 1 * *   
  * * 1 * * * 1 * * * *  
 * * * * * 2 * * * * * * 
* * * * * 2 * * * * * * *
         2 2 * *         
          2 1 *          
           1 *           
            2            
600000 600000 0 2 2

turn = 2   myturn = 2
It is my turn and I am thinking
Progress is: Interacting
Using AlphaBastard...
Is state consistent? true
My move: 6 10 12 12 -1 -1
            1            
           1 2           
          * * *          
         * * * *         
* * * * * * * * 2 * * * *
 * * * * 3 1 * * * * * * 
  * * * * * * * * * * *  
   * * * * 2 * * * * *   
    * * * 3 * 1 * * *    
   * * * 1 * * * 1 * *   
  * * 1 * * * 1 * * * *  
 * * * * * 2 * * * * * * 
* * * * * 2 2 * * * * * *
         2 2 * *         
          2 1 *          
           1 *           
            2            
600000 600000 0 2 1

turn = 1   myturn = 2
OK lemme think...
            1            
           1 2           
          * * *          
         * * * *         
* * * * * * * * 2 * * * *
 * * * * 3 1 * * * * * * 
  * * * * * * * * * * *  
   * * * * 2 * * * * *   
    * * * 3 * 1 * * *    
   * * * 1 * * * 1 * *   
  * * 1 * * * 1 * * * *  
 * * * * * 2 * * * * * * 
* * * * * 2 2 * * * * * *
         2 2 1 *         
          2 1 *          
           * *           
            2            
600000 600000 0 2 2

turn = 2   myturn = 2
It is my turn and I am thinking
Progress is: Interacting
Using AlphaBastard...
Is state consistent? true
My move: 12 12 14 14 -1 -1
            1            
           1 2           
          * * *          
         * * * *         
* * * * * * * * 2 * * * *
 * * * * 3 1 * * * * * * 
  * * * * * * * * * * *  
   * * * * 2 * * * * *   
    * * * 3 * 1 * * *    
   * * * 1 * * * 1 * *   
  * * 1 * * * 1 * * * *  
 * * * * * 2 * * * * * * 
* * * * * 2 * * * * * * *
         2 2 1 *         
          2 1 2          
           * *           
            2            
600000 600000 0 2 1

turn = 1   myturn = 2
OK lemme think...
            1            
           1 2           
          * * *          
         * * * *         
* * * * * * * * 2 * * * *
 * * * * 3 1 * * * * * * 
  * * * * * * * * * * *  
   * * * * 2 * * * * *   
    * * * 3 * 1 * * *    
   * * * 1 * * * 1 * *   
  * * 1 * * * 1 * * * *  
 * * * * * 2 * * * * * * 
* * * * * 2 * 1 * * * * *
         2 2 1 *         
          2 * 2          
           * *           
            2            
600000 600000 0 2 2

turn = 2   myturn = 2
It is my turn and I am thinking
Progress is: Interacting
Using AlphaBastard...
Is state consistent? true
My move: 7 11 8 12 -1 -1
            1            
           1 2           
          * * *          
         * * * *         
* * * * * * * * 2 * * * *
 * * * * 3 1 * * * * * * 
  * * * * * * * * * * *  
   * * * * * * * * * *   
    * * * 3 2 1 * * *    
   * * * 1 * * * 1 * *   
  * * 1 * * * 1 * * * *  
 * * * * * 2 * * * * * * 
* * * * * 2 * 1 * * * * *
         2 2 1 *         
          2 * 2          
           * *           
            2            
600000 600000 0 2 1

turn = 1   myturn = 2
OK lemme think...
            1            
           1 2           
          * * *          
         * * * *         
* * * * * * * * 2 * * * *
 * * * * 3 1 * * * * * * 
  * * * * * * * * * * *  
   * * * * 1 * * * * *   
    * * * 3 2 1 * * *    
   * * * 1 * * * 1 * *   
  * * 1 * * * 1 * * * *  
 * * * * * 2 * * * * * * 
* * * * * 2 * 1 * * * * *
         2 2 * *         
          2 * 2          
           * *           
            2            
600000 600000 0 2 2

turn = 2   myturn = 2
It is my turn and I am thinking
Progress is: Interacting
Using AlphaBastard...
Is state consistent? true
My move: 8 12 12 12 -1 -1
            1            
           1 2           
          * * *          
         * * * *         
* * * * * * * * 2 * * * *
 * * * * 3 1 * * * * * * 
  * * * * * * * * * * *  
   * * * * 1 * * * * *   
    * * * 3 * 1 * * *    
   * * * 1 * * * 1 * *   
  * * 1 * * * 1 * * * *  
 * * * * * 2 * * * * * * 
* * * * * 2 2 1 * * * * *
         2 2 * *         
          2 * 2          
           * *           
            2            
600000 600000 0 2 1

turn = 1   myturn = 2
OK lemme think...
            1            
           1 2           
          * * *          
         * * * *         
* * * * * * * * 2 * * * *
 * * * * 3 1 * * * * * * 
  * * * * * * * * * * *  
   * * * * 1 * * * * *   
    * * * 3 * 1 * * *    
   * * * 1 * * * 1 * *   
  * * 1 * * * 1 * * * *  
 * * * * * 2 1 * * * * * 
* * * * * 2 2 * * * * * *
         2 2 * *         
          2 * 2          
           * *           
            2            
600000 600000 0 2 2

turn = 2   myturn = 2
It is my turn and I am thinking
Progress is: Interacting
Using AlphaBastard...
Is state consistent? true
My move: 11 11 13 13 -1 -1
            1            
           1 2           
          * * *          
         * * * *         
* * * * * * * * 2 * * * *
 * * * * 3 1 * * * * * * 
  * * * * * * * * * * *  
   * * * * 1 * * * * *   
    * * * 3 * 1 * * *    
   * * * 1 * * * 1 * *   
  * * 1 * * * 1 * * * *  
 * * * * * * 1 * * * * * 
* * * * * 2 2 * * * * * *
         2 2 2 *         
          2 * 2          
           * *           
            2            
600000 600000 0 2 1

turn = 1   myturn = 2
OK lemme think...
            1            
           1 2           
          * * *          
         * * * *         
* * * * * * * * 2 * * * *
 * * * * 3 1 * * * * * * 
  * * * * * * * * * * *  
   * * * * 1 1 * * * *   
    * * * 3 * 1 * * *    
   * * * 1 * * * 1 * *   
  * * 1 * * * 1 * * * *  
 * * * * * * * * * * * * 
* * * * * 2 2 * * * * * *
         2 2 2 *         
          2 * 2          
           * *           
            2            
600000 600000 0 2 2

turn = 2   myturn = 2
It is my turn and I am thinking
Progress is: Interacting
Using AlphaBastard...
Is state consistent? true
My move: 12 10 14 12 -1 -1
            1            
           1 2           
          * * *          
         * * * *         
* * * * * * * * 2 * * * *
 * * * * 3 1 * * * * * * 
  * * * * * * * * * * *  
   * * * * 1 1 * * * *   
    * * * 3 * 1 * * *    
   * * * 1 * * * 1 * *   
  * * 1 * * * 1 * * * *  
 * * * * * * * * * * * * 
* * * * * * 2 * * * * * *
         2 2 2 *         
          2 2 2          
           * *           
            2            
600000 600000 0 2 1

turn = 1   myturn = 2
OK lemme think...
            1            
           1 2           
          * * *          
         * * * *         
* * * * * 1 * * 2 * * * *
 * * * * 3 1 * * * * * * 
  * * * * * * * * * * *  
   * * * * 1 1 * * * *   
    * * * 3 * * * * *    
   * * * 1 * * * 1 * *   
  * * 1 * * * 1 * * * *  
 * * * * * * * * * * * * 
* * * * * * 2 * * * * * *
         2 2 2 *         
          2 2 2          
           * *           
            2            
600000 600000 0 2 2

turn = 2   myturn = 2
It is my turn and I am thinking
Progress is: Interacting
Using AlphaBastard...
Is state consistent? true
My move: 1 13 2 12 -1 -1
            1            
           1 *           
          * 2 *          
         * * * *         
* * * * * 1 * * 2 * * * *
 * * * * 3 1 * * * * * * 
  * * * * * * * * * * *  
   * * * * 1 1 * * * *   
    * * * 3 * * * * *    
   * * * 1 * * * 1 * *   
  * * 1 * * * 1 * * * *  
 * * * * * * * * * * * * 
* * * * * * 2 * * * * * *
         2 2 2 *         
          2 2 2          
           * *           
            2            
600000 600000 0 2 1

turn = 1   myturn = 2
OK lemme think...
            1            
           1 *           
          * 2 *          
         1 * * *         
* * * * * 1 * * 2 * * * *
 * * * * 3 * * * * * * * 
  * * * * * * * * * * *  
   * * * * 1 1 * * * *   
    * * * 3 * * * * *    
   * * * 1 * * * 1 * *   
  * * 1 * * * 1 * * * *  
 * * * * * * * * * * * * 
* * * * * * 2 * * * * * *
         2 2 2 *         
          2 2 2          
           * *           
            2            
600000 600000 0 2 2

turn = 2   myturn = 2
It is my turn and I am thinking
Progress is: Interacting
Using AlphaBastard...
Is state consistent? true
My move: 4 16 5 15 -1 -1
            1            
           1 *           
          * 2 *          
         1 * * *         
* * * * * 1 * * * * * * *
 * * * * 3 * * 2 * * * * 
  * * * * * * * * * * *  
   * * * * 1 1 * * * *   
    * * * 3 * * * * *    
   * * * 1 * * * 1 * *   
  * * 1 * * * 1 * * * *  
 * * * * * * * * * * * * 
* * * * * * 2 * * * * * *
         2 2 2 *         
          2 2 2          
           * *           
            2            
600000 600000 0 2 1

turn = 1   myturn = 2
OK lemme think...
            1            
           1 *           
          * 2 *          
         1 * * *         
* * * * * 1 * * * * * * *
 * * * * 3 * * 2 * * * * 
  * * * * * * * * * * *  
   * * * * 1 1 * * * *   
    * * * 3 * * * * *    
   * * * 1 * 1 * 1 * *   
  * * 1 * * * * * * * *  
 * * * * * * * * * * * * 
* * * * * * 2 * * * * * *
         2 2 2 *         
          2 2 2          
           * *           
            2            
600000 600000 0 2 2

turn = 2   myturn = 2
It is my turn and I am thinking
Progress is: Interacting
Using AlphaBastard...
Is state consistent? true
My move: 2 12 2 10 -1 -1
            1            
           1 *           
          2 * *          
         1 * * *         
* * * * * 1 * * * * * * *
 * * * * 3 * * 2 * * * * 
  * * * * * * * * * * *  
   * * * * 1 1 * * * *   
    * * * 3 * * * * *    
   * * * 1 * 1 * 1 * *   
  * * 1 * * * * * * * *  
 * * * * * * * * * * * * 
* * * * * * 2 * * * * * *
         2 2 2 *         
          2 2 2          
           * *           
            2            
600000 600000 0 2 1

turn = 1   myturn = 2
OK lemme think...
            1            
           1 *           
          2 * *          
         1 * * *         
* * * * * 1 * * * * * * *
 * * * * 3 * * 2 * * * * 
  * * * * * * * * * * *  
   * * * * 1 1 * * * *   
    * * * 3 * * * * *    
   * * 1 1 * 1 * 1 * *   
  * * * * * * * * * * *  
 * * * * * * * * * * * * 
* * * * * * 2 * * * * * *
         2 2 2 *         
          2 2 2          
           * *           
            2            
600000 600000 0 2 2

turn = 2   myturn = 2
It is my turn and I am thinking
Progress is: Interacting
Using AlphaBastard...
Is state consistent? true
My move: 2 10 10 6 -1 -1
            1            
           1 *           
          * * *          
         1 * * *         
* * * * * 1 * * * * * * *
 * * * * 3 * * 2 * * * * 
  * * * * * * * * * * *  
   * * * * 1 1 * * * *   
    * * * 3 * * * * *    
   * * 1 1 * 1 * 1 * *   
  * * 2 * * * * * * * *  
 * * * * * * * * * * * * 
* * * * * * 2 * * * * * *
         2 2 2 *         
          2 2 2          
           * *           
            2            
600000 600000 0 2 1

turn = 1   myturn = 2
OK lemme think...
            1            
           1 *           
          * * *          
         1 * * *         
* * * * * 1 * * * * * * *
 * * * * 3 * * 2 * * * * 
  * * * * * * * * * * *  
   * * * 1 1 1 * * * *   
    * * * 3 * * * * *    
   * * * 1 * 1 * 1 * *   
  * * 2 * * * * * * * *  
 * * * * * * * * * * * * 
* * * * * * 2 * * * * * *
         2 2 2 *         
          2 2 2          
           * *           
            2            
600000 600000 0 2 2

turn = 2   myturn = 2
It is my turn and I am thinking
Progress is: Interacting
Using AlphaBastard...
Is state consistent? true
My move: 5 15 6 14 -1 -1
            1            
           1 *           
          * * *          
         1 * * *         
* * * * * 1 * * * * * * *
 * * * * 3 * * * * * * * 
  * * * * * * 2 * * * *  
   * * * 1 1 1 * * * *   
    * * * 3 * * * * *    
   * * * 1 * 1 * 1 * *   
  * * 2 * * * * * * * *  
 * * * * * * * * * * * * 
* * * * * * 2 * * * * * *
         2 2 2 *         
          2 2 2          
           * *           
            2            
600000 600000 0 2 1

turn = 1   myturn = 2
OK lemme think...
            1            
           1 *           
          * * *          
         1 * * *         
* * * * * 1 * * * * * * *
 * * * * 3 * 1 * * * * * 
  * * * * * * 2 * * * *  
   * * * 1 * 1 * * * *   
    * * * 3 * * * * *    
   * * * 1 * 1 * 1 * *   
  * * 2 * * * * * * * *  
 * * * * * * * * * * * * 
* * * * * * 2 * * * * * *
         2 2 2 *         
          2 2 2          
           * *           
            2            
600000 600000 0 2 2

turn = 2   myturn = 2
It is my turn and I am thinking
Progress is: Interacting
Using AlphaBastard...
Is state consistent? true
My move: 6 14 10 10 -1 -1
            1            
           1 *           
          * * *          
         1 * * *         
* * * * * 1 * * * * * * *
 * * * * 3 * 1 * * * * * 
  * * * * * * * * * * *  
   * * * 1 * 1 * * * *   
    * * * 3 * * * * *    
   * * * 1 * 1 * 1 * *   
  * * 2 * 2 * * * * * *  
 * * * * * * * * * * * * 
* * * * * * 2 * * * * * *
         2 2 2 *         
          2 2 2          
           * *           
            2            
600000 600000 0 2 1

turn = 1   myturn = 2
OK lemme think...
            1            
           1 *           
          * * *          
         1 * * *         
* * * * * 1 * * * * * * *
 * * * * 3 * 1 * * * * * 
  * * * * * * * * * * *  
   * * 1 1 * 1 * * * *   
    * * * 3 * * * * *    
   * * * * * 1 * 1 * *   
  * * 2 * 2 * * * * * *  
 * * * * * * * * * * * * 
* * * * * * 2 * * * * * *
         2 2 2 *         
          2 2 2          
           * *           
            2            
600000 600000 0 2 2

turn = 2   myturn = 2
It is my turn and I am thinking
Progress is: Closing
Using AlphaBastard...
Is state consistent? true
My move: 10 6 11 7 -1 -1
            1            
           1 *           
          * * *          
         1 * * *         
* * * * * 1 * * * * * * *
 * * * * 3 * 1 * * * * * 
  * * * * * * * * * * *  
   * * 1 1 * 1 * * * *   
    * * * 3 * * * * *    
   * * * * * 1 * 1 * *   
  * * * * 2 * * * * * *  
 * * * 2 * * * * * * * * 
* * * * * * 2 * * * * * *
         2 2 2 *         
          2 2 2          
           * *           
            2            
600000 600000 0 2 1

turn = 1   myturn = 2
OK lemme think...
            1            
           1 *           
          * * *          
         1 * * *         
* * * * * 1 * * * * * * *
 * * * * 3 * 1 * * * * * 
  * * * * * * * * * * *  
   * * 1 1 * 1 * * * *   
    * * * 3 1 * * * *    
   * * * * * * * 1 * *   
  * * * * 2 * * * * * *  
 * * * 2 * * * * * * * * 
* * * * * * 2 * * * * * *
         2 2 2 *         
          2 2 2          
           * *           
            2            
600000 600000 0 2 2

turn = 2   myturn = 2
It is my turn and I am thinking
Progress is: Closing
Using AlphaBastard...
Is state consistent? true
My move: 10 10 10 12 -1 -1
            1            
           1 *           
          * * *          
         1 * * *         
* * * * * 1 * * * * * * *
 * * * * 3 * 1 * * * * * 
  * * * * * * * * * * *  
   * * 1 1 * 1 * * * *   
    * * * 3 1 * * * *    
   * * * * * * * 1 * *   
  * * * * * 2 * * * * *  
 * * * 2 * * * * * * * * 
* * * * * * 2 * * * * * *
         2 2 2 *         
          2 2 2          
           * *           
            2            
600000 600000 0 2 1

turn = 1   myturn = 2
OK lemme think...
            1            
           1 *           
          1 * *          
         1 * * *         
* * * * * 1 * * * * * * *
 * * * * 3 * 1 * * * * * 
  * * * * * * * * * * *  
   * * 1 1 * 1 * * * *   
    * * * 3 * * * * *    
   * * * * * * * 1 * *   
  * * * * * 2 * * * * *  
 * * * 2 * * * * * * * * 
* * * * * * 2 * * * * * *
         2 2 2 *         
          2 2 2          
           * *           
            2            
600000 600000 0 2 2

turn = 2   myturn = 2
It is my turn and I am thinking
Progress is: Closing
Using AlphaBastard...
Is state consistent? true
My move: 10 12 11 13 -1 -1
            1            
           1 *           
          1 * *          
         1 * * *         
* * * * * 1 * * * * * * *
 * * * * 3 * 1 * * * * * 
  * * * * * * * * * * *  
   * * 1 1 * 1 * * * *   
    * * * 3 * * * * *    
   * * * * * * * 1 * *   
  * * * * * * * * * * *  
 * * * 2 * * 2 * * * * * 
* * * * * * 2 * * * * * *
         2 2 2 *         
          2 2 2          
           * *           
            2            
600000 600000 0 2 1

turn = 1   myturn = 2
OK lemme think...
            1            
           1 *           
          1 * *          
         1 * * *         
* * * * * 1 * * * * * * *
 * * * * 3 * 1 * * * * * 
  * * * * * * * * * * *  
   * * 1 1 * 1 * * * *   
    * * * 3 * * * 1 *    
   * * * * * * * * * *   
  * * * * * * * * * * *  
 * * * 2 * * 2 * * * * * 
* * * * * * 2 * * * * * *
         2 2 2 *         
          2 2 2          
           * *           
            2            
600000 600000 0 2 2

turn = 2   myturn = 2
It is my turn and I am thinking
Progress is: Closing
Using AlphaBastard...
Is state consistent? true
My move: 11 7 12 6 -1 -1
            1            
           1 *           
          1 * *          
         1 * * *         
* * * * * 1 * * * * * * *
 * * * * 3 * 1 * * * * * 
  * * * * * * * * * * *  
   * * 1 1 * 1 * * * *   
    * * * 3 * * * 1 *    
   * * * * * * * * * *   
  * * * * * * * * * * *  
 * * * * * * 2 * * * * * 
* * * 2 * * 2 * * * * * *
         2 2 2 *         
          2 2 2          
           * *           
            2            
600000 600000 0 2 1

turn = 1   myturn = 2
OK lemme think...
            1            
           1 *           
          1 * *          
         1 * * *         
* * * * * 1 * * * * * * *
 * * * * 3 * 1 * * * * * 
  * * * * * * * * * * *  
   * * 1 1 * 1 * 1 * *   
    * * * 3 * * * * *    
   * * * * * * * * * *   
  * * * * * * * * * * *  
 * * * * * * 2 * * * * * 
* * * 2 * * 2 * * * * * *
         2 2 2 *         
          2 2 2          
           * *           
            2            
600000 600000 0 2 2

turn = 2   myturn = 2
It is my turn and I am thinking
Progress is: Closing
Using AlphaBastard...
Is state consistent? true
My move: 13 11 15 13 -1 -1
            1            
           1 *           
          1 * *          
         1 * * *         
* * * * * 1 * * * * * * *
 * * * * 3 * 1 * * * * * 
  * * * * * * * * * * *  
   * * 1 1 * 1 * 1 * *   
    * * * 3 * * * * *    
   * * * * * * * * * *   
  * * * * * * * * * * *  
 * * * * * * 2 * * * * * 
* * * 2 * * 2 * * * * * *
         2 * 2 *         
          2 2 2          
           * 2           
            2            
600000 600000 0 2 1

turn = 1   myturn = 2
OK lemme think...
            1            
           1 *           
          1 * *          
         1 * * *         
* * * * * 1 * * * * * * *
 * * * * 3 * 1 * * * * * 
  * * * * 1 * * * * * *  
   * * 1 * * 1 * 1 * *   
    * * * 3 * * * * *    
   * * * * * * * * * *   
  * * * * * * * * * * *  
 * * * * * * 2 * * * * * 
* * * 2 * * 2 * * * * * *
         2 * 2 *         
          2 2 2          
           * 2           
            2            
600000 600000 0 2 2

turn = 2   myturn = 2
It is my turn and I am thinking
Progress is: Closing
Using AlphaBastard...
Is state consistent? true
My move: 11 13 13 15 -1 -1
            1            
           1 *           
          1 * *          
         1 * * *         
* * * * * 1 * * * * * * *
 * * * * 3 * 1 * * * * * 
  * * * * 1 * * * * * *  
   * * 1 * * 1 * 1 * *   
    * * * 3 * * * * *    
   * * * * * * * * * *   
  * * * * * * * * * * *  
 * * * * * * * * * * * * 
* * * 2 * * 2 * * * * * *
         2 * 2 2         
          2 2 2          
           * 2           
            2            
600000 600000 0 2 1

turn = 1   myturn = 2
OK lemme think...
            1            
           1 *           
          1 * *          
         1 * * *         
* * * * * 1 1 * * * * * *
 * * * * 3 * 1 * * * * * 
  * * * * * * * * * * *  
   * * 1 * * 1 * 1 * *   
    * * * 3 * * * * *    
   * * * * * * * * * *   
  * * * * * * * * * * *  
 * * * * * * * * * * * * 
* * * 2 * * 2 * * * * * *
         2 * 2 2         
          2 2 2          
           * 2           
            2            
600000 600000 0 2 2

turn = 2   myturn = 2
It is my turn and I am thinking
Progress is: Closing
Using AlphaBastard...
Is state consistent? true
My move: 12 6 12 8 -1 -1
            1            
           1 *           
          1 * *          
         1 * * *         
* * * * * 1 1 * * * * * *
 * * * * 3 * 1 * * * * * 
  * * * * * * * * * * *  
   * * 1 * * 1 * 1 * *   
    * * * 3 * * * * *    
   * * * * * * * * * *   
  * * * * * * * * * * *  
 * * * * * * * * * * * * 
* * * * 2 * 2 * * * * * *
         2 * 2 2         
          2 2 2          
           * 2           
            2            
600000 600000 0 2 1

turn = 1   myturn = 2
OK lemme think...
            1            
           1 *           
          1 * *          
         1 1 * *         
* * * * * 1 1 * * * * * *
 * * * * 3 * * * * * * * 
  * * * * * * * * * * *  
   * * 1 * * 1 * 1 * *   
    * * * 3 * * * * *    
   * * * * * * * * * *   
  * * * * * * * * * * *  
 * * * * * * * * * * * * 
* * * * 2 * 2 * * * * * *
         2 * 2 2         
          2 2 2          
           * 2           
            2            
600000 600000 0 2 2

turn = 2   myturn = 2
It is my turn and I am thinking
Progress is: Closing
Using AlphaBastard...
Is state consistent? true
My move: 12 12 13 11 -1 -1
            1            
           1 *           
          1 * *          
         1 1 * *         
* * * * * 1 1 * * * * * *
 * * * * 3 * * * * * * * 
  * * * * * * * * * * *  
   * * 1 * * 1 * 1 * *   
    * * * 3 * * * * *    
   * * * * * * * * * *   
  * * * * * * * * * * *  
 * * * * * * * * * * * * 
* * * * 2 * * * * * * * *
         2 2 2 2         
          2 2 2          
           * 2           
            2            
600000 600000 0 2 1

turn = 1   myturn = 2
OK lemme think...
            1            
           1 *           
          1 1 *          
         1 1 * *         
* * * * * * 1 * * * * * *
 * * * * 3 * * * * * * * 
  * * * * * * * * * * *  
   * * 1 * * 1 * 1 * *   
    * * * 3 * * * * *    
   * * * * * * * * * *   
  * * * * * * * * * * *  
 * * * * * * * * * * * * 
* * * * 2 * * * * * * * *
         2 2 2 2         
          2 2 2          
           * 2           
            2            
600000 600000 0 2 2

turn = 2   myturn = 2
It is my turn and I am thinking
Progress is: Closing
Using AlphaBastard...
Is state consistent? true
My move: 13 9 15 11 -1 -1
            1            
           1 *           
          1 1 *          
         1 1 * *         
* * * * * * 1 * * * * * *
 * * * * 3 * * * * * * * 
  * * * * * * * * * * *  
   * * 1 * * 1 * 1 * *   
    * * * 3 * * * * *    
   * * * * * * * * * *   
  * * * * * * * * * * *  
 * * * * * * * * * * * * 
* * * * 2 * * * * * * * *
         * 2 2 2         
          2 2 2          
           2 2           
            2            
600000 600000 0 2 1

turn = 1   myturn = 2
OK lemme think...
            1            
           1 1           
          1 1 *          
         1 * * *         
* * * * * * 1 * * * * * *
 * * * * 3 * * * * * * * 
  * * * * * * * * * * *  
   * * 1 * * 1 * 1 * *   
    * * * 3 * * * * *    
   * * * * * * * * * *   
  * * * * * * * * * * *  
 * * * * * * * * * * * * 
* * * * 2 * * * * * * * *
         * 2 2 2         
          2 2 2          
           2 2           
            2            
600000 600000 0 2 2

turn = 2   myturn = 2
It is my turn and I am thinking
Progress is: Closing
Using AlphaBastard...
Is state consistent? true
My move: 12 8 13 9 -1 -1
            1            
           1 1           
          1 1 0          
         1 0 0 0         
0 0 0 0 0 0 1 0 0 0 0 0 0
 0 0 0 0 3 0 0 0 0 0 0 0 
  0 0 0 0 0 0 0 0 0 0 0  
   0 0 1 0 0 1 0 1 0 0   
    0 0 0 3 0 0 0 0 0    
   0 0 0 0 0 0 0 0 0 0   
  0 0 0 0 0 0 0 0 0 0 0  
 0 0 0 0 0 0 0 0 0 0 0 0 
0 0 0 0 0 0 0 0 0 0 0 0 0
         2 2 2 2         
          2 2 2          
           2 2           
            2            
600000 600000 0 2 1

I won
