            2            
           2 2           
          2 2 2          
         2 2 2 2         
0 0 0 0 0 0 0 0 0 0 0 0 0
 0 0 0 0 0 0 0 0 0 0 0 0 
  0 0 0 0 0 0 0 0 0 0 0  
   0 0 0 0 0 0 0 0 0 0   
    0 0 0 0 0 0 0 0 0    
   0 0 0 0 0 0 0 0 0 0   
  0 0 0 0 0 0 0 0 0 0 0  
 0 0 0 0 0 0 0 0 0 0 0 0 
0 0 0 0 0 0 0 0 0 0 0 0 0
         1 1 1 1         
          1 1 1          
           1 1           
            1            
600000 600000 2 2 1

#            2            
#           2 2           
#          2 2 2          
#         2 2 2 2         
#* * * * * * * * * * * * *
# * * * * * * * * * * * * 
#  * * * * * * * * * * *  
#   * * * * * * * * * *   
#    * * * * * * * * *    
#   * * * * * * * * * *   
#  * * * * * * * * * * *  
# * * * * * * * * * * * * 
#* * * * * * 1 * * * * * *
#         1 1 1 1         
#          * 1 1          
#           1 1           
#            1            
#600000 600000 2 2 2

0 599550 600000 14 10 12 12 -1 -1
#            2            
#           2 2           
#          2 2 *          
#         2 2 2 2         
#* * * * * * 2 * * * * * *
# * * * * * * * * * * * * 
#  * * * * * * * * * * *  
#   * * * * * * 3 * * *   
#    * * * * * * * * *    
#   * * * * * * * * * *   
#  * * * * * * * * * * *  
# * * * * * * * * * * * * 
#* * * * * * 1 * * * * * *
#         1 1 1 1         
#          * 1 1          
#           1 1           
#            1            
#600000 600000 2 1 1

0 599550 599998 2 14 4 12 7 15
#            2            
#           2 2           
#          2 2 *          
#         2 2 2 2         
#* * * * * * 2 * * * * * *
# * * * * * * * * * * * * 
#  * * * * * * * * * * *  
#   * * * * * * 3 * * *   
#    * * * * * * * * *    
#   * * * * * * * * * *   
#  * * * * * * * * * * *  
# * * * * * * * * * * * * 
#* * * * 1 * 1 * * * * * *
#         1 1 1 1         
#          * 1 1          
#           1 1           
#            *            
#600000 600000 2 1 2

0 599549 599998 16 12 12 8 -1 -1
#            *            
#           2 2           
#          2 2 *          
#         2 2 2 2         
#* * * * * * 2 * 2 * * * *
# * * * * * * * * * * * * 
#  * * * * * * * * * * *  
#   * * * * * * 3 * * *   
#    * * * * * * * * *    
#   * * * * * * 3 * * *   
#  * * * * * * * * * * *  
# * * * * * * * * * * * * 
#* * * * 1 * 1 * * * * * *
#         1 1 1 1         
#          * 1 1          
#           1 1           
#            *            
#600000 600000 2 0 1

0 599549 599997 0 12 4 16 9 15
#            *            
#           2 2           
#          2 2 *          
#         2 2 2 2         
#* * * * * * 2 * 2 * * * *
# * * * * * * * * * * * * 
#  * * * * * * * * * * *  
#   * * * * * * 3 * * *   
#    * * * * * * * * *    
#   * * * * * * 3 * * *   
#  * * * * * * * * * * *  
# * * * * * 1 * * * * * * 
#* * * * 1 * 1 * * * * * *
#         1 1 * 1         
#          * 1 1          
#           1 1           
#            *            
#600000 600000 2 0 2

0 599548 599997 13 13 11 11 -1 -1
#            *            
#           2 2           
#          2 2 *          
#         2 2 * 2         
#* * * * * * 2 * 2 * * * *
# * * * * * 2 * * * * * * 
#  * * * * * * * * * * *  
#   * * * * * * 3 * * *   
#    * * * * * * * * *    
#   * * * * * * 3 * * *   
#  * * * * * * * * * * *  
# * * * * * 1 * * * * * * 
#* * * * 1 * 1 * * * * * *
#         1 1 * 1         
#          * 1 1          
#           1 1           
#            *            
#600000 600000 2 0 1

0 599548 599996 3 13 5 11 -1 -1
#            *            
#           2 2           
#          2 2 *          
#         2 2 * 2         
#* * * * * * 2 * 2 * * * *
# * * * * * 2 * * * * * * 
#  * * * * * * * * * * *  
#   * * * * * * 3 * * *   
#    * * * * * * * * *    
#   * * * * * * 3 * * *   
#  * * * * * 1 * * * * *  
# * * * * * 1 * * * * * * 
#* * * * 1 * 1 * * * * * *
#         1 1 * 1         
#          * * 1          
#           1 1           
#            *            
#600000 600000 2 0 2

0 599547 599996 14 12 10 12 -1 -1
#            *            
#           2 2           
#          2 * *          
#         2 2 * 2         
#* * * * * * 2 * 2 * * * *
# * * * * * 2 * * * * * * 
#  * * * * * 2 * * * * *  
#   * * * * * * 3 * * *   
#    * * * * * * * * *    
#   * * * * * * 3 * * *   
#  * * * * * 1 * * * * *  
# * * * * * 1 * * * * * * 
#* * * * 1 * 1 * * * * * *
#         1 1 * 1         
#          * * 1          
#           1 1           
#            *            
#600000 600000 2 0 1

0 599547 599995 2 12 6 12 -1 -1
#            *            
#           2 2           
#          2 * *          
#         2 2 * 2         
#* * * * * * 2 * 2 * * * *
# * * * * * 2 * * * * * * 
#  * * * * * 2 * * * * *  
#   * * * * * * 3 * * *   
#    * * * * * * * * *    
#   * * * * 1 * 3 * * *   
#  * * * * * 1 * * * * *  
# * * * * * 1 * * * * * * 
#* * * * 1 * 1 * * * * * *
#         1 * * 1         
#          * * 1          
#           1 1           
#            *            
#600000 600000 2 0 2

0 599546 599995 13 11 9 11 -1 -1
#            *            
#           2 2           
#          2 * *          
#         2 2 * 2         
#* * * * * * * * 2 * * * *
# * * * * * 2 * * * * * * 
#  * * * * * 2 * * * * *  
#   * * * * * * 3 * * *   
#    * * * * * * * * *    
#   * * * * 1 * 3 * * *   
#  * * * * 2 1 * * * * *  
# * * * * * 1 * * * * * * 
#* * * * 1 * 1 * * * * * *
#         1 * * 1         
#          * * 1          
#           1 1           
#            *            
#600000 600000 2 0 1

0 599546 599994 4 12 10 10 -1 -1
#            *            
#           2 2           
#          2 * *          
#         2 2 * 2         
#* * * * * * * * 2 * * * *
# * * * * * 2 * * * * * * 
#  * * * * * 2 * * * * *  
#   * * * * * * 3 * * *   
#    * * * * * * * * *    
#   * * * * 1 1 3 * * *   
#  * * * * 2 1 * * * * *  
# * * * * * * * * * * * * 
#* * * * 1 * 1 * * * * * *
#         1 * * 1         
#          * * 1          
#           1 1           
#            *            
#600000 600000 2 0 2

0 599397 599994 11 11 9 13 -1 -1
#            *            
#           2 2           
#          * * *          
#         2 2 * 2         
#* * * * * * * * 2 * * * *
# * * * * * 2 * * * * * * 
#  * * * * * 2 * * * * *  
#   * * * * * * 3 * * *   
#    * * * * * * * * *    
#   * * * * 1 1 3 * * *   
#  * * * * 2 1 2 * * * *  
# * * * * * * * * * * * * 
#* * * * 1 * 1 * * * * * *
#         1 * * 1         
#          * * 1          
#           1 1           
#            *            
#600000 600000 2 0 1

0 599397 599993 2 10 10 14 -1 -1
#            *            
#           2 2           
#          * * *          
#         2 2 * 2         
#* * * * * * * * 2 * * * *
# * * * * * 2 * * * * * * 
#  * * * * * 2 * 1 * * *  
#   * * * * * * 3 * * *   
#    * * * * * * * * *    
#   * * * * 1 1 3 * * *   
#  * * * * 2 * 2 * * * *  
# * * * * * * * * * * * * 
#* * * * 1 * 1 * * * * * *
#         1 * * 1         
#          * * 1          
#           1 1           
#            *            
#600000 600000 2 0 2

0 599396 599993 10 12 6 16 -1 -1
#            *            
#           2 2           
#          * * *          
#         2 2 * 2         
#* * * * * * * * * * * * *
# * * * * * 2 * * * * * * 
#  * * * * * 2 * 1 * * *  
#   * * * * * * 3 * * *   
#    * * * * * * 2 * *    
#   * * * * 1 1 3 * * *   
#  * * * * 2 * 2 * * * *  
# * * * * * * * * * * * * 
#* * * * 1 * 1 * * * * * *
#         1 * * 1         
#          * * 1          
#           1 1           
#            *            
#600000 600000 2 0 1

0 599396 599992 4 16 8 16 -1 -1
#            *            
#           2 2           
#          * * *          
#         2 2 * 2         
#* * * * * * * * * * * * *
# * * * * * 2 * * * * * * 
#  * * * * * 2 * 1 * * *  
#   * * * * * * 3 * * *   
#    * * * * * * 2 * *    
#   * * * * 1 1 3 * * *   
#  * * * * 2 * 2 * * * *  
# * * * * * * * * * * * * 
#* * * * 1 * 1 * 1 * * * *
#         1 * * 1         
#          * * *          
#           1 1           
#            *            
#600000 600000 2 0 2

0 599395 599992 14 14 12 16 -1 -1
#            *            
#           2 2           
#          * * *          
#         2 2 * 2         
#* * * * * * * * * * * * *
# * * * * * * * * * * * * 
#  * * * * * 2 * 1 * * *  
#   * * * * * 2 3 * * *   
#    * * * * * * 2 * *    
#   * * * * 1 1 3 * * *   
#  * * * * 2 * 2 * * * *  
# * * * * * * * * * * * * 
#* * * * 1 * 1 * 1 * * * *
#         1 * * 1         
#          * * *          
#           1 1           
#            *            
#600000 600000 2 0 1

0 599395 599991 5 11 7 13 -1 -1
#            *            
#           2 2           
#          * * *          
#         2 2 * 2         
#* * * * * * * * * * * * *
# * * * * * * * * * * * * 
#  * * * * * 2 * 1 * * *  
#   * * * * * 2 3 * * *   
#    * * * * * * 2 * *    
#   * * * * 1 1 3 * * *   
#  * * * * 2 * 2 * * * *  
# * * * * * * * * * * * * 
#* * * * 1 * 1 * 1 * * * *
#         1 * * 1         
#          * 1 *          
#           * 1           
#            *            
#600000 600000 2 0 2

0 599394 599991 15 11 14 12 -1 -1
#            *            
#           2 2           
#          * * *          
#         2 2 * 2         
#* * * * * * * * * * * * *
# * * * * * * * * * * * * 
#  * * * * * * * 1 * * *  
#   * * * * * 2 3 * * *   
#    * * * * * * 2 * *    
#   * * * * 1 1 3 * * *   
#  * * * 2 2 * 2 * * * *  
# * * * * * * * * * * * * 
#* * * * 1 * 1 * 1 * * * *
#         1 * * 1         
#          * 1 *          
#           * 1           
#            *            
#600000 600000 2 0 1

0 599394 599989 6 12 10 8 -1 -1
#            *            
#           2 2           
#          * * *          
#         2 2 * 2         
#* * * * * * * * * * * * *
# * * * * * * * * * * * * 
#  * * * * * * * 1 * * *  
#   * * * * * 2 3 * * *   
#    * * * * * * 2 * *    
#   * * * * 1 1 3 * * *   
#  * * * 2 2 * 2 * * * *  
# * * * * * * 1 * * * * * 
#* * * * 1 * 1 * 1 * * * *
#         1 * * 1         
#          * 1 *          
#           * *           
#            *            
#600000 600000 2 0 2

0 599392 599989 15 13 11 13 -1 -1
#            *            
#           2 2           
#          * * *          
#         2 2 * 2         
#* * * * * * * * * * * * *
# * * * * * * * * * * * * 
#  * * * * * * * 1 * * *  
#   * * * * * 2 3 * * *   
#    * * * * * * 2 * *    
#   * * * * 1 1 3 * * *   
#  * * * * 2 * 2 * * * *  
# * * * * * * 1 * * * * * 
#* * * * 1 2 1 * 1 * * * *
#         1 * * 1         
#          * 1 *          
#           * *           
#            *            
#600000 600000 2 0 1

0 599392 599982 10 8 12 10 -1 -1
#            *            
#           2 2           
#          * * *          
#         2 2 * 2         
#* * * * * * * * * * * * *
# * * * * * * * * * * * * 
#  * * * * * * * 1 * * *  
#   * * * * * 2 3 * * *   
#    * * * * * * 2 * *    
#   * * * 1 1 1 3 * * *   
#  * * * * 2 * 2 * * * *  
# * * * * * * 1 * * * * * 
#* * * * 1 2 1 * 1 * * * *
#         * * * 1         
#          * 1 *          
#           * *           
#            *            
#600000 600000 2 0 2

0 599131 599982 13 9 9 9 -1 -1
#            *            
#           2 2           
#          * * *          
#         2 2 * 2         
#* * * * * * * * * * * * *
# * * * * * * * * * * * * 
#  * * * * * * * 1 * * *  
#   * * * * * 2 3 * * *   
#    * * * * * * 2 * *    
#   * * * 1 1 1 3 * * *   
#  * * * * 2 * 2 * * * *  
# * * * * * * 1 * * * * * 
#* * * * 1 * 1 * 1 * * * *
#         * 2 * 1         
#          * 1 *          
#           * *           
#            *            
#600000 600000 2 0 1

0 599131 599981 12 10 13 11 -1 -1
#            *            
#           2 2           
#          * * *          
#         2 2 * 2         
#* * * * * * * * * * * * *
# * * * * * * * * * * * * 
#  * * * * * * * 1 * * *  
#   * * * * * 2 3 * * *   
#    * * * * * * 2 * *    
#   * * * 1 1 1 3 * * *   
#  * * * * 2 * 2 * * * *  
# * * * * 1 * 1 * * * * * 
#* * * * * * 1 * 1 * * * *
#         * 2 * 1         
#          * 1 *          
#           * *           
#            *            
#600000 600000 2 0 2

0 599130 599981 12 8 11 9 -1 -1
#            *            
#           2 2           
#          * * *          
#         2 2 * 2         
#* * * * * * * * * * * * *
# * * * * * * * * * * * * 
#  * * * * * * * 1 * * *  
#   * * * * * 2 3 * * *   
#    * * * * * * 2 * *    
#   * * * 1 1 1 3 * * *   
#  * * * * 2 * 2 * * * *  
# * * * * 1 * 1 * * * * * 
#* * * * * * 1 * 1 * * * *
#         * * * 1         
#          * 1 *          
#           * 2           
#            *            
#600000 600000 2 0 1

0 599130 599946 13 11 15 13 -1 -1
#            *            
#           2 2           
#          * * *          
#         2 2 * 2         
#* * * * * * * * * * * * *
# * * * * * * * * * * * * 
#  * * * * * * * 1 * * *  
#   * * * * * 2 3 * * *   
#    * * * * * * 2 * *    
#   * * * 1 1 1 3 * * *   
#  * * * * 2 * 2 * * * *  
# * * * * 1 * 1 * 1 * * * 
#* * * * * * 1 * 1 * * * *
#         * * * *         
#          * 1 *          
#           * 2           
#            *            
#600000 600000 2 0 2

0 599120 599946 13 15 11 17 -1 -1
#            *            
#           2 2           
#          * * *          
#         2 2 * 2         
#* * * * * * * * * * * * *
# * * * * * * * * * * * * 
#  * * * * * * * 1 * * *  
#   * * * * * 2 3 * * *   
#    * * * * * * 2 * *    
#   * * * 1 1 1 3 * * *   
#  * * * * * * 2 * * * *  
# * * * * 1 * 1 * 1 * * * 
#* * * * 2 * 1 * 1 * * * *
#         * * * *         
#          * 1 *          
#           * 2           
#            *            
#600000 600000 2 0 1

0 599120 599945 10 10 12 8 -1 -1
#            *            
#           2 2           
#          * * *          
#         2 2 * 2         
#* * * * * * * * * * * * *
# * * * * * * * * * * * * 
#  * * * * * * * 1 * * *  
#   * * * * * 2 3 * * *   
#    * * * * * * 2 * *    
#   * * * 1 1 1 3 * * *   
#  * * * * * * 2 * * * *  
# * * * * 1 * 1 1 1 * * * 
#* * * * 2 * 1 * * * * * *
#         * * * *         
#          * 1 *          
#           * 2           
#            *            
#600000 600000 2 0 2

0 599118 599945 12 16 11 15 -1 -1
#            *            
#           2 2           
#          * * *          
#         2 2 * 2         
#* * * * * * * * * * * * *
# * * * * * * * * * * * * 
#  * * * * * * * 1 * * *  
#   * * * * * 2 3 * * *   
#    * * * * * * 2 * *    
#   * * * 1 1 1 3 * * *   
#  * * * * * * * * * * *  
# * * * * 1 * 1 1 1 * * * 
#* * * * 2 * 1 * 2 * * * *
#         * * * *         
#          * 1 *          
#           * 2           
#            *            
#600000 600000 2 0 1

0 599118 599942 10 14 12 16 -1 -1
#            *            
#           2 2           
#          * * *          
#         2 2 * 2         
#* * * * * * * * * * * * *
# * * * * * * * * * * * * 
#  * * * * * * * 1 * * *  
#   * * * * * 2 3 * * *   
#    * * * * * * 2 * *    
#   * * * 1 1 1 3 * * *   
#  * * * * * * * * * * *  
# * * * * 1 * 1 1 1 * * * 
#* * * * 2 * 1 * 2 * * * *
#         * * 1 *         
#          * * *          
#           * 2           
#            *            
#600000 600000 2 0 2

0 599106 599942 14 12 13 13 -1 -1
#            *            
#           2 2           
#          * * *          
#         2 2 * 2         
#* * * * * * * * * * * * *
# * * * * * * * * * * * * 
#  * * * * * * * 1 * * *  
#   * * * * * 2 3 * * *   
#    * * * * * * * * *    
#   * * * 1 1 1 3 * * *   
#  * * * * 2 * * * * * *  
# * * * * 1 * 1 1 1 * * * 
#* * * * 2 * 1 * 2 * * * *
#         * * 1 *         
#          * * *          
#           * 2           
#            *            
#600000 600000 2 0 1

0 599106 599941 8 16 10 10 -1 -1
#            *            
#           2 2           
#          * * *          
#         2 2 * 2         
#* * * * * * * * * * * * *
# * * * * * * * * * * * * 
#  * * * * * * 1 1 * * *  
#   * * * * * 2 3 * * *   
#    * * * * * * * * *    
#   * * * 1 1 1 3 * * *   
#  * * * * 2 * * * * * *  
# * * * * 1 * 1 1 1 * * * 
#* * * * 2 * * * 2 * * * *
#         * * 1 *         
#          * * *          
#           * 2           
#            *            
#600000 600000 2 0 2

0 598813 599941 12 12 6 14 -1 -1
#            *            
#           2 2           
#          * * *          
#         2 2 * 2         
#* * * * * * * * * * * * *
# * * * * * * * * * * * * 
#  * * * * * * 1 1 * * *  
#   * * * * * 2 3 * * *   
#    * * * * * * * * *    
#   * * * 1 1 1 3 * * *   
#  * * * * * * * * * * *  
# * * * * 1 * 1 1 1 * * * 
#* * * * 2 * * * 2 * * * *
#         * * 1 *         
#          * * *          
#           * 2           
#            2            
#600000 600000 2 0 1

0 598813 599940 10 10 16 12 -1 -1
#            *            
#           2 2           
#          * * *          
#         2 2 * 2         
#* * * * * * * * * * * * *
# * * * * * * * * * * * * 
#  * * * * * * 1 1 * * *  
#   * * * * * 2 3 * * *   
#    * * * * * * * * *    
#   * * * 1 1 1 3 * * *   
#  * * * * * * * 1 * * *  
# * * * * 1 * 1 1 * * * * 
#* * * * 2 * * * 2 * * * *
#         * * 1 *         
#          * * *          
#           * 2           
#            2            
#600000 600000 2 0 2

0 598812 599940 11 17 10 16 -1 -1
#            *            
#           2 2           
#          * * *          
#         2 2 * 2         
#* * * * * * * * * * * * *
# * * * * * * * * * * * * 
#  * * * * * * 1 1 * * *  
#   * * * * * 2 3 * * *   
#    * * * * * * * * *    
#   * * * 1 1 1 3 * * *   
#  * * * * * * * 1 * * *  
# * * * * 1 * 1 1 * * * * 
#* * * * 2 * * * * * * * *
#         * * 1 *         
#          * * 2          
#           * 2           
#            2            
#600000 600000 2 0 1

0 598812 599939 12 16 14 14 -1 -1
#            *            
#           2 2           
#          * * *          
#         2 2 * 2         
#* * * * * * * * * * * * *
# * * * * * * * * * * * * 
#  * * * * * 1 1 1 * * *  
#   * * * * * 2 3 * * *   
#    * * * * * * * * *    
#   * * * 1 1 1 3 * * *   
#  * * * * * * * * * * *  
# * * * * 1 * 1 1 * * * * 
#* * * * 2 * * * * * * * *
#         * * 1 *         
#          * * 2          
#           * 2           
#            2            
#600000 600000 2 0 2

0 598811 599939 10 16 6 12 -1 -1
#            *            
#           2 2           
#          * * *          
#         2 2 * 2         
#* * * * * * * * * * * * *
# * * * * * * * * * * * * 
#  * * * * * 1 1 1 * * *  
#   * * * * * 2 3 * * *   
#    * * * * * * * * *    
#   * * * 1 1 1 3 * * *   
#  * * * * * * * * * * *  
# * * * * 1 * 1 1 * * * * 
#* * * * * * * * * * * * *
#         2 * 1 *         
#          * * 2          
#           * 2           
#            2            
#600000 600000 2 0 1

0 598811 599938 12 8 13 9 -1 -1
#            *            
#           2 2           
#          * * *          
#         2 2 * 2         
#* * * * * * * * * * * * *
# * * * * * * * * * * * * 
#  * * * * * 1 1 1 * * *  
#   * * * * * 2 3 * * *   
#    * * * * * * * * *    
#   * * * 1 1 1 3 * * *   
#  * * * * * * * * * * *  
# * * * * 1 * 1 1 * * * * 
#* * * * * * 1 * * * * * *
#         2 * * *         
#          * * 2          
#           * 2           
#            2            
#600000 600000 2 0 2

0 598810 599938 13 13 12 12 -1 -1
#            *            
#           2 2           
#          * * *          
#         2 2 * 2         
#* * * * * * * * * * * * *
# * * * * * * * * * * * * 
#  * * * * * 1 1 1 * * *  
#   * * * * * 2 3 * * *   
#    * * * * * * * * *    
#   * * * 1 1 1 3 * * *   
#  * * * * * * * * * * *  
# * * * * 1 * 1 1 * * * * 
#* * * * * * 1 * * * * * *
#         * * * *         
#          2 * 2          
#           * 2           
#            2            
#600000 600000 2 0 1

0 598810 599937 13 9 14 10 -1 -1
#            *            
#           2 2           
#          * * *          
#         2 2 * 2         
#* * * * * * * * * * * * *
# * * * * * * * * * * * * 
#  * * * * * 1 1 1 * * *  
#   * * * * * 2 3 * * *   
#    * * * * 1 * * * *    
#   * * * 1 1 1 3 * * *   
#  * * * * * * * * * * *  
# * * * * 1 * 1 1 * * * * 
#* * * * * * * * * * * * *
#         * * * *         
#          2 * 2          
#           * 2           
#            2            
#600000 600000 2 0 2

0 598809 599937 12 12 8 12 -1 -1
#            *            
#           2 2           
#          * * *          
#         2 2 * 2         
#* * * * * * * * * * * * *
# * * * * * * * * * * * * 
#  * * * * * 1 1 1 * * *  
#   * * * * * 2 3 * * *   
#    * * * * 1 * * * *    
#   * * * 1 1 1 3 * * *   
#  * * * * * * * * * * *  
# * * * * 1 * 1 1 * * * * 
#* * * * * * * * * * * * *
#         * * * *         
#          * * 2          
#           2 2           
#            2            
#600000 600000 2 0 1

0 598809 599936 14 10 15 11 -1 -1
#            *            
#           2 2           
#          * * *          
#         2 2 * 2         
#* * * * * * * * * * * * *
# * * * * * * 1 * * * * * 
#  * * * * * 1 1 1 * * *  
#   * * * * * 2 3 * * *   
#    * * * * 1 * * * *    
#   * * * 1 1 * 3 * * *   
#  * * * * * * * * * * *  
# * * * * 1 * 1 1 * * * * 
#* * * * * * * * * * * * *
#         * * * *         
#          * * 2          
#           2 2           
#            2            
#600000 600000 2 0 2

0 598517 599936 9 13 5 13 -1 -1
#            *            
#           2 2           
#          * * *          
#         2 2 * 2         
#* * * * * * * * * * * * *
# * * * * * * 1 * * * * * 
#  * * * * * 1 1 1 * * *  
#   * * * * * * 3 * * *   
#    * * * * 1 2 * * *    
#   * * * 1 1 * 3 * * *   
#  * * * * * * * * * * *  
# * * * * 1 * 1 1 * * * * 
#* * * * * * * * * * * * *
#         * * * *         
#          * * 2          
#           2 2           
#            2            
#600000 600000 2 0 1

0 598517 599935 7 13 8 14 -1 -1
#            *            
#           2 2           
#          * * *          
#         2 2 * 2         
#* * * * * * * * * * * * *
# * * * * * * 1 * * * * * 
#  * * * * * 1 1 1 * * *  
#   * * * * 1 * 3 * * *   
#    * * * * 1 2 * * *    
#   * * * * 1 * 3 * * *   
#  * * * * * * * * * * *  
# * * * * 1 * 1 1 * * * * 
#* * * * * * * * * * * * *
#         * * * *         
#          * * 2          
#           2 2           
#            2            
#600000 600000 2 0 2

0 598516 599935 9 9 7 11 -1 -1
#            *            
#           2 2           
#          * * *          
#         2 2 * 2         
#* * * * * * * * * * * * *
# * * * * * * 1 * * * * * 
#  * * * * * 1 1 1 * * *  
#   * * * * 1 * 3 * * *   
#    * * * * 1 * * * *    
#   * * * * 1 * 3 * * *   
#  * * * * * * * * * * *  
# * * * * 1 * 1 1 * * * * 
#* * * * * * * 2 * * * * *
#         * * * *         
#          * * 2          
#           2 2           
#            2            
#600000 600000 2 0 1

0 598516 599935 8 14 12 14 -1 -1
#            *            
#           2 2           
#          * * *          
#         2 2 * 2         
#* * * * * * * * * * * * *
# * * * * * * 1 * * * * * 
#  * * * * * 1 1 1 * * *  
#   * * * * 1 * 3 * * *   
#    * * * * 1 * * * *    
#   * * * * 1 * 3 * * *   
#  * * * * 1 * * * * * *  
# * * * * * * 1 1 * * * * 
#* * * * * * * 2 * * * * *
#         * * * *         
#          * * 2          
#           2 2           
#            2            
#600000 600000 2 0 2

0 598515 599935 11 9 10 10 -1 -1
#            *            
#           2 2           
#          * * *          
#         2 2 * 2         
#* * * * * * * * * * * * *
# * * * * * * 1 * * * * * 
#  * * * * * 1 1 1 * * *  
#   * * * * 1 * 3 * * *   
#    * * * * 1 * * * *    
#   * * * * 1 * 3 * * *   
#  * * * * 1 * * * * * *  
# * * * * * * 1 1 * * * * 
#* * * * * * * * * * * * *
#         * * * 2         
#          * * 2          
#           2 2           
#            2            
#600000 600000 2 0 1

0 598515 599934 12 14 13 15 -1 -1
#            *            
#           2 2           
#          * * *          
#         2 2 * 2         
#* * * * * * * * * * * * *
# * * * * * * 1 * * * * * 
#  * * * * * 1 1 1 * * *  
#   * * * * 1 * 3 * * *   
#    * * * * 1 * * * *    
#   * * * * 1 1 3 * * *   
#  * * * * 1 * * * * * *  
# * * * * * * 1 * * * * * 
#* * * * * * * * * * * * *
#         * * * 2         
#          * * 2          
#           2 2           
#            2            
#600000 600000 2 0 2

0 598510 599934 11 15 9 13 -1 -1
#            *            
#           2 2           
#          * * *          
#         2 2 * *         
#* * * * * * * 2 * * * * *
# * * * * * * 1 * * * * * 
#  * * * * * 1 1 1 * * *  
#   * * * * 1 * 3 * * *   
#    * * * * 1 * * * *    
#   * * * * 1 1 3 * * *   
#  * * * * 1 * * * * * *  
# * * * * * * 1 * * * * * 
#* * * * * * * * * * * * *
#         * * * 2         
#          * * 2          
#           2 2           
#            2            
#600000 600000 2 0 1

0 598510 599932 3 15 4 14 -1 -1
#            *            
#           2 2           
#          * * *          
#         2 2 * *         
#* * * * * * * 2 * * * * *
# * * * * * * 1 * * * * * 
#  * * * * * 1 1 1 * * *  
#   * * * * 1 * 3 * * *   
#    * * * * 1 * * * *    
#   * * * * 1 1 3 * * *   
#  * * * * 1 1 * * * * *  
# * * * * * * * * * * * * 
#* * * * * * * * * * * * *
#         * * * 2         
#          * * 2          
#           2 2           
#            2            
#600000 600000 2 0 2

0 598499 599932 11 13 10 12 -1 -1
#            *            
#           2 2           
#          * * *          
#         * 2 * *         
#* * * * * * * 2 * * * * *
# * * * * * * 1 * * * * * 
#  * * * * * 1 1 1 * * *  
#   * * * * 1 2 3 * * *   
#    * * * * 1 * * * *    
#   * * * * 1 1 3 * * *   
#  * * * * 1 1 * * * * *  
# * * * * * * * * * * * * 
#* * * * * * * * * * * * *
#         * * * 2         
#          * * 2          
#           2 2           
#            2            
#600000 600000 2 0 1

0 598499 599931 3 9 7 13 -1 -1
#            *            
#           2 2           
#          * * *          
#         * 2 * *         
#* * * * * * * 2 * * * * *
# * * * * * * 1 * * * * * 
#  * * * * * 1 1 1 * * *  
#   * * * * 1 2 3 * * *   
#    * * * 1 1 * * * *    
#   * * * * 1 1 3 * * *   
#  * * * * 1 * * * * * *  
# * * * * * * * * * * * * 
#* * * * * * * * * * * * *
#         * * * 2         
#          * * 2          
#           2 2           
#            2            
#600000 600000 2 0 2

0 598280 599931 10 12 8 10 -1 -1
#            *            
#           2 2           
#          * * *          
#         * 2 * *         
#* * * * * * * 2 * * * * *
# * * * * * * 1 * * * * * 
#  * * * * * 1 1 1 * * *  
#   * * * * 1 * 3 * * *   
#    * * * 1 1 2 * * *    
#   * * * * 1 1 3 * * *   
#  * * * * 1 * * * * * *  
# * * * * * * * * * * * * 
#* * * * * * * * * * * * *
#         * * * 2         
#          * * 2          
#           2 2           
#            2            
#600000 600000 2 0 1

0 598280 599930 7 13 8 14 -1 -1
#            *            
#           2 2           
#          1 * *          
#         * 2 * *         
#* * * * * * * 2 * * * * *
# * * * * * * 1 * * * * * 
#  * * * * * 1 * 1 * * *  
#   * * * * 1 * 3 * * *   
#    * * * 1 1 2 * * *    
#   * * * * 1 1 3 * * *   
#  * * * * 1 * * * * * *  
# * * * * * * * * * * * * 
#* * * * * * * * * * * * *
#         * * * 2         
#          * * 2          
#           2 2           
#            2            
#600000 600000 2 0 2

0 598279 599930 6 14 2 10 -1 -1
#            *            
#           * 2           
#          1 * *          
#         * 2 * *         
#* * * * * * * 2 * * * * *
# * * * * * * 1 * * * * * 
#  * * * * * 1 * 1 * * *  
#   * * * 2 1 * 3 * * *   
#    * * * 1 1 2 * * *    
#   * * * * 1 1 3 * * *   
#  * * * * 1 * * * * * *  
# * * * * * * * * * * * * 
#* * * * * * * * * * * * *
#         * * * 2         
#          * * 2          
#           2 2           
#            2            
#600000 600000 2 0 1

0 598279 599929 1 11 7 9 -1 -1
#            *            
#           * 2           
#          * * *          
#         1 2 * *         
#* * * * * * * 2 * * * * *
# * * * * * * 1 * * * * * 
#  * * * * * 1 * 1 * * *  
#   * * * 2 1 * 3 * * *   
#    * * * 1 1 2 * * *    
#   * * * * 1 1 3 * * *   
#  * * * * 1 * * * * * *  
# * * * * * * * * * * * * 
#* * * * * * * * * * * * *
#         * * * 2         
#          * * 2          
#           2 2           
#            2            
#600000 600000 2 0 2

0 598278 599929 2 10 3 9 -1 -1
#            *            
#           * 2           
#          * * *          
#         1 2 * *         
#* * * * * * * 2 * * * * *
# * * * * * * 1 * * * * * 
#  * * * * * 1 * 1 * * *  
#   * * * 2 1 * 3 * * *   
#    * * * 1 1 * * * *    
#   * * * * 1 1 3 * * *   
#  * * * * 1 * * 2 * * *  
# * * * * * * * * * * * * 
#* * * * * * * * * * * * *
#         * * * 2         
#          * * 2          
#           2 2           
#            2            
#600000 600000 2 0 1

0 598278 599928 8 14 10 16 -1 -1
#            *            
#           * 2           
#          * * *          
#         1 2 * *         
#* * * * * * * 2 * * * * *
# * * * * * * 1 1 * * * * 
#  * * * * * 1 * 1 * * *  
#   * * * 2 1 * 3 * * *   
#    * * * 1 1 * * * *    
#   * * * * * 1 3 * * *   
#  * * * * 1 * * 2 * * *  
# * * * * * * * * * * * * 
#* * * * * * * * * * * * *
#         * * * 2         
#          * * 2          
#           2 2           
#            2            
#600000 600000 2 0 2

0 597748 599928 9 11 5 15 -1 -1
#            *            
#           * 2           
#          * * *          
#         1 2 * *         
#* * * * * * * 2 * * * * *
# * * * * * * 1 1 * * * * 
#  * * * * * 1 * 1 * * *  
#   * * * * 1 * 3 * * *   
#    * * * 1 1 * * * *    
#   * * * * * 1 3 * * *   
#  * * * * 1 * * 2 * * *  
# * * * * 2 * * * * * * * 
#* * * * * * * * * * * * *
#         * * * 2         
#          * * 2          
#           2 2           
#            2            
#600000 600000 2 0 1

0 597748 599927 7 9 11 9 -1 -1
#            *            
#           * 2           
#          * * *          
#         1 2 * *         
#* * * * * * 1 2 * * * * *
# * * * * * * 1 1 * * * * 
#  * * * * * 1 * 1 * * *  
#   * * * * 1 * 3 * * *   
#    * * * 1 * * * * *    
#   * * * * * 1 3 * * *   
#  * * * * 1 * * 2 * * *  
# * * * * 2 * * * * * * * 
#* * * * * * * * * * * * *
#         * * * 2         
#          * * 2          
#           2 2           
#            2            
#600000 600000 2 0 2

0 597747 599927 8 12 4 12 -1 -1
#            *            
#           * 2           
#          * * *          
#         1 2 * *         
#* * * * * * 1 2 * * * * *
# * * * * * * 1 1 * * * * 
#  * * * * * 1 * 1 * * *  
#   * * * * 1 * 3 * * *   
#    * * * 1 * * * * *    
#   * * * * * 1 3 * * *   
#  * * * * 1 * * * * * *  
# * * * * 2 * * * * * * * 
#* * * * * 2 * * * * * * *
#         * * * 2         
#          * * 2          
#           2 2           
#            2            
#600000 600000 2 0 1

0 597747 599927 10 16 12 10 -1 -1
#            *            
#           * 2           
#          * * *          
#         1 2 * *         
#* * * * * * 1 2 * * * * *
# * * * * * * 1 1 * * * * 
#  * * * * * 1 * 1 * * *  
#   * * * * 1 * 3 * * *   
#    * * * 1 * * * * *    
#   * * * * 1 1 3 * * *   
#  * * * * * * * * * * *  
# * * * * 2 * * * * * * * 
#* * * * * 2 * * * * * * *
#         * * * 2         
#          * * 2          
#           2 2           
#            2            
#600000 600000 2 0 2

0 597747 599927 10 10 9 11 -1 -1
#            *            
#           * 2           
#          * * *          
#         1 2 * *         
#* * * * * * 1 2 * * * * *
# * * * * * * 1 1 * * * * 
#  * * * * * 1 * 1 * * *  
#   * * * * 1 * 3 * * *   
#    * * * 1 * * * * *    
#   * * * * 1 1 3 * * *   
#  * * * * * * * * * * *  
# * * * * * * * * * * * * 
#* * * * * 2 * * * * * * *
#         * 2 * 2         
#          * * 2          
#           2 2           
#            2            
#600000 600000 2 0 1

0 597747 599926 11 9 13 11 -1 -1
#            *            
#           * 2           
#          * * *          
#         1 2 1 *         
#* * * * * * 1 2 * * * * *
# * * * * * * 1 * * * * * 
#  * * * * * 1 * 1 * * *  
#   * * * * 1 * 3 * * *   
#    * * * 1 * * * * *    
#   * * * * 1 1 3 * * *   
#  * * * * * * * * * * *  
# * * * * * * * * * * * * 
#* * * * * 2 * * * * * * *
#         * 2 * 2         
#          * * 2          
#           2 2           
#            2            
#600000 600000 2 0 2

0 597746 599926 5 15 3 13 -1 -1
#            *            
#           * 2           
#          * * *          
#         1 2 1 *         
#* * * * * * 1 2 * * * * *
# * * * * * * 1 * * * * * 
#  * * * * * 1 * 1 * * *  
#   * * * * 1 * 3 * * *   
#    * * * 1 * * * * *    
#   * * * * 1 1 3 * * *   
#  * * * * * * * * * * *  
# * * * * * * * * * * * * 
#* * * * * * * * * * * * *
#         * 2 * 2         
#          * 2 2          
#           2 2           
#            2            
#600000 600000 2 0 1

0 597746 599925 12 10 14 12 -1 -1
#            *            
#           * 2           
#          * * *          
#         1 2 1 1         
#* * * * * * 1 2 * * * * *
# * * * * * * * * * * * * 
#  * * * * * 1 * 1 * * *  
#   * * * * 1 * 3 * * *   
#    * * * 1 * * * * *    
#   * * * * 1 1 3 * * *   
#  * * * * * * * * * * *  
# * * * * * * * * * * * * 
#* * * * * * * * * * * * *
#         * 2 * 2         
#          * 2 2          
#           2 2           
#            2            
#600000 600000 2 0 2

0 597745 599925 5 13 3 15 -1 -1
#            *            
#           * 2           
#          * * *          
#         1 * 1 1         
#* * * * * * 1 2 * * * * *
# * * * * * * 2 * * * * * 
#  * * * * * 1 * 1 * * *  
#   * * * * 1 * 3 * * *   
#    * * * 1 * * * * *    
#   * * * * 1 1 3 * * *   
#  * * * * * * * * * * *  
# * * * * * * * * * * * * 
#* * * * * * * * * * * * *
#         * 2 * 2         
#          * 2 2          
#           2 2           
#            2            
#600000 600000 2 0 1

0 597745 599924 3 11 5 13 -1 -1
#            *            
#           * 2           
#          * * *          
#         1 * 1 1         
#* * * * * * 1 2 * * * * *
# * * * * * 1 2 * * * * * 
#  * * * * * 1 * 1 * * *  
#   * * * * 1 * 3 * * *   
#    * * * 1 * * * * *    
#   * * * * * 1 3 * * *   
#  * * * * * * * * * * *  
# * * * * * * * * * * * * 
#* * * * * * * * * * * * *
#         * 2 * 2         
#          * 2 2          
#           2 2           
#            2            
#600000 600000 2 0 2

0 597515 599924 9 11 5 11 -1 -1
#            *            
#           * 2           
#          * * *          
#         1 * 1 1         
#* * * * * * 1 2 * * * * *
# * * * * * 1 2 * * * * * 
#  * * * * * 1 * 1 * * *  
#   * * * * 1 * 3 * * *   
#    * * * 1 * * * * *    
#   * * * * * 1 3 * * *   
#  * * * * * * * * * * *  
# * * * * * * * * * * * * 
#* * * * * * * * * * * * *
#         * * * 2         
#          2 2 2          
#           2 2           
#            2            
#600000 600000 2 0 1

0 597515 599924 13 11 14 10 -1 -1
#            *            
#           * 2           
#          * * *          
#         1 * 1 1         
#* * * * * * 1 2 * * * * *
# * * * * * 1 2 * * * * * 
#  * * * * * 1 1 * * * *  
#   * * * * 1 * 3 * * *   
#    * * * 1 * * * * *    
#   * * * * * 1 3 * * *   
#  * * * * * * * * * * *  
# * * * * * * * * * * * * 
#* * * * * * * * * * * * *
#         * * * 2         
#          2 2 2          
#           2 2           
#            2            
#600000 600000 2 0 2

0 597515 599924 6 16 6 14 -1 -1
#            *            
#           * 2           
#          * * *          
#         1 * 1 1         
#* * * * * * 1 * * * * * *
# * * * * * 1 2 2 * * * * 
#  * * * * * 1 1 * * * *  
#   * * * * 1 * 3 * * *   
#    * * * 1 * * * * *    
#   * * * * * 1 3 * * *   
#  * * * * * * * * * * *  
# * * * * * * * * * * * * 
#* * * * * * * * * * * * *
#         * * * 2         
#          2 2 2          
#           2 2           
#            2            
#600000 600000 2 0 1

0 597515 599922 4 14 5 15 -1 -1
#            *            
#           * 2           
#          * * *          
#         1 * 1 1         
#* * * * * * 1 * * * * * *
# * * * * * 1 2 2 * * * * 
#  * * * * * 1 1 * * * *  
#   * * * * 1 * 3 * * *   
#    * * * 1 1 * * * *    
#   * * * * * * 3 * * *   
#  * * * * * * * * * * *  
# * * * * * * * * * * * * 
#* * * * * * * * * * * * *
#         * * * 2         
#          2 2 2          
#           2 2           
#            2            
#600000 600000 2 0 2

0 597511 599922 9 13 8 12 -1 -1
#            *            
#           * 2           
#          * * *          
#         1 * 1 1         
#* * * * * * 1 * * * * * *
# * * * * * 1 2 * * * * * 
#  * * * * * 1 1 * * * *  
#   * * * * 1 * 3 * * *   
#    * * * 1 1 * * * *    
#   * * * * 2 * 3 * * *   
#  * * * * * * * * * * *  
# * * * * * * * * * * * * 
#* * * * * * * * * * * * *
#         * * * 2         
#          2 2 2          
#           2 2           
#            2            
#600000 600000 2 0 1

0 597511 599921 5 15 9 11 -1 -1
#            *            
#           * 2           
#          * * *          
#         1 * 1 1         
#* * * * * * 1 * * * * * *
# * * * * * 1 2 * * * * * 
#  * * * * 1 1 1 * * * *  
#   * * * * 1 * 3 * * *   
#    * * * 1 * * * * *    
#   * * * * 2 * 3 * * *   
#  * * * * * * * * * * *  
# * * * * * * * * * * * * 
#* * * * * * * * * * * * *
#         * * * 2         
#          2 2 2          
#           2 2           
#            2            
#600000 600000 2 0 2

0 597510 599921 8 12 6 10 -1 -1
#            *            
#           * 2           
#          * * *          
#         1 * 1 1         
#* * * * * * 1 * * * * * *
# * * * * * 1 2 * * * * * 
#  * * * * 1 1 1 * * * *  
#   * * * * 1 * 3 * * *   
#    * * * 1 * * * * *    
#   * * * * * * 3 * * *   
#  * * * * 2 * * * * * *  
# * * * * * * * * * * * * 
#* * * * * * * * * * * * *
#         * * * 2         
#          2 2 2          
#           2 2           
#            2            
#600000 600000 2 0 1

0 597510 599920 9 11 10 10 -1 -1
#            *            
#           * 2           
#          * * *          
#         1 1 1 1         
#* * * * * * * * * * * * *
# * * * * * 1 2 * * * * * 
#  * * * * 1 1 1 * * * *  
#   * * * * 1 * 3 * * *   
#    * * * 1 * * * * *    
#   * * * * * * 3 * * *   
#  * * * * 2 * * * * * *  
# * * * * * * * * * * * * 
#* * * * * * * * * * * * *
#         * * * 2         
#          2 2 2          
#           2 2           
#            2            
#600000 600000 2 0 2

0 597509 599920 4 12 3 11 -1 -1
#            *            
#           * 2           
#          * * *          
#         1 1 1 1         
#* * * * * * * * * * * * *
# * * * * * 1 2 * * * * * 
#  * * * * 1 1 1 * * * *  
#   * * * * 1 * 3 * * *   
#    * * * 1 * * * * *    
#   * * * * * * 3 * * *   
#  * * * * * * * * * * *  
# * * * * 2 * * * * * * * 
#* * * * * * * * * * * * *
#         * * * 2         
#          2 2 2          
#           2 2           
#            2            
#600000 600000 2 0 1

0 597509 599919 10 10 11 9 -1 -1
#            *            
#           * 2           
#          1 * *          
#         1 1 1 1         
#* * * * * * * * * * * * *
# * * * * * 1 2 * * * * * 
#  * * * * 1 1 * * * * *  
#   * * * * 1 * 3 * * *   
#    * * * 1 * * * * *    
#   * * * * * * 3 * * *   
#  * * * * * * * * * * *  
# * * * * 2 * * * * * * * 
#* * * * * * * * * * * * *
#         * * * 2         
#          2 2 2          
#           2 2           
#            2            
#600000 600000 2 0 2

0 597429 599919 6 14 2 10 -1 -1
#            *            
#           * 2           
#          1 * *          
#         1 1 1 1         
#* * * * * * * * * * * * *
# * * * * * 1 2 * * * * * 
#  * * * * 1 1 * * * * *  
#   * * * * 1 * 3 * * *   
#    * * * 1 * * * * *    
#   * * * * * * 3 * * *   
#  * * * * * * * * * * *  
# * * * * * * * * * * * * 
#* * * * * 2 * * * * * * *
#         * * * 2         
#          2 2 2          
#           2 2           
#            2            
#600000 600000 2 0 1

0 597429 599919 11 9 12 10 -1 -1
#            *            
#           1 2           
#          * * *          
#         1 1 1 1         
#* * * * * * * * * * * * *
# * * * * * 1 2 * * * * * 
#  * * * * 1 1 * * * * *  
#   * * * * 1 * 3 * * *   
#    * * * 1 * * * * *    
#   * * * * * * 3 * * *   
#  * * * * * * * * * * *  
# * * * * * * * * * * * * 
#* * * * * 2 * * * * * * *
#         * * * 2         
#          2 2 2          
#           2 2           
#            2            
#600000 600000 2 0 2

0 597429 599919 2 10 1 11 -1 -1
#            *            
#           1 2           
#          * * *          
#         1 1 1 1         
#* * * * * * * * * * * * *
# * * * * * 1 2 * * * * * 
#  * * * * 1 1 * * * * *  
#   * * * * 1 * 3 * * *   
#    * * * 1 * * * * *    
#   * * * * * * 3 * * *   
#  * * * * * * * * * * *  
# * * * * * * * * * * * * 
#* * * * * * * * * * * * *
#         2 * * 2         
#          2 2 2          
#           2 2           
#            2            
#600000 600000 2 0 1

0 597429 599919 12 10 13 9 -1 -1
#            1            
#           1 2           
#          * * *          
#         1 1 1 1         
#* * * * * * * * * * * * *
# * * * * * 1 2 * * * * * 
#  * * * * * 1 * * * * *  
#   * * * * 1 * 3 * * *   
#    * * * 1 * * * * *    
#   * * * * * * 3 * * *   
#  * * * * * * * * * * *  
# * * * * * * * * * * * * 
#* * * * * * * * * * * * *
#         2 * * 2         
#          2 2 2          
#           2 2           
#            2            
#600000 600000 2 0 2

0 597426 599919 6 10 0 12 -1 -1
#            1            
#           1 2           
#          * * *          
#         1 1 1 1         
#* * * * * * * * * * * * *
# * * * * * 1 * * * * * * 
#  * * * * * 1 2 * * * *  
#   * * * * 1 * 3 * * *   
#    * * * 1 * * * * *    
#   * * * * * * 3 * * *   
#  * * * * * * * * * * *  
# * * * * * * * * * * * * 
#* * * * * * * * * * * * *
#         2 * * 2         
#          2 2 2          
#           2 2           
#            2            
#600000 600000 2 0 1

0 597426 599918 5 13 6 14 -1 -1
#            1            
#           1 2           
#          * * *          
#         1 1 1 1         
#* * * * * 1 * * * * * * *
# * * * * * 1 * * * * * * 
#  * * * * * * 2 * * * *  
#   * * * * 1 * 3 * * *   
#    * * * 1 * * * * *    
#   * * * * * * 3 * * *   
#  * * * * * * * * * * *  
# * * * * * * * * * * * * 
#* * * * * * * * * * * * *
#         2 * * 2         
#          2 2 2          
#           2 2           
#            2            
#600000 600000 2 0 2

0 597425 599918 6 12 4 10 -1 -1
#            1            
#           1 2           
#          * * *          
#         1 1 1 1         
#* * * * * 1 * * * * * * *
# * * * * * 1 * * * * * * 
#  * * * * * * * * * * *  
#   * * * * 1 * 3 * * *   
#    * * * 1 * * * * *    
#   * * * * * * 3 * * *   
#  * * * * * * 2 * * * *  
# * * * * * * * * * * * * 
#* * * * * * * * * * * * *
#         2 * * 2         
#          2 2 2          
#           2 2           
#            2            
#600000 600000 2 0 1

0 597425 599918 6 14 10 14 -1 -1
#            1            
#           1 2           
#          * * *          
#         1 1 1 1         
#* * * * * 1 * * * * * * *
# * * * * * 1 * * * * * * 
#  * * * * * 1 * * * * *  
#   * * * * 1 * 3 * * *   
#    * * * * * * * * *    
#   * * * * * * 3 * * *   
#  * * * * * * 2 * * * *  
# * * * * * * * * * * * * 
#* * * * * * * * * * * * *
#         2 * * 2         
#          2 2 2          
#           2 2           
#            2            
#600000 600000 2 0 2

0 597393 599918 8 10 6 12 -1 -1
#            1            
#           1 2           
#          * * *          
#         1 1 1 1         
#* * * * * 1 * * * * * * *
# * * * * * 1 * * * * * * 
#  * * * * * 1 * * * * *  
#   * * * * 1 * 3 * * *   
#    * * * * * * * * *    
#   * * * * * * 3 * * *   
#  * * * * * * * * * * *  
# * * * * * * * 2 * * * * 
#* * * * * * * * * * * * *
#         2 * * 2         
#          2 2 2          
#           2 2           
#            2            
#600000 600000 2 0 1

0 597393 599917 10 14 11 15 -1 -1
#            1            
#           1 2           
#          * * *          
#         1 1 1 1         
#* * * * * 1 * * * * * * *
# * * * * 1 1 * * * * * * 
#  * * * * * 1 * * * * *  
#   * * * * * * 3 * * *   
#    * * * * * * * * *    
#   * * * * * * 3 * * *   
#  * * * * * * * * * * *  
# * * * * * * * 2 * * * * 
#* * * * * * * * * * * * *
#         2 * * 2         
#          2 2 2          
#           2 2           
#            2            
#600000 600000 2 0 2

0 597392 599917 7 11 5 9 -1 -1
#            1            
#           1 2           
#          * * *          
#         1 1 1 1         
#* * * * * 1 * * * * * * *
# * * * * 1 1 * * * * * * 
#  * * * * * 1 * * * * *  
#   * * * * * * 3 * * *   
#    * * * * * * * * *    
#   * * * * * * 3 * * *   
#  * * * * * * * * * * *  
# * * * * * * * * * * * * 
#* * * * * * * 2 * * * * *
#         2 * * 2         
#          2 2 2          
#           2 2           
#            2            
#600000 600000 2 0 1

0 597392 599916 11 15 12 14 -1 -1
#            1            
#           1 2           
#          * * *          
#         1 1 1 1         
#* * * * * 1 * * * * * * *
# * * * * 1 1 * * * * * * 
#  * * * * 1 * * * * * *  
#   * * * * * * 3 * * *   
#    * * * * * * * * *    
#   * * * * * * 3 * * *   
#  * * * * * * * * * * *  
# * * * * * * * * * * * * 
#* * * * * * * 2 * * * * *
#         2 * * 2         
#          2 2 2          
#           2 2           
#            2            
#600000 600000 2 0 2

0 597391 599916 6 12 6 10 -1 -1
#            1            
#           1 2           
#          * * *          
#         1 1 1 1         
#* * * * * 1 * * * * * * *
# * * * * 1 1 * * * * * * 
#  * * * * 1 * * * * * *  
#   * * * * * * 3 * * *   
#    * * * * * * * * *    
#   * * * * * * 3 * * *   
#  * * * * * * * * * * *  
# * * * * * * * * * * * * 
#* * * * * * * * * * * * *
#         2 * 2 2         
#          2 2 2          
#           2 2           
#            2            
#600000 600000 2 0 1

0 597391 599915 12 14 13 13 -1 -1
#            1            
#           1 2           
#          1 * *          
#         1 1 1 1         
#* * * * * 1 * * * * * * *
# * * * * 1 1 * * * * * * 
#  * * * * * * * * * * *  
#   * * * * * * 3 * * *   
#    * * * * * * * * *    
#   * * * * * * 3 * * *   
#  * * * * * * * * * * *  
# * * * * * * * * * * * * 
#* * * * * * * * * * * * *
#         2 * 2 2         
#          2 2 2          
#           2 2           
#            2            
#600000 600000 2 0 2

0 597390 599915 6 10 2 10 -1 -1
#            1            
#           1 *           
#          1 2 *          
#         1 1 1 1         
#* * * * * 1 * * * * * * *
# * * * * 1 1 * * * * * * 
#  * * * * * * * * * * *  
#   * * * * * * 3 * * *   
#    * * * * * * * * *    
#   * * * * * * 3 * * *   
#  * * * * * * * * * * *  
# * * * * * * * * * * * * 
#* * * * * * * * * * * * *
#         2 * 2 2         
#          2 2 2          
#           2 2           
#            2            
#600000 600000 2 0 1

0 597390 599915 1 13 2 12 -1 -1
#            *            
#           1 1           
#          1 2 *          
#         1 1 1 1         
#* * * * * 1 * * * * * * *
# * * * * 1 1 * * * * * * 
#  * * * * * * * * * * *  
#   * * * * * * 3 * * *   
#    * * * * * * * * *    
#   * * * * * * 3 * * *   
#  * * * * * * * * * * *  
# * * * * * * * * * * * * 
#* * * * * * * * * * * * *
#         2 * 2 2         
#          2 2 2          
#           2 2           
#            2            
#600000 600000 2 0 2

0 597364 599915 0 12 1 13 -1 -1
#            *            
#           1 1           
#          1 * *          
#         1 1 1 1         
#* * * * * 1 * 2 * * * * *
# * * * * 1 1 * * * * * * 
#  * * * * * * * * * * *  
#   * * * * * * 3 * * *   
#    * * * * * * * * *    
#   * * * * * * 3 * * *   
#  * * * * * * * * * * *  
# * * * * * * * * * * * * 
#* * * * * * * * * * * * *
#         2 * 2 2         
#          2 2 2          
#           2 2           
#            2            
#600000 600000 2 0 1

0 597364 599914 2 12 4 14 -1 -1
#            1            
#           1 1           
#          * * *          
#         1 1 1 1         
#* * * * * 1 * 2 * * * * *
# * * * * 1 1 * * * * * * 
#  * * * * * * * * * * *  
#   * * * * * * 3 * * *   
#    * * * * * * * * *    
#   * * * * * * 3 * * *   
#  * * * * * * * * * * *  
# * * * * * * * * * * * * 
#* * * * * * * * * * * * *
#         2 * 2 2         
#          2 2 2          
#           2 2           
#            2            
#600000 600000 2 0 2

0 597363 599914 2 10 0 12 -1 -1
#            1            
#           1 1           
#          * * *          
#         1 1 1 1         
#* * * * * 1 * * * * * * *
# * * * * 1 1 2 * * * * * 
#  * * * * * * * * * * *  
#   * * * * * * 3 * * *   
#    * * * * * * * * *    
#   * * * * * * 3 * * *   
#  * * * * * * * * * * *  
# * * * * * * * * * * * * 
#* * * * * * * * * * * * *
#         2 * 2 2         
#          2 2 2          
#           2 2           
#            2            
#600000 600000 2 0 1

0 597363 599913 4 14 5 13 -1 -1
#            1            
#           1 1           
#          * * *          
#         1 1 1 1         
#* * * * 1 1 * * * * * * *
# * * * * * 1 2 * * * * * 
#  * * * * * * * * * * *  
#   * * * * * * 3 * * *   
#    * * * * * * * * *    
#   * * * * * * 3 * * *   
#  * * * * * * * * * * *  
# * * * * * * * * * * * * 
#* * * * * * * * * * * * *
#         2 * 2 2         
#          2 2 2          
#           2 2           
#            2            
#600000 600000 2 0 2

0 597362 599913 5 9 4 8 -1 -1
#            1            
#           1 1           
#          * * *          
#         1 1 1 1         
#* * * * 1 1 * * * * * * *
# * * * * * 1 * * * * * * 
#  * * * * * 2 * * * * *  
#   * * * * * * 3 * * *   
#    * * * * * * * * *    
#   * * * * * * 3 * * *   
#  * * * * * * * * * * *  
# * * * * * * * * * * * * 
#* * * * * * * * * * * * *
#         2 * 2 2         
#          2 2 2          
#           2 2           
#            2            
#600000 600000 2 0 1

0 597362 599913 5 13 6 12 -1 -1
#            1            
#           1 1           
#          * * *          
#         1 1 1 1         
#* * * * 1 1 1 * * * * * *
# * * * * * * * * * * * * 
#  * * * * * 2 * * * * *  
#   * * * * * * 3 * * *   
#    * * * * * * * * *    
#   * * * * * * 3 * * *   
#  * * * * * * * * * * *  
# * * * * * * * * * * * * 
#* * * * * * * * * * * * *
#         2 * 2 2         
#          2 2 2          
#           2 2           
#            2            
#600000 600000 2 0 2

0 597362 599913 5 11 4 12 -1 -1
#            1            
#           1 1           
#          * * *          
#         1 1 1 1         
#* * * * 1 1 1 * * * * * *
# * * * * * * * * * * * * 
#  * * * * * * * * * * *  
#   * * * * 2 * 3 * * *   
#    * * * * * * * * *    
#   * * * * * * 3 * * *   
#  * * * * * * * * * * *  
# * * * * * * * * * * * * 
#* * * * * * * * * * * * *
#         2 * 2 2         
#          2 2 2          
#           2 2           
#            2            
#600000 600000 2 0 1

0 597362 599913 6 12 7 11 -1 -1
#            1            
#           1 1           
#          1 * *          
#         1 1 1 1         
#* * * * 1 1 * * * * * * *
# * * * * * * * * * * * * 
#  * * * * * * * * * * *  
#   * * * * 2 * 3 * * *   
#    * * * * * * * * *    
#   * * * * * * 3 * * *   
#  * * * * * * * * * * *  
# * * * * * * * * * * * * 
#* * * * * * * * * * * * *
#         2 * 2 2         
#          2 2 2          
#           2 2           
#            2            
#600000 600000 2 0 2

0 597361 599913 4 12 2 10 -1 -1
#            1            
#           1 1           
#          1 * *          
#         1 1 1 1         
#* * * * 1 1 * * * * * * *
# * * * * * * * * * * * * 
#  * * * * * * * * * * *  
#   * * * * * * 3 * * *   
#    * * * 2 * * * * *    
#   * * * * * * 3 * * *   
#  * * * * * * * * * * *  
# * * * * * * * * * * * * 
#* * * * * * * * * * * * *
#         2 * 2 2         
#          2 2 2          
#           2 2           
#            2            
#600000 600000 2 0 1

0 597361 599913 7 11 8 10 -1 -1
#            1            
#           1 1           
#          1 * *          
#         1 1 1 1         
#* * * * * 1 1 * * * * * *
# * * * * * * * * * * * * 
#  * * * * * * * * * * *  
#   * * * * * * 3 * * *   
#    * * * 2 * * * * *    
#   * * * * * * 3 * * *   
#  * * * * * * * * * * *  
# * * * * * * * * * * * * 
#* * * * * * * * * * * * *
#         2 * 2 2         
#          2 2 2          
#           2 2           
#            2            
#600000 600000 2 0 2

0 597357 599913 4 8 4 12 -1 -1
#            1            
#           1 1           
#          1 * *          
#         1 1 1 1         
#* * * * * 1 1 * * * * * *
# * * * * * * * * * * * * 
#  * * * * * * * * * * *  
#   * * * * * * 3 * * *   
#    * * * * * * * * *    
#   * * * 2 * * 3 * * *   
#  * * * * * * * * * * *  
# * * * * * * * * * * * * 
#* * * * * * * * * * * * *
#         2 * 2 2         
#          2 2 2          
#           2 2           
#            2            
#600000 600000 2 0 1

0 597357 599912 8 10 9 9 -1 -1
#            1            
#           1 1           
#          1 1 *          
#         1 1 1 1         
#* * * * * * 1 * * * * * *
# * * * * * * * * * * * * 
#  * * * * * * * * * * *  
#   * * * * * * 3 * * *   
#    * * * * * * * * *    
#   * * * 2 * * 3 * * *   
#  * * * * * * * * * * *  
# * * * * * * * * * * * * 
#* * * * * * * * * * * * *
#         2 * 2 2         
#          2 2 2          
#           2 2           
#            2            
#600000 600000 2 0 2

0 597356 599912 4 10 2 12 -1 -1
#            1            
#           1 1           
#          1 1 *          
#         1 1 1 1         
#* * * * * * 1 * * * * * *
# * * * * * * * * * * * * 
#  * * * * * * * * * * *  
#   * * * * * * 3 * * *   
#    * * * * * * * * *    
#   * * * * * * 3 * * *   
#  * * * * 2 * * * * * *  
# * * * * * * * * * * * * 
#* * * * * * * * * * * * *
#         2 * 2 2         
#          2 2 2          
#           2 2           
#            2            
#600000 600000 2 0 1

0 597356 599911 9 9 10 10 -1 -1
#            1            
#           1 1           
#          1 1 1          
#         1 1 1 1         
#* * * * * * * * * * * * *
# * * * * * * * * * * * * 
#  * * * * * * * * * * *  
#   * * * * * * 3 * * *   
#    * * * * * * * * *    
#   * * * * * * 3 * * *   
#  * * * * 2 * * * * * *  
# * * * * * * * * * * * * 
#* * * * * * * * * * * * *
#         2 * 2 2         
#          2 2 2          
#           2 2           
#            2            
#600000 600000 2 0 2

1 597355 599911 4 12 2 14 -1 -1
